Log file open, 10/18/14 21:37:05
LogInit:Display: Running engine for game: MyProject
LogInit: Version: 4.5.0-2326478+++depot+UE4-Releases+4.5
LogInit: API Version: 2326478
LogInit: Compiled (64-bit): Oct 11 2014 09:24:31
LogInit: Compiled with Visual C++: 18.00.21005.01
LogInit: Build Configuration: Development
LogInit: Branch Name: ++depot+UE4-Releases+4.5
LogInit: Command line: 
LogInit: Base directory: C:/Program Files/Unreal Engine/4.5/Engine/Binaries/Win64/
LogInit: Rocket: 1
[2014.10.19-02.37.05:096][  0]LogTaskGraph: Started task graph with 3 named threads and 4 total threads.
[2014.10.19-02.37.05:125][  0]LogOnline:Warning: No default platform service specified for OnlineSubsystem
[2014.10.19-02.37.05:145][  0]LogInit: Presizing for 0 objects not considered by GC, pre-allocating 0 bytes.
[2014.10.19-02.37.05:155][  0]LogInit: Object subsystem initialized
[2014.10.19-02.37.05:158][  0]LogConsoleResponse:Warning: Skipping Unknown console variable: 'UIScaleRule = ShortestSide'
[2014.10.19-02.37.05:158][  0]LogConsoleResponse:Warning:   Found in ini file 'C:/Users/Tri Nguyen/Documents/Unreal Projects/MyProject/Saved/Config/Windows/Engine.ini', in section '[/Script/Engine.RendererSettings]'
[2014.10.19-02.37.05:158][  0]LogConsoleResponse:Warning: Skipping Unknown console variable: 'UIScaleCurve = (EditorCurveData=(Keys=((Time=480,Value=0.444),(Time=720,Value=0.666),(Time=1080,Value=1.0),(Time=8640,Value=8.0))),ExternalCurve=None)'
[2014.10.19-02.37.05:158][  0]LogConsoleResponse:Warning:   Found in ini file 'C:/Users/Tri Nguyen/Documents/Unreal Projects/MyProject/Saved/Config/Windows/Engine.ini', in section '[/Script/Engine.RendererSettings]'
[2014.10.19-02.37.05:159][  0]LogInit: Selected Device Profile: [Windows]
[2014.10.19-02.37.05:159][  0]LogInit: Applying CVar settings loaded from the selected device profile: [Windows]
[2014.10.19-02.37.05:164][  0]LogInit: Computer: TRINGUYEN-PC
[2014.10.19-02.37.05:164][  0]LogInit: User: TriNguyen
[2014.10.19-02.37.05:165][  0]LogInit: CPU Page size=4096, Cores=4
[2014.10.19-02.37.05:165][  0]LogInit: High frequency timer resolution =2.143613 MHz
[2014.10.19-02.37.05:165][  0]LogMemory: Memory total: Physical=15.9GB (16GB approx) Virtual=8192.0GB
[2014.10.19-02.37.05:165][  0]LogMemory: Platform Memory Stats for Windows
[2014.10.19-02.37.05:165][  0]LogMemory: Process Physical Memory: 64.77 MB used, 64.77 MB peak
[2014.10.19-02.37.05:165][  0]LogMemory: Process Virtual Memory: 39.45 MB used, 42.80 MB peak
[2014.10.19-02.37.05:165][  0]LogMemory: Physical Memory: 5873.87 MB used, 16266.36 MB total
[2014.10.19-02.37.05:165][  0]LogMemory: Virtual Memory: 274.55 MB used, 8388608.00 MB total
[2014.10.19-02.37.05:230][  0]LogD3D11RHI: Found D3D11 adapter 0: Intel(R) HD Graphics 4000 (Feature Level 11_0)
[2014.10.19-02.37.05:230][  0]LogD3D11RHI: Adapter has 64MB of dedicated video memory, 0MB of dedicated system memory, and 1632MB of shared system memory, 1 output[s]
[2014.10.19-02.37.05:230][  0]LogD3D11RHI: Chosen D3D11 Adapter Id = 0
[2014.10.19-02.37.05:236][  0]LogRHI: Texture pool is 616 MB (70% of 880 MB)
[2014.10.19-02.37.05:260][  0]LogD3D11RHI: Async texture creation enabled
[2014.10.19-02.37.05:312][  0]LogTextLocalizationManager: The requested culture ('en_US') has no localization data; parent culture's ('en') localization data will be used.
[2014.10.19-02.37.05:463][  0]LogContentStreaming: Texture pool size is 0.000000MB
[2014.10.19-02.37.10:769][  0]LogTargetPlatformManager:Display: Building Assets For Windows
[2014.10.19-02.37.11:191][  0]LogTargetPlatformManager:Display: Building Assets For Windows
[2014.10.19-02.37.11:246][  0]LogDerivedDataCache:Display: Max Cache Size: 512 MB
[2014.10.19-02.37.11:293][  0]LogDerivedDataCache: Loaded boot cache 0.05s 67MB C:/Users/Tri Nguyen/AppData/Local/UnrealEngine/4.5/DerivedDataCache/Boot.ddc.
[2014.10.19-02.37.11:293][  0]LogDerivedDataCache:Display: Loaded Boot cache: C:/Users/Tri Nguyen/AppData/Local/UnrealEngine/4.5/DerivedDataCache/Boot.ddc
[2014.10.19-02.37.11:294][  0]LogDerivedDataCache: FDerivedDataBackendGraph:  Pak pak cache file ../../../../../../Users/Tri Nguyen/Documents/Unreal Projects/MyProject/DerivedDataCache/DDC.ddp not found, will not use a pak cache.
[2014.10.19-02.37.11:294][  0]LogDerivedDataCache: Unable to find inner node Pak for hierarchical cache Hierarchy.
[2014.10.19-02.37.11:368][  0]LogDerivedDataCache:Display: Pak cache opened for reading ../../../Engine/DerivedDataCache/DDC.ddp.
[2014.10.19-02.37.11:379][  0]LogDerivedDataCache: Using Local data cache path C:/Users/Tri Nguyen/AppData/Local/UnrealEngine/Common/DerivedDataCache: Writable
[2014.10.19-02.37.11:554][  0]LogMeshUtilities: No automatic mesh reduction module available
[2014.10.19-02.37.11:554][  0]LogMeshUtilities: No automatic mesh merging module available
[2014.10.19-02.37.11:781][  0]LogLinker:Warning: Asset '../../../Engine/Content/Functions/Engine_MaterialFunctions02/Texturing/FlipBook.uasset' has been saved with empty engine version. The asset will be loaded but may be incompatible.
[2014.10.19-02.37.11:785][  0]LogLinker:Warning: Asset '../../../Engine/Content/Functions/Engine_MaterialFunctions02/ExampleContent/Textures/flipbook.uasset' has been saved with empty engine version. The asset will be loaded but may be incompatible.
[2014.10.19-02.37.11:959][  0]LogInit: WinSock: version 1.1 (2.2), MaxSocks=32767, MaxUdp=65467
[2014.10.19-02.37.12:715][  0]UdpMessaging: Initializing bridge on interface 0.0.0.0:0 to multicast group 230.0.0.1:6666.
[2014.10.19-02.37.12:889][  0]LogDirectoryWatcher:Warning: Failed to begin reading directory changes for C:/Users/Tri Nguyen/Documents/Unreal Projects/MyProject/Binaries/Win64. Error: 0
[2014.10.19-02.37.13:014][  0]SourceControl: Info Source control is disabled
[2014.10.19-02.37.13:014][  0]SourceControl: Info Source control is disabled
[2014.10.19-02.37.13:020][  0]SourceControl: Info Source control is disabled
[2014.10.19-02.37.13:132][  0]LogObj: 22915 objects as part of root set at end of initial load.
[2014.10.19-02.37.13:132][  0]LogUObjectAllocator: 4803544 out of 0 bytes used by permanent object pool.
[2014.10.19-02.37.13:189][  0]LogEngine: Initializing Engine...
[2014.10.19-02.37.13:324][  0]LogInit: XAudio2 using 'Speakers (Realtek High Definition Audio)' : 2 channels at 48 kHz using 32 bits per sample (channel mask 0x3)
[2014.10.19-02.37.13:339][  0]LogInit: FAudioDevice initialized.
[2014.10.19-02.37.13:360][  0]LogAIModule: Creating AISystem for world NewWorld
[2014.10.19-02.37.13:386][  0]LogDerivedDataCache: Saved boot cache 0.03s 39MB C:/Users/Tri Nguyen/AppData/Local/UnrealEngine/4.5/DerivedDataCache/Boot.ddc.
[2014.10.19-02.37.13:389][  0]LogInit: Texture streaming: Enabled
[2014.10.19-02.37.13:431][  0]LogInit: Transaction tracking system initialized
[2014.10.19-02.37.13:524][  0]BlueprintLog: New page: Editor Load
[2014.10.19-02.37.13:560][  0]LogAssetRegistry: FAssetRegistry took 0.0156 seconds to start up
[2014.10.19-02.37.13:560][  0]LogDirectoryWatcher:Warning: Failed to begin reading directory changes for ../../../Engine/Plugins/Experimental/CharacterAI/Content/. Error: 0
[2014.10.19-02.37.14:055][  0]LogTargetPlatformManager:Display: Building Assets For Windows
[2014.10.19-02.37.14:410][  0]LogTargetPlatformManager:Display: Building Assets For Windows
[2014.10.19-02.37.15:954][  0]LogConsoleResponse:Display: 
[2014.10.19-02.37.16:141][  0]SourceControl: Info Source control is disabled
[2014.10.19-02.37.16:141][  0]Cmd: MAP LOAD FILE="../../../../../../Users/Tri Nguyen/Documents/Unreal Projects/MyProject/Content/Maps/Example_Map.umap" TEMPLATE=0 SHOWPROGRESS=1
[2014.10.19-02.37.16:142][  0]LightingResults: New page: Lighting Build
[2014.10.19-02.37.16:150][  0]MapCheck: New page: Map Check
[2014.10.19-02.37.16:150][  0]LightingResults: New page: Lighting Build
[2014.10.19-02.37.16:175][  0]LogParticles: Destroying 0 GPU particle simulations for FXSystem 0x000000001C872A20
[2014.10.19-02.37.16:468][  0]LogEditorServer: Finished looking for orphan Actors (0.000 secs)
[2014.10.19-02.37.16:468][  0]LogAIModule: Creating AISystem for world Example_Map
[2014.10.19-02.37.16:469][  0]Cmd: MAP CHECKDEP
[2014.10.19-02.37.16:469][  0]MapCheck: New page: Example_Map - Oct 18, 2014, 4:37:16 PM
[2014.10.19-02.37.16:548][  0]MapCheck: Info Map check complete: 0 Error(s), 0 Warning(s), took 78.882ms to complete.
[2014.10.19-02.37.16:548][  0]LogFileHelpers: Loading map 'Example_Map' took 0.406
[2014.10.19-02.37.16:727][  0]LogCollectionManager: Loaded 0 collections in 0.001148 seconds
[2014.10.19-02.37.17:059][  0]LogCrashTracker: Crashtracker disabled due to settings.
[2014.10.19-02.37.17:095][  0]LogUObjectGlobals:Warning: Failed to find object 'Class None.'
[2014.10.19-02.37.17:136][  0]LogLoad: Full Startup: 14.20 seconds (BP compile: 0.06 seconds)
[2014.10.19-02.37.17:485][  0]LogContentBrowser:Verbose: The content browser source was changed by the sources view to '/Game/StarterContent/Architecture'
[2014.10.19-02.37.17:724][  0]LogRenderer:Warning: Reallocating scene render targets to support 1136x896.
[2014.10.19-02.37.19:479][  5]LogAssetRegistry: Asset discovery search completed in 5.9351 seconds
[2014.10.19-02.51.05:174][529]LogPlayLevel: PIE:  No blueprints needed recompiling
[2014.10.19-02.51.05:174][529]PIE: New page: PIE session: Example_Map (Oct 18, 2014, 4:51:05 PM)
[2014.10.19-02.51.05:204][529]LogPlayLevel: PIE: StaticDuplicateObject took: (0.030334s)
[2014.10.19-02.51.05:205][529]LogPlayLevel: PIE: World Init took: (0.000600s)
[2014.10.19-02.51.05:205][529]LogPlayLevel: PIE: Created PIE world by copying editor world from /Game/Maps/Example_Map.Example_Map to /Game/Maps/UEDPIE_0_Example_Map.Example_Map (0.031136s)
[2014.10.19-02.51.05:537][529]BlueprintLog:Warning: Warning Blueprint MyProjectile has been migrated and requires re-saving to avoid import errors
[2014.10.19-02.51.05:539][529]BlueprintLog:Warning: Warning Blueprint MyHUD has been migrated and requires re-saving to avoid import errors
[2014.10.19-02.51.05:539][529]BlueprintLog:Warning: Warning Blueprint MyGame has been migrated and requires re-saving to avoid import errors
[2014.10.19-02.51.05:542][529]LogWorld: Game class is 'MyGame_C'
[2014.10.19-02.51.05:547][529]LogAIModule: Creating AISystem for world Example_Map
[2014.10.19-02.51.05:548][529]LogWorld: Bringing World /Game/Maps/UEDPIE_0_Example_Map.Example_Map up for play (max tick rate 0) at 2014.10.18-21.51.05
[2014.10.19-02.51.05:549][529]LogWorld: Bringing up level for play took: 0.001626
[2014.10.19-02.51.05:554][529]PIE: Info Play in editor start time for /Game/Maps/UEDPIE_0_Example_Map 1.315
[2014.10.19-02.51.19:776][908]LogParticles: Destroying 0 GPU particle simulations for FXSystem 0x0000000004970360
[2014.10.19-03.04.42:793][445]Cmd: DELETE
[2014.10.19-03.04.42:793][445]Cmd: ACTOR DELETE
[2014.10.19-03.04.42:799][445]LogEditorActor: Deleted Actor: Brush
[2014.10.19-03.04.42:875][445]LogEditorActor: Deleted 1 Actors (0.081 secs)
[2014.10.19-03.04.46:291][504]Cmd: DELETE
[2014.10.19-03.04.46:291][504]Cmd: ACTOR DELETE
[2014.10.19-03.04.46:292][504]LogEditorActor: Deleted Actor: Brush
[2014.10.19-03.04.46:354][504]LogEditorActor: Deleted 1 Actors (0.062 secs)
[2014.10.19-03.04.48:229][539]Cmd: DELETE
[2014.10.19-03.04.48:229][539]Cmd: ACTOR DELETE
[2014.10.19-03.04.48:230][539]LogEditorActor: Deleted Actor: Brush
[2014.10.19-03.04.48:290][539]LogEditorActor: Deleted 1 Actors (0.061 secs)
[2014.10.19-03.04.51:948][607]MapCheck: New page: Map Check
[2014.10.19-03.04.51:991][607]Cmd: MAP REBUILD ALLVISIBLE
[2014.10.19-03.04.51:991][607]LogEditorServer: Rebuildmap Clear paths rebuilt
[2014.10.19-03.04.52:034][607]LightingResults: New page: Lighting Build - Oct 18, 2014, 5:04:52 PM
[2014.10.19-03.04.57:853][607]LogStaticLightingSystem: Running Lightmass w/ ImmediateImport mode ENABLED
[2014.10.19-03.04.57:853][607]LogStaticLightingSystem: Running Lightmass w/ ImmediateProcess mode ENABLED
[2014.10.19-03.04.57:853][607]LogStaticLightingSystem: Running Lightmass w/ Sorting mode ENABLED
[2014.10.19-03.04.57:853][607]LogStaticLightingSystem: Running Lightmass w/ Mapping paddings ENABLED
[2014.10.19-03.04.57:853][607]LogStaticLightingSystem: Running Lightmass w/ Mapping debug paddings DISABLED
[2014.10.19-03.04.58:020][607]LogEditorBuildUtils: Build time 0:00:06
[2014.10.19-03.04.58:023][607]LogMaterial: Missing cached shader map for material FLightmassMaterialRenderer MaterialInstanceDynamic_29, compiling.
[2014.10.19-03.04.58:036][607]LogMaterial: Missing cached shader map for material FLightmassMaterialRenderer MaterialInstanceDynamic_29, compiling.
[2014.10.19-03.04.58:694][608]LogSavePackage: Save=69.554535ms
[2014.10.19-03.04.58:694][608]LogSavePackage: Moving '../../../../../../Users/Tri Nguyen/Documents/Unreal Projects/MyProject/Saved/Example_Map_Auto1510ED9CF4078F3FF294324BEBA08DF68.tmp' to '../../../../../../Users/Tri Nguyen/Documents/Unreal Projects/MyProject/Saved/Autosaves/Game/Maps/Example_Map_Auto1.umap'
[2014.10.19-03.04.58:709][608]LogFileHelpers: Editor autosave (incl. sublevels) for '/Game/Maps/Example_Map' took 0.381
[2014.10.19-03.04.58:709][608]LogFileHelpers: Editor autosave (incl. sublevels) for all levels took 0.381
[2014.10.19-03.04.58:711][608]LogMaterial: Missing cached shader map for material FLightmassMaterialRenderer MI_Template_BaseGray_03_Metal, compiling.
[2014.10.19-03.04.58:713][608]LogMaterial: Missing cached shader map for material FLightmassMaterialRenderer MI_Template_BaseGray_03_Metal, compiling.
[2014.10.19-03.04.58:715][608]LogMaterial: Incomplete cached shader map for material FLightmassMaterialRenderer MI_Template_BaseGray, compiling.
[2014.10.19-03.04.58:717][608]LogMaterial: Incomplete cached shader map for material FLightmassMaterialRenderer MI_Template_BaseGray, compiling.
[2014.10.19-03.04.58:763][609]LogMaterial: Missing cached shader map for material FLightmassMaterialRenderer WorldGridMaterial, compiling.
[2014.10.19-03.04.58:767][609]LogMaterial: Missing cached shader map for material FLightmassMaterialRenderer WorldGridMaterial, compiling.
[2014.10.19-03.05.02:113][639]Job is a success!
[2014.10.19-03.05.02:597][640]LogTexture:Display: Building textures: HQ_Lightmap0_1 (AutoDXT)
[2014.10.19-03.05.02:733][640]LogTexture:Display: Building textures: LQ_Lightmap_0_2 (DXT1)
[2014.10.19-03.05.02:747][640]LogTexture:Display: Building textures: HQ_Lightmap0_2 (AutoDXT)
[2014.10.19-03.05.02:766][640]LogTexture:Display: Building textures: LQ_Lightmap_0_1 (DXT1)
[2014.10.19-03.05.02:964][640]LogTexture:Display: Building textures: ShadowMapTexture2D_0 (BGRA8)
[2014.10.19-03.05.02:997][640]LogTexture:Display: Building textures: ShadowMapTexture2D_2 (BGRA8)
[2014.10.19-03.05.03:040][640]Lightmass on TRINGUYEN-PC: 1.79 sec total, 104 ms importing, 0 ms setup, 291 ms photons, 1.36 sec processing, 0 ms extra exporting [17/17 mappings]. Threads: 9.37 sec total, 1.29 sec processing.
[2014.10.19-03.05.03:073][640]LogStaticLightingSystem:Warning: Illumination: 10.9 sec (641 ms encoding lightmaps)
[2014.10.19-03.05.03:073][640]LogStaticLightingSystem: Lightmap texture memory:  1.3 MB (0.0 MB streaming, 1.3 MB non-streaming), 4 textures
[2014.10.19-03.05.03:073][640]LogStaticLightingSystem: Shadowmap texture memory: 0.0 MB (0.0 MB streaming, 0.0 MB non-streaming), 2 textures
[2014.10.19-03.05.03:749][641]Cmd: MAP CHECK NOTIFYRESULTS
[2014.10.19-03.05.03:750][641]MapCheck: New page: Example_Map - Oct 18, 2014, 5:05:03 PM
[2014.10.19-03.05.03:922][641]MapCheck: Info Map check complete: 0 Error(s), 0 Warning(s), took 172.572ms to complete.
[2014.10.19-03.05.22:378][998]LogEditorActor: Deleted Actor: StaticMeshActor
[2014.10.19-03.05.22:378][998]LogEditorActor: Deleted Actor: StaticMeshActor
[2014.10.19-03.05.22:378][998]LogEditorActor: Deleted Actor: StaticMeshActor
[2014.10.19-03.05.22:378][998]LogEditorActor: Deleted Actor: StaticMeshActor
[2014.10.19-03.05.22:379][998]LogEditorActor: Deleted Actor: StaticMeshActor
[2014.10.19-03.05.22:379][998]LogEditorActor: Deleted Actor: StaticMeshActor
[2014.10.19-03.05.22:379][998]LogEditorActor: Deleted Actor: StaticMeshActor
[2014.10.19-03.05.22:379][998]LogEditorActor: Deleted Actor: StaticMeshActor
[2014.10.19-03.05.22:380][998]LogEditorActor: Deleted Actor: StaticMeshActor
[2014.10.19-03.05.22:380][998]LogEditorActor: Deleted Actor: StaticMeshActor
[2014.10.19-03.05.22:380][998]LogEditorActor: Deleted Actor: StaticMeshActor
[2014.10.19-03.05.22:380][998]LogEditorActor: Deleted Actor: StaticMeshActor
[2014.10.19-03.05.22:381][998]LogEditorActor: Deleted Actor: StaticMeshActor
[2014.10.19-03.05.22:381][998]LogEditorActor: Deleted Actor: StaticMeshActor
[2014.10.19-03.05.22:429][998]LogEditorActor: Deleted 14 Actors (0.052 secs)
[2014.10.19-03.05.31:157][186]Cmd: TRANSACTION UNDO
[2014.10.19-03.05.31:157][186]LogEditorTransaction: Undo Select Surfaces
[2014.10.19-03.05.31:812][194]Cmd: TRANSACTION UNDO
[2014.10.19-03.05.31:812][194]LogEditorTransaction: Undo Select Brush from Surface
[2014.10.19-03.05.32:589][207]Cmd: TRANSACTION UNDO
[2014.10.19-03.05.32:589][207]LogEditorTransaction: Undo Move Actors
[2014.10.19-03.05.35:128][246]Cmd: DELETE
[2014.10.19-03.05.35:128][246]Cmd: ACTOR DELETE
[2014.10.19-03.05.35:129][246]LogEditorActor: Deleted Actor: Brush
[2014.10.19-03.05.35:206][246]LogEditorActor: Deleted 1 Actors (0.078 secs)
[2014.10.19-03.06.04:888][841]LogContentBrowser:Verbose: The content browser source was changed by the sources view to '/Game/StarterContent/HDRI'
[2014.10.19-03.06.05:523][855]LogContentBrowser:Verbose: The content browser source was changed by the sources view to '/Game/StarterContent/Materials'
[2014.10.19-03.06.10:471][966]Cmd: TRANSACTION UNDO
[2014.10.19-03.06.10:471][966]LogEditorTransaction: Undo Apply Material to Surface
[2014.10.19-03.06.10:526][966]LogActorComponent: ~FComponentReregisterContext: (/Game/Maps/Example_Map.Example_Map:PersistentLevel.ModelComponent_48) Component already registered.
[2014.10.19-03.06.13:782][ 32]Cmd: TRANSACTION UNDO
[2014.10.19-03.06.13:782][ 32]LogEditorTransaction: Undo Apply Material to Surface
[2014.10.19-03.06.13:836][ 32]LogActorComponent: ~FComponentReregisterContext: (/Game/Maps/Example_Map.Example_Map:PersistentLevel.ModelComponent_48) Component already registered.
[2014.10.19-03.06.21:010][148]Cmd: TRANSACTION UNDO
[2014.10.19-03.06.21:010][148]LogEditorTransaction: Undo Apply Material to Surface
[2014.10.19-03.06.21:070][148]LogActorComponent: ~FComponentReregisterContext: (/Game/Maps/Example_Map.Example_Map:PersistentLevel.ModelComponent_48) Component already registered.
[2014.10.19-03.06.27:441][253]Cmd: TRANSACTION UNDO
[2014.10.19-03.06.27:441][253]LogEditorTransaction: Undo Apply Material to Surface
[2014.10.19-03.06.27:494][253]LogActorComponent: ~FComponentReregisterContext: (/Game/Maps/Example_Map.Example_Map:PersistentLevel.ModelComponent_48) Component already registered.
[2014.10.19-03.06.29:687][291]Cmd: TRANSACTION UNDO
[2014.10.19-03.06.29:687][291]LogEditorTransaction: Undo Apply Material to Surface
[2014.10.19-03.06.29:739][291]LogActorComponent: ~FComponentReregisterContext: (/Game/Maps/Example_Map.Example_Map:PersistentLevel.ModelComponent_48) Component already registered.
[2014.10.19-03.06.34:469][368]Cmd: TRANSACTION UNDO
[2014.10.19-03.06.34:469][368]LogEditorTransaction: Undo Apply Material to Surface
[2014.10.19-03.06.34:522][368]LogActorComponent: ~FComponentReregisterContext: (/Game/Maps/Example_Map.Example_Map:PersistentLevel.ModelComponent_48) Component already registered.
[2014.10.19-03.06.39:035][433]Cmd: TRANSACTION UNDO
[2014.10.19-03.06.39:035][433]LogEditorTransaction: Undo Apply Material to Surface
[2014.10.19-03.06.39:089][433]LogActorComponent: ~FComponentReregisterContext: (/Game/Maps/Example_Map.Example_Map:PersistentLevel.ModelComponent_48) Component already registered.
[2014.10.19-03.06.48:363][595]Cmd: TRANSACTION UNDO
[2014.10.19-03.06.48:363][595]LogEditorTransaction: Undo Apply Material to Surface
[2014.10.19-03.06.48:416][595]LogActorComponent: ~FComponentReregisterContext: (/Game/Maps/Example_Map.Example_Map:PersistentLevel.ModelComponent_48) Component already registered.
[2014.10.19-03.07.03:375][922]Cmd: TRANSACTION UNDO
[2014.10.19-03.07.03:375][922]LogEditorTransaction: Undo Edit X
[2014.10.19-03.07.04:034][937]Cmd: TRANSACTION UNDO
[2014.10.19-03.07.04:034][937]LogEditorTransaction: Undo Edit X
[2014.10.19-03.07.09:042][ 34]Cmd: TRANSACTION UNDO
[2014.10.19-03.07.09:042][ 34]LogEditorTransaction: Undo Edit Y
[2014.10.19-03.07.12:398][136]Cmd: TRANSACTION UNDO
[2014.10.19-03.07.12:398][136]LogEditorTransaction: Undo Edit Y
[2014.10.19-03.07.18:452][347]Cmd: TRANSACTION UNDO
[2014.10.19-03.07.18:452][347]LogEditorTransaction: Undo Edit Y
[2014.10.19-03.07.25:924][496]Cmd: EDCALLBACK SURFPROPS
[2014.10.19-03.07.27:155][519]Cmd: EDCALLBACK SURFPROPS
[2014.10.19-03.07.43:483][870]Cmd: TRANSACTION UNDO
[2014.10.19-03.07.43:483][870]LogEditorTransaction: Undo Edit X
[2014.10.19-03.07.52:938][345]Cmd: CAMERA SNAP
[2014.10.19-03.07.52:938][345]Snapped camera to the first selected actor.
[2014.10.19-03.13.13:471][376]LogEditorViewport: Clicking on Actor (LMB): BP_Sky_Sphere_C (SkySphereBlueprint)
[2014.10.19-03.13.15:668][420]LogEditorViewport: Clicking on Actor (LMB): BP_Sky_Sphere_C (SkySphereBlueprint)
[2014.10.19-03.13.16:574][438]LogEditorViewport: Clicking on Actor (LMB): BP_Sky_Sphere_C (SkySphereBlueprint)
[2014.10.19-03.13.26:046][701]LogEditorViewport: Clicking on Actor (LMB): BP_Sky_Sphere_C (SkySphereBlueprint)
[2014.10.19-03.13.34:919][863]Cmd: POLY TEXPAN U=1.000000 V=0.000000
[2014.10.19-03.13.37:960][921]Cmd: POLY TEXMULT UU=0.707107 VV=0.707107 UV=-0.707107 VU=0.707107
[2014.10.19-03.13.38:600][933]Cmd: POLY TEXMULT UU=-0.000000 VV=-0.000000 UV=-1.000000 VU=1.000000
[2014.10.19-03.13.40:282][963]LogEditorViewport: Clicking on Actor (LMB): BP_Sky_Sphere_C (SkySphereBlueprint)
[2014.10.19-03.13.58:865][315]Cmd: EDIT COPY
[2014.10.19-03.14.00:058][338]Cmd: EDIT PASTE
[2014.10.19-03.14.00:105][338]LogUObjectHash:Warning: Ambiguous search, could be Model /Game/Maps/Example_Map.Example_Map:PersistentLevel.Wall5.Model_6 or Model /Game/Maps/Example_Map.Example_Map:PersistentLevel.Wall3.Model_6
[2014.10.19-03.14.00:105][338]LogUObjectHash:Warning: Ambiguous search, could be Model /Game/Maps/Example_Map.Example_Map:PersistentLevel.Wall5.Model_6 or Model /Game/Maps/Example_Map.Example_Map:PersistentLevel.Wall1.Model_6
[2014.10.19-03.14.00:105][338]LogUObjectHash:Warning: Ambiguous search, could be Model /Game/Maps/Example_Map.Example_Map:PersistentLevel.Wall5.Model_6 or Model /Game/Maps/Example_Map.Example_Map:PersistentLevel.Floor.Model_6
[2014.10.19-03.14.38:912][219]Cmd: TRANSACTION UNDO
[2014.10.19-03.14.38:912][219]LogEditorTransaction: Undo Apply Material to Surface
[2014.10.19-03.14.38:964][219]LogActorComponent: ~FComponentReregisterContext: (/Game/Maps/Example_Map.Example_Map:PersistentLevel.ModelComponent_106) Component already registered.
[2014.10.19-03.14.39:499][224]Cmd: TRANSACTION UNDO
[2014.10.19-03.14.39:499][224]LogEditorTransaction: Undo Apply Material to Surface
[2014.10.19-03.14.39:539][224]LogActorComponent: ~FComponentReregisterContext: (/Game/Maps/Example_Map.Example_Map:PersistentLevel.ModelComponent_106) Component already registered.
[2014.10.19-03.15.00:957][614]LogSavePackage: Save=166.819290ms
[2014.10.19-03.15.00:957][614]LogSavePackage: Moving '../../../../../../Users/Tri Nguyen/Documents/Unreal Projects/MyProject/Saved/Example_Map_Auto2357976EA4967A4C8836533873B2B629A.tmp' to '../../../../../../Users/Tri Nguyen/Documents/Unreal Projects/MyProject/Saved/Autosaves/Game/Maps/Example_Map_Auto2.umap'
[2014.10.19-03.15.00:968][614]LogFileHelpers: Editor autosave (incl. sublevels) for '/Game/Maps/Example_Map' took 0.285
[2014.10.19-03.15.00:968][614]LogFileHelpers: Editor autosave (incl. sublevels) for all levels took 0.285
[2014.10.19-03.15.14:695][823]Cmd: DELETE
[2014.10.19-03.15.14:695][823]Cmd: ACTOR DELETE
[2014.10.19-03.15.14:696][823]LogEditorActor: Deleted Actor: Brush
[2014.10.19-03.15.14:744][823]LogEditorActor: Deleted 1 Actors (0.049 secs)
[2014.10.19-03.18.03:795][ 95]LogContentBrowser:Verbose: The content browser source was changed by the sources view to '/Game/StarterContent/Architecture'
[2014.10.19-03.18.06:364][138]LogActorFactory: Actor Factory created Wall_400x200
[2014.10.19-03.18.06:942][146]LogActorFactory: Actor Factory created Wall_400x200
[2014.10.19-03.18.13:862][268]LogContentBrowser:Verbose: The content browser source was changed by the sources view to '/Game/StarterContent/Materials'
[2014.10.19-03.18.19:792][375]LogEditorViewport: Clicking on Actor (LMB): StaticMeshActor (Wall_400x200)
[2014.10.19-03.18.23:881][432]Cmd: TRANSACTION UNDO
[2014.10.19-03.18.23:881][432]LogEditorTransaction: Undo Set actor rotation
[2014.10.19-03.18.29:133][529]LogEditorViewport: Clicking on Actor (LMB): StaticMeshActor (Wall_400x200)
[2014.10.19-03.18.30:288][549]LogEditorViewport: Clicking on Actor (LMB): StaticMeshActor (Wall_400x200)
[2014.10.19-03.19.09:789][378]Cmd: TRANSACTION UNDO
[2014.10.19-03.19.09:789][378]LogEditorTransaction: Undo Scale Actors
[2014.10.19-03.19.10:788][391]Cmd: TRANSACTION UNDO
[2014.10.19-03.19.10:788][391]LogEditorTransaction: Undo Scale Actors
[2014.10.19-03.19.11:540][402]Cmd: TRANSACTION UNDO
[2014.10.19-03.19.11:540][402]LogEditorTransaction: Undo Edit Mobility
[2014.10.19-03.19.12:911][424]Cmd: TRANSACTION UNDO
[2014.10.19-03.19.12:911][424]LogEditorTransaction: Undo Edit Mobility
[2014.10.19-03.19.13:206][428]Cmd: TRANSACTION UNDO
[2014.10.19-03.19.13:206][428]LogEditorTransaction: Undo Edit Static Mesh
[2014.10.19-03.19.14:055][440]Cmd: TRANSACTION UNDO
[2014.10.19-03.19.14:056][440]LogEditorTransaction: Undo Edit Static Mesh
[2014.10.19-03.19.14:830][452]Cmd: TRANSACTION UNDO
[2014.10.19-03.19.14:830][452]LogEditorTransaction: Undo Edit Static Mesh
[2014.10.19-03.19.15:609][464]Cmd: TRANSACTION UNDO
[2014.10.19-03.19.15:609][464]LogEditorTransaction: Undo Clicking on Actors
[2014.10.19-03.19.16:459][477]Cmd: TRANSACTION UNDO
[2014.10.19-03.19.16:459][477]LogEditorTransaction: Undo Select Surfaces
[2014.10.19-03.19.17:114][487]Cmd: TRANSACTION UNDO
[2014.10.19-03.19.17:114][487]LogEditorTransaction: Undo Select Brush from Surface
[2014.10.19-03.19.17:770][497]Cmd: TRANSACTION UNDO
[2014.10.19-03.19.17:770][497]LogEditorTransaction: Undo Clicking on Actors
[2014.10.19-03.19.18:416][508]Cmd: TRANSACTION UNDO
[2014.10.19-03.19.18:416][508]LogEditorTransaction: Undo Clicking on Actors
[2014.10.19-03.19.19:132][521]Cmd: TRANSACTION UNDO
[2014.10.19-03.19.19:132][521]LogEditorTransaction: Undo Create Actors
[2014.10.19-03.19.25:830][640]Cmd: TRANSACTION UNDO
[2014.10.19-03.19.25:830][640]LogEditorTransaction: Undo Create Actors
[2014.10.19-03.19.26:322][644]Cmd: TRANSACTION UNDO
[2014.10.19-03.19.26:322][644]LogEditorTransaction: Undo Scale Actors
[2014.10.19-03.19.34:126][782]LogEditorViewport: Clicking on Actor (LMB): StaticMeshActor (Wall_400x200)
[2014.10.19-03.19.35:699][813]Cmd: DELETE
[2014.10.19-03.19.35:699][813]Cmd: ACTOR DELETE
[2014.10.19-03.19.35:700][813]LogEditorActor: Deleted Actor: StaticMeshActor
[2014.10.19-03.19.35:750][813]LogEditorActor: Deleted 1 Actors (0.050 secs)
[2014.10.19-03.19.43:709][957]Cmd: TRANSACTION UNDO
[2014.10.19-03.19.43:709][957]LogEditorTransaction: Undo Apply Material to Surface
[2014.10.19-03.19.43:762][957]LogActorComponent: ~FComponentReregisterContext: (/Game/Maps/Example_Map.Example_Map:PersistentLevel.ModelComponent_116) Component already registered.
[2014.10.19-03.25.01:780][939]LogSavePackage: Save=156.816086ms
[2014.10.19-03.25.01:780][939]LogSavePackage: Moving '../../../../../../Users/Tri Nguyen/Documents/Unreal Projects/MyProject/Saved/Example_Map_Auto353962D0A481EB957A90BCBB9146E773C.tmp' to '../../../../../../Users/Tri Nguyen/Documents/Unreal Projects/MyProject/Saved/Autosaves/Game/Maps/Example_Map_Auto3.umap'
[2014.10.19-03.25.01:798][939]LogFileHelpers: Editor autosave (incl. sublevels) for '/Game/Maps/Example_Map' took 0.246
[2014.10.19-03.25.01:798][939]LogFileHelpers: Editor autosave (incl. sublevels) for all levels took 0.246
[2014.10.19-03.30.17:031][178]Cmd: DELETE
[2014.10.19-03.30.17:031][178]Cmd: ACTOR DELETE
[2014.10.19-03.30.17:032][178]LogEditorActor: Deleted Actor: Brush
[2014.10.19-03.30.17:085][178]LogEditorActor: Deleted 1 Actors (0.053 secs)
[2014.10.19-03.30.19:172][216]Cmd: TRANSACTION UNDO
[2014.10.19-03.30.19:173][216]LogEditorTransaction: Undo Delete Actors
[2014.10.19-03.30.25:108][316]LogContentBrowser:Verbose: The content browser source was changed by the sources view to '/Game/StarterContent/Architecture'
[2014.10.19-03.30.27:213][342]LogActorFactory: Actor Factory created Wall_500x500
[2014.10.19-03.30.30:243][392]LogActorFactory: Actor Factory created Wall_500x500
[2014.10.19-03.30.32:181][428]Cmd: TRANSACTION UNDO
[2014.10.19-03.30.32:181][428]LogEditorTransaction: Undo Create Actors
[2014.10.19-03.30.37:992][501]LogActorFactory: Actor Factory created SM_AssetPlatform
[2014.10.19-03.30.38:851][516]LogActorFactory: Actor Factory created SM_AssetPlatform
[2014.10.19-03.30.40:226][540]Cmd: TRANSACTION UNDO
[2014.10.19-03.30.40:226][540]LogEditorTransaction: Undo Create Actors
[2014.10.19-03.30.43:082][587]LogEditorViewport: Clicking on Actor (LMB): BP_Sky_Sphere_C (SkySphereBlueprint)
[2014.10.19-03.30.44:258][609]LogEditorViewport: Clicking on Actor (LMB): BP_Sky_Sphere_C (SkySphereBlueprint)
[2014.10.19-03.35.02:774][988]LogSavePackage: Save=155.371323ms
[2014.10.19-03.35.02:774][988]LogSavePackage: Moving '../../../../../../Users/Tri Nguyen/Documents/Unreal Projects/MyProject/Saved/Example_Map_Auto44FB772F94D6F98EAD3290DA1912FBBC2.tmp' to '../../../../../../Users/Tri Nguyen/Documents/Unreal Projects/MyProject/Saved/Autosaves/Game/Maps/Example_Map_Auto4.umap'
[2014.10.19-03.35.02:786][988]LogFileHelpers: Editor autosave (incl. sublevels) for '/Game/Maps/Example_Map' took 0.250
[2014.10.19-03.35.02:787][988]LogFileHelpers: Editor autosave (incl. sublevels) for all levels took 0.250
[2014.10.19-03.35.55:145][314]LogActorFactory: Actor Factory created Wall_Door_400x400
[2014.10.19-03.36.00:523][406]LogActorFactory: Actor Factory created Wall_Door_400x400
[2014.10.19-03.36.06:361][516]Cmd: DELETE
[2014.10.19-03.36.06:361][516]Cmd: ACTOR DELETE
[2014.10.19-03.36.06:362][516]LogEditorActor: Deleted Actor: Brush
[2014.10.19-03.36.06:425][516]LogEditorActor: Deleted 1 Actors (0.064 secs)
[2014.10.19-03.36.08:684][557]Cmd: DELETE
[2014.10.19-03.36.08:684][557]Cmd: ACTOR DELETE
[2014.10.19-03.36.08:685][557]LogEditorActor: Deleted Actor: Brush
[2014.10.19-03.36.08:749][557]LogEditorActor: Deleted 1 Actors (0.065 secs)
[2014.10.19-03.36.12:376][629]LogEditorViewport: Clicking on Actor (LMB): StaticMeshActor (Wall_Door_400x400)
[2014.10.19-03.36.20:668][759]LogActorFactory: Actor Factory created Wall_400x200
[2014.10.19-03.36.23:111][795]LogActorFactory: Actor Factory created Wall_400x200
[2014.10.19-03.36.23:624][802]Cmd: TRANSACTION UNDO
[2014.10.19-03.36.23:624][802]LogEditorTransaction: Undo Create Actors
[2014.10.19-03.36.35:104][947]LogActorFactory: Actor Factory created Wall_400x300
[2014.10.19-03.36.37:672][985]LogActorFactory: Actor Factory created Wall_400x300
[2014.10.19-03.36.38:202][992]Cmd: TRANSACTION UNDO
[2014.10.19-03.36.38:202][992]LogEditorTransaction: Undo Create Actors
[2014.10.19-03.36.41:290][ 25]LogActorFactory: Actor Factory created Wall_400x400
[2014.10.19-03.36.45:236][ 90]LogActorFactory: Actor Factory created Wall_400x400
[2014.10.19-03.36.53:770][244]LogPlayLevel: PIE:  No blueprints needed recompiling
[2014.10.19-03.36.53:770][244]PIE: New page: PIE session: Example_Map (Oct 18, 2014, 5:36:53 PM)
[2014.10.19-03.36.53:814][244]LogPlayLevel: PIE: StaticDuplicateObject took: (0.044314s)
[2014.10.19-03.36.53:815][244]LogPlayLevel: PIE: World Init took: (0.000634s)
[2014.10.19-03.36.53:815][244]LogPlayLevel: PIE: Created PIE world by copying editor world from /Game/Maps/Example_Map.Example_Map to /Game/Maps/UEDPIE_0_Example_Map.Example_Map (0.045140s)
[2014.10.19-03.36.53:848][244]LogWorld: Game class is 'MyGame_C'
[2014.10.19-03.36.53:850][244]LogAIModule: Creating AISystem for world Example_Map
[2014.10.19-03.36.53:851][244]LogWorld: Bringing World /Game/Maps/UEDPIE_0_Example_Map.Example_Map up for play (max tick rate 0) at 2014.10.18-22.36.53
[2014.10.19-03.36.53:851][244]LogWorld: Bringing up level for play took: 0.000896
[2014.10.19-03.36.53:853][244]PIE: Info Play in editor start time for /Game/Maps/UEDPIE_0_Example_Map -0.43
[2014.10.19-03.37.20:583][900]LogParticles: Destroying 0 GPU particle simulations for FXSystem 0x0000000025B97880
[2014.10.19-03.37.21:900][926]LogEditorViewport: Clicking on Actor (LMB): StaticMeshActor (Wall_Door_400x400)
[2014.10.19-03.37.35:187][191]LogEditorViewport: Clicking on Actor (LMB): StaticMeshActor (Wall_400x400)
[2014.10.19-03.37.54:117][566]LogEditorViewport: Clicking on Actor (LMB): StaticMeshActor (Wall_400x400)
[2014.10.19-03.37.55:700][598]Cmd: EDIT COPY
[2014.10.19-03.37.56:616][617]Cmd: EDIT PASTE
[2014.10.19-03.38.01:278][708]LogEditorViewport: Clicking on Actor (LMB): StaticMeshActor (Wall_400x400)
[2014.10.19-03.38.23:370][195]LogEditorActor: Deleted Actor: LightmassImportanceVolume
[2014.10.19-03.38.23:427][195]LogEditorActor: Deleted 1 Actors (0.057 secs)
[2014.10.19-03.38.25:122][231]Cmd: TRANSACTION UNDO
[2014.10.19-03.38.25:122][231]LogEditorTransaction: Undo Delete selection
[2014.10.19-03.38.28:095][314]Cmd: TRANSACTION REDO
[2014.10.19-03.38.28:095][314]LogEditorTransaction: Redo Delete selection
[2014.10.19-03.38.32:965][397]Cmd: TRANSACTION UNDO
[2014.10.19-03.38.32:965][397]LogEditorTransaction: Undo Delete selection
[2014.10.19-03.45.30:478][709]LogSavePackage: Save=161.136368ms
[2014.10.19-03.45.30:478][709]LogSavePackage: Moving '../../../../../../Users/Tri Nguyen/Documents/Unreal Projects/MyProject/Saved/Example_Map_Auto5229418C94BD0D57302520F8E843B00C0.tmp' to '../../../../../../Users/Tri Nguyen/Documents/Unreal Projects/MyProject/Saved/Autosaves/Game/Maps/Example_Map_Auto5.umap'
[2014.10.19-03.45.30:491][709]LogFileHelpers: Editor autosave (incl. sublevels) for '/Game/Maps/Example_Map' took 0.230
[2014.10.19-03.45.30:491][709]LogFileHelpers: Editor autosave (incl. sublevels) for all levels took 0.230
[2014.10.19-03.51.19:467][877]LogEditorViewport: Clicking on Actor (LMB): StaticMeshActor (Wall_400x401)
[2014.10.19-03.51.31:598][ 86]LogEditorViewport: Clicking on Actor (LMB): StaticMeshActor (Wall_400x402)
[2014.10.19-03.51.37:595][205]LogEditorViewport: Clicking on Actor (LMB): StaticMeshActor (Wall_400x401)
[2014.10.19-03.51.54:114][586]EditorErrors: New page: Actor attachment
[2014.10.19-03.52.09:313][862]LogEditorViewport: Clicking on Actor (LMB): StaticMeshActor (Wall_Door_400x400)
[2014.10.19-03.55.31:419][ 10]LogSavePackage: Save=159.215775ms
[2014.10.19-03.55.31:419][ 10]LogSavePackage: Moving '../../../../../../Users/Tri Nguyen/Documents/Unreal Projects/MyProject/Saved/Example_Map_Auto6982ABFB04413AEA16062B2BC3F9D6919.tmp' to '../../../../../../Users/Tri Nguyen/Documents/Unreal Projects/MyProject/Saved/Autosaves/Game/Maps/Example_Map_Auto6.umap'
[2014.10.19-03.55.31:431][ 10]LogFileHelpers: Editor autosave (incl. sublevels) for '/Game/Maps/Example_Map' took 0.241
[2014.10.19-03.55.31:431][ 10]LogFileHelpers: Editor autosave (incl. sublevels) for all levels took 0.241
[2014.10.19-03.55.52:728][155]LogEditorViewport: Clicking on Actor (LMB): StaticMeshActor (Wall_400x401)
[2014.10.19-03.56.31:052][918]EditorErrors: New page: Actor attachment
[2014.10.19-03.56.42:481][121]Cmd: TRANSACTION UNDO
[2014.10.19-03.56.42:482][121]LogEditorTransaction: Undo Move Actors
[2014.10.19-03.56.44:329][149]LogEditorViewport: Clicking on Actor (LMB): StaticMeshActor (Wall_400x405)
[2014.10.19-03.56.58:264][416]LogEditorViewport: Clicking on Actor (LMB): StaticMeshActor (Wall_400x405)
[2014.10.19-03.57.02:646][506]LogEditorViewport: Clicking on Actor (LMB): StaticMeshActor (Wall_400x404)
[2014.10.19-03.57.03:981][533]LogEditorViewport: Clicking on Actor (LMB): StaticMeshActor (Wall_400x405)
[2014.10.19-03.57.04:825][549]LogEditorViewport: Clicking on Actor (CTRL LMB): StaticMeshActor (Wall_400x404)
[2014.10.19-03.57.05:342][558]LogEditorViewport: Clicking on Actor (CTRL LMB): StaticMeshActor (Wall_400x401)
[2014.10.19-03.57.05:710][564]LogEditorViewport: Clicking on Actor (CTRL LMB): StaticMeshActor (Wall_400x402)
[2014.10.19-03.57.06:197][572]LogEditorViewport: Clicking on Actor (CTRL LMB): StaticMeshActor (Wall_400x403)
[2014.10.19-03.57.06:788][582]LogEditorViewport: Clicking on Actor (CTRL LMB): StaticMeshActor (Wall_400x400)
[2014.10.19-03.57.09:033][628]Cmd: EDIT COPY
[2014.10.19-03.57.12:497][700]Cmd: TRANSACTION UNDO
[2014.10.19-03.57.12:497][700]LogEditorTransaction: Undo Move Actors
[2014.10.19-03.58.18:792][946]Cmd: EDIT COPY
[2014.10.19-03.58.22:104][  8]Cmd: EDIT PASTE
[2014.10.19-03.58.22:166][  8]LogUObjectHash:Warning: Ambiguous search, could be Model /Game/Maps/Example_Map.Example_Map:PersistentLevel.Ceiling.Model_6 or Model /Game/Maps/Example_Map.Example_Map:PersistentLevel.Wall5.Model_6
[2014.10.19-03.58.22:167][  8]LogUObjectHash:Warning: Ambiguous search, could be Model /Game/Maps/Example_Map.Example_Map:PersistentLevel.Ceiling.Model_6 or Model /Game/Maps/Example_Map.Example_Map:PersistentLevel.Wall3.Model_6
[2014.10.19-03.58.22:167][  8]LogUObjectHash:Warning: Ambiguous search, could be Model /Game/Maps/Example_Map.Example_Map:PersistentLevel.Ceiling.Model_6 or Model /Game/Maps/Example_Map.Example_Map:PersistentLevel.Wall1.Model_6
[2014.10.19-03.58.22:167][  8]LogUObjectHash:Warning: Ambiguous search, could be Model /Game/Maps/Example_Map.Example_Map:PersistentLevel.Ceiling.Model_6 or Model /Game/Maps/Example_Map.Example_Map:PersistentLevel.Floor.Model_6
[2014.10.19-04.05.31:880][400]LogSavePackage: Save=153.136780ms
[2014.10.19-04.05.31:880][400]LogSavePackage: Moving '../../../../../../Users/Tri Nguyen/Documents/Unreal Projects/MyProject/Saved/Example_Map_Auto7A13D2B984FA3CBDDC8D95EB62487C5FA.tmp' to '../../../../../../Users/Tri Nguyen/Documents/Unreal Projects/MyProject/Saved/Autosaves/Game/Maps/Example_Map_Auto7.umap'
[2014.10.19-04.05.31:893][400]LogFileHelpers: Editor autosave (incl. sublevels) for '/Game/Maps/Example_Map' took 0.229
[2014.10.19-04.05.31:893][400]LogFileHelpers: Editor autosave (incl. sublevels) for all levels took 0.229
[2014.10.19-04.19.17:830][233]LogSavePackage: Save=137.702560ms
[2014.10.19-04.19.17:830][233]LogSavePackage: Moving '../../../../../../Users/Tri Nguyen/Documents/Unreal Projects/MyProject/Saved/Example_Map_Auto898C37C8740515D363D41619DBC4588C6.tmp' to '../../../../../../Users/Tri Nguyen/Documents/Unreal Projects/MyProject/Saved/Autosaves/Game/Maps/Example_Map_Auto8.umap'
[2014.10.19-04.19.17:836][233]LogFileHelpers: Editor autosave (incl. sublevels) for '/Game/Maps/Example_Map' took 0.228
[2014.10.19-04.19.17:836][233]LogFileHelpers: Editor autosave (incl. sublevels) for all levels took 0.228
[2014.10.19-04.19.26:986][409]LogSavePackage: Save=139.039551ms
[2014.10.19-04.19.26:986][409]LogSavePackage: Moving '../../../../../../Users/Tri Nguyen/Documents/Unreal Projects/MyProject/Saved/Example_Map2AAB71CE423F990217C5A1A3657016FD.tmp' to '../../../../../../Users/Tri Nguyen/Documents/Unreal Projects/MyProject/Content/Maps/Example_Map.umap'
[2014.10.19-04.19.27:017][409]LogFileHelpers: Saving map 'Example_Map' took 0.310
[2014.10.19-04.19.42:447][679]Cmd: QUIT_EDITOR
[2014.10.19-04.19.42:812][679]LogExit: Preparing to exit.
[2014.10.19-04.19.43:281][679]LogExit: Editor shut down
[2014.10.19-04.19.43:281][679]LogExit: Transaction tracking system shut down
[2014.10.19-04.19.43:282][679]LogParticles: Destroying 0 GPU particle simulations for FXSystem 0x0000000017444D60
[2014.10.19-04.19.43:283][679]LogParticles: Destroying 0 GPU particle simulations for FXSystem 0x0000000020281580
[2014.10.19-04.19.43:303][679]LogParticles: Destroying 0 GPU particle simulations for FXSystem 0x00000000200A5080
[2014.10.19-04.19.43:303][679]LogExit: Object subsystem successfully closed.
[2014.10.19-04.19.43:351][679]LogModuleManager: Shutting down and abandoning module AndroidDeviceDetection (166)
[2014.10.19-04.19.43:351][679]LogModuleManager: Shutting down and abandoning module CrashTracker (165)
[2014.10.19-04.19.43:351][679]LogModuleManager: Shutting down and abandoning module SuperSearch (164)
[2014.10.19-04.19.43:351][679]LogModuleManager: Shutting down and abandoning module SceneOutliner (163)
[2014.10.19-04.19.43:351][679]LogModuleManager: Shutting down and abandoning module EditorWidgets (162)
[2014.10.19-04.19.43:351][679]LogModuleManager: Shutting down and abandoning module CollectionManager (161)
[2014.10.19-04.19.43:351][679]LogModuleManager: Shutting down and abandoning module StatsViewer (160)
[2014.10.19-04.19.43:351][679]LogModuleManager: Shutting down and abandoning module FoliageEdit (159)
[2014.10.19-04.19.43:351][679]LogModuleManager: Shutting down and abandoning module LandscapeEditor (158)
[2014.10.19-04.19.43:351][679]LogModuleManager: Shutting down and abandoning module MeshPaint (157)
[2014.10.19-04.19.43:351][679]LogModuleManager: Shutting down and abandoning module ActorPickerMode (156)
[2014.10.19-04.19.43:351][679]LogModuleManager: Shutting down and abandoning module GeometryMode (155)
[2014.10.19-04.19.43:351][679]LogModuleManager: Shutting down and abandoning module TextureAlignMode (154)
[2014.10.19-04.19.43:351][679]LogModuleManager: Shutting down and abandoning module BspMode (153)
[2014.10.19-04.19.43:351][679]LogModuleManager: Shutting down and abandoning module PlacementMode (152)
[2014.10.19-04.19.43:351][679]LogModuleManager: Shutting down and abandoning module AutomationWorker (151)
[2014.10.19-04.19.43:351][679]LogModuleManager: Shutting down and abandoning module CharacterAI (150)
[2014.10.19-04.19.43:351][679]LogModuleManager: Shutting down and abandoning module GameProjectGeneration (149)
[2014.10.19-04.19.43:351][679]LogModuleManager: Shutting down and abandoning module IntroTutorials (148)
[2014.10.19-04.19.43:352][679]LogModuleManager: Shutting down and abandoning module EditorLiveStreaming (147)
[2014.10.19-04.19.43:352][679]LogModuleManager: Shutting down and abandoning module HardwareTargeting (146)
[2014.10.19-04.19.43:352][679]LogModuleManager: Shutting down and abandoning module BehaviorTreeEditor (145)
[2014.10.19-04.19.43:352][679]LogModuleManager: Shutting down and abandoning module DeviceProfileEditor (144)
[2014.10.19-04.19.43:352][679]LogModuleManager: Shutting down and abandoning module UndoHistory (143)
[2014.10.19-04.19.43:352][679]LogModuleManager: Shutting down and abandoning module GameplayTagsEditor (142)
[2014.10.19-04.19.43:352][679]LogModuleManager: Shutting down and abandoning module UserFeedback (141)
[2014.10.19-04.19.43:352][679]LogModuleManager: Shutting down and abandoning module XmlParser (140)
[2014.10.19-04.19.43:352][679]LogModuleManager: Shutting down and abandoning module Blutility (139)
[2014.10.19-04.19.43:352][679]LogModuleManager: Shutting down and abandoning module IOSPlatformEditor (138)
[2014.10.19-04.19.43:352][679]LogModuleManager: Shutting down and abandoning module IOSRuntimeSettings (137)
[2014.10.19-04.19.43:352][679]LogModuleManager: Shutting down and abandoning module AndroidPlatformEditor (136)
[2014.10.19-04.19.43:352][679]LogModuleManager: Shutting down and abandoning module AndroidRuntimeSettings (135)
[2014.10.19-04.19.43:352][679]LogModuleManager: Shutting down and abandoning module ProjectTargetPlatformEditor (134)
[2014.10.19-04.19.43:352][679]LogModuleManager: Shutting down and abandoning module ProjectSettingsViewer (133)
[2014.10.19-04.19.43:352][679]LogModuleManager: Shutting down and abandoning module InputBindingEditor (132)
[2014.10.19-04.19.43:352][679]LogModuleManager: Shutting down and abandoning module EditorSettingsViewer (131)
[2014.10.19-04.19.43:352][679]LogModuleManager: Shutting down and abandoning module SettingsEditor (130)
[2014.10.19-04.19.43:352][679]LogModuleManager: Shutting down and abandoning module ProjectLauncher (129)
[2014.10.19-04.19.43:352][679]LogModuleManager: Shutting down and abandoning module SessionFrontend (128)
[2014.10.19-04.19.43:352][679]LogModuleManager: Shutting down and abandoning module ProfilerClient (127)
[2014.10.19-04.19.43:352][679]LogModuleManager: Shutting down and abandoning module TargetDeviceServices (126)
[2014.10.19-04.19.43:352][679]LogModuleManager: Shutting down and abandoning module DeviceManager (125)
[2014.10.19-04.19.43:352][679]LogModuleManager: Shutting down and abandoning module AutomationController (124)
[2014.10.19-04.19.43:352][679]LogModuleManager: Shutting down and abandoning module AutomationWindow (123)
[2014.10.19-04.19.43:352][679]LogModuleManager: Shutting down and abandoning module Layers (122)
[2014.10.19-04.19.43:352][679]LogModuleManager: Shutting down and abandoning module ComponentVisualizers (121)
[2014.10.19-04.19.43:352][679]LogModuleManager: Shutting down and abandoning module DetailCustomizations (120)
[2014.10.19-04.19.43:352][679]LogModuleManager: Shutting down and abandoning module PackagesDialog (119)
[2014.10.19-04.19.43:353][679]LogModuleManager: Shutting down and abandoning module AssetRegistry (118)
[2014.10.19-04.19.43:470][679]LogModuleManager: Shutting down and abandoning module Persona (117)
[2014.10.19-04.19.43:470][679]LogModuleManager: Shutting down and abandoning module Kismet (116)
[2014.10.19-04.19.43:470][679]LogModuleManager: Shutting down and abandoning module GraphEditor (115)
[2014.10.19-04.19.43:470][679]LogModuleManager: Shutting down and abandoning module ClassViewer (114)
[2014.10.19-04.19.43:470][679]LogModuleManager: Shutting down and abandoning module Toolbox (113)
[2014.10.19-04.19.43:470][679]LogModuleManager: Shutting down and abandoning module ModuleUI (112)
[2014.10.19-04.19.43:470][679]LogModuleManager: Shutting down and abandoning module MovieSceneTools (111)
[2014.10.19-04.19.43:470][679]LogModuleManager: Shutting down and abandoning module OutputLog (110)
[2014.10.19-04.19.43:470][679]LogModuleManager: Shutting down and abandoning module GammaUI (109)
[2014.10.19-04.19.43:470][679]LogModuleManager: Shutting down and abandoning module Documentation (108)
[2014.10.19-04.19.43:470][679]LogModuleManager: Shutting down and abandoning module GameLiveStreaming (107)
[2014.10.19-04.19.43:470][679]LogModuleManager: Shutting down and abandoning module StreamingPauseRendering (106)
[2014.10.19-04.19.43:470][679]LogModuleManager: Shutting down and abandoning module HTTP (105)
[2014.10.19-04.19.43:470][679]LogModuleManager: Shutting down and abandoning module AnalyticsET (104)
[2014.10.19-04.19.43:470][679]LogModuleManager: Shutting down and abandoning module Analytics (103)
[2014.10.19-04.19.43:470][679]LogModuleManager: Shutting down and abandoning module GameplayDebugger (102)
[2014.10.19-04.19.43:471][679]LogModuleManager: Shutting down and abandoning module AIModule (101)
[2014.10.19-04.19.43:471][679]LogModuleManager: Shutting down and abandoning module ProfilerService (100)
[2014.10.19-04.19.43:518][679]LogModuleManager: Shutting down and abandoning module TaskGraph (99)
[2014.10.19-04.19.43:518][679]LogModuleManager: Shutting down and abandoning module SlateRemote (98)
[2014.10.19-04.19.43:518][679]LogModuleManager: Shutting down and abandoning module ScriptEditorPlugin (97)
[2014.10.19-04.19.43:518][679]LogModuleManager: Shutting down and abandoning module CustomMeshComponent (96)
[2014.10.19-04.19.43:518][679]LogModuleManager: Shutting down and abandoning module CableComponent (95)
[2014.10.19-04.19.43:518][679]LogModuleManager: Shutting down and abandoning module MessagingDebugger (94)
[2014.10.19-04.19.43:518][679]LogModuleManager: Shutting down and abandoning module MediaPlayerEditor (93)
[2014.10.19-04.19.43:518][679]LogModuleManager: Shutting down and abandoning module SpeedTreeImporter (92)
[2014.10.19-04.19.43:518][679]LogModuleManager: Shutting down and abandoning module PluginsEditor (91)
[2014.10.19-04.19.43:518][679]LogModuleManager: Shutting down and abandoning module EpicSurvey (90)
[2014.10.19-04.19.43:518][679]LogModuleManager: Shutting down and abandoning module DesktopPlatform (89)
[2014.10.19-04.19.43:518][679]LogModuleManager: Shutting down and abandoning module VisualStudioSourceCodeAccess (88)
[2014.10.19-04.19.43:518][679]LogModuleManager: Shutting down and abandoning module UObjectPlugin (87)
[2014.10.19-04.19.43:519][679]LogModuleManager: Shutting down and abandoning module SubversionSourceControl (86)
[2014.10.19-04.19.43:519][679]LogModuleManager: Shutting down and abandoning module SourceControl (85)
[2014.10.19-04.19.43:519][679]LogModuleManager: Shutting down and abandoning module PerforceSourceControl (84)
[2014.10.19-04.19.43:519][679]LogModuleManager: Shutting down and abandoning module BlankPlugin (83)
[2014.10.19-04.19.43:519][679]LogModuleManager: Shutting down and abandoning module SlateReflector (82)
[2014.10.19-04.19.43:519][679]LogModuleManager: Shutting down and abandoning module DirectoryWatcher (81)
[2014.10.19-04.19.43:519][679]LogModuleManager: Shutting down and abandoning module HotReload (80)
[2014.10.19-04.19.43:519][679]LogModuleManager: Shutting down and abandoning module MainFrame (79)
[2014.10.19-04.19.43:519][679]LogModuleManager: Shutting down and abandoning module LevelEditor (78)
[2014.10.19-04.19.43:521][679]LogModuleManager: Shutting down and abandoning module ViewportSnapping (77)
[2014.10.19-04.19.43:521][679]LogModuleManager: Shutting down and abandoning module SmartSnapping (76)
[2014.10.19-04.19.43:521][679]LogModuleManager: Shutting down and abandoning module PaperTiledImporter (75)
[2014.10.19-04.19.43:521][679]LogModuleManager: Shutting down and abandoning module PaperJsonImporter (74)
[2014.10.19-04.19.43:521][679]LogModuleManager: Shutting down and abandoning module ContentBrowser (73)
[2014.10.19-04.19.43:521][679]LogModuleManager: Shutting down and abandoning module PropertyEditor (72)
[2014.10.19-04.19.43:521][679]LogModuleManager: Shutting down and abandoning module Paper2DEditor (71)
[2014.10.19-04.19.43:522][679]LogModuleManager: Shutting down and abandoning module ScriptPlugin (70)
[2014.10.19-04.19.43:522][679]LogModuleManager: Shutting down and abandoning module UdpMessaging (69)
[2014.10.19-04.19.43:622][679]LogModuleManager: Shutting down and abandoning module Paper2D (68)
[2014.10.19-04.19.43:622][679]LogModuleManager: Shutting down and abandoning module WindowsMoviePlayer (67)
[2014.10.19-04.19.43:628][679]LogModuleManager: Shutting down and abandoning module Media (66)
[2014.10.19-04.19.43:628][679]LogModuleManager: Shutting down and abandoning module WmfMedia (65)
[2014.10.19-04.19.43:629][679]LogModuleManager: Shutting down and abandoning module OnlineBlueprintSupport (64)
[2014.10.19-04.19.43:629][679]LogModuleManager: Shutting down and abandoning module FunctionalTesting (63)
[2014.10.19-04.19.43:629][679]LogModuleManager: Shutting down and abandoning module CollisionAnalyzer (62)
[2014.10.19-04.19.43:629][679]LogModuleManager: Shutting down and abandoning module WorkspaceMenuStructure (61)
[2014.10.19-04.19.43:629][679]LogModuleManager: Shutting down and abandoning module MessageLog (60)
[2014.10.19-04.19.43:629][679]LogModuleManager: Shutting down and abandoning module Sequencer (59)
[2014.10.19-04.19.43:629][679]LogModuleManager: Shutting down and abandoning module AssetTools (58)
[2014.10.19-04.19.43:629][679]LogModuleManager: Shutting down and abandoning module UMGEditor (57)
[2014.10.19-04.19.43:629][679]LogModuleManager: Shutting down and abandoning module UMG (56)
[2014.10.19-04.19.43:629][679]LogModuleManager: Shutting down and abandoning module Slate (55)
[2014.10.19-04.19.43:629][679]LogModuleManager: Shutting down and abandoning module EditorStyle (54)
[2014.10.19-04.19.43:632][679]LogModuleManager: Shutting down and abandoning module SessionServices (53)
[2014.10.19-04.19.43:633][679]LogModuleManager: Shutting down and abandoning module SourceCodeAccess (52)
[2014.10.19-04.19.43:633][679]LogModuleManager: Shutting down and abandoning module HeadMountedDisplay (51)
[2014.10.19-04.19.43:633][679]LogModuleManager: Shutting down and abandoning module XAudio2 (50)
[2014.10.19-04.19.43:633][679]LogModuleManager: Shutting down and abandoning module Networking (48)
[2014.10.19-04.19.43:633][679]LogModuleManager: Shutting down and abandoning module Core (47)
[2014.10.19-04.19.43:633][679]LogModuleManager: Shutting down and abandoning module KismetCompiler (46)
[2014.10.19-04.19.43:633][679]LogModuleManager: Shutting down and abandoning module PhysXFormats (45)
[2014.10.19-04.19.43:633][679]LogModuleManager: Shutting down and abandoning module MeshUtilities (44)
[2014.10.19-04.19.43:633][679]LogModuleManager: Shutting down and abandoning module DerivedDataCache (43)
[2014.10.19-04.19.43:643][679]LogDerivedDataCache: Shutdown
[2014.10.19-04.19.43:643][679]LogModuleManager: Shutting down and abandoning module ShaderFormatOpenGL (42)
[2014.10.19-04.19.43:643][679]LogModuleManager: Shutting down and abandoning module ShaderFormatD3D (41)
[2014.10.19-04.19.43:643][679]LogModuleManager: Shutting down and abandoning module MetalShaderFormat (40)
[2014.10.19-04.19.43:643][679]LogModuleManager: Shutting down and abandoning module TextureFormatUncompressed (39)
[2014.10.19-04.19.43:643][679]LogModuleManager: Shutting down and abandoning module TextureFormatPVR (38)
[2014.10.19-04.19.43:643][679]LogModuleManager: Shutting down and abandoning module TextureFormatDXT (37)
[2014.10.19-04.19.43:643][679]LogModuleManager: Shutting down and abandoning module TextureFormatAndroid (36)
[2014.10.19-04.19.43:643][679]LogModuleManager: Shutting down and abandoning module AudioFormatOpus (35)
[2014.10.19-04.19.43:643][679]LogModuleManager: Shutting down and abandoning module AudioFormatOgg (34)
[2014.10.19-04.19.43:643][679]LogModuleManager: Shutting down and abandoning module AudioFormatADPCM (33)
[2014.10.19-04.19.43:643][679]LogModuleManager: Shutting down and abandoning module Messaging (32)
[2014.10.19-04.19.43:643][679]LogModuleManager: Shutting down and abandoning module IOSTargetPlatform (31)
[2014.10.19-04.19.43:643][679]LogModuleManager: Shutting down and abandoning module Android_PVRTCTargetPlatform (30)
[2014.10.19-04.19.43:643][679]LogModuleManager: Shutting down and abandoning module Android_ETC2TargetPlatform (29)
[2014.10.19-04.19.43:643][679]LogModuleManager: Shutting down and abandoning module Android_ETC1TargetPlatform (28)
[2014.10.19-04.19.43:643][679]LogModuleManager: Shutting down and abandoning module Android_DXTTargetPlatform (27)
[2014.10.19-04.19.43:643][679]LogModuleManager: Shutting down and abandoning module Android_ATCTargetPlatform (26)
[2014.10.19-04.19.43:643][679]LogModuleManager: Shutting down and abandoning module AndroidTargetPlatform (25)
[2014.10.19-04.19.43:643][679]LogModuleManager: Shutting down and abandoning module WindowsTargetPlatform (24)
[2014.10.19-04.19.43:643][679]LogModuleManager: Shutting down and abandoning module WindowsServerTargetPlatform (23)
[2014.10.19-04.19.43:643][679]LogModuleManager: Shutting down and abandoning module WindowsNoEditorTargetPlatform (22)
[2014.10.19-04.19.43:643][679]LogModuleManager: Shutting down and abandoning module WindowsClientTargetPlatform (21)
[2014.10.19-04.19.43:644][679]LogModuleManager: Shutting down and abandoning module TargetPlatform (20)
[2014.10.19-04.19.43:644][679]LogModuleManager: Shutting down and abandoning module InputCore (19)
[2014.10.19-04.19.43:644][679]LogModuleManager: Shutting down and abandoning module Settings (18)
[2014.10.19-04.19.43:644][679]LogModuleManager: Shutting down and abandoning module ImageWrapper (17)
[2014.10.19-04.19.43:644][679]LogModuleManager: Shutting down and abandoning module OculusRift (14)
[2014.10.19-04.19.43:644][679]LogModuleManager: Shutting down and abandoning module ExampleDeviceProfileSelector (13)
[2014.10.19-04.19.43:644][679]LogModuleManager: Shutting down and abandoning module TextureCompressor (12)
[2014.10.19-04.19.43:644][679]LogModuleManager: Shutting down and abandoning module ShaderCore (11)
[2014.10.19-04.19.43:644][679]LogModuleManager: Shutting down and abandoning module SlateRHIRenderer (10)
[2014.10.19-04.19.43:646][679]LogModuleManager: Shutting down and abandoning module OpenGLDrv (9)
[2014.10.19-04.19.43:646][679]LogModuleManager: Shutting down and abandoning module D3D11RHI (8)
[2014.10.19-04.19.43:646][679]LogModuleManager: Shutting down and abandoning module Renderer (7)
[2014.10.19-04.19.43:646][679]LogModuleManager: Shutting down and abandoning module Engine (6)
[2014.10.19-04.19.43:646][679]LogModuleManager: Shutting down and abandoning module CoreUObject (5)
[2014.10.19-04.19.43:646][679]LogModuleManager: Shutting down and abandoning module NetworkFile (4)
[2014.10.19-04.19.43:646][679]LogModuleManager: Shutting down and abandoning module StreamingFile (3)
[2014.10.19-04.19.43:646][679]LogModuleManager: Shutting down and abandoning module SandboxFile (2)
[2014.10.19-04.19.43:646][679]LogModuleManager: Shutting down and abandoning module PakFile (1)
[2014.10.19-04.19.43:647][679]LogExit: Exiting.
[2014.10.19-04.19.43:656][679]Log file closed, 10/18/14 23:19:43
