Log file open, 10/20/14 19:18:12
LogInit:Display: Running engine for game: MyProject
LogInit: Version: 4.5.0-2326478+++depot+UE4-Releases+4.5
LogInit: API Version: 2326478
LogInit: Compiled (64-bit): Oct 11 2014 09:24:31
LogInit: Compiled with Visual C++: 18.00.21005.01
LogInit: Build Configuration: Development
LogInit: Branch Name: ++depot+UE4-Releases+4.5
LogInit: Command line:  
LogInit: Base directory: C:/Program Files/Unreal Engine/4.5/Engine/Binaries/Win64/
LogInit: Rocket: 1
[2014.10.21-00.18.12:273][  0]LogTaskGraph: Started task graph with 3 named threads and 4 total threads.
[2014.10.21-00.18.12:301][  0]LogOnline:Warning: No default platform service specified for OnlineSubsystem
[2014.10.21-00.18.12:328][  0]LogInit: Presizing for 0 objects not considered by GC, pre-allocating 0 bytes.
[2014.10.21-00.18.12:338][  0]LogInit: Object subsystem initialized
[2014.10.21-00.18.12:342][  0]LogConsoleResponse:Warning: Skipping Unknown console variable: 'UIScaleRule = ShortestSide'
[2014.10.21-00.18.12:342][  0]LogConsoleResponse:Warning:   Found in ini file 'C:/Users/Tri Nguyen/Documents/Unreal Projects/MyProject/Saved/Config/Windows/Engine.ini', in section '[/Script/Engine.RendererSettings]'
[2014.10.21-00.18.12:342][  0]LogConsoleResponse:Warning: Skipping Unknown console variable: 'UIScaleCurve = (EditorCurveData=(Keys=((Time=480.000000,Value=0.444000),(Time=720.000000,Value=0.666000),(Time=1080.000000,Value=1.000000),(Time=8640.000000,Value=8.000000))),ExternalCurve=None)'
[2014.10.21-00.18.12:342][  0]LogConsoleResponse:Warning:   Found in ini file 'C:/Users/Tri Nguyen/Documents/Unreal Projects/MyProject/Saved/Config/Windows/Engine.ini', in section '[/Script/Engine.RendererSettings]'
[2014.10.21-00.18.12:343][  0]LogInit: Selected Device Profile: [Windows]
[2014.10.21-00.18.12:343][  0]LogInit: Applying CVar settings loaded from the selected device profile: [Windows]
[2014.10.21-00.18.12:348][  0]LogInit: Computer: TRINGUYEN-PC
[2014.10.21-00.18.12:348][  0]LogInit: User: TriNguyen
[2014.10.21-00.18.12:349][  0]LogInit: CPU Page size=4096, Cores=4
[2014.10.21-00.18.12:349][  0]LogInit: High frequency timer resolution =2.143603 MHz
[2014.10.21-00.18.12:349][  0]LogMemory: Memory total: Physical=15.9GB (16GB approx) Virtual=8192.0GB
[2014.10.21-00.18.12:349][  0]LogMemory: Platform Memory Stats for Windows
[2014.10.21-00.18.12:349][  0]LogMemory: Process Physical Memory: 67.04 MB used, 67.04 MB peak
[2014.10.21-00.18.12:349][  0]LogMemory: Process Virtual Memory: 43.62 MB used, 43.62 MB peak
[2014.10.21-00.18.12:349][  0]LogMemory: Physical Memory: 2959.53 MB used, 16266.36 MB total
[2014.10.21-00.18.12:349][  0]LogMemory: Virtual Memory: 278.37 MB used, 8388608.00 MB total
[2014.10.21-00.18.12:399][  0]LogD3D11RHI: Found D3D11 adapter 0: NVIDIA GeForce GT 640M (Feature Level 11_0)
[2014.10.21-00.18.12:399][  0]LogD3D11RHI: Adapter has 1990MB of dedicated video memory, 0MB of dedicated system memory, and 2048MB of shared system memory, 1 output[s]
[2014.10.21-00.18.12:399][  0]LogD3D11RHI: Chosen D3D11 Adapter Id = 0
[2014.10.21-00.18.12:405][  0]LogRHI: Texture pool is 1361 MB (70% of 1945 MB)
[2014.10.21-00.18.12:421][  0]LogD3D11RHI: Async texture creation enabled
[2014.10.21-00.18.12:489][  0]LogTextLocalizationManager: The requested culture ('en_US') has no localization data; parent culture's ('en') localization data will be used.
[2014.10.21-00.18.12:632][  0]LogContentStreaming: Texture pool size is 0.000000MB
[2014.10.21-00.18.17:781][  0]LogTargetPlatformManager:Display: Building Assets For Windows
[2014.10.21-00.18.18:183][  0]LogTargetPlatformManager:Display: Building Assets For Windows
[2014.10.21-00.18.18:235][  0]LogDerivedDataCache:Display: Max Cache Size: 512 MB
[2014.10.21-00.18.18:299][  0]LogDerivedDataCache: Loaded boot cache 0.06s 72MB C:/Users/Tri Nguyen/AppData/Local/UnrealEngine/4.5/DerivedDataCache/Boot.ddc.
[2014.10.21-00.18.18:299][  0]LogDerivedDataCache:Display: Loaded Boot cache: C:/Users/Tri Nguyen/AppData/Local/UnrealEngine/4.5/DerivedDataCache/Boot.ddc
[2014.10.21-00.18.18:299][  0]LogDerivedDataCache: FDerivedDataBackendGraph:  Pak pak cache file ../../../../../../Users/Tri Nguyen/Documents/Unreal Projects/MyProject/DerivedDataCache/DDC.ddp not found, will not use a pak cache.
[2014.10.21-00.18.18:299][  0]LogDerivedDataCache: Unable to find inner node Pak for hierarchical cache Hierarchy.
[2014.10.21-00.18.18:372][  0]LogDerivedDataCache:Display: Pak cache opened for reading ../../../Engine/DerivedDataCache/DDC.ddp.
[2014.10.21-00.18.18:384][  0]LogDerivedDataCache: Using Local data cache path C:/Users/Tri Nguyen/AppData/Local/UnrealEngine/Common/DerivedDataCache: Writable
[2014.10.21-00.18.18:559][  0]LogMeshUtilities: No automatic mesh reduction module available
[2014.10.21-00.18.18:559][  0]LogMeshUtilities: No automatic mesh merging module available
[2014.10.21-00.18.18:773][  0]LogLinker:Warning: Asset '../../../Engine/Content/Functions/Engine_MaterialFunctions02/Texturing/FlipBook.uasset' has been saved with empty engine version. The asset will be loaded but may be incompatible.
[2014.10.21-00.18.18:776][  0]LogLinker:Warning: Asset '../../../Engine/Content/Functions/Engine_MaterialFunctions02/ExampleContent/Textures/flipbook.uasset' has been saved with empty engine version. The asset will be loaded but may be incompatible.
[2014.10.21-00.18.18:943][  0]LogInit: WinSock: version 1.1 (2.2), MaxSocks=32767, MaxUdp=65467
[2014.10.21-00.18.19:678][  0]UdpMessaging: Initializing bridge on interface 0.0.0.0:0 to multicast group 230.0.0.1:6666.
[2014.10.21-00.18.19:864][  0]LogDirectoryWatcher:Warning: Failed to begin reading directory changes for C:/Users/Tri Nguyen/Documents/Unreal Projects/MyProject/Binaries/Win64. Error: 0
[2014.10.21-00.18.19:993][  0]SourceControl: Info Source control is disabled
[2014.10.21-00.18.19:993][  0]SourceControl: Info Source control is disabled
[2014.10.21-00.18.20:000][  0]SourceControl: Info Source control is disabled
[2014.10.21-00.18.20:112][  0]LogObj: 22915 objects as part of root set at end of initial load.
[2014.10.21-00.18.20:112][  0]LogUObjectAllocator: 4803536 out of 0 bytes used by permanent object pool.
[2014.10.21-00.18.20:170][  0]LogEngine: Initializing Engine...
[2014.10.21-00.18.20:304][  0]LogInit: XAudio2 using 'Speakers (Realtek High Definition Audio)' : 2 channels at 48 kHz using 32 bits per sample (channel mask 0x3)
[2014.10.21-00.18.20:418][  0]LogInit: FAudioDevice initialized.
[2014.10.21-00.18.20:459][  0]LogAIModule: Creating AISystem for world NewWorld
[2014.10.21-00.18.20:500][  0]LogDerivedDataCache: Saved boot cache 0.04s 72MB C:/Users/Tri Nguyen/AppData/Local/UnrealEngine/4.5/DerivedDataCache/Boot.ddc.
[2014.10.21-00.18.20:504][  0]LogInit: Texture streaming: Enabled
[2014.10.21-00.18.20:548][  0]LogInit: Transaction tracking system initialized
[2014.10.21-00.18.20:640][  0]BlueprintLog: New page: Editor Load
[2014.10.21-00.18.20:670][  0]LogAssetRegistry: FAssetRegistry took 0.0095 seconds to start up
[2014.10.21-00.18.20:670][  0]LogDirectoryWatcher:Warning: Failed to begin reading directory changes for ../../../Engine/Plugins/Experimental/CharacterAI/Content/. Error: 0
[2014.10.21-00.18.21:120][  0]LogTargetPlatformManager:Display: Building Assets For Windows
[2014.10.21-00.18.21:453][  0]LogTargetPlatformManager:Display: Building Assets For Windows
[2014.10.21-00.18.21:652][  0]LogConsoleResponse:Display: 
[2014.10.21-00.18.21:842][  0]SourceControl: Info Source control is disabled
[2014.10.21-00.18.21:843][  0]Cmd: MAP LOAD FILE="../../../../../../Users/Tri Nguyen/Documents/Unreal Projects/MyProject/Content/Maps/Example_Map.umap" TEMPLATE=0 SHOWPROGRESS=1
[2014.10.21-00.18.21:849][  0]LightingResults: New page: Lighting Build
[2014.10.21-00.18.21:858][  0]MapCheck: New page: Map Check
[2014.10.21-00.18.21:858][  0]LightingResults: New page: Lighting Build
[2014.10.21-00.18.21:873][  0]LogParticles: Destroying 0 GPU particle simulations for FXSystem 0x000000001EB01A80
[2014.10.21-00.18.22:454][  0]LogEditorServer: Finished looking for orphan Actors (0.000 secs)
[2014.10.21-00.18.22:455][  0]LogAIModule: Creating AISystem for world Example_Map
[2014.10.21-00.18.22:455][  0]Cmd: MAP CHECKDEP
[2014.10.21-00.18.22:455][  0]MapCheck: New page: Example_Map - Oct 20, 2014, 2:18:22 PM
[2014.10.21-00.18.22:545][  0]MapCheck: Info Map check complete: 0 Error(s), 0 Warning(s), took 90.396ms to complete.
[2014.10.21-00.18.22:546][  0]LogFileHelpers: Loading map 'Example_Map' took 0.703
[2014.10.21-00.18.22:650][  0]LogCollectionManager: Loaded 0 collections in 0.001019 seconds
[2014.10.21-00.18.22:862][  0]LogCrashTracker: Crashtracker disabled due to settings.
[2014.10.21-00.18.22:882][  0]LogUObjectGlobals:Warning: Failed to find object 'Class None.'
[2014.10.21-00.18.22:921][  0]LogLoad: Full Startup: 11.79 seconds (BP compile: 0.07 seconds)
[2014.10.21-00.18.23:271][  0]LogContentBrowser:Verbose: The content browser source was changed by the sources view to '/Game/StarterContent/Materials'
[2014.10.21-00.18.23:467][  0]LogRenderer:Warning: Reallocating scene render targets to support 1136x896.
[2014.10.21-00.18.25:273][  6]LogAssetRegistry: Asset discovery search completed in 4.6126 seconds
[2014.10.21-00.18.44:844][435]LogEditorViewport: Clicking on Actor (LMB): BP_Sky_Sphere_C (SkySphereBlueprint)
[2014.10.21-00.19.08:721][ 27]MapCheck: New page: Map Check
[2014.10.21-00.19.08:751][ 27]Cmd: MAP REBUILD ALLVISIBLE
[2014.10.21-00.19.08:751][ 27]LogEditorServer: Rebuildmap Clear paths rebuilt
[2014.10.21-00.19.08:930][ 27]LightingResults: New page: Lighting Build - Oct 20, 2014, 2:19:08 PM
[2014.10.21-00.19.13:049][ 27]LogStaticLightingSystem:Warning: No importance volume found, so the scene bounding box was used.  You can optimize your scene's quality and lighting build times by adding importance volumes.
[2014.10.21-00.19.13:075][ 27]LogStaticLightingSystem: Running Lightmass w/ ImmediateImport mode ENABLED
[2014.10.21-00.19.13:075][ 27]LogStaticLightingSystem: Running Lightmass w/ ImmediateProcess mode ENABLED
[2014.10.21-00.19.13:075][ 27]LogStaticLightingSystem: Running Lightmass w/ Sorting mode ENABLED
[2014.10.21-00.19.13:075][ 27]LogStaticLightingSystem: Running Lightmass w/ Mapping paddings ENABLED
[2014.10.21-00.19.13:075][ 27]LogStaticLightingSystem: Running Lightmass w/ Mapping debug paddings DISABLED
[2014.10.21-00.19.13:175][ 27]LogEditorBuildUtils: Build time 0:00:04
[2014.10.21-00.19.19:209][156]Job is a success!
[2014.10.21-00.19.20:095][157]LogTexture:Display: Building textures: HQ_Lightmap0_1 (AutoDXT)
[2014.10.21-00.19.20:337][157]LogTexture:Display: Building textures: LQ_Lightmap_1_6 (DXT1)
[2014.10.21-00.19.20:344][157]LogTexture:Display: Building textures: HQ_Lightmap1_6 (AutoDXT)
[2014.10.21-00.19.20:354][157]LogTexture:Display: Building textures: LQ_Lightmap_0_5 (DXT1)
[2014.10.21-00.19.20:374][157]LogTexture:Display: Building textures: HQ_Lightmap0_5 (AutoDXT)
[2014.10.21-00.19.20:435][157]LogTexture:Display: Building textures: LQ_Lightmap_1_4 (DXT1)
[2014.10.21-00.19.20:500][157]LogTexture:Display: Building textures: HQ_Lightmap1_4 (AutoDXT)
[2014.10.21-00.19.20:748][157]LogTexture:Display: Building textures: LQ_Lightmap_0_3 (DXT1)
[2014.10.21-00.19.20:813][157]LogTexture:Display: Building textures: HQ_Lightmap0_3 (AutoDXT)
[2014.10.21-00.19.21:016][157]LogTexture:Display: Building textures: LQ_Lightmap_1_2 (DXT1)
[2014.10.21-00.19.21:141][157]LogTexture:Display: Building textures: HQ_Lightmap1_2 (AutoDXT)
[2014.10.21-00.19.21:555][157]LogTexture:Display: Building textures: LQ_Lightmap_0_1 (DXT1)
[2014.10.21-00.19.21:793][157]LogTexture:Display: Building textures: ShadowMapTexture2D_0 (BGRA8)
[2014.10.21-00.19.21:955][157]LogTexture:Display: Building textures: ShadowMapTexture2D_1 (BGRA8)
[2014.10.21-00.19.22:014][157]LogTexture:Display: Building textures: ShadowMapTexture2D_2 (BGRA8)
[2014.10.21-00.19.22:029][157]LogTexture:Display: Building textures: ShadowMapTexture2D_3 (BGRA8)
[2014.10.21-00.19.22:037][157]LogTexture:Display: Building textures: ShadowMapTexture2D_4 (BGRA8)
[2014.10.21-00.19.22:066][157]Lightmass on TRINGUYEN-PC: 8.32 sec total, 141 ms importing, 6 ms setup, 752 ms photons, 7.40 sec processing, 0 ms extra exporting [247/247 mappings]. Threads: 51.6 sec total, 26.6 sec processing.
[2014.10.21-00.19.22:102][157]LogStaticLightingSystem:Warning: Illumination: 13.0 sec (2.44 sec encoding lightmaps)
[2014.10.21-00.19.22:102][157]LogStaticLightingSystem: Lightmap texture memory:  5.7 MB (4.3 MB streaming, 1.3 MB non-streaming), 12 textures
[2014.10.21-00.19.22:102][157]LogStaticLightingSystem: Shadowmap texture memory: 0.0 MB (0.0 MB streaming, 0.0 MB non-streaming), 5 textures
[2014.10.21-00.19.23:054][158]Cmd: MAP CHECK NOTIFYRESULTS
[2014.10.21-00.19.23:055][158]MapCheck: New page: Example_Map - Oct 20, 2014, 2:19:23 PM
[2014.10.21-00.19.23:233][158]MapCheck: Info Map check complete: 0 Error(s), 0 Warning(s), took 178.889ms to complete.
[2014.10.21-00.19.26:357][218]LogTexture:Warning: Failed to stream mip data from the derived data cache for /Game/Maps/Example_Map.HQ_Lightmap1_5. Streaming mips will be recached.
[2014.10.21-00.19.26:417][218]LogTexture:Display: Building textures: HQ_Lightmap1_5 (AutoDXT)
[2014.10.21-00.19.27:923][248]LogTexture:Warning: Failed to stream mip data from the derived data cache for /Game/Maps/Example_Map.HQ_Lightmap1_3. Streaming mips will be recached.
[2014.10.21-00.19.28:004][248]LogTexture:Display: Building textures: HQ_Lightmap1_3 (AutoDXT)
[2014.10.21-00.19.33:607][383]LogTexture:Warning: Failed to stream mip data from the derived data cache for /Game/Maps/Example_Map.HQ_Lightmap0_2. Streaming mips will be recached.
[2014.10.21-00.19.33:710][383]LogTexture:Display: Building textures: HQ_Lightmap0_2 (AutoDXT)
[2014.10.21-00.19.58:993][987]MapCheck: New page: Map Check
[2014.10.21-00.19.59:022][987]Cmd: MAP REBUILD ALLVISIBLE
[2014.10.21-00.19.59:022][987]LogEditorServer: Rebuildmap Clear paths rebuilt
[2014.10.21-00.19.59:241][987]LightingResults: New page: Lighting Build - Oct 20, 2014, 2:19:59 PM
[2014.10.21-00.20.03:885][987]LogStaticLightingSystem:Warning: No importance volume found, so the scene bounding box was used.  You can optimize your scene's quality and lighting build times by adding importance volumes.
[2014.10.21-00.20.03:912][987]LogStaticLightingSystem: Running Lightmass w/ ImmediateImport mode ENABLED
[2014.10.21-00.20.03:912][987]LogStaticLightingSystem: Running Lightmass w/ ImmediateProcess mode ENABLED
[2014.10.21-00.20.03:912][987]LogStaticLightingSystem: Running Lightmass w/ Sorting mode ENABLED
[2014.10.21-00.20.03:912][987]LogStaticLightingSystem: Running Lightmass w/ Mapping paddings ENABLED
[2014.10.21-00.20.03:912][987]LogStaticLightingSystem: Running Lightmass w/ Mapping debug paddings DISABLED
[2014.10.21-00.20.03:977][987]LogEditorBuildUtils: Build time 0:00:04
[2014.10.21-00.20.09:896][118]Job is a success!
[2014.10.21-00.20.10:747][119]LogTexture:Display: Building textures: HQ_Lightmap0_1 (AutoDXT)
[2014.10.21-00.20.10:990][119]LogTexture:Display: Building textures: LQ_Lightmap_0_6 (DXT1)
[2014.10.21-00.20.10:998][119]LogTexture:Display: Building textures: HQ_Lightmap0_6 (AutoDXT)
[2014.10.21-00.20.11:007][119]LogTexture:Display: Building textures: LQ_Lightmap_1_5 (DXT1)
[2014.10.21-00.20.11:029][119]LogTexture:Display: Building textures: HQ_Lightmap1_5 (AutoDXT)
[2014.10.21-00.20.11:094][119]LogTexture:Display: Building textures: LQ_Lightmap_0_4 (DXT1)
[2014.10.21-00.20.11:158][119]LogTexture:Display: Building textures: HQ_Lightmap0_4 (AutoDXT)
[2014.10.21-00.20.11:407][119]LogTexture:Display: Building textures: LQ_Lightmap_1_3 (DXT1)
[2014.10.21-00.20.11:473][119]LogTexture:Display: Building textures: HQ_Lightmap1_3 (AutoDXT)
[2014.10.21-00.20.11:687][119]LogTexture:Display: Building textures: LQ_Lightmap_0_2 (DXT1)
[2014.10.21-00.20.11:807][119]LogTexture:Display: Building textures: HQ_Lightmap0_2 (AutoDXT)
[2014.10.21-00.20.12:219][119]LogTexture:Display: Building textures: LQ_Lightmap_0_1 (DXT1)
[2014.10.21-00.20.12:461][119]LogTexture:Display: Building textures: ShadowMapTexture2D_5 (BGRA8)
[2014.10.21-00.20.12:620][119]LogTexture:Display: Building textures: ShadowMapTexture2D_6 (BGRA8)
[2014.10.21-00.20.12:678][119]LogTexture:Display: Building textures: ShadowMapTexture2D_7 (BGRA8)
[2014.10.21-00.20.12:693][119]LogTexture:Display: Building textures: ShadowMapTexture2D_8 (BGRA8)
[2014.10.21-00.20.12:701][119]LogTexture:Display: Building textures: ShadowMapTexture2D_9 (BGRA8)
[2014.10.21-00.20.12:730][119]Lightmass on TRINGUYEN-PC: 8.33 sec total, 118 ms importing, 6 ms setup, 768 ms photons, 7.42 sec processing, 0 ms extra exporting [247/247 mappings]. Threads: 51.8 sec total, 27.0 sec processing.
[2014.10.21-00.20.12:746][119]LogStaticLightingSystem:Warning: Illumination: 13.4 sec (2.45 sec encoding lightmaps)
[2014.10.21-00.20.12:746][119]LogStaticLightingSystem: Lightmap texture memory:  5.7 MB (4.3 MB streaming, 1.3 MB non-streaming), 12 textures
[2014.10.21-00.20.12:746][119]LogStaticLightingSystem: Shadowmap texture memory: 0.0 MB (0.0 MB streaming, 0.0 MB non-streaming), 10 textures
[2014.10.21-00.20.12:894][120]Cmd: MAP CHECK NOTIFYRESULTS
[2014.10.21-00.20.12:895][120]MapCheck: New page: Example_Map - Oct 20, 2014, 2:20:12 PM
[2014.10.21-00.20.12:991][120]MapCheck: Info Map check complete: 0 Error(s), 0 Warning(s), took 96.159ms to complete.
[2014.10.21-00.20.26:567][464]MapCheck: New page: Map Check
[2014.10.21-00.20.26:610][464]Cmd: MAP REBUILD ALLVISIBLE
[2014.10.21-00.20.26:611][464]LogEditorTransaction: Non zero active count in UTransBuffer::Reset
ActiveCount : 1
SessionName : 
Reason      : Rebuilding Map

Purging the undo buffer...

[2014.10.21-00.20.26:612][464]LogEditorServer: Rebuildmap Clear paths rebuilt
[2014.10.21-00.20.26:876][464]LightingResults: New page: Lighting Build - Oct 20, 2014, 2:20:26 PM
[2014.10.21-00.20.31:533][464]LogStaticLightingSystem:Warning: No importance volume found, so the scene bounding box was used.  You can optimize your scene's quality and lighting build times by adding importance volumes.
[2014.10.21-00.20.31:569][464]LogStaticLightingSystem: Running Lightmass w/ ImmediateImport mode ENABLED
[2014.10.21-00.20.31:569][464]LogStaticLightingSystem: Running Lightmass w/ ImmediateProcess mode ENABLED
[2014.10.21-00.20.31:569][464]LogStaticLightingSystem: Running Lightmass w/ Sorting mode ENABLED
[2014.10.21-00.20.31:569][464]LogStaticLightingSystem: Running Lightmass w/ Mapping paddings ENABLED
[2014.10.21-00.20.31:569][464]LogStaticLightingSystem: Running Lightmass w/ Mapping debug paddings DISABLED
[2014.10.21-00.20.31:649][464]LogEditorBuildUtils: Build time 0:00:05
[2014.10.21-00.20.37:478][595]Job is a success!
[2014.10.21-00.20.38:285][596]LogTexture:Display: Building textures: HQ_Lightmap0_1 (AutoDXT)
[2014.10.21-00.20.38:524][596]LogTexture:Display: Building textures: LQ_Lightmap_1_6 (DXT1)
[2014.10.21-00.20.38:533][596]LogTexture:Display: Building textures: HQ_Lightmap1_6 (AutoDXT)
[2014.10.21-00.20.38:543][596]LogTexture:Display: Building textures: LQ_Lightmap_0_5 (DXT1)
[2014.10.21-00.20.38:565][596]LogTexture:Display: Building textures: HQ_Lightmap0_5 (AutoDXT)
[2014.10.21-00.20.38:630][596]LogTexture:Display: Building textures: LQ_Lightmap_1_4 (DXT1)
[2014.10.21-00.20.38:692][596]LogTexture:Display: Building textures: HQ_Lightmap1_4 (AutoDXT)
[2014.10.21-00.20.38:923][596]LogTexture:Display: Building textures: LQ_Lightmap_0_3 (DXT1)
[2014.10.21-00.20.38:990][596]LogTexture:Display: Building textures: HQ_Lightmap0_3 (AutoDXT)
[2014.10.21-00.20.39:181][596]LogTexture:Display: Building textures: LQ_Lightmap_1_2 (DXT1)
[2014.10.21-00.20.39:300][596]LogTexture:Display: Building textures: HQ_Lightmap1_2 (AutoDXT)
[2014.10.21-00.20.39:694][596]LogTexture:Display: Building textures: LQ_Lightmap_0_1 (DXT1)
[2014.10.21-00.20.39:927][596]LogTexture:Display: Building textures: ShadowMapTexture2D_10 (BGRA8)
[2014.10.21-00.20.40:087][596]LogTexture:Display: Building textures: ShadowMapTexture2D_11 (BGRA8)
[2014.10.21-00.20.40:143][596]LogTexture:Display: Building textures: ShadowMapTexture2D_12 (BGRA8)
[2014.10.21-00.20.40:158][596]LogTexture:Display: Building textures: ShadowMapTexture2D_13 (BGRA8)
[2014.10.21-00.20.40:167][596]LogTexture:Display: Building textures: ShadowMapTexture2D_14 (BGRA8)
[2014.10.21-00.20.40:196][596]Lightmass on TRINGUYEN-PC: 8.17 sec total, 119 ms importing, 6 ms setup, 815 ms photons, 7.22 sec processing, 0 ms extra exporting [247/247 mappings]. Threads: 50.4 sec total, 26.4 sec processing.
[2014.10.21-00.20.40:210][596]LogStaticLightingSystem:Warning: Illumination: 13.2 sec (2.33 sec encoding lightmaps)
[2014.10.21-00.20.40:210][596]LogStaticLightingSystem: Lightmap texture memory:  5.7 MB (4.3 MB streaming, 1.3 MB non-streaming), 12 textures
[2014.10.21-00.20.40:210][596]LogStaticLightingSystem: Shadowmap texture memory: 0.0 MB (0.0 MB streaming, 0.0 MB non-streaming), 15 textures
[2014.10.21-00.20.40:530][597]Cmd: MAP CHECK NOTIFYRESULTS
[2014.10.21-00.20.40:531][597]MapCheck: New page: Example_Map - Oct 20, 2014, 2:20:40 PM
[2014.10.21-00.20.40:627][597]MapCheck: Info Map check complete: 0 Error(s), 0 Warning(s), took 96.383ms to complete.
[2014.10.21-00.20.41:674][618]LogTexture:Warning: Failed to stream mip data from the derived data cache for /Game/Maps/Example_Map.HQ_Lightmap0_4. Streaming mips will be recached.
[2014.10.21-00.20.41:732][618]LogTexture:Display: Building textures: HQ_Lightmap0_4 (AutoDXT)
[2014.10.21-00.20.44:543][672]LogTexture:Warning: Failed to stream mip data from the derived data cache for /Game/Maps/Example_Map.HQ_Lightmap0_2. Streaming mips will be recached.
[2014.10.21-00.20.44:598][672]LogTexture:Display: Building textures: HQ_Lightmap0_2 (AutoDXT)
[2014.10.21-00.20.48:204][743]LogTexture:Warning: Failed to stream mip data from the derived data cache for /Game/Maps/Example_Map.HQ_Lightmap1_3. Streaming mips will be recached.
[2014.10.21-00.20.48:258][743]LogTexture:Display: Building textures: HQ_Lightmap1_3 (AutoDXT)
[2014.10.21-00.20.52:836][843]LogUObjectHash:Warning: Ambiguous search, could be Model /Game/Maps/Example_Map.Example_Map:PersistentLevel.Floor_8.Model_6 or Model /Game/Maps/Example_Map.Example_Map:PersistentLevel.Floor_7.Model_6
[2014.10.21-00.20.52:836][843]LogUObjectHash:Warning: Ambiguous search, could be Model /Game/Maps/Example_Map.Example_Map:PersistentLevel.Floor_8.Model_6 or Model /Game/Maps/Example_Map.Example_Map:PersistentLevel.Floor_6.Model_6
[2014.10.21-00.20.52:837][843]LogUObjectHash:Warning: Ambiguous search, could be Model /Game/Maps/Example_Map.Example_Map:PersistentLevel.Floor_8.Model_6 or Model /Game/Maps/Example_Map.Example_Map:PersistentLevel.Floor_5.Model_6
[2014.10.21-00.20.52:837][843]LogUObjectHash:Warning: Ambiguous search, could be Model /Game/Maps/Example_Map.Example_Map:PersistentLevel.Floor_8.Model_6 or Model /Game/Maps/Example_Map.Example_Map:PersistentLevel.Floor_4.Model_6
[2014.10.21-00.20.52:837][843]LogUObjectHash:Warning: Ambiguous search, could be Model /Game/Maps/Example_Map.Example_Map:PersistentLevel.Floor_8.Model_6 or Model /Game/Maps/Example_Map.Example_Map:PersistentLevel.Floor_3.Model_6
[2014.10.21-00.20.52:837][843]LogUObjectHash:Warning: Ambiguous search, could be Model /Game/Maps/Example_Map.Example_Map:PersistentLevel.Floor_8.Model_6 or Model /Game/Maps/Example_Map.Example_Map:PersistentLevel.Floor_2.Model_6
[2014.10.21-00.20.52:837][843]LogUObjectHash:Warning: Ambiguous search, could be Model /Game/Maps/Example_Map.Example_Map:PersistentLevel.Floor_8.Model_6 or Model /Game/Maps/Example_Map.Example_Map:PersistentLevel.Floor.Model_6
[2014.10.21-00.21.23:357][523]LogTexture:Warning: Failed to stream mip data from the derived data cache for /Game/Maps/Example_Map.HQ_Lightmap1_5. Streaming mips will be recached.
[2014.10.21-00.21.23:394][523]LogTexture:Display: Building textures: HQ_Lightmap1_5 (AutoDXT)
[2014.10.21-00.21.40:012][877]Cmd: DELETE
[2014.10.21-00.21.40:012][877]Cmd: ACTOR DELETE
[2014.10.21-00.21.40:017][877]LogEditorActor: Deleted Actor: Brush
[2014.10.21-00.21.40:175][877]LogEditorActor: Deleted 1 Actors (0.160 secs)
[2014.10.21-00.21.44:667][979]LogUObjectHash:Warning: Ambiguous search, could be Model /Game/Maps/Example_Map.Example_Map:PersistentLevel.Floor_9.Model_6 or Model /Game/Maps/Example_Map.Example_Map:PersistentLevel.Floor_8.Model_6
[2014.10.21-00.21.44:667][979]LogUObjectHash:Warning: Ambiguous search, could be Model /Game/Maps/Example_Map.Example_Map:PersistentLevel.Floor_9.Model_6 or Model /Game/Maps/Example_Map.Example_Map:PersistentLevel.Floor_7.Model_6
[2014.10.21-00.21.44:667][979]LogUObjectHash:Warning: Ambiguous search, could be Model /Game/Maps/Example_Map.Example_Map:PersistentLevel.Floor_9.Model_6 or Model /Game/Maps/Example_Map.Example_Map:PersistentLevel.Floor_6.Model_6
[2014.10.21-00.21.44:667][979]LogUObjectHash:Warning: Ambiguous search, could be Model /Game/Maps/Example_Map.Example_Map:PersistentLevel.Floor_9.Model_6 or Model /Game/Maps/Example_Map.Example_Map:PersistentLevel.Floor_5.Model_6
[2014.10.21-00.21.44:667][979]LogUObjectHash:Warning: Ambiguous search, could be Model /Game/Maps/Example_Map.Example_Map:PersistentLevel.Floor_9.Model_6 or Model /Game/Maps/Example_Map.Example_Map:PersistentLevel.Floor_4.Model_6
[2014.10.21-00.21.44:667][979]LogUObjectHash:Warning: Ambiguous search, could be Model /Game/Maps/Example_Map.Example_Map:PersistentLevel.Floor_9.Model_6 or Model /Game/Maps/Example_Map.Example_Map:PersistentLevel.Floor_3.Model_6
[2014.10.21-00.21.44:667][979]LogUObjectHash:Warning: Ambiguous search, could be Model /Game/Maps/Example_Map.Example_Map:PersistentLevel.Floor_9.Model_6 or Model /Game/Maps/Example_Map.Example_Map:PersistentLevel.Floor_2.Model_6
[2014.10.21-00.21.44:667][979]LogUObjectHash:Warning: Ambiguous search, could be Model /Game/Maps/Example_Map.Example_Map:PersistentLevel.Floor_9.Model_6 or Model /Game/Maps/Example_Map.Example_Map:PersistentLevel.Floor.Model_6
[2014.10.21-00.22.15:394][677]MapCheck: New page: Map Check
[2014.10.21-00.22.15:432][677]Cmd: MAP REBUILD ALLVISIBLE
[2014.10.21-00.22.15:451][677]LogEditorServer: Rebuildmap Clear paths rebuilt
[2014.10.21-00.22.15:920][677]LightingResults: New page: Lighting Build - Oct 20, 2014, 2:22:15 PM
[2014.10.21-00.22.20:541][677]LogStaticLightingSystem:Warning: No importance volume found, so the scene bounding box was used.  You can optimize your scene's quality and lighting build times by adding importance volumes.
[2014.10.21-00.22.20:582][677]LogStaticLightingSystem: Running Lightmass w/ ImmediateImport mode ENABLED
[2014.10.21-00.22.20:582][677]LogStaticLightingSystem: Running Lightmass w/ ImmediateProcess mode ENABLED
[2014.10.21-00.22.20:582][677]LogStaticLightingSystem: Running Lightmass w/ Sorting mode ENABLED
[2014.10.21-00.22.20:582][677]LogStaticLightingSystem: Running Lightmass w/ Mapping paddings ENABLED
[2014.10.21-00.22.20:582][677]LogStaticLightingSystem: Running Lightmass w/ Mapping debug paddings DISABLED
[2014.10.21-00.22.20:687][677]LogEditorBuildUtils: Build time 0:00:05
[2014.10.21-00.22.26:533][808]Job is a success!
[2014.10.21-00.22.27:273][809]LogTexture:Display: Building textures: HQ_Lightmap0_1 (AutoDXT)
[2014.10.21-00.22.27:517][809]LogTexture:Display: Building textures: LQ_Lightmap_0_7 (DXT1)
[2014.10.21-00.22.27:524][809]LogTexture:Display: Building textures: HQ_Lightmap0_7 (AutoDXT)
[2014.10.21-00.22.27:534][809]LogTexture:Display: Building textures: LQ_Lightmap_0_6 (DXT1)
[2014.10.21-00.22.27:564][809]LogTexture:Display: Building textures: HQ_Lightmap0_6 (AutoDXT)
[2014.10.21-00.22.27:680][809]LogTexture:Display: Building textures: LQ_Lightmap_1_5 (DXT1)
[2014.10.21-00.22.27:702][809]LogTexture:Display: Building textures: HQ_Lightmap1_5 (AutoDXT)
[2014.10.21-00.22.27:799][809]LogTexture:Display: Building textures: LQ_Lightmap_0_4 (DXT1)
[2014.10.21-00.22.27:825][809]LogTexture:Display: Building textures: HQ_Lightmap0_4 (AutoDXT)
[2014.10.21-00.22.27:907][809]LogTexture:Display: Building textures: LQ_Lightmap_1_3 (DXT1)
[2014.10.21-00.22.27:931][809]LogTexture:Display: Building textures: HQ_Lightmap1_3 (AutoDXT)
[2014.10.21-00.22.28:054][809]LogTexture:Display: Building textures: LQ_Lightmap_0_2 (DXT1)
[2014.10.21-00.22.28:170][809]LogTexture:Display: Building textures: HQ_Lightmap0_2 (AutoDXT)
[2014.10.21-00.22.28:557][809]LogTexture:Display: Building textures: LQ_Lightmap_0_1 (DXT1)
[2014.10.21-00.22.28:803][809]LogTexture:Display: Building textures: ShadowMapTexture2D_15 (BGRA8)
[2014.10.21-00.22.28:962][809]LogTexture:Display: Building textures: ShadowMapTexture2D_16 (BGRA8)
[2014.10.21-00.22.28:992][809]LogTexture:Display: Building textures: ShadowMapTexture2D_17 (BGRA8)
[2014.10.21-00.22.29:022][809]Lightmass on TRINGUYEN-PC: 7.94 sec total, 121 ms importing, 7 ms setup, 722 ms photons, 7.08 sec processing, 0 ms extra exporting [253/253 mappings]. Threads: 49.4 sec total, 27.0 sec processing.
[2014.10.21-00.22.29:040][809]LogStaticLightingSystem:Warning: Illumination: 13.0 sec (2.07 sec encoding lightmaps)
[2014.10.21-00.22.29:040][809]LogStaticLightingSystem: Lightmap texture memory:  4.0 MB (2.7 MB streaming, 1.3 MB non-streaming), 14 textures
[2014.10.21-00.22.29:040][809]LogStaticLightingSystem: Shadowmap texture memory: 0.0 MB (0.0 MB streaming, 0.0 MB non-streaming), 18 textures
[2014.10.21-00.22.39:547][810]Cmd: MAP CHECK NOTIFYRESULTS
[2014.10.21-00.22.39:548][810]MapCheck: New page: Example_Map - Oct 20, 2014, 2:22:39 PM
[2014.10.21-00.22.39:742][810]MapCheck: Info Map check complete: 0 Error(s), 0 Warning(s), took 193.916ms to complete.
[2014.10.21-00.26.33:034][528]LogTexture:Warning: Failed to stream mip data from the derived data cache for /Game/Maps/Example_Map.HQ_Lightmap0_3. Streaming mips will be recached.
[2014.10.21-00.26.33:083][528]LogTexture:Display: Building textures: HQ_Lightmap0_3 (AutoDXT)
[2014.10.21-00.26.33:305][528]LogTexture:Warning: Failed to stream mip data from the derived data cache for /Game/Maps/Example_Map.HQ_Lightmap1_4. Streaming mips will be recached.
[2014.10.21-00.26.33:307][528]LogTexture:Display: Building textures: HQ_Lightmap1_4 (AutoDXT)
[2014.10.21-00.26.33:532][528]LogTexture:Warning: Failed to stream mip data from the derived data cache for /Game/Maps/Example_Map.HQ_Lightmap0_5. Streaming mips will be recached.
[2014.10.21-00.26.33:533][528]LogTexture:Display: Building textures: HQ_Lightmap0_5 (AutoDXT)
[2014.10.21-00.28.46:746][956]LogSavePackage: Save=495.786774ms
[2014.10.21-00.28.46:746][956]LogSavePackage: Moving '../../../../../../Users/Tri Nguyen/Documents/Unreal Projects/MyProject/Saved/Example_Map5AF401694F07C900672024AB34146A14.tmp' to '../../../../../../Users/Tri Nguyen/Documents/Unreal Projects/MyProject/Content/Maps/Example_Map.umap'
[2014.10.21-00.28.46:776][956]LogFileHelpers: Saving map 'Example_Map' took 0.755
[2014.10.21-00.28.48:902][992]Cmd: QUIT_EDITOR
[2014.10.21-00.28.49:260][992]LogExit: Preparing to exit.
[2014.10.21-00.28.49:854][992]LogExit: Editor shut down
[2014.10.21-00.28.49:854][992]LogExit: Transaction tracking system shut down
[2014.10.21-00.28.49:856][992]LogParticles: Destroying 0 GPU particle simulations for FXSystem 0x0000000015989260
[2014.10.21-00.28.49:894][992]LogParticles: Destroying 0 GPU particle simulations for FXSystem 0x0000000014FF34C0
[2014.10.21-00.28.49:894][992]LogParticles: Destroying 0 GPU particle simulations for FXSystem 0x0000000015D62200
[2014.10.21-00.28.49:894][992]LogParticles: Destroying 0 GPU particle simulations for FXSystem 0x0000000015CE1620
[2014.10.21-00.28.49:894][992]LogExit: Object subsystem successfully closed.
[2014.10.21-00.28.49:940][992]LogModuleManager: Shutting down and abandoning module AndroidDeviceDetection (166)
[2014.10.21-00.28.49:940][992]LogModuleManager: Shutting down and abandoning module CrashTracker (165)
[2014.10.21-00.28.49:940][992]LogModuleManager: Shutting down and abandoning module SuperSearch (164)
[2014.10.21-00.28.49:940][992]LogModuleManager: Shutting down and abandoning module SceneOutliner (163)
[2014.10.21-00.28.49:940][992]LogModuleManager: Shutting down and abandoning module EditorWidgets (162)
[2014.10.21-00.28.49:940][992]LogModuleManager: Shutting down and abandoning module CollectionManager (161)
[2014.10.21-00.28.49:940][992]LogModuleManager: Shutting down and abandoning module StatsViewer (160)
[2014.10.21-00.28.49:940][992]LogModuleManager: Shutting down and abandoning module FoliageEdit (159)
[2014.10.21-00.28.49:940][992]LogModuleManager: Shutting down and abandoning module LandscapeEditor (158)
[2014.10.21-00.28.49:941][992]LogModuleManager: Shutting down and abandoning module MeshPaint (157)
[2014.10.21-00.28.49:941][992]LogModuleManager: Shutting down and abandoning module ActorPickerMode (156)
[2014.10.21-00.28.49:941][992]LogModuleManager: Shutting down and abandoning module GeometryMode (155)
[2014.10.21-00.28.49:941][992]LogModuleManager: Shutting down and abandoning module TextureAlignMode (154)
[2014.10.21-00.28.49:941][992]LogModuleManager: Shutting down and abandoning module BspMode (153)
[2014.10.21-00.28.49:941][992]LogModuleManager: Shutting down and abandoning module PlacementMode (152)
[2014.10.21-00.28.49:941][992]LogModuleManager: Shutting down and abandoning module AutomationWorker (151)
[2014.10.21-00.28.49:941][992]LogModuleManager: Shutting down and abandoning module CharacterAI (150)
[2014.10.21-00.28.49:941][992]LogModuleManager: Shutting down and abandoning module GameProjectGeneration (149)
[2014.10.21-00.28.49:941][992]LogModuleManager: Shutting down and abandoning module IntroTutorials (148)
[2014.10.21-00.28.49:941][992]LogModuleManager: Shutting down and abandoning module EditorLiveStreaming (147)
[2014.10.21-00.28.49:941][992]LogModuleManager: Shutting down and abandoning module HardwareTargeting (146)
[2014.10.21-00.28.49:941][992]LogModuleManager: Shutting down and abandoning module BehaviorTreeEditor (145)
[2014.10.21-00.28.49:941][992]LogModuleManager: Shutting down and abandoning module DeviceProfileEditor (144)
[2014.10.21-00.28.49:941][992]LogModuleManager: Shutting down and abandoning module UndoHistory (143)
[2014.10.21-00.28.49:941][992]LogModuleManager: Shutting down and abandoning module GameplayTagsEditor (142)
[2014.10.21-00.28.49:941][992]LogModuleManager: Shutting down and abandoning module UserFeedback (141)
[2014.10.21-00.28.49:941][992]LogModuleManager: Shutting down and abandoning module XmlParser (140)
[2014.10.21-00.28.49:941][992]LogModuleManager: Shutting down and abandoning module Blutility (139)
[2014.10.21-00.28.49:941][992]LogModuleManager: Shutting down and abandoning module IOSPlatformEditor (138)
[2014.10.21-00.28.49:941][992]LogModuleManager: Shutting down and abandoning module IOSRuntimeSettings (137)
[2014.10.21-00.28.49:941][992]LogModuleManager: Shutting down and abandoning module AndroidPlatformEditor (136)
[2014.10.21-00.28.49:941][992]LogModuleManager: Shutting down and abandoning module AndroidRuntimeSettings (135)
[2014.10.21-00.28.49:941][992]LogModuleManager: Shutting down and abandoning module ProjectTargetPlatformEditor (134)
[2014.10.21-00.28.49:941][992]LogModuleManager: Shutting down and abandoning module ProjectSettingsViewer (133)
[2014.10.21-00.28.49:941][992]LogModuleManager: Shutting down and abandoning module InputBindingEditor (132)
[2014.10.21-00.28.49:941][992]LogModuleManager: Shutting down and abandoning module EditorSettingsViewer (131)
[2014.10.21-00.28.49:941][992]LogModuleManager: Shutting down and abandoning module SettingsEditor (130)
[2014.10.21-00.28.49:941][992]LogModuleManager: Shutting down and abandoning module ProjectLauncher (129)
[2014.10.21-00.28.49:941][992]LogModuleManager: Shutting down and abandoning module SessionFrontend (128)
[2014.10.21-00.28.49:941][992]LogModuleManager: Shutting down and abandoning module ProfilerClient (127)
[2014.10.21-00.28.49:941][992]LogModuleManager: Shutting down and abandoning module TargetDeviceServices (126)
[2014.10.21-00.28.49:941][992]LogModuleManager: Shutting down and abandoning module DeviceManager (125)
[2014.10.21-00.28.49:942][992]LogModuleManager: Shutting down and abandoning module AutomationController (124)
[2014.10.21-00.28.49:942][992]LogModuleManager: Shutting down and abandoning module AutomationWindow (123)
[2014.10.21-00.28.49:942][992]LogModuleManager: Shutting down and abandoning module Layers (122)
[2014.10.21-00.28.49:942][992]LogModuleManager: Shutting down and abandoning module ComponentVisualizers (121)
[2014.10.21-00.28.49:942][992]LogModuleManager: Shutting down and abandoning module DetailCustomizations (120)
[2014.10.21-00.28.49:942][992]LogModuleManager: Shutting down and abandoning module PackagesDialog (119)
[2014.10.21-00.28.49:942][992]LogModuleManager: Shutting down and abandoning module AssetRegistry (118)
[2014.10.21-00.28.49:968][992]LogModuleManager: Shutting down and abandoning module Persona (117)
[2014.10.21-00.28.49:968][992]LogModuleManager: Shutting down and abandoning module Kismet (116)
[2014.10.21-00.28.49:968][992]LogModuleManager: Shutting down and abandoning module GraphEditor (115)
[2014.10.21-00.28.49:968][992]LogModuleManager: Shutting down and abandoning module ClassViewer (114)
[2014.10.21-00.28.49:968][992]LogModuleManager: Shutting down and abandoning module Toolbox (113)
[2014.10.21-00.28.49:968][992]LogModuleManager: Shutting down and abandoning module ModuleUI (112)
[2014.10.21-00.28.49:968][992]LogModuleManager: Shutting down and abandoning module MovieSceneTools (111)
[2014.10.21-00.28.49:968][992]LogModuleManager: Shutting down and abandoning module OutputLog (110)
[2014.10.21-00.28.49:968][992]LogModuleManager: Shutting down and abandoning module GammaUI (109)
[2014.10.21-00.28.49:968][992]LogModuleManager: Shutting down and abandoning module Documentation (108)
[2014.10.21-00.28.49:968][992]LogModuleManager: Shutting down and abandoning module GameLiveStreaming (107)
[2014.10.21-00.28.49:968][992]LogModuleManager: Shutting down and abandoning module StreamingPauseRendering (106)
[2014.10.21-00.28.49:968][992]LogModuleManager: Shutting down and abandoning module HTTP (105)
[2014.10.21-00.28.49:968][992]LogModuleManager: Shutting down and abandoning module AnalyticsET (104)
[2014.10.21-00.28.49:968][992]LogModuleManager: Shutting down and abandoning module Analytics (103)
[2014.10.21-00.28.49:968][992]LogModuleManager: Shutting down and abandoning module GameplayDebugger (102)
[2014.10.21-00.28.49:968][992]LogModuleManager: Shutting down and abandoning module AIModule (101)
[2014.10.21-00.28.49:968][992]LogModuleManager: Shutting down and abandoning module ProfilerService (100)
[2014.10.21-00.28.49:982][992]LogModuleManager: Shutting down and abandoning module TaskGraph (99)
[2014.10.21-00.28.49:982][992]LogModuleManager: Shutting down and abandoning module SlateRemote (98)
[2014.10.21-00.28.49:982][992]LogModuleManager: Shutting down and abandoning module ScriptEditorPlugin (97)
[2014.10.21-00.28.49:982][992]LogModuleManager: Shutting down and abandoning module CustomMeshComponent (96)
[2014.10.21-00.28.49:982][992]LogModuleManager: Shutting down and abandoning module CableComponent (95)
[2014.10.21-00.28.49:982][992]LogModuleManager: Shutting down and abandoning module MessagingDebugger (94)
[2014.10.21-00.28.49:982][992]LogModuleManager: Shutting down and abandoning module MediaPlayerEditor (93)
[2014.10.21-00.28.49:982][992]LogModuleManager: Shutting down and abandoning module SpeedTreeImporter (92)
[2014.10.21-00.28.49:982][992]LogModuleManager: Shutting down and abandoning module PluginsEditor (91)
[2014.10.21-00.28.49:982][992]LogModuleManager: Shutting down and abandoning module EpicSurvey (90)
[2014.10.21-00.28.49:982][992]LogModuleManager: Shutting down and abandoning module DesktopPlatform (89)
[2014.10.21-00.28.49:982][992]LogModuleManager: Shutting down and abandoning module VisualStudioSourceCodeAccess (88)
[2014.10.21-00.28.49:982][992]LogModuleManager: Shutting down and abandoning module UObjectPlugin (87)
[2014.10.21-00.28.49:982][992]LogModuleManager: Shutting down and abandoning module SubversionSourceControl (86)
[2014.10.21-00.28.49:982][992]LogModuleManager: Shutting down and abandoning module SourceControl (85)
[2014.10.21-00.28.49:982][992]LogModuleManager: Shutting down and abandoning module PerforceSourceControl (84)
[2014.10.21-00.28.49:982][992]LogModuleManager: Shutting down and abandoning module BlankPlugin (83)
[2014.10.21-00.28.49:982][992]LogModuleManager: Shutting down and abandoning module SlateReflector (82)
[2014.10.21-00.28.49:982][992]LogModuleManager: Shutting down and abandoning module DirectoryWatcher (81)
[2014.10.21-00.28.49:982][992]LogModuleManager: Shutting down and abandoning module HotReload (80)
[2014.10.21-00.28.49:982][992]LogModuleManager: Shutting down and abandoning module MainFrame (79)
[2014.10.21-00.28.49:982][992]LogModuleManager: Shutting down and abandoning module LevelEditor (78)
[2014.10.21-00.28.49:983][992]LogModuleManager: Shutting down and abandoning module ViewportSnapping (77)
[2014.10.21-00.28.49:983][992]LogModuleManager: Shutting down and abandoning module SmartSnapping (76)
[2014.10.21-00.28.49:983][992]LogModuleManager: Shutting down and abandoning module PaperTiledImporter (75)
[2014.10.21-00.28.49:983][992]LogModuleManager: Shutting down and abandoning module PaperJsonImporter (74)
[2014.10.21-00.28.49:983][992]LogModuleManager: Shutting down and abandoning module ContentBrowser (73)
[2014.10.21-00.28.49:983][992]LogModuleManager: Shutting down and abandoning module PropertyEditor (72)
[2014.10.21-00.28.49:983][992]LogModuleManager: Shutting down and abandoning module Paper2DEditor (71)
[2014.10.21-00.28.49:983][992]LogModuleManager: Shutting down and abandoning module ScriptPlugin (70)
[2014.10.21-00.28.49:983][992]LogModuleManager: Shutting down and abandoning module UdpMessaging (69)
[2014.10.21-00.28.50:083][992]LogModuleManager: Shutting down and abandoning module Paper2D (68)
[2014.10.21-00.28.50:083][992]LogModuleManager: Shutting down and abandoning module WindowsMoviePlayer (67)
[2014.10.21-00.28.50:089][992]LogModuleManager: Shutting down and abandoning module Media (66)
[2014.10.21-00.28.50:089][992]LogModuleManager: Shutting down and abandoning module WmfMedia (65)
[2014.10.21-00.28.50:089][992]LogModuleManager: Shutting down and abandoning module OnlineBlueprintSupport (64)
[2014.10.21-00.28.50:089][992]LogModuleManager: Shutting down and abandoning module FunctionalTesting (63)
[2014.10.21-00.28.50:089][992]LogModuleManager: Shutting down and abandoning module CollisionAnalyzer (62)
[2014.10.21-00.28.50:089][992]LogModuleManager: Shutting down and abandoning module WorkspaceMenuStructure (61)
[2014.10.21-00.28.50:090][992]LogModuleManager: Shutting down and abandoning module MessageLog (60)
[2014.10.21-00.28.50:090][992]LogModuleManager: Shutting down and abandoning module Sequencer (59)
[2014.10.21-00.28.50:090][992]LogModuleManager: Shutting down and abandoning module AssetTools (58)
[2014.10.21-00.28.50:090][992]LogModuleManager: Shutting down and abandoning module UMGEditor (57)
[2014.10.21-00.28.50:090][992]LogModuleManager: Shutting down and abandoning module UMG (56)
[2014.10.21-00.28.50:090][992]LogModuleManager: Shutting down and abandoning module Slate (55)
[2014.10.21-00.28.50:090][992]LogModuleManager: Shutting down and abandoning module EditorStyle (54)
[2014.10.21-00.28.50:093][992]LogModuleManager: Shutting down and abandoning module SessionServices (53)
[2014.10.21-00.28.50:093][992]LogModuleManager: Shutting down and abandoning module SourceCodeAccess (52)
[2014.10.21-00.28.50:093][992]LogModuleManager: Shutting down and abandoning module HeadMountedDisplay (51)
[2014.10.21-00.28.50:093][992]LogModuleManager: Shutting down and abandoning module XAudio2 (50)
[2014.10.21-00.28.50:093][992]LogModuleManager: Shutting down and abandoning module Networking (48)
[2014.10.21-00.28.50:093][992]LogModuleManager: Shutting down and abandoning module Core (47)
[2014.10.21-00.28.50:094][992]LogModuleManager: Shutting down and abandoning module KismetCompiler (46)
[2014.10.21-00.28.50:094][992]LogModuleManager: Shutting down and abandoning module PhysXFormats (45)
[2014.10.21-00.28.50:094][992]LogModuleManager: Shutting down and abandoning module MeshUtilities (44)
[2014.10.21-00.28.50:094][992]LogModuleManager: Shutting down and abandoning module DerivedDataCache (43)
[2014.10.21-00.28.50:128][992]LogDerivedDataCache: Shutdown
[2014.10.21-00.28.50:128][992]LogModuleManager: Shutting down and abandoning module ShaderFormatOpenGL (42)
[2014.10.21-00.28.50:128][992]LogModuleManager: Shutting down and abandoning module ShaderFormatD3D (41)
[2014.10.21-00.28.50:128][992]LogModuleManager: Shutting down and abandoning module MetalShaderFormat (40)
[2014.10.21-00.28.50:128][992]LogModuleManager: Shutting down and abandoning module TextureFormatUncompressed (39)
[2014.10.21-00.28.50:128][992]LogModuleManager: Shutting down and abandoning module TextureFormatPVR (38)
[2014.10.21-00.28.50:128][992]LogModuleManager: Shutting down and abandoning module TextureFormatDXT (37)
[2014.10.21-00.28.50:128][992]LogModuleManager: Shutting down and abandoning module TextureFormatAndroid (36)
[2014.10.21-00.28.50:128][992]LogModuleManager: Shutting down and abandoning module AudioFormatOpus (35)
[2014.10.21-00.28.50:128][992]LogModuleManager: Shutting down and abandoning module AudioFormatOgg (34)
[2014.10.21-00.28.50:128][992]LogModuleManager: Shutting down and abandoning module AudioFormatADPCM (33)
[2014.10.21-00.28.50:128][992]LogModuleManager: Shutting down and abandoning module Messaging (32)
[2014.10.21-00.28.50:128][992]LogModuleManager: Shutting down and abandoning module IOSTargetPlatform (31)
[2014.10.21-00.28.50:128][992]LogModuleManager: Shutting down and abandoning module Android_PVRTCTargetPlatform (30)
[2014.10.21-00.28.50:128][992]LogModuleManager: Shutting down and abandoning module Android_ETC2TargetPlatform (29)
[2014.10.21-00.28.50:128][992]LogModuleManager: Shutting down and abandoning module Android_ETC1TargetPlatform (28)
[2014.10.21-00.28.50:128][992]LogModuleManager: Shutting down and abandoning module Android_DXTTargetPlatform (27)
[2014.10.21-00.28.50:128][992]LogModuleManager: Shutting down and abandoning module Android_ATCTargetPlatform (26)
[2014.10.21-00.28.50:128][992]LogModuleManager: Shutting down and abandoning module AndroidTargetPlatform (25)
[2014.10.21-00.28.50:128][992]LogModuleManager: Shutting down and abandoning module WindowsTargetPlatform (24)
[2014.10.21-00.28.50:128][992]LogModuleManager: Shutting down and abandoning module WindowsServerTargetPlatform (23)
[2014.10.21-00.28.50:128][992]LogModuleManager: Shutting down and abandoning module WindowsNoEditorTargetPlatform (22)
[2014.10.21-00.28.50:128][992]LogModuleManager: Shutting down and abandoning module WindowsClientTargetPlatform (21)
[2014.10.21-00.28.50:128][992]LogModuleManager: Shutting down and abandoning module TargetPlatform (20)
[2014.10.21-00.28.50:128][992]LogModuleManager: Shutting down and abandoning module InputCore (19)
[2014.10.21-00.28.50:129][992]LogModuleManager: Shutting down and abandoning module Settings (18)
[2014.10.21-00.28.50:129][992]LogModuleManager: Shutting down and abandoning module ImageWrapper (17)
[2014.10.21-00.28.50:129][992]LogModuleManager: Shutting down and abandoning module OculusRift (14)
[2014.10.21-00.28.50:129][992]LogModuleManager: Shutting down and abandoning module ExampleDeviceProfileSelector (13)
[2014.10.21-00.28.50:129][992]LogModuleManager: Shutting down and abandoning module TextureCompressor (12)
[2014.10.21-00.28.50:129][992]LogModuleManager: Shutting down and abandoning module ShaderCore (11)
[2014.10.21-00.28.50:129][992]LogModuleManager: Shutting down and abandoning module SlateRHIRenderer (10)
[2014.10.21-00.28.50:130][992]LogModuleManager: Shutting down and abandoning module OpenGLDrv (9)
[2014.10.21-00.28.50:130][992]LogModuleManager: Shutting down and abandoning module D3D11RHI (8)
[2014.10.21-00.28.50:130][992]LogModuleManager: Shutting down and abandoning module Renderer (7)
[2014.10.21-00.28.50:130][992]LogModuleManager: Shutting down and abandoning module Engine (6)
[2014.10.21-00.28.50:130][992]LogModuleManager: Shutting down and abandoning module CoreUObject (5)
[2014.10.21-00.28.50:130][992]LogModuleManager: Shutting down and abandoning module NetworkFile (4)
[2014.10.21-00.28.50:130][992]LogModuleManager: Shutting down and abandoning module StreamingFile (3)
[2014.10.21-00.28.50:130][992]LogModuleManager: Shutting down and abandoning module SandboxFile (2)
[2014.10.21-00.28.50:130][992]LogModuleManager: Shutting down and abandoning module PakFile (1)
[2014.10.21-00.28.50:131][992]LogExit: Exiting.
[2014.10.21-00.28.50:141][992]Log file closed, 10/20/14 19:28:50
