Log file open, 10/20/14 14:04:03
LogInit:Display: Running engine for game: MyProject
LogInit: Version: 4.5.0-2326478+++depot+UE4-Releases+4.5
LogInit: API Version: 2326478
LogInit: Compiled (64-bit): Oct 11 2014 09:24:31
LogInit: Compiled with Visual C++: 18.00.21005.01
LogInit: Build Configuration: Development
LogInit: Branch Name: ++depot+UE4-Releases+4.5
LogInit: Command line: 
LogInit: Base directory: C:/Program Files/Unreal Engine/4.5/Engine/Binaries/Win64/
LogInit: Rocket: 1
[2014.10.20-19.04.03:056][  0]LogTaskGraph: Started task graph with 3 named threads and 4 total threads.
[2014.10.20-19.04.03:096][  0]LogOnline:Warning: No default platform service specified for OnlineSubsystem
[2014.10.20-19.04.03:129][  0]LogInit: Presizing for 0 objects not considered by GC, pre-allocating 0 bytes.
[2014.10.20-19.04.03:139][  0]LogInit: Object subsystem initialized
[2014.10.20-19.04.03:142][  0]LogConsoleResponse:Warning: Skipping Unknown console variable: 'UIScaleRule = ShortestSide'
[2014.10.20-19.04.03:142][  0]LogConsoleResponse:Warning:   Found in ini file 'C:/Users/Tri Nguyen/Documents/Unreal Projects/MyProject/Saved/Config/Windows/Engine.ini', in section '[/Script/Engine.RendererSettings]'
[2014.10.20-19.04.03:142][  0]LogConsoleResponse:Warning: Skipping Unknown console variable: 'UIScaleCurve = (EditorCurveData=(Keys=((Time=480.000000,Value=0.444000),(Time=720.000000,Value=0.666000),(Time=1080.000000,Value=1.000000),(Time=8640.000000,Value=8.000000))),ExternalCurve=None)'
[2014.10.20-19.04.03:142][  0]LogConsoleResponse:Warning:   Found in ini file 'C:/Users/Tri Nguyen/Documents/Unreal Projects/MyProject/Saved/Config/Windows/Engine.ini', in section '[/Script/Engine.RendererSettings]'
[2014.10.20-19.04.03:143][  0]LogInit: Selected Device Profile: [Windows]
[2014.10.20-19.04.03:143][  0]LogInit: Applying CVar settings loaded from the selected device profile: [Windows]
[2014.10.20-19.04.03:154][  0]LogInit: Computer: TRINGUYEN-PC
[2014.10.20-19.04.03:154][  0]LogInit: User: TriNguyen
[2014.10.20-19.04.03:154][  0]LogInit: CPU Page size=4096, Cores=4
[2014.10.20-19.04.03:154][  0]LogInit: High frequency timer resolution =2.143603 MHz
[2014.10.20-19.04.03:154][  0]LogMemory: Memory total: Physical=15.9GB (16GB approx) Virtual=8192.0GB
[2014.10.20-19.04.03:155][  0]LogMemory: Platform Memory Stats for Windows
[2014.10.20-19.04.03:155][  0]LogMemory: Process Physical Memory: 66.90 MB used, 66.90 MB peak
[2014.10.20-19.04.03:155][  0]LogMemory: Process Virtual Memory: 43.51 MB used, 43.51 MB peak
[2014.10.20-19.04.03:155][  0]LogMemory: Physical Memory: 2943.50 MB used, 16266.36 MB total
[2014.10.20-19.04.03:155][  0]LogMemory: Virtual Memory: 278.62 MB used, 8388608.00 MB total
[2014.10.20-19.04.03:201][  0]LogD3D11RHI: Found D3D11 adapter 0: Intel(R) HD Graphics 4000 (Feature Level 11_0)
[2014.10.20-19.04.03:201][  0]LogD3D11RHI: Adapter has 64MB of dedicated video memory, 0MB of dedicated system memory, and 1632MB of shared system memory, 1 output[s]
[2014.10.20-19.04.03:201][  0]LogD3D11RHI: Chosen D3D11 Adapter Id = 0
[2014.10.20-19.04.03:206][  0]LogRHI: Texture pool is 616 MB (70% of 880 MB)
[2014.10.20-19.04.03:223][  0]LogD3D11RHI: Async texture creation enabled
[2014.10.20-19.04.03:286][  0]LogTextLocalizationManager: The requested culture ('en_US') has no localization data; parent culture's ('en') localization data will be used.
[2014.10.20-19.04.03:429][  0]LogContentStreaming: Texture pool size is 0.000000MB
[2014.10.20-19.04.08:506][  0]LogTargetPlatformManager:Display: Building Assets For Windows
[2014.10.20-19.04.08:907][  0]LogTargetPlatformManager:Display: Building Assets For Windows
[2014.10.20-19.04.08:960][  0]LogDerivedDataCache:Display: Max Cache Size: 512 MB
[2014.10.20-19.04.08:995][  0]LogDerivedDataCache: Loaded boot cache 0.04s 39MB C:/Users/Tri Nguyen/AppData/Local/UnrealEngine/4.5/DerivedDataCache/Boot.ddc.
[2014.10.20-19.04.08:995][  0]LogDerivedDataCache:Display: Loaded Boot cache: C:/Users/Tri Nguyen/AppData/Local/UnrealEngine/4.5/DerivedDataCache/Boot.ddc
[2014.10.20-19.04.08:996][  0]LogDerivedDataCache: FDerivedDataBackendGraph:  Pak pak cache file ../../../../../../Users/Tri Nguyen/Documents/Unreal Projects/MyProject/DerivedDataCache/DDC.ddp not found, will not use a pak cache.
[2014.10.20-19.04.08:996][  0]LogDerivedDataCache: Unable to find inner node Pak for hierarchical cache Hierarchy.
[2014.10.20-19.04.09:068][  0]LogDerivedDataCache:Display: Pak cache opened for reading ../../../Engine/DerivedDataCache/DDC.ddp.
[2014.10.20-19.04.09:079][  0]LogDerivedDataCache: Using Local data cache path C:/Users/Tri Nguyen/AppData/Local/UnrealEngine/Common/DerivedDataCache: Writable
[2014.10.20-19.04.09:252][  0]LogMeshUtilities: No automatic mesh reduction module available
[2014.10.20-19.04.09:252][  0]LogMeshUtilities: No automatic mesh merging module available
[2014.10.20-19.04.09:477][  0]LogLinker:Warning: Asset '../../../Engine/Content/Functions/Engine_MaterialFunctions02/Texturing/FlipBook.uasset' has been saved with empty engine version. The asset will be loaded but may be incompatible.
[2014.10.20-19.04.09:480][  0]LogLinker:Warning: Asset '../../../Engine/Content/Functions/Engine_MaterialFunctions02/ExampleContent/Textures/flipbook.uasset' has been saved with empty engine version. The asset will be loaded but may be incompatible.
[2014.10.20-19.04.09:652][  0]LogInit: WinSock: version 1.1 (2.2), MaxSocks=32767, MaxUdp=65467
[2014.10.20-19.04.10:389][  0]UdpMessaging: Initializing bridge on interface 0.0.0.0:0 to multicast group 230.0.0.1:6666.
[2014.10.20-19.04.10:575][  0]LogDirectoryWatcher:Warning: Failed to begin reading directory changes for C:/Users/Tri Nguyen/Documents/Unreal Projects/MyProject/Binaries/Win64. Error: 0
[2014.10.20-19.04.10:707][  0]SourceControl: Info Source control is disabled
[2014.10.20-19.04.10:707][  0]SourceControl: Info Source control is disabled
[2014.10.20-19.04.10:714][  0]SourceControl: Info Source control is disabled
[2014.10.20-19.04.10:827][  0]LogObj: 22915 objects as part of root set at end of initial load.
[2014.10.20-19.04.10:827][  0]LogUObjectAllocator: 4803544 out of 0 bytes used by permanent object pool.
[2014.10.20-19.04.10:885][  0]LogEngine: Initializing Engine...
[2014.10.20-19.04.11:018][  0]LogInit: XAudio2 using 'Speakers (Realtek High Definition Audio)' : 2 channels at 48 kHz using 32 bits per sample (channel mask 0x3)
[2014.10.20-19.04.11:135][  0]LogInit: FAudioDevice initialized.
[2014.10.20-19.04.11:172][  0]LogAIModule: Creating AISystem for world NewWorld
[2014.10.20-19.04.11:193][  0]LogDerivedDataCache: Saved boot cache 0.02s 39MB C:/Users/Tri Nguyen/AppData/Local/UnrealEngine/4.5/DerivedDataCache/Boot.ddc.
[2014.10.20-19.04.11:195][  0]LogInit: Texture streaming: Enabled
[2014.10.20-19.04.11:238][  0]LogInit: Transaction tracking system initialized
[2014.10.20-19.04.11:330][  0]BlueprintLog: New page: Editor Load
[2014.10.20-19.04.11:359][  0]LogAssetRegistry: FAssetRegistry took 0.0097 seconds to start up
[2014.10.20-19.04.11:359][  0]LogDirectoryWatcher:Warning: Failed to begin reading directory changes for ../../../Engine/Plugins/Experimental/CharacterAI/Content/. Error: 0
[2014.10.20-19.04.11:827][  0]LogTargetPlatformManager:Display: Building Assets For Windows
[2014.10.20-19.04.12:150][  0]LogTargetPlatformManager:Display: Building Assets For Windows
[2014.10.20-19.04.12:353][  0]LogConsoleResponse:Display: 
[2014.10.20-19.04.12:545][  0]SourceControl: Info Source control is disabled
[2014.10.20-19.04.12:545][  0]Cmd: MAP LOAD FILE="../../../../../../Users/Tri Nguyen/Documents/Unreal Projects/MyProject/Content/Maps/Example_Map.umap" TEMPLATE=0 SHOWPROGRESS=1
[2014.10.20-19.04.12:550][  0]LightingResults: New page: Lighting Build
[2014.10.20-19.04.12:559][  0]MapCheck: New page: Map Check
[2014.10.20-19.04.12:559][  0]LightingResults: New page: Lighting Build
[2014.10.20-19.04.12:584][  0]LogParticles: Destroying 0 GPU particle simulations for FXSystem 0x000000001CC55A80
[2014.10.20-19.04.13:014][  0]LogEditorServer: Finished looking for orphan Actors (0.000 secs)
[2014.10.20-19.04.13:015][  0]LogAIModule: Creating AISystem for world Example_Map
[2014.10.20-19.04.13:016][  0]Cmd: MAP CHECKDEP
[2014.10.20-19.04.13:016][  0]MapCheck: New page: Example_Map - Oct 20, 2014, 9:04:13 AM
[2014.10.20-19.04.13:112][  0]MapCheck: Info Map check complete: 0 Error(s), 0 Warning(s), took 95.757ms to complete.
[2014.10.20-19.04.13:112][  0]LogFileHelpers: Loading map 'Example_Map' took 0.567
[2014.10.20-19.04.13:250][  0]LogCollectionManager: Loaded 0 collections in 0.002505 seconds
[2014.10.20-19.04.13:572][  0]LogCrashTracker: Crashtracker disabled due to settings.
[2014.10.20-19.04.13:594][  0]LogUObjectGlobals:Warning: Failed to find object 'Class None.'
[2014.10.20-19.04.13:635][  0]LogLoad: Full Startup: 12.73 seconds (BP compile: 0.07 seconds)
[2014.10.20-19.04.13:648][  0]LogContentBrowser:Verbose: The content browser source was changed by the sources view to '/Game/StarterContent/Architecture'
[2014.10.20-19.04.13:836][  0]LogRenderer:Warning: Reallocating scene render targets to support 1136x896.
[2014.10.20-19.04.14:224][  2]LogAssetRegistry: Asset discovery search completed in 2.8752 seconds
[2014.10.20-19.04.49:065][864]LogEditorViewport: Clicking on Actor (LMB): StaticMeshActor (Wall_500x503)
[2014.10.20-19.04.49:739][878]LogEditorViewport: Clicking on Actor (CTRL LMB): StaticMeshActor (Wall_500x504)
[2014.10.20-19.04.50:174][886]LogEditorViewport: Clicking on Actor (CTRL LMB): StaticMeshActor (Wall_500x505)
[2014.10.20-19.04.50:572][894]LogEditorViewport: Clicking on Actor (CTRL LMB): StaticMeshActor (Wall_500x506)
[2014.10.20-19.04.51:131][906]LogEditorViewport: Clicking on Actor (CTRL LMB): StaticMeshActor (Wall_500x507)
[2014.10.20-19.04.51:673][916]LogEditorViewport: Clicking on Actor (CTRL LMB): StaticMeshActor (Wall_500x508)
[2014.10.20-19.05.20:998][550]LogEditorViewport: Clicking on Actor (LMB): BP_Sky_Sphere_C (SkySphereBlueprint)
[2014.10.20-19.05.22:970][583]MapCheck: New page: Map Check
[2014.10.20-19.05.23:006][583]Cmd: MAP REBUILD ALLVISIBLE
[2014.10.20-19.05.23:008][583]LogEditorServer: Rebuildmap Clear paths rebuilt
[2014.10.20-19.05.23:165][583]LightingResults: New page: Lighting Build - Oct 20, 2014, 9:05:23 AM
[2014.10.20-19.05.30:051][583]LogStaticLightingSystem:Warning: No importance volume found, so the scene bounding box was used.  You can optimize your scene's quality and lighting build times by adding importance volumes.
[2014.10.20-19.05.30:093][583]LogStaticLightingSystem: Running Lightmass w/ ImmediateImport mode ENABLED
[2014.10.20-19.05.30:093][583]LogStaticLightingSystem: Running Lightmass w/ ImmediateProcess mode ENABLED
[2014.10.20-19.05.30:093][583]LogStaticLightingSystem: Running Lightmass w/ Sorting mode ENABLED
[2014.10.20-19.05.30:093][583]LogStaticLightingSystem: Running Lightmass w/ Mapping paddings ENABLED
[2014.10.20-19.05.30:093][583]LogStaticLightingSystem: Running Lightmass w/ Mapping debug paddings DISABLED
[2014.10.20-19.05.30:211][583]LogEditorBuildUtils: Build time 0:00:07
[2014.10.20-19.05.34:745][682]Job is a success!
[2014.10.20-19.05.35:497][683]LogTexture:Display: Building textures: HQ_Lightmap0_1 (AutoDXT)
[2014.10.20-19.05.35:625][683]LogTexture:Display: Building textures: LQ_Lightmap_0_6 (DXT1)
[2014.10.20-19.05.35:633][683]LogTexture:Display: Building textures: HQ_Lightmap0_6 (AutoDXT)
[2014.10.20-19.05.35:641][683]LogTexture:Display: Building textures: LQ_Lightmap_1_5 (DXT1)
[2014.10.20-19.05.35:649][683]LogTexture:Display: Building textures: HQ_Lightmap1_5 (AutoDXT)
[2014.10.20-19.05.35:667][683]LogTexture:Display: Building textures: LQ_Lightmap_0_4 (DXT1)
[2014.10.20-19.05.35:725][683]LogTexture:Display: Building textures: HQ_Lightmap0_4 (AutoDXT)
[2014.10.20-19.05.35:894][683]LogTexture:Display: Building textures: LQ_Lightmap_1_3 (DXT1)
[2014.10.20-19.05.35:947][683]LogTexture:Display: Building textures: HQ_Lightmap1_3 (AutoDXT)
[2014.10.20-19.05.36:094][683]LogTexture:Display: Building textures: LQ_Lightmap_0_2 (DXT1)
[2014.10.20-19.05.36:215][683]LogTexture:Display: Building textures: HQ_Lightmap0_2 (AutoDXT)
[2014.10.20-19.05.36:607][683]LogTexture:Display: Building textures: LQ_Lightmap_0_1 (DXT1)
[2014.10.20-19.05.36:796][683]LogTexture:Display: Building textures: ShadowMapTexture2D_0 (BGRA8)
[2014.10.20-19.05.36:950][683]LogTexture:Display: Building textures: ShadowMapTexture2D_1 (BGRA8)
[2014.10.20-19.05.37:100][683]LogTexture:Display: Building textures: ShadowMapTexture2D_2 (BGRA8)
[2014.10.20-19.05.37:257][683]LogTexture:Display: Building textures: ShadowMapTexture2D_3 (BGRA8)
[2014.10.20-19.05.37:293][683]LogTexture:Display: Building textures: ShadowMapTexture2D_4 (BGRA8)
[2014.10.20-19.05.37:301][683]LogTexture:Display: Building textures: ShadowMapTexture2D_5 (BGRA8)
[2014.10.20-19.05.37:343][683]Lightmass on TRINGUYEN-PC: 6.31 sec total, 133 ms importing, 6 ms setup, 480 ms photons, 5.66 sec processing, 0 ms extra exporting [211/211 mappings]. Threads: 39.4 sec total, 17.8 sec processing.
[2014.10.20-19.05.37:386][683]LogStaticLightingSystem:Warning: Illumination: 14.1 sec (2.24 sec encoding lightmaps)
[2014.10.20-19.05.37:386][683]LogStaticLightingSystem: Lightmap texture memory:  5.4 MB (4.1 MB streaming, 1.3 MB non-streaming), 12 textures
[2014.10.20-19.05.37:386][683]LogStaticLightingSystem: Shadowmap texture memory: 0.0 MB (0.0 MB streaming, 0.0 MB non-streaming), 6 textures
[2014.10.20-19.05.38:077][684]Cmd: MAP CHECK NOTIFYRESULTS
[2014.10.20-19.05.38:077][684]MapCheck: New page: Example_Map - Oct 20, 2014, 9:05:38 AM
[2014.10.20-19.05.38:180][684]MapCheck: Info Map check complete: 0 Error(s), 0 Warning(s), took 103.227ms to complete.
[2014.10.20-19.05.39:674][708]LogTexture:Warning: Failed to stream mip data from the derived data cache for /Game/Maps/Example_Map.HQ_Lightmap0_3. Streaming mips will be recached.
[2014.10.20-19.05.39:738][708]LogTexture:Display: Building textures: HQ_Lightmap0_3 (AutoDXT)
[2014.10.20-19.05.41:108][729]LogPlayLevel: PIE:  No blueprints needed recompiling
[2014.10.20-19.05.41:114][729]PIE: New page: PIE session: Example_Map (Oct 20, 2014, 9:05:41 AM)
[2014.10.20-19.05.41:133][729]LogPlayLevel: PIE: StaticDuplicateObject took: (0.018736s)
[2014.10.20-19.05.41:133][729]LogPlayLevel: PIE: World Init took: (0.000528s)
[2014.10.20-19.05.41:133][729]LogPlayLevel: PIE: Created PIE world by copying editor world from /Game/Maps/Example_Map.Example_Map to /Game/Maps/UEDPIE_0_Example_Map.Example_Map (0.019443s)
[2014.10.20-19.05.41:549][729]BlueprintLog:Warning: Warning Blueprint MyProjectile has been migrated and requires re-saving to avoid import errors
[2014.10.20-19.05.41:551][729]BlueprintLog:Warning: Warning Blueprint MyHUD has been migrated and requires re-saving to avoid import errors
[2014.10.20-19.05.41:551][729]BlueprintLog:Warning: Warning Blueprint MyGame has been migrated and requires re-saving to avoid import errors
[2014.10.20-19.05.41:555][729]LogWorld: Game class is 'MyGame_C'
[2014.10.20-19.05.41:561][729]LogAIModule: Creating AISystem for world Example_Map
[2014.10.20-19.05.41:563][729]LogWorld: Bringing World /Game/Maps/UEDPIE_0_Example_Map.Example_Map up for play (max tick rate 0) at 2014.10.20-14.05.41
[2014.10.20-19.05.41:566][729]LogWorld: Bringing up level for play took: 0.005513
[2014.10.20-19.05.41:572][729]PIE: Info Play in editor start time for /Game/Maps/UEDPIE_0_Example_Map 0.488
[2014.10.20-19.05.49:691][898]LogTexture:Warning: Failed to stream mip data from the derived data cache for /Game/Maps/Example_Map.HQ_Lightmap1_4. Streaming mips will be recached.
[2014.10.20-19.05.49:732][898]LogTexture:Display: Building textures: HQ_Lightmap1_4 (AutoDXT)
[2014.10.20-19.06.07:867][402]LogParticles: Destroying 0 GPU particle simulations for FXSystem 0x0000000004E840E0
[2014.10.20-19.06.26:685][849]LogEditorViewport: Clicking on Actor (LMB): StaticMeshActor (Wall_500x512)
[2014.10.20-19.06.28:935][901]LogEditorViewport: Clicking on Actor (LMB): StaticMeshActor (Wall_500x513)
[2014.10.20-19.06.34:575][ 34]LogEditorViewport: Clicking on Actor (LMB): StaticMeshActor (Wall_500x514)
[2014.10.20-19.06.39:473][149]LogEditorViewport: Clicking on Actor (LMB): BP_Sky_Sphere_C (SkySphereBlueprint)
[2014.10.20-19.06.40:738][178]LogEditorViewport: Clicking on Actor (LMB): StaticMeshActor (Wall_500x506)
[2014.10.20-19.06.45:558][287]LogEditorViewport: Clicking on Actor (LMB): StaticMeshActor (Wall_500x507)
[2014.10.20-19.06.49:059][368]LogEditorViewport: Clicking on Actor (LMB): StaticMeshActor (Wall_500x508)
[2014.10.20-19.07.03:151][670]LogEditorViewport: Clicking on Actor (LMB): StaticMeshActor (Wall_500x508)
[2014.10.20-19.07.03:835][684]LogEditorViewport: Clicking on Actor (CTRL LMB): StaticMeshActor (Wall_500x507)
[2014.10.20-19.07.04:274][692]LogEditorViewport: Clicking on Actor (CTRL LMB): StaticMeshActor (Wall_500x506)
[2014.10.20-19.07.04:570][697]LogEditorViewport: Clicking on Actor (CTRL LMB): StaticMeshActor (Wall_500x505)
[2014.10.20-19.07.04:969][705]LogEditorViewport: Clicking on Actor (CTRL LMB): StaticMeshActor (Wall_500x504)
[2014.10.20-19.07.05:547][716]LogEditorViewport: Clicking on Actor (CTRL LMB): StaticMeshActor (Wall_500x503)
[2014.10.20-19.07.51:707][702]MapCheck: New page: Map Check
[2014.10.20-19.07.51:753][702]Cmd: MAP REBUILD ALLVISIBLE
[2014.10.20-19.07.51:753][702]LogEditorServer: Rebuildmap Clear paths rebuilt
[2014.10.20-19.07.51:919][702]LightingResults: New page: Lighting Build - Oct 20, 2014, 9:07:51 AM
[2014.10.20-19.07.56:786][702]LogStaticLightingSystem:Warning: No importance volume found, so the scene bounding box was used.  You can optimize your scene's quality and lighting build times by adding importance volumes.
[2014.10.20-19.07.56:817][702]LogStaticLightingSystem: Running Lightmass w/ ImmediateImport mode ENABLED
[2014.10.20-19.07.56:817][702]LogStaticLightingSystem: Running Lightmass w/ ImmediateProcess mode ENABLED
[2014.10.20-19.07.56:817][702]LogStaticLightingSystem: Running Lightmass w/ Sorting mode ENABLED
[2014.10.20-19.07.56:817][702]LogStaticLightingSystem: Running Lightmass w/ Mapping paddings ENABLED
[2014.10.20-19.07.56:817][702]LogStaticLightingSystem: Running Lightmass w/ Mapping debug paddings DISABLED
[2014.10.20-19.07.56:882][702]LogEditorBuildUtils: Build time 0:00:05
[2014.10.20-19.08.01:299][803]Job is a success!
[2014.10.20-19.08.02:078][804]LogTexture:Display: Building textures: HQ_Lightmap0_1 (AutoDXT)
[2014.10.20-19.08.02:205][804]LogTexture:Display: Building textures: LQ_Lightmap_1_6 (DXT1)
[2014.10.20-19.08.02:213][804]LogTexture:Display: Building textures: HQ_Lightmap1_6 (AutoDXT)
[2014.10.20-19.08.02:221][804]LogTexture:Display: Building textures: LQ_Lightmap_0_5 (DXT1)
[2014.10.20-19.08.02:237][804]LogTexture:Display: Building textures: HQ_Lightmap0_5 (AutoDXT)
[2014.10.20-19.08.02:275][804]LogTexture:Display: Building textures: LQ_Lightmap_1_4 (DXT1)
[2014.10.20-19.08.02:334][804]LogTexture:Display: Building textures: HQ_Lightmap1_4 (AutoDXT)
[2014.10.20-19.08.02:506][804]LogTexture:Display: Building textures: LQ_Lightmap_0_3 (DXT1)
[2014.10.20-19.08.02:559][804]LogTexture:Display: Building textures: HQ_Lightmap0_3 (AutoDXT)
[2014.10.20-19.08.02:747][804]LogTexture:Display: Building textures: LQ_Lightmap_1_2 (DXT1)
[2014.10.20-19.08.02:870][804]LogTexture:Display: Building textures: HQ_Lightmap1_2 (AutoDXT)
[2014.10.20-19.08.03:245][804]LogTexture:Display: Building textures: LQ_Lightmap_0_1 (DXT1)
[2014.10.20-19.08.03:441][804]LogTexture:Display: Building textures: ShadowMapTexture2D_6 (BGRA8)
[2014.10.20-19.08.03:599][804]LogTexture:Display: Building textures: ShadowMapTexture2D_7 (BGRA8)
[2014.10.20-19.08.03:753][804]LogTexture:Display: Building textures: ShadowMapTexture2D_8 (BGRA8)
[2014.10.20-19.08.03:812][804]LogTexture:Display: Building textures: ShadowMapTexture2D_9 (BGRA8)
[2014.10.20-19.08.03:851][804]LogTexture:Display: Building textures: ShadowMapTexture2D_10 (BGRA8)
[2014.10.20-19.08.03:890][804]LogTexture:Display: Building textures: ShadowMapTexture2D_11 (BGRA8)
[2014.10.20-19.08.03:906][804]LogTexture:Display: Building textures: ShadowMapTexture2D_12 (BGRA8)
[2014.10.20-19.08.03:914][804]LogTexture:Display: Building textures: ShadowMapTexture2D_13 (BGRA8)
[2014.10.20-19.08.03:953][804]Lightmass on TRINGUYEN-PC: 6.67 sec total, 121 ms importing, 6 ms setup, 575 ms photons, 5.95 sec processing, 0 ms extra exporting [217/217 mappings]. Threads: 41.5 sec total, 19.4 sec processing.
[2014.10.20-19.08.03:965][804]LogStaticLightingSystem:Warning: Illumination: 11.9 sec (2.29 sec encoding lightmaps)
[2014.10.20-19.08.03:965][804]LogStaticLightingSystem: Lightmap texture memory:  5.7 MB (4.3 MB streaming, 1.3 MB non-streaming), 12 textures
[2014.10.20-19.08.03:965][804]LogStaticLightingSystem: Shadowmap texture memory: 0.0 MB (0.0 MB streaming, 0.0 MB non-streaming), 14 textures
[2014.10.20-19.08.04:798][805]Cmd: MAP CHECK NOTIFYRESULTS
[2014.10.20-19.08.04:798][805]MapCheck: New page: Example_Map - Oct 20, 2014, 9:08:04 AM
[2014.10.20-19.08.04:987][805]MapCheck: Info Map check complete: 0 Error(s), 0 Warning(s), took 188.678ms to complete.
[2014.10.20-19.08.14:886][ 39]LogEditorViewport: Clicking on Actor (LMB): BP_Sky_Sphere_C (SkySphereBlueprint)
[2014.10.20-19.08.23:623][242]LogTexture:Warning: Failed to stream mip data from the derived data cache for /Game/Maps/Example_Map.HQ_Lightmap0_4. Streaming mips will be recached.
[2014.10.20-19.08.23:676][242]LogTexture:Display: Building textures: HQ_Lightmap0_4 (AutoDXT)
[2014.10.20-19.08.24:660][262]LogTexture:Warning: Failed to stream mip data from the derived data cache for /Game/Maps/Example_Map.HQ_Lightmap0_2. Streaming mips will be recached.
[2014.10.20-19.08.24:711][262]LogTexture:Display: Building textures: HQ_Lightmap0_2 (AutoDXT)
[2014.10.20-19.08.25:977][283]LogTexture:Warning: Failed to stream mip data from the derived data cache for /Game/Maps/Example_Map.HQ_Lightmap1_5. Streaming mips will be recached.
[2014.10.20-19.08.26:024][283]LogTexture:Display: Building textures: HQ_Lightmap1_5 (AutoDXT)
[2014.10.20-19.08.30:629][378]LogTexture:Warning: Failed to stream mip data from the derived data cache for /Game/Maps/Example_Map.HQ_Lightmap1_3. Streaming mips will be recached.
[2014.10.20-19.08.30:682][378]LogTexture:Display: Building textures: HQ_Lightmap1_3 (AutoDXT)
[2014.10.20-19.13.51:089][964]LogUObjectHash:Warning: Ambiguous search, could be Model /Game/Maps/Example_Map.Example_Map:PersistentLevel.Floor_3.Model_6 or Model /Game/Maps/Example_Map.Example_Map:PersistentLevel.Floor_2.Model_6
[2014.10.20-19.13.51:089][964]LogUObjectHash:Warning: Ambiguous search, could be Model /Game/Maps/Example_Map.Example_Map:PersistentLevel.Floor_3.Model_6 or Model /Game/Maps/Example_Map.Example_Map:PersistentLevel.Floor.Model_6
[2014.10.20-19.14.11:119][412]LogContentBrowser:Verbose: The content browser source was changed by the sources view to '/Game/StarterContent/Materials'
[2014.10.20-19.14.48:079][241]LogSavePackage: Save=441.008423ms
[2014.10.20-19.14.48:079][241]LogSavePackage: Moving '../../../../../../Users/Tri Nguyen/Documents/Unreal Projects/MyProject/Saved/Example_Map_Auto15C721C004BCFB2D2ABDEACACE8C17F55.tmp' to '../../../../../../Users/Tri Nguyen/Documents/Unreal Projects/MyProject/Saved/Autosaves/Game/Maps/Example_Map_Auto1.umap'
[2014.10.20-19.14.48:089][241]LogFileHelpers: Editor autosave (incl. sublevels) for '/Game/Maps/Example_Map' took 0.551
[2014.10.20-19.14.48:090][241]LogFileHelpers: Editor autosave (incl. sublevels) for all levels took 0.551
[2014.10.20-19.15.47:024][631]LogUObjectHash:Warning: Ambiguous search, could be Model /Game/Maps/Example_Map.Example_Map:PersistentLevel.Floor_4.Model_6 or Model /Game/Maps/Example_Map.Example_Map:PersistentLevel.Floor_3.Model_6
[2014.10.20-19.15.47:024][631]LogUObjectHash:Warning: Ambiguous search, could be Model /Game/Maps/Example_Map.Example_Map:PersistentLevel.Floor_4.Model_6 or Model /Game/Maps/Example_Map.Example_Map:PersistentLevel.Floor_2.Model_6
[2014.10.20-19.15.47:024][631]LogUObjectHash:Warning: Ambiguous search, could be Model /Game/Maps/Example_Map.Example_Map:PersistentLevel.Floor_4.Model_6 or Model /Game/Maps/Example_Map.Example_Map:PersistentLevel.Floor.Model_6
[2014.10.20-19.16.41:085][826]LogEditorViewport: Clicking on Actor (LMB): BP_Sky_Sphere_C (SkySphereBlueprint)
[2014.10.20-19.16.42:379][852]MapCheck: New page: Map Check
[2014.10.20-19.16.42:425][852]Cmd: MAP REBUILD ALLVISIBLE
[2014.10.20-19.16.42:446][852]LogEditorServer: Rebuildmap Clear paths rebuilt
[2014.10.20-19.16.42:764][852]LightingResults: New page: Lighting Build - Oct 20, 2014, 9:16:42 AM
[2014.10.20-19.16.47:368][852]LogStaticLightingSystem:Warning: No importance volume found, so the scene bounding box was used.  You can optimize your scene's quality and lighting build times by adding importance volumes.
[2014.10.20-19.16.47:400][852]LogStaticLightingSystem: Running Lightmass w/ ImmediateImport mode ENABLED
[2014.10.20-19.16.47:400][852]LogStaticLightingSystem: Running Lightmass w/ ImmediateProcess mode ENABLED
[2014.10.20-19.16.47:400][852]LogStaticLightingSystem: Running Lightmass w/ Sorting mode ENABLED
[2014.10.20-19.16.47:400][852]LogStaticLightingSystem: Running Lightmass w/ Mapping paddings ENABLED
[2014.10.20-19.16.47:400][852]LogStaticLightingSystem: Running Lightmass w/ Mapping debug paddings DISABLED
[2014.10.20-19.16.47:477][852]LogEditorBuildUtils: Build time 0:00:05
[2014.10.20-19.16.52:372][965]Job is a success!
[2014.10.20-19.16.53:139][966]LogTexture:Display: Building textures: HQ_Lightmap0_1 (AutoDXT)
[2014.10.20-19.16.53:306][966]LogTexture:Display: Building textures: LQ_Lightmap_0_6 (DXT1)
[2014.10.20-19.16.53:313][966]LogTexture:Display: Building textures: HQ_Lightmap0_6 (AutoDXT)
[2014.10.20-19.16.53:321][966]LogTexture:Display: Building textures: LQ_Lightmap_1_5 (DXT1)
[2014.10.20-19.16.53:337][966]LogTexture:Display: Building textures: HQ_Lightmap1_5 (AutoDXT)
[2014.10.20-19.16.53:378][966]LogTexture:Display: Building textures: LQ_Lightmap_0_4 (DXT1)
[2014.10.20-19.16.53:435][966]LogTexture:Display: Building textures: HQ_Lightmap0_4 (AutoDXT)
[2014.10.20-19.16.53:634][966]LogTexture:Display: Building textures: LQ_Lightmap_1_3 (DXT1)
[2014.10.20-19.16.53:696][966]LogTexture:Display: Building textures: HQ_Lightmap1_3 (AutoDXT)
[2014.10.20-19.16.53:873][966]LogTexture:Display: Building textures: LQ_Lightmap_0_2 (DXT1)
[2014.10.20-19.16.53:995][966]LogTexture:Display: Building textures: HQ_Lightmap0_2 (AutoDXT)
[2014.10.20-19.16.54:384][966]LogTexture:Display: Building textures: LQ_Lightmap_0_1 (DXT1)
[2014.10.20-19.16.54:579][966]LogTexture:Display: Building textures: ShadowMapTexture2D_14 (BGRA8)
[2014.10.20-19.16.54:735][966]LogTexture:Display: Building textures: ShadowMapTexture2D_15 (BGRA8)
[2014.10.20-19.16.54:792][966]LogTexture:Display: Building textures: ShadowMapTexture2D_16 (BGRA8)
[2014.10.20-19.16.54:927][966]LogTexture:Display: Building textures: ShadowMapTexture2D_17 (BGRA8)
[2014.10.20-19.16.54:983][966]LogTexture:Display: Building textures: ShadowMapTexture2D_18 (BGRA8)
[2014.10.20-19.16.54:994][966]LogTexture:Display: Building textures: ShadowMapTexture2D_19 (BGRA8)
[2014.10.20-19.16.55:035][966]Lightmass on TRINGUYEN-PC: 7.13 sec total, 117 ms importing, 6 ms setup, 715 ms photons, 6.28 sec processing, 0 ms extra exporting [229/229 mappings]. Threads: 43.8 sec total, 21.3 sec processing.
[2014.10.20-19.16.55:053][966]LogStaticLightingSystem:Warning: Illumination: 12.1 sec (2.32 sec encoding lightmaps)
[2014.10.20-19.16.55:053][966]LogStaticLightingSystem: Lightmap texture memory:  5.7 MB (4.3 MB streaming, 1.3 MB non-streaming), 12 textures
[2014.10.20-19.16.55:053][966]LogStaticLightingSystem: Shadowmap texture memory: 0.0 MB (0.0 MB streaming, 0.0 MB non-streaming), 20 textures
[2014.10.20-19.16.55:381][967]Cmd: MAP CHECK NOTIFYRESULTS
[2014.10.20-19.16.55:381][967]MapCheck: New page: Example_Map - Oct 20, 2014, 9:16:55 AM
[2014.10.20-19.16.55:489][967]MapCheck: Info Map check complete: 0 Error(s), 0 Warning(s), took 107.511ms to complete.
[2014.10.20-19.17.31:244][327]LogEditorViewport: Clicking on Actor (LMB): BP_Sky_Sphere_C (SkySphereBlueprint)
[2014.10.20-19.17.33:104][371]LogEditorViewport: Clicking on Actor (LMB): BP_Sky_Sphere_C (SkySphereBlueprint)
[2014.10.20-19.17.33:751][386]LogEditorViewport: Clicking on Actor (LMB): BP_Sky_Sphere_C (SkySphereBlueprint)
[2014.10.20-19.17.35:752][430]LogEditorViewport: Clicking on Actor (LMB): StaticMeshActor (Wall_400x408)
[2014.10.20-19.17.36:381][443]LogEditorViewport: Clicking on Actor (LMB): BP_Sky_Sphere_C (SkySphereBlueprint)
[2014.10.20-19.19.50:143][913]LogTexture:Warning: Failed to stream mip data from the derived data cache for /Game/Maps/Example_Map.HQ_Lightmap1_2. Streaming mips will be recached.
[2014.10.20-19.19.50:145][913]LogTexture:Display: Building textures: HQ_Lightmap1_2 (AutoDXT)
[2014.10.20-19.24.52:370][817]LogSavePackage: Save=488.261597ms
[2014.10.20-19.24.52:370][817]LogSavePackage: Moving '../../../../../../Users/Tri Nguyen/Documents/Unreal Projects/MyProject/Saved/Example_Map_Auto26EB5D9254E3A132C330A72A29DC55C1A.tmp' to '../../../../../../Users/Tri Nguyen/Documents/Unreal Projects/MyProject/Saved/Autosaves/Game/Maps/Example_Map_Auto2.umap'
[2014.10.20-19.24.52:381][817]LogFileHelpers: Editor autosave (incl. sublevels) for '/Game/Maps/Example_Map' took 0.566
[2014.10.20-19.24.52:381][817]LogFileHelpers: Editor autosave (incl. sublevels) for all levels took 0.566
[2014.10.20-19.26.00:239][ 46]LogSavePackage: Save=487.943909ms
[2014.10.20-19.26.00:239][ 46]LogSavePackage: Moving '../../../../../../Users/Tri Nguyen/Documents/Unreal Projects/MyProject/Saved/Example_Map74B12D9A47BBDA9E55F924BCD03DCDB6.tmp' to '../../../../../../Users/Tri Nguyen/Documents/Unreal Projects/MyProject/Content/Maps/Example_Map.umap'
[2014.10.20-19.26.00:267][ 46]LogFileHelpers: Saving map 'Example_Map' took 0.664
[2014.10.20-19.26.04:160][117]Cmd: QUIT_EDITOR
[2014.10.20-19.26.04:524][117]LogExit: Preparing to exit.
[2014.10.20-19.26.05:597][117]LogExit: Editor shut down
[2014.10.20-19.26.05:597][117]LogExit: Transaction tracking system shut down
[2014.10.20-19.26.05:598][117]LogParticles: Destroying 0 GPU particle simulations for FXSystem 0x00000000117F54E0
[2014.10.20-19.26.05:598][117]LogParticles: Destroying 0 GPU particle simulations for FXSystem 0x00000000231104A0
[2014.10.20-19.26.05:598][117]LogParticles: Destroying 0 GPU particle simulations for FXSystem 0x00000000133EF9C0
[2014.10.20-19.26.05:598][117]LogParticles: Destroying 0 GPU particle simulations for FXSystem 0x00000000223CA480
[2014.10.20-19.26.05:621][117]LogExit: Object subsystem successfully closed.
[2014.10.20-19.26.05:667][117]LogModuleManager: Shutting down and abandoning module AndroidDeviceDetection (166)
[2014.10.20-19.26.05:667][117]LogModuleManager: Shutting down and abandoning module CrashTracker (165)
[2014.10.20-19.26.05:667][117]LogModuleManager: Shutting down and abandoning module SuperSearch (164)
[2014.10.20-19.26.05:667][117]LogModuleManager: Shutting down and abandoning module SceneOutliner (163)
[2014.10.20-19.26.05:667][117]LogModuleManager: Shutting down and abandoning module EditorWidgets (162)
[2014.10.20-19.26.05:667][117]LogModuleManager: Shutting down and abandoning module CollectionManager (161)
[2014.10.20-19.26.05:672][117]LogModuleManager: Shutting down and abandoning module StatsViewer (160)
[2014.10.20-19.26.05:672][117]LogModuleManager: Shutting down and abandoning module FoliageEdit (159)
[2014.10.20-19.26.05:672][117]LogModuleManager: Shutting down and abandoning module LandscapeEditor (158)
[2014.10.20-19.26.05:672][117]LogModuleManager: Shutting down and abandoning module MeshPaint (157)
[2014.10.20-19.26.05:672][117]LogModuleManager: Shutting down and abandoning module ActorPickerMode (156)
[2014.10.20-19.26.05:672][117]LogModuleManager: Shutting down and abandoning module GeometryMode (155)
[2014.10.20-19.26.05:672][117]LogModuleManager: Shutting down and abandoning module TextureAlignMode (154)
[2014.10.20-19.26.05:672][117]LogModuleManager: Shutting down and abandoning module BspMode (153)
[2014.10.20-19.26.05:672][117]LogModuleManager: Shutting down and abandoning module PlacementMode (152)
[2014.10.20-19.26.05:672][117]LogModuleManager: Shutting down and abandoning module AutomationWorker (151)
[2014.10.20-19.26.05:672][117]LogModuleManager: Shutting down and abandoning module CharacterAI (150)
[2014.10.20-19.26.05:672][117]LogModuleManager: Shutting down and abandoning module GameProjectGeneration (149)
[2014.10.20-19.26.05:672][117]LogModuleManager: Shutting down and abandoning module IntroTutorials (148)
[2014.10.20-19.26.05:673][117]LogModuleManager: Shutting down and abandoning module EditorLiveStreaming (147)
[2014.10.20-19.26.05:673][117]LogModuleManager: Shutting down and abandoning module HardwareTargeting (146)
[2014.10.20-19.26.05:673][117]LogModuleManager: Shutting down and abandoning module BehaviorTreeEditor (145)
[2014.10.20-19.26.05:673][117]LogModuleManager: Shutting down and abandoning module DeviceProfileEditor (144)
[2014.10.20-19.26.05:673][117]LogModuleManager: Shutting down and abandoning module UndoHistory (143)
[2014.10.20-19.26.05:673][117]LogModuleManager: Shutting down and abandoning module GameplayTagsEditor (142)
[2014.10.20-19.26.05:673][117]LogModuleManager: Shutting down and abandoning module UserFeedback (141)
[2014.10.20-19.26.05:673][117]LogModuleManager: Shutting down and abandoning module XmlParser (140)
[2014.10.20-19.26.05:673][117]LogModuleManager: Shutting down and abandoning module Blutility (139)
[2014.10.20-19.26.05:673][117]LogModuleManager: Shutting down and abandoning module IOSPlatformEditor (138)
[2014.10.20-19.26.05:673][117]LogModuleManager: Shutting down and abandoning module IOSRuntimeSettings (137)
[2014.10.20-19.26.05:673][117]LogModuleManager: Shutting down and abandoning module AndroidPlatformEditor (136)
[2014.10.20-19.26.05:673][117]LogModuleManager: Shutting down and abandoning module AndroidRuntimeSettings (135)
[2014.10.20-19.26.05:673][117]LogModuleManager: Shutting down and abandoning module ProjectTargetPlatformEditor (134)
[2014.10.20-19.26.05:673][117]LogModuleManager: Shutting down and abandoning module ProjectSettingsViewer (133)
[2014.10.20-19.26.05:673][117]LogModuleManager: Shutting down and abandoning module InputBindingEditor (132)
[2014.10.20-19.26.05:673][117]LogModuleManager: Shutting down and abandoning module EditorSettingsViewer (131)
[2014.10.20-19.26.05:673][117]LogModuleManager: Shutting down and abandoning module SettingsEditor (130)
[2014.10.20-19.26.05:673][117]LogModuleManager: Shutting down and abandoning module ProjectLauncher (129)
[2014.10.20-19.26.05:673][117]LogModuleManager: Shutting down and abandoning module SessionFrontend (128)
[2014.10.20-19.26.05:673][117]LogModuleManager: Shutting down and abandoning module ProfilerClient (127)
[2014.10.20-19.26.05:673][117]LogModuleManager: Shutting down and abandoning module TargetDeviceServices (126)
[2014.10.20-19.26.05:673][117]LogModuleManager: Shutting down and abandoning module DeviceManager (125)
[2014.10.20-19.26.05:673][117]LogModuleManager: Shutting down and abandoning module AutomationController (124)
[2014.10.20-19.26.05:673][117]LogModuleManager: Shutting down and abandoning module AutomationWindow (123)
[2014.10.20-19.26.05:673][117]LogModuleManager: Shutting down and abandoning module Layers (122)
[2014.10.20-19.26.05:674][117]LogModuleManager: Shutting down and abandoning module ComponentVisualizers (121)
[2014.10.20-19.26.05:674][117]LogModuleManager: Shutting down and abandoning module DetailCustomizations (120)
[2014.10.20-19.26.05:674][117]LogModuleManager: Shutting down and abandoning module PackagesDialog (119)
[2014.10.20-19.26.05:674][117]LogModuleManager: Shutting down and abandoning module AssetRegistry (118)
[2014.10.20-19.26.05:797][117]LogModuleManager: Shutting down and abandoning module Persona (117)
[2014.10.20-19.26.05:797][117]LogModuleManager: Shutting down and abandoning module Kismet (116)
[2014.10.20-19.26.05:798][117]LogModuleManager: Shutting down and abandoning module GraphEditor (115)
[2014.10.20-19.26.05:798][117]LogModuleManager: Shutting down and abandoning module ClassViewer (114)
[2014.10.20-19.26.05:798][117]LogModuleManager: Shutting down and abandoning module Toolbox (113)
[2014.10.20-19.26.05:798][117]LogModuleManager: Shutting down and abandoning module ModuleUI (112)
[2014.10.20-19.26.05:798][117]LogModuleManager: Shutting down and abandoning module MovieSceneTools (111)
[2014.10.20-19.26.05:798][117]LogModuleManager: Shutting down and abandoning module OutputLog (110)
[2014.10.20-19.26.05:798][117]LogModuleManager: Shutting down and abandoning module GammaUI (109)
[2014.10.20-19.26.05:798][117]LogModuleManager: Shutting down and abandoning module Documentation (108)
[2014.10.20-19.26.05:798][117]LogModuleManager: Shutting down and abandoning module GameLiveStreaming (107)
[2014.10.20-19.26.05:798][117]LogModuleManager: Shutting down and abandoning module StreamingPauseRendering (106)
[2014.10.20-19.26.05:798][117]LogModuleManager: Shutting down and abandoning module HTTP (105)
[2014.10.20-19.26.05:798][117]LogModuleManager: Shutting down and abandoning module AnalyticsET (104)
[2014.10.20-19.26.05:798][117]LogModuleManager: Shutting down and abandoning module Analytics (103)
[2014.10.20-19.26.05:798][117]LogModuleManager: Shutting down and abandoning module GameplayDebugger (102)
[2014.10.20-19.26.05:798][117]LogModuleManager: Shutting down and abandoning module AIModule (101)
[2014.10.20-19.26.05:798][117]LogModuleManager: Shutting down and abandoning module ProfilerService (100)
[2014.10.20-19.26.06:025][117]LogModuleManager: Shutting down and abandoning module TaskGraph (99)
[2014.10.20-19.26.06:025][117]LogModuleManager: Shutting down and abandoning module SlateRemote (98)
[2014.10.20-19.26.06:025][117]LogModuleManager: Shutting down and abandoning module ScriptEditorPlugin (97)
[2014.10.20-19.26.06:025][117]LogModuleManager: Shutting down and abandoning module CustomMeshComponent (96)
[2014.10.20-19.26.06:025][117]LogModuleManager: Shutting down and abandoning module CableComponent (95)
[2014.10.20-19.26.06:025][117]LogModuleManager: Shutting down and abandoning module MessagingDebugger (94)
[2014.10.20-19.26.06:025][117]LogModuleManager: Shutting down and abandoning module MediaPlayerEditor (93)
[2014.10.20-19.26.06:025][117]LogModuleManager: Shutting down and abandoning module SpeedTreeImporter (92)
[2014.10.20-19.26.06:025][117]LogModuleManager: Shutting down and abandoning module PluginsEditor (91)
[2014.10.20-19.26.06:025][117]LogModuleManager: Shutting down and abandoning module EpicSurvey (90)
[2014.10.20-19.26.06:025][117]LogModuleManager: Shutting down and abandoning module DesktopPlatform (89)
[2014.10.20-19.26.06:025][117]LogModuleManager: Shutting down and abandoning module VisualStudioSourceCodeAccess (88)
[2014.10.20-19.26.06:025][117]LogModuleManager: Shutting down and abandoning module UObjectPlugin (87)
[2014.10.20-19.26.06:025][117]LogModuleManager: Shutting down and abandoning module SubversionSourceControl (86)
[2014.10.20-19.26.06:025][117]LogModuleManager: Shutting down and abandoning module SourceControl (85)
[2014.10.20-19.26.06:025][117]LogModuleManager: Shutting down and abandoning module PerforceSourceControl (84)
[2014.10.20-19.26.06:025][117]LogModuleManager: Shutting down and abandoning module BlankPlugin (83)
[2014.10.20-19.26.06:025][117]LogModuleManager: Shutting down and abandoning module SlateReflector (82)
[2014.10.20-19.26.06:025][117]LogModuleManager: Shutting down and abandoning module DirectoryWatcher (81)
[2014.10.20-19.26.06:026][117]LogModuleManager: Shutting down and abandoning module HotReload (80)
[2014.10.20-19.26.06:026][117]LogModuleManager: Shutting down and abandoning module MainFrame (79)
[2014.10.20-19.26.06:026][117]LogModuleManager: Shutting down and abandoning module LevelEditor (78)
[2014.10.20-19.26.06:027][117]LogModuleManager: Shutting down and abandoning module ViewportSnapping (77)
[2014.10.20-19.26.06:027][117]LogModuleManager: Shutting down and abandoning module SmartSnapping (76)
[2014.10.20-19.26.06:027][117]LogModuleManager: Shutting down and abandoning module PaperTiledImporter (75)
[2014.10.20-19.26.06:027][117]LogModuleManager: Shutting down and abandoning module PaperJsonImporter (74)
[2014.10.20-19.26.06:027][117]LogModuleManager: Shutting down and abandoning module ContentBrowser (73)
[2014.10.20-19.26.06:027][117]LogModuleManager: Shutting down and abandoning module PropertyEditor (72)
[2014.10.20-19.26.06:027][117]LogModuleManager: Shutting down and abandoning module Paper2DEditor (71)
[2014.10.20-19.26.06:027][117]LogModuleManager: Shutting down and abandoning module ScriptPlugin (70)
[2014.10.20-19.26.06:027][117]LogModuleManager: Shutting down and abandoning module UdpMessaging (69)
[2014.10.20-19.26.06:127][117]LogModuleManager: Shutting down and abandoning module Paper2D (68)
[2014.10.20-19.26.06:127][117]LogModuleManager: Shutting down and abandoning module WindowsMoviePlayer (67)
[2014.10.20-19.26.06:130][117]LogModuleManager: Shutting down and abandoning module Media (66)
[2014.10.20-19.26.06:130][117]LogModuleManager: Shutting down and abandoning module WmfMedia (65)
[2014.10.20-19.26.06:130][117]LogModuleManager: Shutting down and abandoning module OnlineBlueprintSupport (64)
[2014.10.20-19.26.06:130][117]LogModuleManager: Shutting down and abandoning module FunctionalTesting (63)
[2014.10.20-19.26.06:130][117]LogModuleManager: Shutting down and abandoning module CollisionAnalyzer (62)
[2014.10.20-19.26.06:130][117]LogModuleManager: Shutting down and abandoning module WorkspaceMenuStructure (61)
[2014.10.20-19.26.06:130][117]LogModuleManager: Shutting down and abandoning module MessageLog (60)
[2014.10.20-19.26.06:130][117]LogModuleManager: Shutting down and abandoning module Sequencer (59)
[2014.10.20-19.26.06:130][117]LogModuleManager: Shutting down and abandoning module AssetTools (58)
[2014.10.20-19.26.06:130][117]LogModuleManager: Shutting down and abandoning module UMGEditor (57)
[2014.10.20-19.26.06:130][117]LogModuleManager: Shutting down and abandoning module UMG (56)
[2014.10.20-19.26.06:130][117]LogModuleManager: Shutting down and abandoning module Slate (55)
[2014.10.20-19.26.06:130][117]LogModuleManager: Shutting down and abandoning module EditorStyle (54)
[2014.10.20-19.26.06:132][117]LogModuleManager: Shutting down and abandoning module SessionServices (53)
[2014.10.20-19.26.06:132][117]LogModuleManager: Shutting down and abandoning module SourceCodeAccess (52)
[2014.10.20-19.26.06:132][117]LogModuleManager: Shutting down and abandoning module HeadMountedDisplay (51)
[2014.10.20-19.26.06:132][117]LogModuleManager: Shutting down and abandoning module XAudio2 (50)
[2014.10.20-19.26.06:132][117]LogModuleManager: Shutting down and abandoning module Networking (48)
[2014.10.20-19.26.06:132][117]LogModuleManager: Shutting down and abandoning module Core (47)
[2014.10.20-19.26.06:132][117]LogModuleManager: Shutting down and abandoning module KismetCompiler (46)
[2014.10.20-19.26.06:132][117]LogModuleManager: Shutting down and abandoning module PhysXFormats (45)
[2014.10.20-19.26.06:132][117]LogModuleManager: Shutting down and abandoning module MeshUtilities (44)
[2014.10.20-19.26.06:132][117]LogModuleManager: Shutting down and abandoning module DerivedDataCache (43)
[2014.10.20-19.26.06:208][117]LogDerivedDataCache: Shutdown
[2014.10.20-19.26.06:208][117]LogModuleManager: Shutting down and abandoning module ShaderFormatOpenGL (42)
[2014.10.20-19.26.06:208][117]LogModuleManager: Shutting down and abandoning module ShaderFormatD3D (41)
[2014.10.20-19.26.06:208][117]LogModuleManager: Shutting down and abandoning module MetalShaderFormat (40)
[2014.10.20-19.26.06:208][117]LogModuleManager: Shutting down and abandoning module TextureFormatUncompressed (39)
[2014.10.20-19.26.06:208][117]LogModuleManager: Shutting down and abandoning module TextureFormatPVR (38)
[2014.10.20-19.26.06:208][117]LogModuleManager: Shutting down and abandoning module TextureFormatDXT (37)
[2014.10.20-19.26.06:208][117]LogModuleManager: Shutting down and abandoning module TextureFormatAndroid (36)
[2014.10.20-19.26.06:208][117]LogModuleManager: Shutting down and abandoning module AudioFormatOpus (35)
[2014.10.20-19.26.06:208][117]LogModuleManager: Shutting down and abandoning module AudioFormatOgg (34)
[2014.10.20-19.26.06:208][117]LogModuleManager: Shutting down and abandoning module AudioFormatADPCM (33)
[2014.10.20-19.26.06:208][117]LogModuleManager: Shutting down and abandoning module Messaging (32)
[2014.10.20-19.26.06:208][117]LogModuleManager: Shutting down and abandoning module IOSTargetPlatform (31)
[2014.10.20-19.26.06:208][117]LogModuleManager: Shutting down and abandoning module Android_PVRTCTargetPlatform (30)
[2014.10.20-19.26.06:208][117]LogModuleManager: Shutting down and abandoning module Android_ETC2TargetPlatform (29)
[2014.10.20-19.26.06:208][117]LogModuleManager: Shutting down and abandoning module Android_ETC1TargetPlatform (28)
[2014.10.20-19.26.06:208][117]LogModuleManager: Shutting down and abandoning module Android_DXTTargetPlatform (27)
[2014.10.20-19.26.06:208][117]LogModuleManager: Shutting down and abandoning module Android_ATCTargetPlatform (26)
[2014.10.20-19.26.06:208][117]LogModuleManager: Shutting down and abandoning module AndroidTargetPlatform (25)
[2014.10.20-19.26.06:208][117]LogModuleManager: Shutting down and abandoning module WindowsTargetPlatform (24)
[2014.10.20-19.26.06:208][117]LogModuleManager: Shutting down and abandoning module WindowsServerTargetPlatform (23)
[2014.10.20-19.26.06:208][117]LogModuleManager: Shutting down and abandoning module WindowsNoEditorTargetPlatform (22)
[2014.10.20-19.26.06:208][117]LogModuleManager: Shutting down and abandoning module WindowsClientTargetPlatform (21)
[2014.10.20-19.26.06:208][117]LogModuleManager: Shutting down and abandoning module TargetPlatform (20)
[2014.10.20-19.26.06:208][117]LogModuleManager: Shutting down and abandoning module InputCore (19)
[2014.10.20-19.26.06:208][117]LogModuleManager: Shutting down and abandoning module Settings (18)
[2014.10.20-19.26.06:208][117]LogModuleManager: Shutting down and abandoning module ImageWrapper (17)
[2014.10.20-19.26.06:208][117]LogModuleManager: Shutting down and abandoning module OculusRift (14)
[2014.10.20-19.26.06:208][117]LogModuleManager: Shutting down and abandoning module ExampleDeviceProfileSelector (13)
[2014.10.20-19.26.06:208][117]LogModuleManager: Shutting down and abandoning module TextureCompressor (12)
[2014.10.20-19.26.06:208][117]LogModuleManager: Shutting down and abandoning module ShaderCore (11)
[2014.10.20-19.26.06:208][117]LogModuleManager: Shutting down and abandoning module SlateRHIRenderer (10)
[2014.10.20-19.26.06:209][117]LogModuleManager: Shutting down and abandoning module OpenGLDrv (9)
[2014.10.20-19.26.06:209][117]LogModuleManager: Shutting down and abandoning module D3D11RHI (8)
[2014.10.20-19.26.06:209][117]LogModuleManager: Shutting down and abandoning module Renderer (7)
[2014.10.20-19.26.06:209][117]LogModuleManager: Shutting down and abandoning module Engine (6)
[2014.10.20-19.26.06:209][117]LogModuleManager: Shutting down and abandoning module CoreUObject (5)
[2014.10.20-19.26.06:209][117]LogModuleManager: Shutting down and abandoning module NetworkFile (4)
[2014.10.20-19.26.06:209][117]LogModuleManager: Shutting down and abandoning module StreamingFile (3)
[2014.10.20-19.26.06:209][117]LogModuleManager: Shutting down and abandoning module SandboxFile (2)
[2014.10.20-19.26.06:209][117]LogModuleManager: Shutting down and abandoning module PakFile (1)
[2014.10.20-19.26.06:209][117]LogExit: Exiting.
[2014.10.20-19.26.06:214][117]Log file closed, 10/20/14 14:26:06
