Log file open, 10/19/14 11:51:24
LogInit:Display: Running engine for game: MyProject
LogInit: Version: 4.5.0-2326478+++depot+UE4-Releases+4.5
LogInit: API Version: 2326478
LogInit: Compiled (64-bit): Oct 11 2014 09:24:31
LogInit: Compiled with Visual C++: 18.00.21005.01
LogInit: Build Configuration: Development
LogInit: Branch Name: ++depot+UE4-Releases+4.5
LogInit: Command line:  
LogInit: Base directory: C:/Program Files/Unreal Engine/4.5/Engine/Binaries/Win64/
LogInit: Rocket: 1
[2014.10.19-16.51.24:872][  0]LogTaskGraph: Started task graph with 3 named threads and 4 total threads.
[2014.10.19-16.51.24:914][  0]LogOnline:Warning: No default platform service specified for OnlineSubsystem
[2014.10.19-16.51.24:995][  0]LogInit: Presizing for 0 objects not considered by GC, pre-allocating 0 bytes.
[2014.10.19-16.51.25:035][  0]LogInit: Object subsystem initialized
[2014.10.19-16.51.25:053][  0]LogConsoleResponse:Warning: Skipping Unknown console variable: 'UIScaleRule = ShortestSide'
[2014.10.19-16.51.25:053][  0]LogConsoleResponse:Warning:   Found in ini file 'C:/Users/Tri Nguyen/Documents/Unreal Projects/MyProject/Saved/Config/Windows/Engine.ini', in section '[/Script/Engine.RendererSettings]'
[2014.10.19-16.51.25:053][  0]LogConsoleResponse:Warning: Skipping Unknown console variable: 'UIScaleCurve = (EditorCurveData=(Keys=((Time=480.000000,Value=0.444000),(Time=720.000000,Value=0.666000),(Time=1080.000000,Value=1.000000),(Time=8640.000000,Value=8.000000))),ExternalCurve=None)'
[2014.10.19-16.51.25:053][  0]LogConsoleResponse:Warning:   Found in ini file 'C:/Users/Tri Nguyen/Documents/Unreal Projects/MyProject/Saved/Config/Windows/Engine.ini', in section '[/Script/Engine.RendererSettings]'
[2014.10.19-16.51.25:063][  0]LogInit: Selected Device Profile: [Windows]
[2014.10.19-16.51.25:063][  0]LogInit: Applying CVar settings loaded from the selected device profile: [Windows]
[2014.10.19-16.51.25:079][  0]LogInit: Computer: TRINGUYEN-PC
[2014.10.19-16.51.25:079][  0]LogInit: User: TriNguyen
[2014.10.19-16.51.25:080][  0]LogInit: CPU Page size=4096, Cores=4
[2014.10.19-16.51.25:080][  0]LogInit: High frequency timer resolution =2.143623 MHz
[2014.10.19-16.51.25:081][  0]LogMemory: Memory total: Physical=15.9GB (16GB approx) Virtual=8192.0GB
[2014.10.19-16.51.25:081][  0]LogMemory: Platform Memory Stats for Windows
[2014.10.19-16.51.25:081][  0]LogMemory: Process Physical Memory: 66.95 MB used, 66.95 MB peak
[2014.10.19-16.51.25:081][  0]LogMemory: Process Virtual Memory: 43.55 MB used, 43.55 MB peak
[2014.10.19-16.51.25:081][  0]LogMemory: Physical Memory: 3214.62 MB used, 16266.36 MB total
[2014.10.19-16.51.25:081][  0]LogMemory: Virtual Memory: 278.62 MB used, 8388608.00 MB total
[2014.10.19-16.51.25:150][  0]LogD3D11RHI: Found D3D11 adapter 0: Intel(R) HD Graphics 4000 (Feature Level 11_0)
[2014.10.19-16.51.25:150][  0]LogD3D11RHI: Adapter has 64MB of dedicated video memory, 0MB of dedicated system memory, and 1632MB of shared system memory, 1 output[s]
[2014.10.19-16.51.25:150][  0]LogD3D11RHI: Chosen D3D11 Adapter Id = 0
[2014.10.19-16.51.25:156][  0]LogRHI: Texture pool is 616 MB (70% of 880 MB)
[2014.10.19-16.51.25:175][  0]LogD3D11RHI: Async texture creation enabled
[2014.10.19-16.51.25:351][  0]LogTextLocalizationManager: The requested culture ('en_US') has no localization data; parent culture's ('en') localization data will be used.
[2014.10.19-16.51.25:517][  0]LogContentStreaming: Texture pool size is 0.000000MB
[2014.10.19-16.51.31:079][  0]LogTargetPlatformManager:Display: Building Assets For Windows
[2014.10.19-16.51.31:526][  0]LogTargetPlatformManager:Display: Building Assets For Windows
[2014.10.19-16.51.31:587][  0]LogDerivedDataCache:Display: Max Cache Size: 512 MB
[2014.10.19-16.51.31:720][  0]LogDerivedDataCache: Loaded boot cache 0.13s 39MB C:/Users/Tri Nguyen/AppData/Local/UnrealEngine/4.5/DerivedDataCache/Boot.ddc.
[2014.10.19-16.51.31:720][  0]LogDerivedDataCache:Display: Loaded Boot cache: C:/Users/Tri Nguyen/AppData/Local/UnrealEngine/4.5/DerivedDataCache/Boot.ddc
[2014.10.19-16.51.31:720][  0]LogDerivedDataCache: FDerivedDataBackendGraph:  Pak pak cache file ../../../../../../Users/Tri Nguyen/Documents/Unreal Projects/MyProject/DerivedDataCache/DDC.ddp not found, will not use a pak cache.
[2014.10.19-16.51.31:720][  0]LogDerivedDataCache: Unable to find inner node Pak for hierarchical cache Hierarchy.
[2014.10.19-16.51.31:799][  0]LogDerivedDataCache:Display: Pak cache opened for reading ../../../Engine/DerivedDataCache/DDC.ddp.
[2014.10.19-16.51.31:816][  0]LogDerivedDataCache: Using Local data cache path C:/Users/Tri Nguyen/AppData/Local/UnrealEngine/Common/DerivedDataCache: Writable
[2014.10.19-16.51.32:285][  0]LogMeshUtilities: No automatic mesh reduction module available
[2014.10.19-16.51.32:285][  0]LogMeshUtilities: No automatic mesh merging module available
[2014.10.19-16.51.32:576][  0]LogLinker:Warning: Asset '../../../Engine/Content/Functions/Engine_MaterialFunctions02/Texturing/FlipBook.uasset' has been saved with empty engine version. The asset will be loaded but may be incompatible.
[2014.10.19-16.51.32:581][  0]LogLinker:Warning: Asset '../../../Engine/Content/Functions/Engine_MaterialFunctions02/ExampleContent/Textures/flipbook.uasset' has been saved with empty engine version. The asset will be loaded but may be incompatible.
[2014.10.19-16.51.32:808][  0]LogInit: WinSock: version 1.1 (2.2), MaxSocks=32767, MaxUdp=65467
[2014.10.19-16.51.34:166][  0]UdpMessaging: Initializing bridge on interface 0.0.0.0:0 to multicast group 230.0.0.1:6666.
[2014.10.19-16.51.34:400][  0]LogDirectoryWatcher:Warning: Failed to begin reading directory changes for C:/Users/Tri Nguyen/Documents/Unreal Projects/MyProject/Binaries/Win64. Error: 0
[2014.10.19-16.51.34:598][  0]SourceControl: Info Source control is disabled
[2014.10.19-16.51.34:598][  0]SourceControl: Info Source control is disabled
[2014.10.19-16.51.34:604][  0]SourceControl: Info Source control is disabled
[2014.10.19-16.51.34:751][  0]LogObj: 22915 objects as part of root set at end of initial load.
[2014.10.19-16.51.34:751][  0]LogUObjectAllocator: 4803536 out of 0 bytes used by permanent object pool.
[2014.10.19-16.51.34:828][  0]LogEngine: Initializing Engine...
[2014.10.19-16.51.34:977][  0]LogInit: XAudio2 using 'Speakers (Realtek High Definition Audio)' : 2 channels at 48 kHz using 32 bits per sample (channel mask 0x3)
[2014.10.19-16.51.35:116][  0]LogInit: FAudioDevice initialized.
[2014.10.19-16.51.35:185][  0]LogAIModule: Creating AISystem for world NewWorld
[2014.10.19-16.51.35:209][  0]LogDerivedDataCache: Saved boot cache 0.02s 39MB C:/Users/Tri Nguyen/AppData/Local/UnrealEngine/4.5/DerivedDataCache/Boot.ddc.
[2014.10.19-16.51.35:211][  0]LogInit: Texture streaming: Enabled
[2014.10.19-16.51.35:256][  0]LogInit: Transaction tracking system initialized
[2014.10.19-16.51.35:365][  0]BlueprintLog: New page: Editor Load
[2014.10.19-16.51.35:405][  0]LogAssetRegistry: FAssetRegistry took 0.0114 seconds to start up
[2014.10.19-16.51.35:405][  0]LogDirectoryWatcher:Warning: Failed to begin reading directory changes for ../../../Engine/Plugins/Experimental/CharacterAI/Content/. Error: 0
[2014.10.19-16.51.35:913][  0]LogTargetPlatformManager:Display: Building Assets For Windows
[2014.10.19-16.51.36:254][  0]LogTargetPlatformManager:Display: Building Assets For Windows
[2014.10.19-16.51.36:583][  0]LogConsoleResponse:Display: 
[2014.10.19-16.51.36:850][  0]SourceControl: Info Source control is disabled
[2014.10.19-16.51.36:851][  0]Cmd: MAP LOAD FILE="../../../../../../Users/Tri Nguyen/Documents/Unreal Projects/MyProject/Content/Maps/Example_Map.umap" TEMPLATE=0 SHOWPROGRESS=1
[2014.10.19-16.51.36:852][  0]LightingResults: New page: Lighting Build
[2014.10.19-16.51.36:863][  0]MapCheck: New page: Map Check
[2014.10.19-16.51.36:863][  0]LightingResults: New page: Lighting Build
[2014.10.19-16.51.36:891][  0]LogParticles: Destroying 0 GPU particle simulations for FXSystem 0x000000001792DA80
[2014.10.19-16.51.37:244][  0]LogEditorServer: Finished looking for orphan Actors (0.000 secs)
[2014.10.19-16.51.37:245][  0]LogAIModule: Creating AISystem for world Example_Map
[2014.10.19-16.51.37:246][  0]Cmd: MAP CHECKDEP
[2014.10.19-16.51.37:246][  0]MapCheck: New page: Example_Map - Oct 19, 2014, 6:51:37 AM
[2014.10.19-16.51.37:333][  0]MapCheck: Info Map check complete: 0 Error(s), 0 Warning(s), took 87.056ms to complete.
[2014.10.19-16.51.37:333][  0]LogFileHelpers: Loading map 'Example_Map' took 0.483
[2014.10.19-16.51.37:489][  0]LogCollectionManager: Loaded 0 collections in 0.001003 seconds
[2014.10.19-16.51.37:744][  0]LogCrashTracker: Crashtracker disabled due to settings.
[2014.10.19-16.51.37:765][  0]LogUObjectGlobals:Warning: Failed to find object 'Class None.'
[2014.10.19-16.51.37:805][  0]LogLoad: Full Startup: 15.53 seconds (BP compile: 0.08 seconds)
[2014.10.19-16.51.38:164][  0]LogContentBrowser:Verbose: The content browser source was changed by the sources view to '/Game/StarterContent/Materials'
[2014.10.19-16.51.38:366][  0]LogRenderer:Warning: Reallocating scene render targets to support 1136x896.
[2014.10.19-16.51.40:044][  5]LogAssetRegistry: Asset discovery search completed in 4.6511 seconds
[2014.10.19-17.00.22:648][858]LogContentBrowser:Verbose: The content browser source was changed by the sources view to '/Game/StarterContent/Architecture'
[2014.10.19-17.00.24:740][890]LogActorFactory: Actor Factory created Wall_400x400
[2014.10.19-17.00.30:592][ 24]LogActorFactory: Actor Factory created Wall_400x400
[2014.10.19-17.00.36:822][144]LogContentBrowser:Verbose: The content browser source was changed by the sources view to '/Game/StarterContent/Materials'
[2014.10.19-17.01.01:460][726]LogSavePackage: Save=100.929596ms
[2014.10.19-17.01.01:460][726]LogSavePackage: Moving '../../../../../../Users/Tri Nguyen/Documents/Unreal Projects/MyProject/Saved/Example_MapA660A34442875BA93D8030B4188B285C.tmp' to '../../../../../../Users/Tri Nguyen/Documents/Unreal Projects/MyProject/Content/Maps/Example_Map.umap'
[2014.10.19-17.01.01:487][726]LogFileHelpers: Saving map 'Example_Map' took 0.260
[2014.10.19-17.01.07:589][870]LogPlayLevel: PIE:  No blueprints needed recompiling
[2014.10.19-17.01.07:595][870]PIE: New page: PIE session: Example_Map (Oct 19, 2014, 7:01:07 AM)
[2014.10.19-17.01.07:612][870]LogPlayLevel: PIE: StaticDuplicateObject took: (0.016796s)
[2014.10.19-17.01.07:612][870]LogPlayLevel: PIE: World Init took: (0.000503s)
[2014.10.19-17.01.07:612][870]LogPlayLevel: PIE: Created PIE world by copying editor world from /Game/Maps/Example_Map.Example_Map to /Game/Maps/UEDPIE_0_Example_Map.Example_Map (0.017503s)
[2014.10.19-17.01.07:986][870]BlueprintLog:Warning: Warning Blueprint MyProjectile has been migrated and requires re-saving to avoid import errors
[2014.10.19-17.01.07:988][870]BlueprintLog:Warning: Warning Blueprint MyHUD has been migrated and requires re-saving to avoid import errors
[2014.10.19-17.01.07:988][870]BlueprintLog:Warning: Warning Blueprint MyGame has been migrated and requires re-saving to avoid import errors
[2014.10.19-17.01.07:994][870]LogWorld: Game class is 'MyGame_C'
[2014.10.19-17.01.07:999][870]LogAIModule: Creating AISystem for world Example_Map
[2014.10.19-17.01.08:001][870]LogWorld: Bringing World /Game/Maps/UEDPIE_0_Example_Map.Example_Map up for play (max tick rate 60) at 2014.10.19-12.01.08
[2014.10.19-17.01.08:001][870]LogWorld: Bringing up level for play took: 0.001691
[2014.10.19-17.01.08:007][870]PIE: Info Play in editor start time for /Game/Maps/UEDPIE_0_Example_Map -0.359
[2014.10.19-17.08.38:824][  6]LogParticles: Destroying 0 GPU particle simulations for FXSystem 0x0000000004E95580
[2014.10.19-17.09.15:043][947]LogUObjectHash:Warning: Ambiguous search, could be Model /Game/Maps/Example_Map.Example_Map:PersistentLevel.Floor_2.Model_6 or Model /Game/Maps/Example_Map.Example_Map:PersistentLevel.Floor.Model_6
[2014.10.19-17.10.38:601][  3]LogPlayLevel: PIE:  No blueprints needed recompiling
[2014.10.19-17.10.38:602][  3]PIE: New page: PIE session: Example_Map (Oct 19, 2014, 7:10:38 AM)
[2014.10.19-17.10.38:614][  3]LogPlayLevel: PIE: StaticDuplicateObject took: (0.012579s)
[2014.10.19-17.10.38:615][  3]LogPlayLevel: PIE: World Init took: (0.000509s)
[2014.10.19-17.10.38:615][  3]LogPlayLevel: PIE: Created PIE world by copying editor world from /Game/Maps/Example_Map.Example_Map to /Game/Maps/UEDPIE_0_Example_Map.Example_Map (0.013281s)
[2014.10.19-17.10.38:642][  3]LogWorld: Game class is 'MyGame_C'
[2014.10.19-17.10.38:644][  3]LogAIModule: Creating AISystem for world Example_Map
[2014.10.19-17.10.38:646][  3]LogWorld: Bringing World /Game/Maps/UEDPIE_0_Example_Map.Example_Map up for play (max tick rate 60) at 2014.10.19-12.10.38
[2014.10.19-17.10.38:646][  3]LogWorld: Bringing up level for play took: 0.001788
[2014.10.19-17.10.38:648][  3]PIE: Info Play in editor start time for /Game/Maps/UEDPIE_0_Example_Map 0.267
[2014.10.19-17.11.07:308][911]LogParticles: Destroying 0 GPU particle simulations for FXSystem 0x0000000027DB13A0
[2014.10.19-17.11.29:737][392]MapCheck: New page: Map Check
[2014.10.19-17.11.29:809][392]Cmd: MAP REBUILD ALLVISIBLE
[2014.10.19-17.11.29:813][392]LogEditorServer: Rebuildmap Clear paths rebuilt
[2014.10.19-17.11.29:964][392]LightingResults: New page: Lighting Build - Oct 19, 2014, 7:11:29 AM
[2014.10.19-17.11.34:793][392]LogStaticLightingSystem: Running Lightmass w/ ImmediateImport mode ENABLED
[2014.10.19-17.11.34:793][392]LogStaticLightingSystem: Running Lightmass w/ ImmediateProcess mode ENABLED
[2014.10.19-17.11.34:793][392]LogStaticLightingSystem: Running Lightmass w/ Sorting mode ENABLED
[2014.10.19-17.11.34:793][392]LogStaticLightingSystem: Running Lightmass w/ Mapping paddings ENABLED
[2014.10.19-17.11.34:793][392]LogStaticLightingSystem: Running Lightmass w/ Mapping debug paddings DISABLED
[2014.10.19-17.11.34:888][392]LogEditorBuildUtils: Build time 0:00:05
[2014.10.19-17.11.34:894][392]LogMaterial: Missing cached shader map for material FLightmassMaterialRenderer M_Brick_Clay_Old, compiling.
[2014.10.19-17.11.34:900][392]LogMaterial: Missing cached shader map for material FLightmassMaterialRenderer M_Brick_Clay_Old, compiling.
[2014.10.19-17.11.34:933][393]LogMaterial: Missing cached shader map for material FLightmassMaterialRenderer M_AssetPlatform, compiling.
[2014.10.19-17.11.34:935][393]LogMaterial: Missing cached shader map for material FLightmassMaterialRenderer M_AssetPlatform, compiling.
[2014.10.19-17.11.39:698][448]Job is a success!
[2014.10.19-17.11.40:308][449]LogTexture:Display: Building textures: HQ_Lightmap0_1 (AutoDXT)
[2014.10.19-17.11.40:527][449]LogTexture:Display: Building textures: LQ_Lightmap_1_3 (DXT1)
[2014.10.19-17.11.40:541][449]LogTexture:Display: Building textures: HQ_Lightmap1_3 (AutoDXT)
[2014.10.19-17.11.40:557][449]LogTexture:Display: Building textures: LQ_Lightmap_0_2 (DXT1)
[2014.10.19-17.11.40:800][449]LogTexture:Display: Building textures: HQ_Lightmap0_2 (AutoDXT)
[2014.10.19-17.11.41:201][449]LogTexture:Display: Building textures: LQ_Lightmap_0_1 (DXT1)
[2014.10.19-17.11.41:559][449]LogTexture:Display: Building textures: ShadowMapTexture2D_0 (BGRA8)
[2014.10.19-17.11.41:658][449]LogTexture:Display: Building textures: ShadowMapTexture2D_1 (BGRA8)
[2014.10.19-17.11.41:714][449]Lightmass on TRINGUYEN-PC: 4.32 sec total, 108 ms importing, 0 ms setup, 296 ms photons, 3.85 sec processing, 0 ms extra exporting [39/39 mappings]. Threads: 26.8 sec total, 10.4 sec processing.
[2014.10.19-17.11.41:761][449]LogStaticLightingSystem:Warning: Illumination: 11.6 sec (1.66 sec encoding lightmaps)
[2014.10.19-17.11.41:761][449]LogStaticLightingSystem: Lightmap texture memory:  2.7 MB (1.3 MB streaming, 1.3 MB non-streaming), 6 textures
[2014.10.19-17.11.41:761][449]LogStaticLightingSystem: Shadowmap texture memory: 0.0 MB (0.0 MB streaming, 0.0 MB non-streaming), 2 textures
[2014.10.19-17.11.42:769][450]Cmd: MAP CHECK NOTIFYRESULTS
[2014.10.19-17.11.42:770][450]MapCheck: New page: Example_Map - Oct 19, 2014, 7:11:42 AM
[2014.10.19-17.11.42:932][450]MapCheck: Info Map check complete: 0 Error(s), 0 Warning(s), took 161.945ms to complete.
[2014.10.19-17.12.01:412][712]LogEditorViewport: Clicking on Actor (LMB): LightmassImportanceVolume (LightmassImportanceVolume)
[2014.10.19-17.12.25:557][328]LogTexture:Warning: Failed to stream mip data from the derived data cache for /Game/Maps/Example_Map.HQ_Lightmap1_2. Streaming mips will be recached.
[2014.10.19-17.12.25:599][328]LogTexture:Display: Building textures: HQ_Lightmap1_2 (AutoDXT)
[2014.10.19-17.12.29:599][414]LogEditorViewport: Clicking on Actor (LMB): PointLight (PointLight)
[2014.10.19-17.12.30:489][436]Cmd: DELETE
[2014.10.19-17.12.30:489][436]Cmd: ACTOR DELETE
[2014.10.19-17.12.30:491][436]LogEditorActor: Deleted Actor: PointLight
[2014.10.19-17.12.30:575][436]LogEditorActor: Deleted 1 Actors (0.085 secs)
[2014.10.19-17.12.36:992][582]LogSavePackage: Save=265.396484ms
[2014.10.19-17.12.36:992][582]LogSavePackage: Moving '../../../../../../Users/Tri Nguyen/Documents/Unreal Projects/MyProject/Saved/Example_MapC6C1B516429ACC15C4F4A7AB52DF2388.tmp' to '../../../../../../Users/Tri Nguyen/Documents/Unreal Projects/MyProject/Content/Maps/Example_Map.umap'
[2014.10.19-17.12.37:019][582]LogFileHelpers: Saving map 'Example_Map' took 0.428
[2014.10.19-17.12.39:275][621]Cmd: QUIT_EDITOR
[2014.10.19-17.12.39:651][621]LogExit: Preparing to exit.
[2014.10.19-17.12.40:300][621]LogExit: Editor shut down
[2014.10.19-17.12.40:300][621]LogExit: Transaction tracking system shut down
[2014.10.19-17.12.40:301][621]LogParticles: Destroying 0 GPU particle simulations for FXSystem 0x0000000013DD05E0
[2014.10.19-17.12.40:301][621]LogParticles: Destroying 0 GPU particle simulations for FXSystem 0x000000001C6D7600
[2014.10.19-17.12.40:301][621]LogParticles: Destroying 0 GPU particle simulations for FXSystem 0x0000000017FC0680
[2014.10.19-17.12.40:328][621]LogExit: Object subsystem successfully closed.
[2014.10.19-17.12.40:382][621]LogModuleManager: Shutting down and abandoning module AndroidDeviceDetection (166)
[2014.10.19-17.12.40:382][621]LogModuleManager: Shutting down and abandoning module CrashTracker (165)
[2014.10.19-17.12.40:382][621]LogModuleManager: Shutting down and abandoning module SuperSearch (164)
[2014.10.19-17.12.40:382][621]LogModuleManager: Shutting down and abandoning module SceneOutliner (163)
[2014.10.19-17.12.40:382][621]LogModuleManager: Shutting down and abandoning module EditorWidgets (162)
[2014.10.19-17.12.40:382][621]LogModuleManager: Shutting down and abandoning module CollectionManager (161)
[2014.10.19-17.12.40:382][621]LogModuleManager: Shutting down and abandoning module StatsViewer (160)
[2014.10.19-17.12.40:382][621]LogModuleManager: Shutting down and abandoning module FoliageEdit (159)
[2014.10.19-17.12.40:382][621]LogModuleManager: Shutting down and abandoning module LandscapeEditor (158)
[2014.10.19-17.12.40:383][621]LogModuleManager: Shutting down and abandoning module MeshPaint (157)
[2014.10.19-17.12.40:383][621]LogModuleManager: Shutting down and abandoning module ActorPickerMode (156)
[2014.10.19-17.12.40:383][621]LogModuleManager: Shutting down and abandoning module GeometryMode (155)
[2014.10.19-17.12.40:383][621]LogModuleManager: Shutting down and abandoning module TextureAlignMode (154)
[2014.10.19-17.12.40:383][621]LogModuleManager: Shutting down and abandoning module BspMode (153)
[2014.10.19-17.12.40:383][621]LogModuleManager: Shutting down and abandoning module PlacementMode (152)
[2014.10.19-17.12.40:383][621]LogModuleManager: Shutting down and abandoning module AutomationWorker (151)
[2014.10.19-17.12.40:383][621]LogModuleManager: Shutting down and abandoning module CharacterAI (150)
[2014.10.19-17.12.40:383][621]LogModuleManager: Shutting down and abandoning module GameProjectGeneration (149)
[2014.10.19-17.12.40:383][621]LogModuleManager: Shutting down and abandoning module IntroTutorials (148)
[2014.10.19-17.12.40:383][621]LogModuleManager: Shutting down and abandoning module EditorLiveStreaming (147)
[2014.10.19-17.12.40:383][621]LogModuleManager: Shutting down and abandoning module HardwareTargeting (146)
[2014.10.19-17.12.40:383][621]LogModuleManager: Shutting down and abandoning module BehaviorTreeEditor (145)
[2014.10.19-17.12.40:384][621]LogModuleManager: Shutting down and abandoning module DeviceProfileEditor (144)
[2014.10.19-17.12.40:384][621]LogModuleManager: Shutting down and abandoning module UndoHistory (143)
[2014.10.19-17.12.40:384][621]LogModuleManager: Shutting down and abandoning module GameplayTagsEditor (142)
[2014.10.19-17.12.40:384][621]LogModuleManager: Shutting down and abandoning module UserFeedback (141)
[2014.10.19-17.12.40:384][621]LogModuleManager: Shutting down and abandoning module XmlParser (140)
[2014.10.19-17.12.40:384][621]LogModuleManager: Shutting down and abandoning module Blutility (139)
[2014.10.19-17.12.40:384][621]LogModuleManager: Shutting down and abandoning module IOSPlatformEditor (138)
[2014.10.19-17.12.40:384][621]LogModuleManager: Shutting down and abandoning module IOSRuntimeSettings (137)
[2014.10.19-17.12.40:384][621]LogModuleManager: Shutting down and abandoning module AndroidPlatformEditor (136)
[2014.10.19-17.12.40:384][621]LogModuleManager: Shutting down and abandoning module AndroidRuntimeSettings (135)
[2014.10.19-17.12.40:384][621]LogModuleManager: Shutting down and abandoning module ProjectTargetPlatformEditor (134)
[2014.10.19-17.12.40:385][621]LogModuleManager: Shutting down and abandoning module ProjectSettingsViewer (133)
[2014.10.19-17.12.40:385][621]LogModuleManager: Shutting down and abandoning module InputBindingEditor (132)
[2014.10.19-17.12.40:385][621]LogModuleManager: Shutting down and abandoning module EditorSettingsViewer (131)
[2014.10.19-17.12.40:385][621]LogModuleManager: Shutting down and abandoning module SettingsEditor (130)
[2014.10.19-17.12.40:385][621]LogModuleManager: Shutting down and abandoning module ProjectLauncher (129)
[2014.10.19-17.12.40:385][621]LogModuleManager: Shutting down and abandoning module SessionFrontend (128)
[2014.10.19-17.12.40:385][621]LogModuleManager: Shutting down and abandoning module ProfilerClient (127)
[2014.10.19-17.12.40:385][621]LogModuleManager: Shutting down and abandoning module TargetDeviceServices (126)
[2014.10.19-17.12.40:385][621]LogModuleManager: Shutting down and abandoning module DeviceManager (125)
[2014.10.19-17.12.40:385][621]LogModuleManager: Shutting down and abandoning module AutomationController (124)
[2014.10.19-17.12.40:385][621]LogModuleManager: Shutting down and abandoning module AutomationWindow (123)
[2014.10.19-17.12.40:386][621]LogModuleManager: Shutting down and abandoning module Layers (122)
[2014.10.19-17.12.40:386][621]LogModuleManager: Shutting down and abandoning module ComponentVisualizers (121)
[2014.10.19-17.12.40:386][621]LogModuleManager: Shutting down and abandoning module DetailCustomizations (120)
[2014.10.19-17.12.40:386][621]LogModuleManager: Shutting down and abandoning module PackagesDialog (119)
[2014.10.19-17.12.40:386][621]LogModuleManager: Shutting down and abandoning module AssetRegistry (118)
[2014.10.19-17.12.40:491][621]LogModuleManager: Shutting down and abandoning module Persona (117)
[2014.10.19-17.12.40:496][621]LogModuleManager: Shutting down and abandoning module Kismet (116)
[2014.10.19-17.12.40:497][621]LogModuleManager: Shutting down and abandoning module GraphEditor (115)
[2014.10.19-17.12.40:497][621]LogModuleManager: Shutting down and abandoning module ClassViewer (114)
[2014.10.19-17.12.40:497][621]LogModuleManager: Shutting down and abandoning module Toolbox (113)
[2014.10.19-17.12.40:497][621]LogModuleManager: Shutting down and abandoning module ModuleUI (112)
[2014.10.19-17.12.40:497][621]LogModuleManager: Shutting down and abandoning module MovieSceneTools (111)
[2014.10.19-17.12.40:497][621]LogModuleManager: Shutting down and abandoning module OutputLog (110)
[2014.10.19-17.12.40:497][621]LogModuleManager: Shutting down and abandoning module GammaUI (109)
[2014.10.19-17.12.40:498][621]LogModuleManager: Shutting down and abandoning module Documentation (108)
[2014.10.19-17.12.40:498][621]LogModuleManager: Shutting down and abandoning module GameLiveStreaming (107)
[2014.10.19-17.12.40:498][621]LogModuleManager: Shutting down and abandoning module StreamingPauseRendering (106)
[2014.10.19-17.12.40:498][621]LogModuleManager: Shutting down and abandoning module HTTP (105)
[2014.10.19-17.12.40:498][621]LogModuleManager: Shutting down and abandoning module AnalyticsET (104)
[2014.10.19-17.12.40:498][621]LogModuleManager: Shutting down and abandoning module Analytics (103)
[2014.10.19-17.12.40:498][621]LogModuleManager: Shutting down and abandoning module GameplayDebugger (102)
[2014.10.19-17.12.40:498][621]LogModuleManager: Shutting down and abandoning module AIModule (101)
[2014.10.19-17.12.40:498][621]LogModuleManager: Shutting down and abandoning module ProfilerService (100)
[2014.10.19-17.12.40:631][621]LogModuleManager: Shutting down and abandoning module TaskGraph (99)
[2014.10.19-17.12.40:636][621]LogModuleManager: Shutting down and abandoning module SlateRemote (98)
[2014.10.19-17.12.40:637][621]LogModuleManager: Shutting down and abandoning module ScriptEditorPlugin (97)
[2014.10.19-17.12.40:637][621]LogModuleManager: Shutting down and abandoning module CustomMeshComponent (96)
[2014.10.19-17.12.40:637][621]LogModuleManager: Shutting down and abandoning module CableComponent (95)
[2014.10.19-17.12.40:637][621]LogModuleManager: Shutting down and abandoning module MessagingDebugger (94)
[2014.10.19-17.12.40:637][621]LogModuleManager: Shutting down and abandoning module MediaPlayerEditor (93)
[2014.10.19-17.12.40:637][621]LogModuleManager: Shutting down and abandoning module SpeedTreeImporter (92)
[2014.10.19-17.12.40:638][621]LogModuleManager: Shutting down and abandoning module PluginsEditor (91)
[2014.10.19-17.12.40:638][621]LogModuleManager: Shutting down and abandoning module EpicSurvey (90)
[2014.10.19-17.12.40:638][621]LogModuleManager: Shutting down and abandoning module DesktopPlatform (89)
[2014.10.19-17.12.40:638][621]LogModuleManager: Shutting down and abandoning module VisualStudioSourceCodeAccess (88)
[2014.10.19-17.12.40:638][621]LogModuleManager: Shutting down and abandoning module UObjectPlugin (87)
[2014.10.19-17.12.40:638][621]LogModuleManager: Shutting down and abandoning module SubversionSourceControl (86)
[2014.10.19-17.12.40:638][621]LogModuleManager: Shutting down and abandoning module SourceControl (85)
[2014.10.19-17.12.40:638][621]LogModuleManager: Shutting down and abandoning module PerforceSourceControl (84)
[2014.10.19-17.12.40:638][621]LogModuleManager: Shutting down and abandoning module BlankPlugin (83)
[2014.10.19-17.12.40:638][621]LogModuleManager: Shutting down and abandoning module SlateReflector (82)
[2014.10.19-17.12.40:638][621]LogModuleManager: Shutting down and abandoning module DirectoryWatcher (81)
[2014.10.19-17.12.40:638][621]LogModuleManager: Shutting down and abandoning module HotReload (80)
[2014.10.19-17.12.40:638][621]LogModuleManager: Shutting down and abandoning module MainFrame (79)
[2014.10.19-17.12.40:639][621]LogModuleManager: Shutting down and abandoning module LevelEditor (78)
[2014.10.19-17.12.40:640][621]LogModuleManager: Shutting down and abandoning module ViewportSnapping (77)
[2014.10.19-17.12.40:640][621]LogModuleManager: Shutting down and abandoning module SmartSnapping (76)
[2014.10.19-17.12.40:640][621]LogModuleManager: Shutting down and abandoning module PaperTiledImporter (75)
[2014.10.19-17.12.40:640][621]LogModuleManager: Shutting down and abandoning module PaperJsonImporter (74)
[2014.10.19-17.12.40:640][621]LogModuleManager: Shutting down and abandoning module ContentBrowser (73)
[2014.10.19-17.12.40:640][621]LogModuleManager: Shutting down and abandoning module PropertyEditor (72)
[2014.10.19-17.12.40:640][621]LogModuleManager: Shutting down and abandoning module Paper2DEditor (71)
[2014.10.19-17.12.40:641][621]LogModuleManager: Shutting down and abandoning module ScriptPlugin (70)
[2014.10.19-17.12.40:641][621]LogModuleManager: Shutting down and abandoning module UdpMessaging (69)
[2014.10.19-17.12.40:741][621]LogModuleManager: Shutting down and abandoning module Paper2D (68)
[2014.10.19-17.12.40:741][621]LogModuleManager: Shutting down and abandoning module WindowsMoviePlayer (67)
[2014.10.19-17.12.40:743][621]LogModuleManager: Shutting down and abandoning module Media (66)
[2014.10.19-17.12.40:744][621]LogModuleManager: Shutting down and abandoning module WmfMedia (65)
[2014.10.19-17.12.40:750][621]LogModuleManager: Shutting down and abandoning module OnlineBlueprintSupport (64)
[2014.10.19-17.12.40:750][621]LogModuleManager: Shutting down and abandoning module FunctionalTesting (63)
[2014.10.19-17.12.40:750][621]LogModuleManager: Shutting down and abandoning module CollisionAnalyzer (62)
[2014.10.19-17.12.40:750][621]LogModuleManager: Shutting down and abandoning module WorkspaceMenuStructure (61)
[2014.10.19-17.12.40:750][621]LogModuleManager: Shutting down and abandoning module MessageLog (60)
[2014.10.19-17.12.40:750][621]LogModuleManager: Shutting down and abandoning module Sequencer (59)
[2014.10.19-17.12.40:751][621]LogModuleManager: Shutting down and abandoning module AssetTools (58)
[2014.10.19-17.12.40:752][621]LogModuleManager: Shutting down and abandoning module UMGEditor (57)
[2014.10.19-17.12.40:752][621]LogModuleManager: Shutting down and abandoning module UMG (56)
[2014.10.19-17.12.40:753][621]LogModuleManager: Shutting down and abandoning module Slate (55)
[2014.10.19-17.12.40:753][621]LogModuleManager: Shutting down and abandoning module EditorStyle (54)
[2014.10.19-17.12.40:754][621]LogModuleManager: Shutting down and abandoning module SessionServices (53)
[2014.10.19-17.12.40:754][621]LogModuleManager: Shutting down and abandoning module SourceCodeAccess (52)
[2014.10.19-17.12.40:754][621]LogModuleManager: Shutting down and abandoning module HeadMountedDisplay (51)
[2014.10.19-17.12.40:754][621]LogModuleManager: Shutting down and abandoning module XAudio2 (50)
[2014.10.19-17.12.40:754][621]LogModuleManager: Shutting down and abandoning module Networking (48)
[2014.10.19-17.12.40:754][621]LogModuleManager: Shutting down and abandoning module Core (47)
[2014.10.19-17.12.40:754][621]LogModuleManager: Shutting down and abandoning module KismetCompiler (46)
[2014.10.19-17.12.40:754][621]LogModuleManager: Shutting down and abandoning module PhysXFormats (45)
[2014.10.19-17.12.40:754][621]LogModuleManager: Shutting down and abandoning module MeshUtilities (44)
[2014.10.19-17.12.40:754][621]LogModuleManager: Shutting down and abandoning module DerivedDataCache (43)
[2014.10.19-17.12.40:797][621]LogDerivedDataCache: Shutdown
[2014.10.19-17.12.40:797][621]LogModuleManager: Shutting down and abandoning module ShaderFormatOpenGL (42)
[2014.10.19-17.12.40:797][621]LogModuleManager: Shutting down and abandoning module ShaderFormatD3D (41)
[2014.10.19-17.12.40:797][621]LogModuleManager: Shutting down and abandoning module MetalShaderFormat (40)
[2014.10.19-17.12.40:798][621]LogModuleManager: Shutting down and abandoning module TextureFormatUncompressed (39)
[2014.10.19-17.12.40:798][621]LogModuleManager: Shutting down and abandoning module TextureFormatPVR (38)
[2014.10.19-17.12.40:798][621]LogModuleManager: Shutting down and abandoning module TextureFormatDXT (37)
[2014.10.19-17.12.40:798][621]LogModuleManager: Shutting down and abandoning module TextureFormatAndroid (36)
[2014.10.19-17.12.40:798][621]LogModuleManager: Shutting down and abandoning module AudioFormatOpus (35)
[2014.10.19-17.12.40:798][621]LogModuleManager: Shutting down and abandoning module AudioFormatOgg (34)
[2014.10.19-17.12.40:798][621]LogModuleManager: Shutting down and abandoning module AudioFormatADPCM (33)
[2014.10.19-17.12.40:798][621]LogModuleManager: Shutting down and abandoning module Messaging (32)
[2014.10.19-17.12.40:798][621]LogModuleManager: Shutting down and abandoning module IOSTargetPlatform (31)
[2014.10.19-17.12.40:798][621]LogModuleManager: Shutting down and abandoning module Android_PVRTCTargetPlatform (30)
[2014.10.19-17.12.40:798][621]LogModuleManager: Shutting down and abandoning module Android_ETC2TargetPlatform (29)
[2014.10.19-17.12.40:798][621]LogModuleManager: Shutting down and abandoning module Android_ETC1TargetPlatform (28)
[2014.10.19-17.12.40:798][621]LogModuleManager: Shutting down and abandoning module Android_DXTTargetPlatform (27)
[2014.10.19-17.12.40:798][621]LogModuleManager: Shutting down and abandoning module Android_ATCTargetPlatform (26)
[2014.10.19-17.12.40:798][621]LogModuleManager: Shutting down and abandoning module AndroidTargetPlatform (25)
[2014.10.19-17.12.40:798][621]LogModuleManager: Shutting down and abandoning module WindowsTargetPlatform (24)
[2014.10.19-17.12.40:798][621]LogModuleManager: Shutting down and abandoning module WindowsServerTargetPlatform (23)
[2014.10.19-17.12.40:798][621]LogModuleManager: Shutting down and abandoning module WindowsNoEditorTargetPlatform (22)
[2014.10.19-17.12.40:798][621]LogModuleManager: Shutting down and abandoning module WindowsClientTargetPlatform (21)
[2014.10.19-17.12.40:798][621]LogModuleManager: Shutting down and abandoning module TargetPlatform (20)
[2014.10.19-17.12.40:798][621]LogModuleManager: Shutting down and abandoning module InputCore (19)
[2014.10.19-17.12.40:798][621]LogModuleManager: Shutting down and abandoning module Settings (18)
[2014.10.19-17.12.40:798][621]LogModuleManager: Shutting down and abandoning module ImageWrapper (17)
[2014.10.19-17.12.40:798][621]LogModuleManager: Shutting down and abandoning module OculusRift (14)
[2014.10.19-17.12.40:798][621]LogModuleManager: Shutting down and abandoning module ExampleDeviceProfileSelector (13)
[2014.10.19-17.12.40:798][621]LogModuleManager: Shutting down and abandoning module TextureCompressor (12)
[2014.10.19-17.12.40:798][621]LogModuleManager: Shutting down and abandoning module ShaderCore (11)
[2014.10.19-17.12.40:798][621]LogModuleManager: Shutting down and abandoning module SlateRHIRenderer (10)
[2014.10.19-17.12.40:799][621]LogModuleManager: Shutting down and abandoning module OpenGLDrv (9)
[2014.10.19-17.12.40:800][621]LogModuleManager: Shutting down and abandoning module D3D11RHI (8)
[2014.10.19-17.12.40:800][621]LogModuleManager: Shutting down and abandoning module Renderer (7)
[2014.10.19-17.12.40:800][621]LogModuleManager: Shutting down and abandoning module Engine (6)
[2014.10.19-17.12.40:800][621]LogModuleManager: Shutting down and abandoning module CoreUObject (5)
[2014.10.19-17.12.40:800][621]LogModuleManager: Shutting down and abandoning module NetworkFile (4)
[2014.10.19-17.12.40:800][621]LogModuleManager: Shutting down and abandoning module StreamingFile (3)
[2014.10.19-17.12.40:800][621]LogModuleManager: Shutting down and abandoning module SandboxFile (2)
[2014.10.19-17.12.40:800][621]LogModuleManager: Shutting down and abandoning module PakFile (1)
[2014.10.19-17.12.40:801][621]LogExit: Exiting.
[2014.10.19-17.12.40:811][621]Log file closed, 10/19/14 12:12:40
