Log file open, 10/20/14 17:50:34
LogInit:Display: Running engine for game: MyProject
LogInit: Version: 4.5.0-2326478+++depot+UE4-Releases+4.5
LogInit: API Version: 2326478
LogInit: Compiled (64-bit): Oct 11 2014 09:24:31
LogInit: Compiled with Visual C++: 18.00.21005.01
LogInit: Build Configuration: Development
LogInit: Branch Name: ++depot+UE4-Releases+4.5
LogInit: Command line: 
LogInit: Base directory: C:/Program Files/Unreal Engine/4.5/Engine/Binaries/Win64/
LogInit: Rocket: 1
[2014.10.20-22.50.34:341][  0]LogTaskGraph: Started task graph with 3 named threads and 4 total threads.
[2014.10.20-22.50.34:369][  0]LogOnline:Warning: No default platform service specified for OnlineSubsystem
[2014.10.20-22.50.34:388][  0]LogInit: Presizing for 0 objects not considered by GC, pre-allocating 0 bytes.
[2014.10.20-22.50.34:399][  0]LogInit: Object subsystem initialized
[2014.10.20-22.50.34:402][  0]LogConsoleResponse:Warning: Skipping Unknown console variable: 'UIScaleRule = ShortestSide'
[2014.10.20-22.50.34:402][  0]LogConsoleResponse:Warning:   Found in ini file 'C:/Users/Tri Nguyen/Documents/Unreal Projects/MyProject/Saved/Config/Windows/Engine.ini', in section '[/Script/Engine.RendererSettings]'
[2014.10.20-22.50.34:402][  0]LogConsoleResponse:Warning: Skipping Unknown console variable: 'UIScaleCurve = (EditorCurveData=(Keys=((Time=480.000000,Value=0.444000),(Time=720.000000,Value=0.666000),(Time=1080.000000,Value=1.000000),(Time=8640.000000,Value=8.000000))),ExternalCurve=None)'
[2014.10.20-22.50.34:402][  0]LogConsoleResponse:Warning:   Found in ini file 'C:/Users/Tri Nguyen/Documents/Unreal Projects/MyProject/Saved/Config/Windows/Engine.ini', in section '[/Script/Engine.RendererSettings]'
[2014.10.20-22.50.34:403][  0]LogInit: Selected Device Profile: [Windows]
[2014.10.20-22.50.34:403][  0]LogInit: Applying CVar settings loaded from the selected device profile: [Windows]
[2014.10.20-22.50.34:408][  0]LogInit: Computer: TRINGUYEN-PC
[2014.10.20-22.50.34:408][  0]LogInit: User: TriNguyen
[2014.10.20-22.50.34:409][  0]LogInit: CPU Page size=4096, Cores=4
[2014.10.20-22.50.34:409][  0]LogInit: High frequency timer resolution =2.143613 MHz
[2014.10.20-22.50.34:409][  0]LogMemory: Memory total: Physical=15.9GB (16GB approx) Virtual=8192.0GB
[2014.10.20-22.50.34:409][  0]LogMemory: Platform Memory Stats for Windows
[2014.10.20-22.50.34:409][  0]LogMemory: Process Physical Memory: 67.30 MB used, 67.30 MB peak
[2014.10.20-22.50.34:409][  0]LogMemory: Process Virtual Memory: 43.54 MB used, 43.54 MB peak
[2014.10.20-22.50.34:409][  0]LogMemory: Physical Memory: 3703.86 MB used, 16266.36 MB total
[2014.10.20-22.50.34:409][  0]LogMemory: Virtual Memory: 278.62 MB used, 8388608.00 MB total
[2014.10.20-22.50.34:461][  0]LogD3D11RHI: Found D3D11 adapter 0: Intel(R) HD Graphics 4000 (Feature Level 11_0)
[2014.10.20-22.50.34:461][  0]LogD3D11RHI: Adapter has 64MB of dedicated video memory, 0MB of dedicated system memory, and 1632MB of shared system memory, 2 output[s]
[2014.10.20-22.50.34:462][  0]LogD3D11RHI: Chosen D3D11 Adapter Id = 0
[2014.10.20-22.50.34:467][  0]LogRHI: Texture pool is 616 MB (70% of 880 MB)
[2014.10.20-22.50.34:489][  0]LogD3D11RHI: Async texture creation enabled
[2014.10.20-22.50.34:540][  0]LogTextLocalizationManager: The requested culture ('en_US') has no localization data; parent culture's ('en') localization data will be used.
[2014.10.20-22.50.34:710][  0]LogContentStreaming: Texture pool size is 0.000000MB
[2014.10.20-22.50.39:983][  0]LogTargetPlatformManager:Display: Building Assets For Windows
[2014.10.20-22.50.40:398][  0]LogTargetPlatformManager:Display: Building Assets For Windows
[2014.10.20-22.50.40:452][  0]LogDerivedDataCache:Display: Max Cache Size: 512 MB
[2014.10.20-22.50.40:508][  0]LogDerivedDataCache: Loaded boot cache 0.06s 45MB C:/Users/Tri Nguyen/AppData/Local/UnrealEngine/4.5/DerivedDataCache/Boot.ddc.
[2014.10.20-22.50.40:508][  0]LogDerivedDataCache:Display: Loaded Boot cache: C:/Users/Tri Nguyen/AppData/Local/UnrealEngine/4.5/DerivedDataCache/Boot.ddc
[2014.10.20-22.50.40:508][  0]LogDerivedDataCache: FDerivedDataBackendGraph:  Pak pak cache file ../../../../../../Users/Tri Nguyen/Documents/Unreal Projects/MyProject/DerivedDataCache/DDC.ddp not found, will not use a pak cache.
[2014.10.20-22.50.40:508][  0]LogDerivedDataCache: Unable to find inner node Pak for hierarchical cache Hierarchy.
[2014.10.20-22.50.40:585][  0]LogDerivedDataCache:Display: Pak cache opened for reading ../../../Engine/DerivedDataCache/DDC.ddp.
[2014.10.20-22.50.40:597][  0]LogDerivedDataCache: Using Local data cache path C:/Users/Tri Nguyen/AppData/Local/UnrealEngine/Common/DerivedDataCache: Writable
[2014.10.20-22.50.40:778][  0]LogMeshUtilities: No automatic mesh reduction module available
[2014.10.20-22.50.40:778][  0]LogMeshUtilities: No automatic mesh merging module available
[2014.10.20-22.50.41:036][  0]LogLinker:Warning: Asset '../../../Engine/Content/Functions/Engine_MaterialFunctions02/Texturing/FlipBook.uasset' has been saved with empty engine version. The asset will be loaded but may be incompatible.
[2014.10.20-22.50.41:039][  0]LogLinker:Warning: Asset '../../../Engine/Content/Functions/Engine_MaterialFunctions02/ExampleContent/Textures/flipbook.uasset' has been saved with empty engine version. The asset will be loaded but may be incompatible.
[2014.10.20-22.50.41:214][  0]LogInit: WinSock: version 1.1 (2.2), MaxSocks=32767, MaxUdp=65467
[2014.10.20-22.50.41:996][  0]UdpMessaging: Initializing bridge on interface 0.0.0.0:0 to multicast group 230.0.0.1:6666.
[2014.10.20-22.50.42:206][  0]LogDirectoryWatcher:Warning: Failed to begin reading directory changes for C:/Users/Tri Nguyen/Documents/Unreal Projects/MyProject/Binaries/Win64. Error: 0
[2014.10.20-22.50.42:334][  0]SourceControl: Info Source control is disabled
[2014.10.20-22.50.42:334][  0]SourceControl: Info Source control is disabled
[2014.10.20-22.50.42:340][  0]SourceControl: Info Source control is disabled
[2014.10.20-22.50.42:455][  0]LogObj: 22915 objects as part of root set at end of initial load.
[2014.10.20-22.50.42:455][  0]LogUObjectAllocator: 4803544 out of 0 bytes used by permanent object pool.
[2014.10.20-22.50.42:514][  0]LogEngine: Initializing Engine...
[2014.10.20-22.50.42:655][  0]LogInit: XAudio2 using 'Speakers (Realtek High Definition Audio)' : 2 channels at 48 kHz using 32 bits per sample (channel mask 0x3)
[2014.10.20-22.50.42:774][  0]LogInit: FAudioDevice initialized.
[2014.10.20-22.50.42:806][  0]LogAIModule: Creating AISystem for world NewWorld
[2014.10.20-22.50.42:853][  0]LogDerivedDataCache: Saved boot cache 0.05s 45MB C:/Users/Tri Nguyen/AppData/Local/UnrealEngine/4.5/DerivedDataCache/Boot.ddc.
[2014.10.20-22.50.42:856][  0]LogInit: Texture streaming: Enabled
[2014.10.20-22.50.42:900][  0]LogInit: Transaction tracking system initialized
[2014.10.20-22.50.42:992][  0]BlueprintLog: New page: Editor Load
[2014.10.20-22.50.43:023][  0]LogAssetRegistry: FAssetRegistry took 0.0105 seconds to start up
[2014.10.20-22.50.43:023][  0]LogDirectoryWatcher:Warning: Failed to begin reading directory changes for ../../../Engine/Plugins/Experimental/CharacterAI/Content/. Error: 0
[2014.10.20-22.50.43:506][  0]LogTargetPlatformManager:Display: Building Assets For Windows
[2014.10.20-22.50.43:869][  0]LogTargetPlatformManager:Display: Building Assets For Windows
[2014.10.20-22.50.44:078][  0]LogConsoleResponse:Display: 
[2014.10.20-22.50.44:270][  0]SourceControl: Info Source control is disabled
[2014.10.20-22.50.44:270][  0]Cmd: MAP LOAD FILE="../../../../../../Users/Tri Nguyen/Documents/Unreal Projects/MyProject/Content/Maps/Example_Map.umap" TEMPLATE=0 SHOWPROGRESS=1
[2014.10.20-22.50.44:270][  0]LightingResults: New page: Lighting Build
[2014.10.20-22.50.44:279][  0]MapCheck: New page: Map Check
[2014.10.20-22.50.44:279][  0]LightingResults: New page: Lighting Build
[2014.10.20-22.50.44:304][  0]LogParticles: Destroying 0 GPU particle simulations for FXSystem 0x000000001C9B9A80
[2014.10.20-22.50.44:679][  0]LogEditorServer: Finished looking for orphan Actors (