Log file open, 10/20/14 20:07:45
LogInit:Display: Running engine for game: MyProject
LogInit: Version: 4.5.0-2326478+++depot+UE4-Releases+4.5
LogInit: API Version: 2326478
LogInit: Compiled (64-bit): Oct 11 2014 09:24:31
LogInit: Compiled with Visual C++: 18.00.21005.01
LogInit: Build Configuration: Development
LogInit: Branch Name: ++depot+UE4-Releases+4.5
LogInit: Command line:  
LogInit: Base directory: C:/Program Files/Unreal Engine/4.5/Engine/Binaries/Win64/
LogInit: Rocket: 1
[2014.10.21-01.07.45:875][  0]LogTaskGraph: Started task graph with 3 named threads and 4 total threads.
[2014.10.21-01.07.45:904][  0]LogOnline:Warning: No default platform service specified for OnlineSubsystem
[2014.10.21-01.07.45:923][  0]LogInit: Presizing for 0 objects not considered by GC, pre-allocating 0 bytes.
[2014.10.21-01.07.45:934][  0]LogInit: Object subsystem initialized
[2014.10.21-01.07.45:937][  0]LogConsoleResponse:Warning: Skipping Unknown console variable: 'UIScaleRule = ShortestSide'
[2014.10.21-01.07.45:937][  0]LogConsoleResponse:Warning:   Found in ini file 'C:/Users/Tri Nguyen/Documents/Unreal Projects/MyProject/Saved/Config/Windows/Engine.ini', in section '[/Script/Engine.RendererSettings]'
[2014.10.21-01.07.45:937][  0]LogConsoleResponse:Warning: Skipping Unknown console variable: 'UIScaleCurve = (EditorCurveData=(Keys=((Time=480.000000,Value=0.444000),(Time=720.000000,Value=0.666000),(Time=1080.000000,Value=1.000000),(Time=8640.000000,Value=8.000000))),ExternalCurve=None)'
[2014.10.21-01.07.45:937][  0]LogConsoleResponse:Warning:   Found in ini file 'C:/Users/Tri Nguyen/Documents/Unreal Projects/MyProject/Saved/Config/Windows/Engine.ini', in section '[/Script/Engine.RendererSettings]'
[2014.10.21-01.07.45:938][  0]LogInit: Selected Device Profile: [Windows]
[2014.10.21-01.07.45:938][  0]LogInit: Applying CVar settings loaded from the selected device profile: [Windows]
[2014.10.21-01.07.45:943][  0]LogInit: Computer: TRINGUYEN-PC
[2014.10.21-01.07.45:943][  0]LogInit: User: TriNguyen
[2014.10.21-01.07.45:944][  0]LogInit: CPU Page size=4096, Cores=4
[2014.10.21-01.07.45:944][  0]LogInit: High frequency timer resolution =2.143603 MHz
[2014.10.21-01.07.45:944][  0]LogMemory: Memory total: Physical=15.9GB (16GB approx) Virtual=8192.0GB
[2014.10.21-01.07.45:944][  0]LogMemory: Platform Memory Stats for Windows
[2014.10.21-01.07.45:944][  0]LogMemory: Process Physical Memory: 67.02 MB used, 67.02 MB peak
[2014.10.21-01.07.45:944][  0]LogMemory: Process Virtual Memory: 43.63 MB used, 43.63 MB peak
[2014.10.21-01.07.45:944][  0]LogMemory: Physical Memory: 2835.41 MB used, 16266.36 MB total
[2014.10.21-01.07.45:944][  0]LogMemory: Virtual Memory: 278.37 MB used, 8388608.00 MB total
[2014.10.21-01.07.45:997][  0]LogD3D11RHI: Found D3D11 adapter 0: NVIDIA GeForce GT 640M (Feature Level 11_0)
[2014.10.21-01.07.45:997][  0]LogD3D11RHI: Adapter has 1990MB of dedicated video memory, 0MB of dedicated system memory, and 2048MB of shared system memory, 1 output[s]
[2014.10.21-01.07.45:998][  0]LogD3D11RHI: Chosen D3D11 Adapter Id = 0
[2014.10.21-01.07.46:004][  0]LogRHI: Texture pool is 1361 MB (70% of 1945 MB)
[2014.10.21-01.07.46:028][  0]LogD3D11RHI: Async texture creation enabled
[2014.10.21-01.07.46:085][  0]LogTextLocalizationManager: The requested culture ('en_US') has no localization data; parent culture's ('en') localization data will be used.
[2014.10.21-01.07.46:241][  0]LogContentStreaming: Texture pool size is 0.000000MB
[2014.10.21-01.07.51:423][  0]LogTargetPlatformManager:Display: Building Assets For Windows
[2014.10.21-01.07.51:834][  0]LogTargetPlatformManager:Display: Building Assets For Windows
[2014.10.21-01.07.51:887][  0]LogDerivedDataCache:Display: Max Cache Size: 512 MB
[2014.10.21-01.07.52:312][  0]LogDerivedDataCache: Loaded boot cache 0.42s 439MB C:/Users/Tri Nguyen/AppData/Local/UnrealEngine/4.5/DerivedDataCache/Boot.ddc.
[2014.10.21-01.07.52:312][  0]LogDerivedDataCache:Display: Loaded Boot cache: C:/Users/Tri Nguyen/AppData/Local/UnrealEngine/4.5/DerivedDataCache/Boot.ddc
[2014.10.21-01.07.52:312][  0]LogDerivedDataCache: FDerivedDataBackendGraph:  Pak pak cache file ../../../../../../Users/Tri Nguyen/Documents/Unreal Projects/MyProject/DerivedDataCache/DDC.ddp not found, will not use a pak cache.
[2014.10.21-01.07.52:312][  0]LogDerivedDataCache: Unable to find inner node Pak for hierarchical cache Hierarchy.
[2014.10.21-01.07.52:386][  0]LogDerivedDataCache:Display: Pak cache opened for reading ../../../Engine/DerivedDataCache/DDC.ddp.
[2014.10.21-01.07.52:398][  0]LogDerivedDataCache: Using Local data cache path C:/Users/Tri Nguyen/AppData/Local/UnrealEngine/Common/DerivedDataCache: Writable
[2014.10.21-01.07.52:577][  0]LogMeshUtilities: No automatic mesh reduction module available
[2014.10.21-01.07.52:577][  0]LogMeshUtilities: No automatic mesh merging module available
[2014.10.21-01.07.52:802][  0]LogLinker:Warning: Asset '../../../Engine/Content/Functions/Engine_MaterialFunctions02/Texturing/FlipBook.uasset' has been saved with empty engine version. The asset will be loaded but may be incompatible.
[2014.10.21-01.07.52:805][  0]LogLinker:Warning: Asset '../../../Engine/Content/Functions/Engine_MaterialFunctions02/ExampleContent/Textures/flipbook.uasset' has been saved with empty engine version. The asset will be loaded but may be incompatible.
[2014.10.21-01.07.52:970][  0]LogInit: WinSock: version 1.1 (2.2), MaxSocks=32767, MaxUdp=65467
[2014.10.21-01.07.53:703][  0]UdpMessaging: Initializing bridge on interface 0.0.0.0:0 to multicast group 230.0.0.1:6666.
[2014.10.21-01.07.53:882][  0]LogDirectoryWatcher:Warning: Failed to begin reading directory changes for C:/Users/Tri Nguyen/Documents/Unreal Projects/MyProject/Binaries/Win64. Error: 0
[2014.10.21-01.07.54:007][  0]SourceControl: Info Source control is disabled
[2014.10.21-01.07.54:007][  0]SourceControl: Info Source control is disabled
[2014.10.21-01.07.54:013][  0]SourceControl: Info Source control is disabled
[2014.10.21-01.07.54:124][  0]LogObj: 22915 objects as part of root set at end of initial load.
[2014.10.21-01.07.54:124][  0]LogUObjectAllocator: 4803536 out of 0 bytes used by permanent object pool.
[2014.10.21-01.07.54:182][  0]LogEngine: Initializing Engine...
[2014.10.21-01.07.54:315][  0]LogInit: XAudio2 using 'Speakers (Realtek High Definition Audio)' : 2 channels at 48 kHz using 32 bits per sample (channel mask 0x3)
[2014.10.21-01.07.54:430][  0]LogInit: FAudioDevice initialized.
[2014.10.21-01.07.54:476][  0]LogAIModule: Creating AISystem for world NewWorld
[2014.10.21-01.07.54:752][  0]LogDerivedDataCache: Saved boot cache 0.28s 439MB C:/Users/Tri Nguyen/AppData/Local/UnrealEngine/4.5/DerivedDataCache/Boot.ddc.
[2014.10.21-01.07.54:774][  0]LogInit: Texture streaming: Enabled
[2014.10.21-01.07.54:817][  0]LogInit: Transaction tracking system initialized
[2014.10.21-01.07.54:906][  0]BlueprintLog: New page: Editor Load
[2014.10.21-01.07.54:935][  0]LogAssetRegistry: FAssetRegistry took 0.0097 seconds to start up
[2014.10.21-01.07.54:935][  0]LogDirectoryWatcher:Warning: Failed to begin reading directory changes for ../../../Engine/Plugins/Experimental/CharacterAI/Content/. Error: 0
[2014.10.21-01.07.55:410][  0]LogTargetPlatformManager:Display: Building Assets For Windows
[2014.10.21-01.07.55:754][  0]LogTargetPlatformManager:Display: Building Assets For Windows
[2014.10.21-01.07.55:950][  0]LogConsoleResponse:Display: 
[2014.10.21-01.07.56:138][  0]SourceControl: Info Source control is disabled
[2014.10.21-01.07.56:138][  0]Cmd: MAP LOAD FILE="../../../../../../Users/Tri Nguyen/Documents/Unreal Projects/MyProject/Content/Maps/Example_Map.umap" TEMPLATE=0 SHOWPROGRESS=1
[2014.10.21-01.07.56:138][  0]LightingResults: New page: Lighting Build
[2014.10.21-01.07.56:147][  0]MapCheck: New page: Map Check
[2014.10.21-01.07.56:147][  0]LightingResults: New page: Lighting Build
[2014.10.21-01.07.56:163][  0]LogParticles: Destroying 0 GPU particle simulations for FXSystem 0x0000000035EE9A80
[2014.10.21-01.07.56:577][  0]LogEditorServer: Finished looking for orphan Actors (0.000 secs)
[2014.10.21-01.07.56:578][  0]LogAIModule: Creating AISystem for world Example_Map
[2014.10.21-01.07.56:578][  0]Cmd: MAP CHECKDEP
[2014.10.21-01.07.56:578][  0]MapCheck: New page: Example_Map - Oct 20, 2014, 3:07:56 PM
[2014.10.21-01.07.56:666][  0]MapCheck: Info Map check complete: 0 Error(s), 0 Warning(s), took 87.963ms to complete.
[2014.10.21-01.07.56:666][  0]LogFileHelpers: Loading map 'Example_Map' took 0.527
[2014.10.21-01.07.56:770][  0]LogCollectionManager: Loaded 0 collections in 0.001025 seconds
[2014.10.21-01.07.56:942][  0]LogCrashTracker: Crashtracker disabled due to settings.
[2014.10.21-01.07.56:964][  0]LogUObjectGlobals:Warning: Failed to find object 'Class None.'
[2014.10.21-01.07.57:002][  0]LogLoad: Full Startup: 12.29 seconds (BP compile: 0.07 seconds)
[2014.10.21-01.07.57:352][  0]LogContentBrowser:Verbose: The content browser source was changed by the sources view to '/Game/StarterContent/Materials'
[2014.10.21-01.07.57:517][  0]LogRenderer:Warning: Reallocating scene render targets to support 1136x896.
[2014.10.21-01.07.59:019][  5]LogAssetRegistry: Asset discovery search completed in 4.0930 seconds
[2014.10.21-01.08.18:256][ 93]LogPlayLevel: PIE:  No blueprints needed recompiling
[2014.10.21-01.08.18:257][ 93]PIE: New page: PIE session: Example_Map (Oct 20, 2014, 3:08:18 PM)
[2014.10.21-01.08.18:291][ 93]LogPlayLevel: PIE: StaticDuplicateObject took: (0.034278s)
[2014.10.21-01.08.18:292][ 93]LogPlayLevel: PIE: World Init took: (0.000499s)
[2014.10.21-01.08.18:292][ 93]LogPlayLevel: PIE: Created PIE world by copying editor world from /Game/Maps/Example_Map.Example_Map to /Game/Maps/UEDPIE_0_Example_Map.Example_Map (0.034986s)
[2014.10.21-01.08.18:658][ 93]BlueprintLog:Warning: Warning Blueprint MyProjectile has been migrated and requires re-saving to avoid import errors
[2014.10.21-01.08.18:662][ 93]BlueprintLog:Warning: Warning Blueprint MyHUD has been migrated and requires re-saving to avoid import errors
[2014.10.21-01.08.18:662][ 93]BlueprintLog:Warning: Warning Blueprint MyGame has been migrated and requires re-saving to avoid import errors
[2014.10.21-01.08.18:668][ 93]LogWorld: Game class is 'MyGame_C'
[2014.10.21-01.08.18:671][ 93]LogAIModule: Creating AISystem for world Example_Map
[2014.10.21-01.08.18:674][ 93]LogWorld: Bringing World /Game/Maps/UEDPIE_0_Example_Map.Example_Map up for play (max tick rate 60) at 2014.10.20-20.08.18
[2014.10.21-01.08.18:677][ 93]LogWorld: Bringing up level for play took: 0.005790
[2014.10.21-01.08.18:682][ 93]PIE: Info Play in editor start time for /Game/Maps/UEDPIE_0_Example_Map 1.24
[2014.10.21-01.11.21:427][440]LogParticles: Destroying 0 GPU particle simulations for FXSystem 0x000000001CE909A0
[2014.10.21-01.12.47:349][217]LogEditorViewport: Clicking on Actor (LMB): Blueprint_CeilingLight_C (Blueprint_CeilingLight_2)
[2014.10.21-01.12.57:793][407]LogEditorViewport: Clicking on Actor (LMB): StaticMeshActor (Wall_Door_400x400)
[2014.10.21-01.13.00:182][447]LogEditorViewport: Clicking on Actor (LMB): Blueprint_CeilingLight_C (Blueprint_CeilingLight)
[2014.10.21-01.13.09:456][618]LogPlayLevel: PIE:  No blueprints needed recompiling
[2014.10.21-01.13.09:457][618]PIE: New page: PIE session: Example_Map (Oct 20, 2014, 3:13:09 PM)
[2014.10.21-01.13.09:508][618]LogPlayLevel: PIE: StaticDuplicateObject took: (0.050336s)
[2014.10.21-01.13.09:509][618]LogPlayLevel: PIE: World Init took: (0.000958s)
[2014.10.21-01.13.09:509][618]LogPlayLevel: PIE: Created PIE world by copying editor world from /Game/Maps/Example_Map.Example_Map to /Game/Maps/UEDPIE_0_Example_Map.Example_Map (0.051657s)
[2014.10.21-01.13.09:543][618]LogWorld: Game class is 'MyGame_C'
[2014.10.21-01.13.09:547][618]LogAIModule: Creating AISystem for world Example_Map
[2014.10.21-01.13.09:553][618]LogWorld: Bringing World /Game/Maps/UEDPIE_0_Example_Map.Example_Map up for play (max tick rate 60) at 2014.10.20-20.13.09
[2014.10.21-01.13.09:556][618]LogWorld: Bringing up level for play took: 0.009486
[2014.10.21-01.13.09:560][618]PIE: Info Play in editor start time for /Game/Maps/UEDPIE_0_Example_Map 0.118
[2014.10.21-01.13.18:153][814]LogParticles: Destroying 0 GPU particle simulations for FXSystem 0x000000002968A020
[2014.10.21-01.13.46:837][304]LogPlayLevel: PIE:  No blueprints needed recompiling
[2014.10.21-01.13.46:837][304]PIE: New page: PIE session: Example_Map (Oct 20, 2014, 3:13:46 PM)
[2014.10.21-01.13.46:933][304]LogPlayLevel: PIE: StaticDuplicateObject took: (0.096019s)
[2014.10.21-01.13.46:934][304]LogPlayLevel: PIE: World Init took: (0.000997s)
[2014.10.21-01.13.46:935][304]LogPlayLevel: PIE: Created PIE world by copying editor world from /Game/Maps/Example_Map.Example_Map to /Game/Maps/UEDPIE_0_Example_Map.Example_Map (0.097358s)
[2014.10.21-01.13.46:970][304]LogWorld: Game class is 'MyGame_C'
[2014.10.21-01.13.46:974][304]LogAIModule: Creating AISystem for world Example_Map
[2014.10.21-01.13.46:981][304]LogWorld: Bringing World /Game/Maps/UEDPIE_0_Example_Map.Example_Map up for play (max tick rate 60) at 2014.10.20-20.13.46
[2014.10.21-01.13.46:984][304]LogWorld: Bringing up level for play took: 0.010260
[2014.10.21-01.13.46:989][304]PIE: Info Play in editor start time for /Game/Maps/UEDPIE_0_Example_Map -0.454
[2014.10.21-01.13.54:181][455]LogParticles: Destroying 0 GPU particle simulations for FXSystem 0x000000002E1318A0
[2014.10.21-01.14.28:946][ 38]LogPlayLevel: PIE:  No blueprints needed recompiling
[2014.10.21-01.14.28:946][ 38]PIE: New page: PIE session: Example_Map (Oct 20, 2014, 3:14:28 PM)
[2014.10.21-01.14.29:007][ 38]LogPlayLevel: PIE: StaticDuplicateObject took: (0.060691s)
[2014.10.21-01.14.29:008][ 38]LogPlayLevel: PIE: World Init took: (0.000931s)
[2014.10.21-01.14.29:009][ 38]LogPlayLevel: PIE: Created PIE world by copying editor world from /Game/Maps/Example_Map.Example_Map to /Game/Maps/UEDPIE_0_Example_Map.Example_Map (0.061967s)
[2014.10.21-01.14.29:043][ 38]LogWorld: Game class is 'MyGame_C'
[2014.10.21-01.14.29:048][ 38]LogAIModule: Creating AISystem for world Example_Map
[2014.10.21-01.14.29:055][ 38]LogWorld: Bringing World /Game/Maps/UEDPIE_0_Example_Map.Example_Map up for play (max tick rate 60) at 2014.10.20-20.14.29
[2014.10.21-01.14.29:059][ 38]LogWorld: Bringing up level for play took: 0.011030
[2014.10.21-01.14.29:064][ 38]PIE: Info Play in editor start time for /Game/Maps/UEDPIE_0_Example_Map -0.379
[2014.10.21-01.14.32:602][108]LogParticles: Destroying 0 GPU particle simulations for FXSystem 0x0000000029190C20
[2014.10.21-01.14.36:078][163]LogEditorViewport: Clicking on Actor (LMB): PointLight (PointLight)
[2014.10.21-01.14.36:992][179]Cmd: DELETE
[2014.10.21-01.14.36:992][179]Cmd: ACTOR DELETE
[2014.10.21-01.14.36:995][179]LogEditorActor: Deleted Actor: PointLight
[2014.10.21-01.14.37:091][179]LogEditorActor: Deleted 1 Actors (0.098 secs)
[2014.10.21-01.14.38:388][205]LogEditorViewport: Clicking on Actor (LMB): Blueprint_CeilingLight_C (Blueprint_CeilingLight_2)
[2014.10.21-01.14.47:222][382]LogEditorViewport: Clicking on Actor (LMB): Blueprint_CeilingLight_C (Blueprint_CeilingLight_2)
[2014.10.21-01.14.48:412][406]Cmd: DELETE
[2014.10.21-01.14.48:412][406]Cmd: ACTOR DELETE
[2014.10.21-01.14.48:415][406]LogEditorActor: Deleted Actor: Blueprint_CeilingLight_C
[2014.10.21-01.14.48:458][406]LogEditorActor: Deleted 1 Actors (0.046 secs)
[2014.10.21-01.14.50:076][444]LogEditorViewport: Clicking on Actor (LMB): StaticMeshActor (Wall_Door_400x400)
[2014.10.21-01.14.50:696][456]Cmd: DELETE
[2014.10.21-01.14.50:696][456]Cmd: ACTOR DELETE
[2014.10.21-01.14.50:700][456]LogEditorActor: Deleted Actor: StaticMeshActor
[2014.10.21-01.14.50:744][456]LogEditorActor: Deleted 1 Actors (0.047 secs)
[2014.10.21-01.14.51:878][483]Cmd: TRANSACTION UNDO
[2014.10.21-01.14.51:878][483]LogEditorTransaction: Undo Delete Actors
[2014.10.21-01.14.56:525][553]LogEditorViewport: Clicking on Actor (LMB): Blueprint_CeilingLight_C (Blueprint_CeilingLight)
[2014.10.21-01.14.57:431][573]Cmd: DELETE
[2014.10.21-01.14.57:431][573]Cmd: ACTOR DELETE
[2014.10.21-01.14.57:433][573]LogEditorActor: Deleted Actor: Blueprint_CeilingLight_C
[2014.10.21-01.14.57:464][573]LogEditorActor: Deleted 1 Actors (0.033 secs)
[2014.10.21-01.15.21:023][684]LogContentBrowser:Verbose: The content browser source was changed by the sources view to '/Game/StarterContent/Props'
[2014.10.21-01.15.24:250][790]LogActorFactory: Actor Factory created SM_Lamp_Ceiling
[2014.10.21-01.15.26:563][887]LogActorFactory: Actor Factory created SM_Lamp_Ceiling
[2014.10.21-01.15.27:550][937]LogActorFactory: Actor Factory created SM_Lamp_Ceiling
[2014.10.21-01.15.40:885][677]LogEditorViewport: Clicking on Actor (context menu): StaticMeshActor (Wall_400x409)
[2014.10.21-01.15.44:756][879]LogEditorViewport: Clicking on Actor (LMB): BP_Sky_Sphere_C (SkySphereBlueprint)
[2014.10.21-01.16.50:281][937]MapCheck: New page: Map Check
[2014.10.21-01.16.50:382][937]Cmd: MAP REBUILD ALLVISIBLE
[2014.10.21-01.16.50:385][937]LogEditorServer: Rebuildmap Clear paths rebuilt
[2014.10.21-01.16.50:672][937]LightingResults: New page: Lighting Build - Oct 20, 2014, 3:16:50 PM
[2014.10.21-01.16.55:295][937]LogStaticLightingSystem:Warning: No importance volume found, so the scene bounding box was used.  You can optimize your scene's quality and lighting build times by adding importance volumes.
[2014.10.21-01.16.55:322][937]LogStaticLightingSystem: Running Lightmass w/ ImmediateImport mode ENABLED
[2014.10.21-01.16.55:322][937]LogStaticLightingSystem: Running Lightmass w/ ImmediateProcess mode ENABLED
[2014.10.21-01.16.55:322][937]LogStaticLightingSystem: Running Lightmass w/ Sorting mode ENABLED
[2014.10.21-01.16.55:322][937]LogStaticLightingSystem: Running Lightmass w/ Mapping paddings ENABLED
[2014.10.21-01.16.55:322][937]LogStaticLightingSystem: Running Lightmass w/ Mapping debug paddings DISABLED
[2014.10.21-01.16.55:437][937]LogEditorBuildUtils: Build time 0:00:05
[2014.10.21-01.16.55:471][938]LogMaterial: Missing cached shader map for material FLightmassMaterialRenderer M_Lamp, compiling.
[2014.10.21-01.16.55:479][938]LogMaterial: Missing cached shader map for material FLightmassMaterialRenderer M_Lamp, compiling.
[2014.10.21-01.17.03:600][ 65]Job is a success!
[2014.10.21-01.17.04:451][ 67]LogTexture:Display: Building textures: HQ_Lightmap0_1 (AutoDXT)
[2014.10.21-01.17.04:679][ 67]LogTexture:Display: Building textures: LQ_Lightmap_1_6 (DXT1)
[2014.10.21-01.17.04:697][ 67]LogTexture:Display: Building textures: HQ_Lightmap1_6 (AutoDXT)
[2014.10.21-01.17.04:707][ 67]LogTexture:Display: Building textures: LQ_Lightmap_0_5 (DXT1)
[2014.10.21-01.17.04:769][ 67]LogTexture:Display: Building textures: HQ_Lightmap0_5 (AutoDXT)
[2014.10.21-01.17.04:936][ 67]LogTexture:Display: Building textures: LQ_Lightmap_1_4 (DXT1)
[2014.10.21-01.17.04:986][ 67]LogTexture:Display: Building textures: HQ_Lightmap1_4 (AutoDXT)
[2014.10.21-01.17.05:158][ 67]LogTexture:Display: Building textures: LQ_Lightmap_0_3 (DXT1)
[2014.10.21-01.17.05:180][ 67]LogTexture:Display: Building textures: HQ_Lightmap0_3 (AutoDXT)
[2014.10.21-01.17.05:303][ 67]LogTexture:Display: Building textures: LQ_Lightmap_1_2 (DXT1)
[2014.10.21-01.17.05:458][ 67]LogTexture:Display: Building textures: HQ_Lightmap1_2 (AutoDXT)
[2014.10.21-01.17.05:862][ 67]LogTexture:Display: Building textures: LQ_Lightmap_0_1 (DXT1)
[2014.10.21-01.17.06:100][ 67]LogTexture:Display: Building textures: ShadowMapTexture2D_0 (BGRA8)
[2014.10.21-01.17.06:248][ 67]LogTexture:Display: Building textures: ShadowMapTexture2D_1 (BGRA8)
[2014.10.21-01.17.06:273][ 67]LogTexture:Display: Building textures: ShadowMapTexture2D_2 (BGRA8)
[2014.10.21-01.17.06:303][ 67]Lightmass on TRINGUYEN-PC: 8.58 sec total, 141 ms importing, 10 ms setup, 670 ms photons, 7.74 sec processing, 0 ms extra exporting [254/254 mappings]. Threads: 54.0 sec total, 29.6 sec processing.
[2014.10.21-01.17.06:340][ 67]LogStaticLightingSystem:Warning: Illumination: 15.5 sec (2.27 sec encoding lightmaps)
[2014.10.21-01.17.06:340][ 67]LogStaticLightingSystem: Lightmap texture memory:  5.7 MB (4.3 MB streaming, 1.3 MB non-streaming), 12 textures
[2014.10.21-01.17.06:340][ 67]LogStaticLightingSystem: Shadowmap texture memory: 0.0 MB (0.0 MB streaming, 0.0 MB non-streaming), 3 textures
[2014.10.21-01.17.07:316][ 68]Cmd: MAP CHECK NOTIFYRESULTS
[2014.10.21-01.17.07:317][ 68]MapCheck: New page: Example_Map - Oct 20, 2014, 3:17:07 PM
[2014.10.21-01.17.07:496][ 68]MapCheck: Info Map check complete: 0 Error(s), 0 Warning(s), took 179.644ms to complete.
[2014.10.21-01.17.13:064][198]LogTexture:Warning: Failed to stream mip data from the derived data cache for /Game/Maps/Example_Map.HQ_Lightmap0_4. Streaming mips will be recached.
[2014.10.21-01.17.13:071][198]LogTexture:Display: Building textures: HQ_Lightmap0_4 (AutoDXT)
[2014.10.21-01.17.13:200][198]LogTexture:Warning: Failed to stream mip data from the derived data cache for /Game/Maps/Example_Map.HQ_Lightmap1_5. Streaming mips will be recached.
[2014.10.21-01.17.13:202][198]LogTexture:Display: Building textures: HQ_Lightmap1_5 (AutoDXT)
[2014.10.21-01.17.14:921][233]LogTexture:Warning: Failed to stream mip data from the derived data cache for /Game/Maps/Example_Map.HQ_Lightmap1_3. Streaming mips will be recached.
[2014.10.21-01.17.14:928][233]LogTexture:Display: Building textures: HQ_Lightmap1_3 (AutoDXT)
[2014.10.21-01.17.20:191][348]LogPlayLevel: PIE:  No blueprints needed recompiling
[2014.10.21-01.17.20:191][348]PIE: New page: PIE session: Example_Map (Oct 20, 2014, 3:17:20 PM)
[2014.10.21-01.17.20:224][348]LogPlayLevel: PIE: StaticDuplicateObject took: (0.032340s)
[2014.10.21-01.17.20:225][348]LogPlayLevel: PIE: World Init took: (0.000713s)
[2014.10.21-01.17.20:225][348]LogPlayLevel: PIE: Created PIE world by copying editor world from /Game/Maps/Example_Map.Example_Map to /Game/Maps/UEDPIE_0_Example_Map.Example_Map (0.033304s)
[2014.10.21-01.17.20:257][348]LogWorld: Game class is 'MyGame_C'
[2014.10.21-01.17.20:260][348]LogAIModule: Creating AISystem for world Example_Map
[2014.10.21-01.17.20:265][348]LogWorld: Bringing World /Game/Maps/UEDPIE_0_Example_Map.Example_Map up for play (max tick rate 60) at 2014.10.20-20.17.20
[2014.10.21-01.17.20:267][348]LogWorld: Bringing up level for play took: 0.006803
[2014.10.21-01.17.20:270][348]PIE: Info Play in editor start time for /Game/Maps/UEDPIE_0_Example_Map 0.827
[2014.10.21-01.17.22:736][406]LogParticles: Destroying 0 GPU particle simulations for FXSystem 0x00000000297FB380
[2014.10.21-01.17.27:647][526]LogPlayLevel: PIE:  No blueprints needed recompiling
[2014.10.21-01.17.27:647][526]PIE: New page: PIE session: Example_Map (Oct 20, 2014, 3:17:27 PM)
[2014.10.21-01.17.27:718][526]LogPlayLevel: PIE: StaticDuplicateObject took: (0.070852s)
[2014.10.21-01.17.27:719][526]LogPlayLevel: PIE: World Init took: (0.000708s)
[2014.10.21-01.17.27:719][526]LogPlayLevel: PIE: Created PIE world by copying editor world from /Game/Maps/Example_Map.Example_Map to /Game/Maps/UEDPIE_0_Example_Map.Example_Map (0.071823s)
[2014.10.21-01.17.27:754][526]LogWorld: Game class is 'MyGame_C'
[2014.10.21-01.17.27:759][526]LogAIModule: Creating AISystem for world Example_Map
[2014.10.21-01.17.27:766][526]LogWorld: Bringing World /Game/Maps/UEDPIE_0_Example_Map.Example_Map up for play (max tick rate 60) at 2014.10.20-20.17.27
[2014.10.21-01.17.27:770][526]LogWorld: Bringing up level for play took: 0.010708
[2014.10.21-01.17.27:775][526]PIE: Info Play in editor start time for /Game/Maps/UEDPIE_0_Example_Map 0.332
[2014.10.21-01.17.30:320][584]LogParticles: Destroying 0 GPU particle simulations for FXSystem 0x000000001AE9D260
[2014.10.21-01.17.32:583][624]MapCheck: New page: Map Check
[2014.10.21-01.17.32:632][624]Cmd: MAP REBUILD ALLVISIBLE
[2014.10.21-01.17.32:632][624]LogEditorServer: Rebuildmap Clear paths rebuilt
[2014.10.21-01.17.32:911][624]LightingResults: New page: Lighting Build - Oct 20, 2014, 3:17:32 PM
[2014.10.21-01.17.37:533][624]LogStaticLightingSystem:Warning: No importance volume found, so the scene bounding box was used.  You can optimize your scene's quality and lighting build times by adding importance volumes.
[2014.10.21-01.17.37:570][624]LogStaticLightingSystem: Running Lightmass w/ ImmediateImport mode ENABLED
[2014.10.21-01.17.37:570][624]LogStaticLightingSystem: Running Lightmass w/ ImmediateProcess mode ENABLED
[2014.10.21-01.17.37:570][624]LogStaticLightingSystem: Running Lightmass w/ Sorting mode ENABLED
[2014.10.21-01.17.37:570][624]LogStaticLightingSystem: Running Lightmass w/ Mapping paddings ENABLED
[2014.10.21-01.17.37:570][624]LogStaticLightingSystem: Running Lightmass w/ Mapping debug paddings DISABLED
[2014.10.21-01.17.37:638][624]LogEditorBuildUtils: Build time 0:00:05
[2014.10.21-01.17.44:651][769]Job is a success!
[2014.10.21-01.17.45:520][770]LogTexture:Display: Building textures: HQ_Lightmap0_1 (AutoDXT)
[2014.10.21-01.17.45:755][770]LogTexture:Display: Building textures: LQ_Lightmap_0_6 (DXT1)
[2014.10.21-01.17.45:763][770]LogTexture:Display: Building textures: HQ_Lightmap2_6 (AutoDXT)
[2014.10.21-01.17.45:772][770]LogTexture:Display: Building textures: LQ_Lightmap_1_5 (DXT1)
[2014.10.21-01.17.45:834][770]LogTexture:Display: Building textures: HQ_Lightmap2_5 (AutoDXT)
[2014.10.21-01.17.46:023][770]LogTexture:Display: Building textures: LQ_Lightmap_0_4 (DXT1)
[2014.10.21-01.17.46:073][770]LogTexture:Display: Building textures: HQ_Lightmap2_4 (AutoDXT)
[2014.10.21-01.17.46:269][770]LogTexture:Display: Building textures: LQ_Lightmap_1_3 (DXT1)
[2014.10.21-01.17.46:295][770]LogTexture:Display: Building textures: HQ_Lightmap2_3 (AutoDXT)
[2014.10.21-01.17.46:414][770]LogTexture:Display: Building textures: LQ_Lightmap_0_2 (DXT1)
[2014.10.21-01.17.46:579][770]LogTexture:Display: Building textures: HQ_Lightmap2_2 (AutoDXT)
[2014.10.21-01.17.47:048][770]LogTexture:Display: Building textures: LQ_Lightmap_0_1 (DXT1)
[2014.10.21-01.17.47:271][770]LogTexture:Display: Building textures: ShadowMapTexture2D_3 (BGRA8)
[2014.10.21-01.17.47:420][770]LogTexture:Display: Building textures: ShadowMapTexture2D_4 (BGRA8)
[2014.10.21-01.17.47:447][770]LogTexture:Display: Building textures: ShadowMapTexture2D_5 (BGRA8)
[2014.10.21-01.17.47:478][770]Lightmass on TRINGUYEN-PC: 9.48 sec total, 133 ms importing, 10 ms setup, 1.07 sec photons, 8.24 sec processing, 0 ms extra exporting [254/254 mappings]. Threads: 57.5 sec total, 31.8 sec processing.
[2014.10.21-01.17.47:493][770]LogStaticLightingSystem:Warning: Illumination: 14.4 sec (2.38 sec encoding lightmaps)
[2014.10.21-01.17.47:494][770]LogStaticLightingSystem: Lightmap texture memory:  5.7 MB (4.3 MB streaming, 1.3 MB non-streaming), 12 textures
[2014.10.21-01.17.47:494][770]LogStaticLightingSystem: Shadowmap texture memory: 0.0 MB (0.0 MB streaming, 0.0 MB non-streaming), 6 textures
[2014.10.21-01.17.48:541][771]Cmd: MAP CHECK NOTIFYRESULTS
[2014.10.21-01.17.48:541][771]MapCheck: New page: Example_Map - Oct 20, 2014, 3:17:48 PM
[2014.10.21-01.17.48:761][771]MapCheck: Info Map check complete: 0 Error(s), 0 Warning(s), took 220.095ms to complete.
[2014.10.21-01.18.56:018][415]LogPlayLevel: PIE:  No blueprints needed recompiling
[2014.10.21-01.18.56:019][415]PIE: New page: PIE session: Example_Map (Oct 20, 2014, 3:18:56 PM)
[2014.10.21-01.18.56:047][415]LogPlayLevel: PIE: StaticDuplicateObject took: (0.028106s)
[2014.10.21-01.18.56:047][415]LogPlayLevel: PIE: World Init took: (0.000513s)
[2014.10.21-01.18.56:048][415]LogPlayLevel: PIE: Created PIE world by copying editor world from /Game/Maps/Example_Map.Example_Map to /Game/Maps/UEDPIE_0_Example_Map.Example_Map (0.028806s)
[2014.10.21-01.18.56:077][415]LogWorld: Game class is 'MyGame_C'
[2014.10.21-01.18.56:079][415]LogAIModule: Creating AISystem for world Example_Map
[2014.10.21-01.18.56:082][415]LogWorld: Bringing World /Game/Maps/UEDPIE_0_Example_Map.Example_Map up for play (max tick rate 60) at 2014.10.20-20.18.56
[2014.10.21-01.18.56:084][415]LogWorld: Bringing up level for play took: 0.004710
[2014.10.21-01.18.56:086][415]PIE: Info Play in editor start time for /Game/Maps/UEDPIE_0_Example_Map 0.642
[2014.10.21-01.18.59:698][513]LogTexture:Warning: Failed to stream mip data from the derived data cache for /Game/Maps/Example_Map.HQ_Lightmap1_4. Streaming mips will be recached.
[2014.10.21-01.18.59:738][513]LogTexture:Display: Building textures: HQ_Lightmap1_4 (AutoDXT)
[2014.10.21-01.19.04:628][646]LogParticles: Destroying 0 GPU particle simulations for FXSystem 0x000000002894E660
[2014.10.21-01.19.20:447][ 30]LogPlayLevel: PIE:  No blueprints needed recompiling
[2014.10.21-01.19.20:447][ 30]PIE: New page: PIE session: Example_Map (Oct 20, 2014, 3:19:20 PM)
[2014.10.21-01.19.20:491][ 30]LogPlayLevel: PIE: StaticDuplicateObject took: (0.043644s)
[2014.10.21-01.19.20:491][ 30]LogPlayLevel: PIE: World Init took: (0.000552s)
[2014.10.21-01.19.20:492][ 30]LogPlayLevel: PIE: Created PIE world by copying editor world from /Game/Maps/Example_Map.Example_Map to /Game/Maps/UEDPIE_0_Example_Map.Example_Map (0.044449s)
[2014.10.21-01.19.20:527][ 30]LogWorld: Game class is 'MyGame_C'
[2014.10.21-01.19.20:531][ 30]LogAIModule: Creating AISystem for world Example_Map
[2014.10.21-01.19.20:538][ 30]LogWorld: Bringing World /Game/Maps/UEDPIE_0_Example_Map.Example_Map up for play (max tick rate 60) at 2014.10.20-20.19.20
[2014.10.21-01.19.20:542][ 30]LogWorld: Bringing up level for play took: 0.010917
[2014.10.21-01.19.20:547][ 30]PIE: Info Play in editor start time for /Game/Maps/UEDPIE_0_Example_Map -0.898
[2014.10.21-01.19.23:211][109]LogParticles: Destroying 0 GPU particle simulations for FXSystem 0x000000001AE9C9A0
[2014.10.21-01.19.26:091][178]LogPlayLevel: PIE:  No blueprints needed recompiling
[2014.10.21-01.19.26:092][178]PIE: New page: PIE session: Example_Map (Oct 20, 2014, 3:19:26 PM)
[2014.10.21-01.19.26:132][178]LogPlayLevel: PIE: StaticDuplicateObject took: (0.040125s)
[2014.10.21-01.19.26:133][178]LogPlayLevel: PIE: World Init took: (0.000618s)
[2014.10.21-01.19.26:133][178]LogPlayLevel: PIE: Created PIE world by copying editor world from /Game/Maps/Example_Map.Example_Map to /Game/Maps/UEDPIE_0_Example_Map.Example_Map (0.040978s)
[2014.10.21-01.19.26:168][178]LogWorld: Game class is 'MyGame_C'
[2014.10.21-01.19.26:173][178]LogAIModule: Creating AISystem for world Example_Map
[2014.10.21-01.19.26:180][178]LogWorld: Bringing World /Game/Maps/UEDPIE_0_Example_Map.Example_Map up for play (max tick rate 60) at 2014.10.20-20.19.26
[2014.10.21-01.19.26:184][178]LogWorld: Bringing up level for play took: 0.010508
[2014.10.21-01.19.26:187][178]PIE: Info Play in editor start time for /Game/Maps/UEDPIE_0_Example_Map 0.743
[2014.10.21-01.19.29:410][270]LogParticles: Destroying 0 GPU particle simulations for FXSystem 0x00000000297FBBA0
[2014.10.21-01.19.40:409][514]LogPlayLevel: PIE:  No blueprints needed recompiling
[2014.10.21-01.19.40:409][514]PIE: New page: PIE session: Example_Map (Oct 20, 2014, 3:19:40 PM)
[2014.10.21-01.19.40:456][514]LogPlayLevel: PIE: StaticDuplicateObject took: (0.046779s)
[2014.10.21-01.19.40:457][514]LogPlayLevel: PIE: World Init took: (0.000777s)
[2014.10.21-01.19.40:457][514]LogPlayLevel: PIE: Created PIE world by copying editor world from /Game/Maps/Example_Map.Example_Map to /Game/Maps/UEDPIE_0_Example_Map.Example_Map (0.047843s)
[2014.10.21-01.19.40:492][514]LogWorld: Game class is 'MyGame_C'
[2014.10.21-01.19.40:495][514]LogAIModule: Creating AISystem for world Example_Map
[2014.10.21-01.19.40:501][514]LogWorld: Bringing World /Game/Maps/UEDPIE_0_Example_Map.Example_Map up for play (max tick rate 60) at 2014.10.20-20.19.40
[2014.10.21-01.19.40:505][514]LogWorld: Bringing up level for play took: 0.010250
[2014.10.21-01.19.40:510][514]PIE: Info Play in editor start time for /Game/Maps/UEDPIE_0_Example_Map 1.064
[2014.10.21-01.19.55:576][904]LogParticles: Destroying 0 GPU particle simulations for FXSystem 0x0000000033177D80
[2014.10.21-01.20.04:110][ 84]LogPlayLevel: PIE:  No blueprints needed recompiling
[2014.10.21-01.20.04:110][ 84]PIE: New page: PIE session: Example_Map (Oct 20, 2014, 3:20:04 PM)
[2014.10.21-01.20.04:157][ 84]LogPlayLevel: PIE: StaticDuplicateObject took: (0.047121s)
[2014.10.21-01.20.04:158][ 84]LogPlayLevel: PIE: World Init took: (0.000752s)
[2014.10.21-01.20.04:158][ 84]LogPlayLevel: PIE: Created PIE world by copying editor world from /Game/Maps/Example_Map.Example_Map to /Game/Maps/UEDPIE_0_Example_Map.Example_Map (0.048133s)
[2014.10.21-01.20.04:188][ 84]LogWorld: Game class is 'MyGame_C'
[2014.10.21-01.20.04:191][ 84]LogAIModule: Creating AISystem for world Example_Map
[2014.10.21-01.20.04:196][ 84]LogWorld: Bringing World /Game/Maps/UEDPIE_0_Example_Map.Example_Map up for play (max tick rate 60) at 2014.10.20-20.20.04
[2014.10.21-01.20.04:200][ 84]LogWorld: Bringing up level for play took: 0.008794
[2014.10.21-01.20.04:205][ 84]PIE: Info Play in editor start time for /Game/Maps/UEDPIE_0_Example_Map 0.759
[2014.10.21-01.20.05:550][113]LogParticles: Destroying 0 GPU particle simulations for FXSystem 0x000000001D9B9D00
[2014.10.21-01.20.06:335][125]MapCheck: New page: Map Check
[2014.10.21-01.20.06:396][125]Cmd: MAP REBUILD ALLVISIBLE
[2014.10.21-01.20.06:397][125]LogEditorServer: Rebuildmap Clear paths rebuilt
[2014.10.21-01.20.06:713][125]LightingResults: New page: Lighting Build - Oct 20, 2014, 3:20:06 PM
[2014.10.21-01.20.11:328][125]LogStaticLightingSystem:Warning: No importance volume found, so the scene bounding box was used.  You can optimize your scene's quality and lighting build times by adding importance volumes.
[2014.10.21-01.20.11:358][125]LogStaticLightingSystem: Running Lightmass w/ ImmediateImport mode ENABLED
[2014.10.21-01.20.11:358][125]LogStaticLightingSystem: Running Lightmass w/ ImmediateProcess mode ENABLED
[2014.10.21-01.20.11:358][125]LogStaticLightingSystem: Running Lightmass w/ Sorting mode ENABLED
[2014.10.21-01.20.11:358][125]LogStaticLightingSystem: Running Lightmass w/ Mapping paddings ENABLED
[2014.10.21-01.20.11:358][125]LogStaticLightingSystem: Running Lightmass w/ Mapping debug paddings DISABLED
[2014.10.21-01.20.11:426][125]LogEditorBuildUtils: Build time 0:00:05
[2014.10.21-01.20.17:551][259]Job is a success!
[2014.10.21-01.20.18:424][260]LogTexture:Display: Building textures: HQ_Lightmap0_1 (AutoDXT)
[2014.10.21-01.20.18:685][260]LogTexture:Display: Building textures: LQ_Lightmap_1_6 (DXT1)
[2014.10.21-01.20.18:692][260]LogTexture:Display: Building textures: HQ_Lightmap0_6 (AutoDXT)
[2014.10.21-01.20.18:701][260]LogTexture:Display: Building textures: LQ_Lightmap_0_5 (DXT1)
[2014.10.21-01.20.18:766][260]LogTexture:Display: Building textures: HQ_Lightmap1_5 (AutoDXT)
[2014.10.21-01.20.18:948][260]LogTexture:Display: Building textures: LQ_Lightmap_1_4 (DXT1)
[2014.10.21-01.20.19:001][260]LogTexture:Display: Building textures: HQ_Lightmap0_4 (AutoDXT)
[2014.10.21-01.20.19:200][260]LogTexture:Display: Building textures: LQ_Lightmap_0_3 (DXT1)
[2014.10.21-01.20.19:225][260]LogTexture:Display: Building textures: HQ_Lightmap1_3 (AutoDXT)
[2014.10.21-01.20.19:346][260]LogTexture:Display: Building textures: LQ_Lightmap_1_2 (DXT1)
[2014.10.21-01.20.19:504][260]LogTexture:Display: Building textures: HQ_Lightmap0_2 (AutoDXT)
[2014.10.21-01.20.19:956][260]LogTexture:Display: Building textures: LQ_Lightmap_0_1 (DXT1)
[2014.10.21-01.20.20:200][260]LogTexture:Display: Building textures: ShadowMapTexture2D_6 (BGRA8)
[2014.10.21-01.20.20:351][260]LogTexture:Display: Building textures: ShadowMapTexture2D_7 (BGRA8)
[2014.10.21-01.20.20:379][260]LogTexture:Display: Building textures: ShadowMapTexture2D_8 (BGRA8)
[2014.10.21-01.20.20:413][260]Lightmass on TRINGUYEN-PC: 8.58 sec total, 132 ms importing, 10 ms setup, 697 ms photons, 7.72 sec processing, 0 ms extra exporting [254/254 mappings]. Threads: 53.9 sec total, 28.6 sec processing.
[2014.10.21-01.20.20:427][260]LogStaticLightingSystem:Warning: Illumination: 13.5 sec (2.40 sec encoding lightmaps)
[2014.10.21-01.20.20:427][260]LogStaticLightingSystem: Lightmap texture memory:  5.7 MB (4.3 MB streaming, 1.3 MB non-streaming), 12 textures
[2014.10.21-01.20.20:427][260]LogStaticLightingSystem: Shadowmap texture memory: 0.0 MB (0.0 MB streaming, 0.0 MB non-streaming), 9 textures
[2014.10.21-01.20.21:337][261]Cmd: MAP CHECK NOTIFYRESULTS
[2014.10.21-01.20.21:338][261]MapCheck: New page: Example_Map - Oct 20, 2014, 3:20:21 PM
[2014.10.21-01.20.21:524][261]MapCheck: Info Map check complete: 0 Error(s), 0 Warning(s), took 186.102ms to complete.
[2014.10.21-01.20.24:803][336]LogPlayLevel: PIE:  No blueprints needed recompiling
[2014.10.21-01.20.24:803][336]PIE: New page: PIE session: Example_Map (Oct 20, 2014, 3:20:24 PM)
[2014.10.21-01.20.24:825][336]LogPlayLevel: PIE: StaticDuplicateObject took: (0.021379s)
[2014.10.21-01.20.24:825][336]LogPlayLevel: PIE: World Init took: (0.000517s)
[2014.10.21-01.20.24:825][336]LogPlayLevel: PIE: Created PIE world by copying editor world from /Game/Maps/Example_Map.Example_Map to /Game/Maps/UEDPIE_0_Example_Map.Example_Map (0.022080s)
[2014.10.21-01.20.24:857][336]LogWorld: Game class is 'MyGame_C'
[2014.10.21-01.20.24:859][336]LogAIModule: Creating AISystem for world Example_Map
[2014.10.21-01.20.24:862][336]LogWorld: Bringing World /Game/Maps/UEDPIE_0_Example_Map.Example_Map up for play (max tick rate 60) at 2014.10.20-20.20.24
[2014.10.21-01.20.24:864][336]LogWorld: Bringing up level for play took: 0.004634
[2014.10.21-01.20.24:867][336]PIE: Info Play in editor start time for /Game/Maps/UEDPIE_0_Example_Map -0.578
[2014.10.21-01.20.27:258][398]LogTexture:Warning: Failed to stream mip data from the derived data cache for /Game/Maps/Example_Map.HQ_Lightmap2_4. Streaming mips will be recached.
[2014.10.21-01.20.27:299][398]LogTexture:Display: Building textures: HQ_Lightmap2_4 (AutoDXT)
[2014.10.21-01.20.27:609][399]LogProjectileMovement:Warning: GetSimulationTimeStep() - Max iterations 8 hit while remaining time 0.059565 > MaxSimulationTimeStep (0.050) for '/Game/Maps/UEDPIE_0_Example_Map.Example_Map:PersistentLevel.MyProjectile_C_17.CollisionComponent'
[2014.10.21-01.20.31:732][514]LogParticles: Destroying 0 GPU particle simulations for FXSystem 0x0000000028CCC5E0
[2014.10.21-01.20.41:694][749]LogPlayLevel: PIE:  No blueprints needed recompiling
[2014.10.21-01.20.41:695][749]PIE: New page: PIE session: Example_Map (Oct 20, 2014, 3:20:41 PM)
[2014.10.21-01.20.41:770][749]LogPlayLevel: PIE: StaticDuplicateObject took: (0.075148s)
[2014.10.21-01.20.41:771][749]LogPlayLevel: PIE: World Init took: (0.000755s)
[2014.10.21-01.20.41:771][749]LogPlayLevel: PIE: Created PIE world by copying editor world from /Game/Maps/Example_Map.Example_Map to /Game/Maps/UEDPIE_0_Example_Map.Example_Map (0.076160s)
[2014.10.21-01.20.41:801][749]LogWorld: Game class is 'MyGame_C'
[2014.10.21-01.20.41:805][749]LogAIModule: Creating AISystem for world Example_Map
[2014.10.21-01.20.41:809][749]LogWorld: Bringing World /Game/Maps/UEDPIE_0_Example_Map.Example_Map up for play (max tick rate 60) at 2014.10.20-20.20.41
[2014.10.21-01.20.41:812][749]LogWorld: Bringing up level for play took: 0.006996
[2014.10.21-01.20.41:815][749]PIE: Info Play in editor start time for /Game/Maps/UEDPIE_0_Example_Map 0.369
[2014.10.21-01.20.51:942][ 42]LogParticles: Destroying 0 GPU particle simulations for FXSystem 0x00000000288F8EA0
[2014.10.21-01.20.58:736][210]LogPlayLevel: PIE:  No blueprints needed recompiling
[2014.10.21-01.20.58:737][210]PIE: New page: PIE session: Example_Map (Oct 20, 2014, 3:20:58 PM)
[2014.10.21-01.20.58:790][210]LogPlayLevel: PIE: StaticDuplicateObject took: (0.052891s)
[2014.10.21-01.20.58:790][210]LogPlayLevel: PIE: World Init took: (0.000833s)
[2014.10.21-01.20.58:791][210]LogPlayLevel: PIE: Created PIE world by copying editor world from /Game/Maps/Example_Map.Example_Map to /Game/Maps/UEDPIE_0_Example_Map.Example_Map (0.054012s)
[2014.10.21-01.20.58:824][210]LogWorld: Game class is 'MyGame_C'
[2014.10.21-01.20.58:828][210]LogAIModule: Creating AISystem for world Example_Map
[2014.10.21-01.20.58:835][210]LogWorld: Bringing World /Game/Maps/UEDPIE_0_Example_Map.Example_Map up for play (max tick rate 60) at 2014.10.20-20.20.58
[2014.10.21-01.20.58:839][210]LogWorld: Bringing up level for play took: 0.010577
[2014.10.21-01.20.58:844][210]PIE: Info Play in editor start time for /Game/Maps/UEDPIE_0_Example_Map -0.602
[2014.10.21-01.21.03:012][324]LogParticles: Destroying 0 GPU particle simulations for FXSystem 0x000000003320C400
[2014.10.21-01.21.03:663][337]MapCheck: New page: Map Check
[2014.10.21-01.21.03:709][337]Cmd: MAP REBUILD ALLVISIBLE
[2014.10.21-01.21.03:709][337]LogEditorServer: Rebuildmap Clear paths rebuilt
[2014.10.21-01.21.03:958][337]LightingResults: New page: Lighting Build - Oct 20, 2014, 3:21:03 PM
[2014.10.21-01.21.08:550][337]LogStaticLightingSystem:Warning: No importance volume found, so the scene bounding box was used.  You can optimize your scene's quality and lighting build times by adding importance volumes.
[2014.10.21-01.21.08:588][337]LogStaticLightingSystem: Running Lightmass w/ ImmediateImport mode ENABLED
[2014.10.21-01.21.08:588][337]LogStaticLightingSystem: Running Lightmass w/ ImmediateProcess mode ENABLED
[2014.10.21-01.21.08:588][337]LogStaticLightingSystem: Running Lightmass w/ Sorting mode ENABLED
[2014.10.21-01.21.08:588][337]LogStaticLightingSystem: Running Lightmass w/ Mapping paddings ENABLED
[2014.10.21-01.21.08:588][337]LogStaticLightingSystem: Running Lightmass w/ Mapping debug paddings DISABLED
[2014.10.21-01.21.08:657][337]LogEditorBuildUtils: Build time 0:00:04
[2014.10.21-01.21.14:770][474]Job is a success!
[2014.10.21-01.21.15:594][475]LogTexture:Display: Building textures: HQ_Lightmap0_1 (AutoDXT)
[2014.10.21-01.21.15:844][475]LogTexture:Display: Building textures: LQ_Lightmap_0_6 (DXT1)
[2014.10.21-01.21.15:851][475]LogTexture:Display: Building textures: HQ_Lightmap1_6 (AutoDXT)
[2014.10.21-01.21.15:860][475]LogTexture:Display: Building textures: LQ_Lightmap_1_5 (DXT1)
[2014.10.21-01.21.15:926][475]LogTexture:Display: Building textures: HQ_Lightmap0_5 (AutoDXT)
[2014.10.21-01.21.16:104][475]LogTexture:Display: Building textures: LQ_Lightmap_0_4 (DXT1)
[2014.10.21-01.21.16:159][475]LogTexture:Display: Building textures: HQ_Lightmap1_4 (AutoDXT)
[2014.10.21-01.21.16:350][475]LogTexture:Display: Building textures: LQ_Lightmap_1_3 (DXT1)
[2014.10.21-01.21.16:374][475]LogTexture:Display: Building textures: HQ_Lightmap0_3 (AutoDXT)
[2014.10.21-01.21.16:493][475]LogTexture:Display: Building textures: LQ_Lightmap_0_2 (DXT1)
[2014.10.21-01.21.16:645][475]LogTexture:Display: Building textures: HQ_Lightmap1_2 (AutoDXT)
[2014.10.21-01.21.17:062][475]LogTexture:Display: Building textures: LQ_Lightmap_0_1 (DXT1)
[2014.10.21-01.21.17:296][475]LogTexture:Display: Building textures: ShadowMapTexture2D_9 (BGRA8)
[2014.10.21-01.21.17:447][475]LogTexture:Display: Building textures: ShadowMapTexture2D_10 (BGRA8)
[2014.10.21-01.21.17:476][475]LogTexture:Display: Building textures: ShadowMapTexture2D_11 (BGRA8)
[2014.10.21-01.21.17:509][475]Lightmass on TRINGUYEN-PC: 8.46 sec total, 127 ms importing, 10 ms setup, 687 ms photons, 7.62 sec processing, 0 ms extra exporting [254/254 mappings]. Threads: 53.2 sec total, 28.8 sec processing.
[2014.10.21-01.21.17:525][475]LogStaticLightingSystem:Warning: Illumination: 13.4 sec (2.36 sec encoding lightmaps)
[2014.10.21-01.21.17:525][475]LogStaticLightingSystem: Lightmap texture memory:  5.7 MB (4.3 MB streaming, 1.3 MB non-streaming), 12 textures
[2014.10.21-01.21.17:525][475]LogStaticLightingSystem: Shadowmap texture memory: 0.0 MB (0.0 MB streaming, 0.0 MB non-streaming), 12 textures
[2014.10.21-01.21.18:560][476]Cmd: MAP CHECK NOTIFYRESULTS
[2014.10.21-01.21.18:560][476]MapCheck: New page: Example_Map - Oct 20, 2014, 3:21:18 PM
[2014.10.21-01.21.18:724][476]MapCheck: Info Map check complete: 0 Error(s), 0 Warning(s), took 164.389ms to complete.
[2014.10.21-01.22.28:165][808]LogSavePackage: Save=611.917419ms
[2014.10.21-01.22.28:165][808]LogSavePackage: Moving '../../../../../../Users/Tri Nguyen/Documents/Unreal Projects/MyProject/Saved/Example_MapE51AAE474FE88542F8DCCA85BD88BFAB.tmp' to '../../../../../../Users/Tri Nguyen/Documents/Unreal Projects/MyProject/Content/Maps/Example_Map.umap'
[2014.10.21-01.22.28:194][808]LogFileHelpers: Saving map 'Example_Map' took 0.791
[2014.10.21-01.22.38:327][ 48]LogPlayLevel: PIE:  No blueprints needed recompiling
[2014.10.21-01.22.38:327][ 48]PIE: New page: PIE session: Example_Map (Oct 20, 2014, 3:22:38 PM)
[2014.10.21-01.22.38:400][ 48]LogPlayLevel: PIE: StaticDuplicateObject took: (0.072857s)
[2014.10.21-01.22.38:401][ 48]LogPlayLevel: PIE: World Init took: (0.000785s)
[2014.10.21-01.22.38:401][ 48]LogPlayLevel: PIE: Created PIE world by copying editor world from /Game/Maps/Example_Map.Example_Map to /Game/Maps/UEDPIE_0_Example_Map.Example_Map (0.073932s)
[2014.10.21-01.22.38:434][ 48]LogWorld: Game class is 'MyGame_C'
[2014.10.21-01.22.38:438][ 48]LogAIModule: Creating AISystem for world Example_Map
[2014.10.21-01.22.38:445][ 48]LogWorld: Bringing World /Game/Maps/UEDPIE_0_Example_Map.Example_Map up for play (max tick rate 60) at 2014.10.20-20.22.38
[2014.10.21-01.22.38:449][ 48]LogWorld: Bringing up level for play took: 0.010633
[2014.10.21-01.22.38:454][ 48]PIE: Info Play in editor start time for /Game/Maps/UEDPIE_0_Example_Map 1.008
[2014.10.21-01.22.50:752][408]LogTexture:Warning: Failed to stream mip data from the derived data cache for /Game/Maps/Example_Map.HQ_Lightmap0_4. Streaming mips will be recached.
[2014.10.21-01.22.50:790][408]LogTexture:Display: Building textures: HQ_Lightmap0_4 (AutoDXT)
[2014.10.21-01.22.52:193][443]LogTexture:Warning: Failed to stream mip data from the derived data cache for /Game/Maps/Example_Map.HQ_Lightmap1_3. Streaming mips will be recached.
[2014.10.21-01.22.52:227][443]LogTexture:Display: Building textures: HQ_Lightmap1_3 (AutoDXT)
[2014.10.21-01.22.54:973][523]LogTexture:Warning: Failed to stream mip data from the derived data cache for /Game/Maps/Example_Map.HQ_Lightmap1_5. Streaming mips will be recached.
[2014.10.21-01.22.55:008][523]LogTexture:Display: Building textures: HQ_Lightmap1_5 (AutoDXT)
[2014.10.21-01.23.04:256][804]LogParticles: Destroying 0 GPU particle simulations for FXSystem 0x00000000297F8360
[2014.10.21-01.23.15:481][ 80]LogPlayLevel: PIE:  No blueprints needed recompiling
[2014.10.21-01.23.15:481][ 80]PIE: New page: PIE session: Example_Map (Oct 20, 2014, 3:23:15 PM)
[2014.10.21-01.23.15:527][ 80]LogPlayLevel: PIE: StaticDuplicateObject took: (0.045713s)
[2014.10.21-01.23.15:528][ 80]LogPlayLevel: PIE: World Init took: (0.000748s)
[2014.10.21-01.23.15:528][ 80]LogPlayLevel: PIE: Created PIE world by copying editor world from /Game/Maps/Example_Map.Example_Map to /Game/Maps/UEDPIE_0_Example_Map.Example_Map (0.046717s)
[2014.10.21-01.23.15:563][ 80]LogWorld: Game class is 'MyGame_C'
[2014.10.21-01.23.15:566][ 80]LogAIModule: Creating AISystem for world Example_Map
[2014.10.21-01.23.15:573][ 80]LogWorld: Bringing World /Game/Maps/UEDPIE_0_Example_Map.Example_Map up for play (max tick rate 60) at 2014.10.20-20.23.15
[2014.10.21-01.23.15:576][ 80]LogWorld: Bringing up level for play took: 0.010572
[2014.10.21-01.23.15:581][ 80]PIE: Info Play in editor start time for /Game/Maps/UEDPIE_0_Example_Map 0.136
[2014.10.21-01.23.16:672][105]LogParticles: Destroying 0 GPU particle simulations for FXSystem 0x000000003320CE00
[2014.10.21-01.23.44:449][778]Cmd: QUIT_EDITOR
[2014.10.21-01.23.44:825][778]LogExit: Preparing to exit.
[2014.10.21-01.23.45:916][778]LogExit: Editor shut down
[2014.10.21-01.23.45:916][778]LogExit: Transaction tracking system shut down
[2014.10.21-01.23.45:918][778]LogParticles: Destroying 0 GPU particle simulations for FXSystem 0x00000000293A0FE0
[2014.10.21-01.23.45:918][778]LogParticles: Destroying 0 GPU particle simulations for FXSystem 0x000000001C838EA0
[2014.10.21-01.23.45:918][778]LogParticles: Destroying 0 GPU particle simulations for FXSystem 0x000000001CEE7D80
[2014.10.21-01.23.45:918][778]LogParticles: Destroying 0 GPU particle simulations for FXSystem 0x000000001CE93060
[2014.10.21-01.23.45:945][778]LogExit: Object subsystem successfully closed.
[2014.10.21-01.23.45:992][778]LogModuleManager: Shutting down and abandoning module AndroidDeviceDetection (166)
[2014.10.21-01.23.45:992][778]LogModuleManager: Shutting down and abandoning module CrashTracker (165)
[2014.10.21-01.23.45:992][778]LogModuleManager: Shutting down and abandoning module SuperSearch (164)
[2014.10.21-01.23.45:992][778]LogModuleManager: Shutting down and abandoning module SceneOutliner (163)
[2014.10.21-01.23.45:992][778]LogModuleManager: Shutting down and abandoning module EditorWidgets (162)
[2014.10.21-01.23.45:992][778]LogModuleManager: Shutting down and abandoning module CollectionManager (161)
[2014.10.21-01.23.45:992][778]LogModuleManager: Shutting down and abandoning module StatsViewer (160)
[2014.10.21-01.23.45:992][778]LogModuleManager: Shutting down and abandoning module FoliageEdit (159)
[2014.10.21-01.23.45:992][778]LogModuleManager: Shutting down and abandoning module LandscapeEditor (158)
[2014.10.21-01.23.45:992][778]LogModuleManager: Shutting down and abandoning module MeshPaint (157)
[2014.10.21-01.23.45:992][778]LogModuleManager: Shutting down and abandoning module ActorPickerMode (156)
[2014.10.21-01.23.45:992][778]LogModuleManager: Shutting down and abandoning module GeometryMode (155)
[2014.10.21-01.23.45:992][778]LogModuleManager: Shutting down and abandoning module TextureAlignMode (154)
[2014.10.21-01.23.45:992][778]LogModuleManager: Shutting down and abandoning module BspMode (153)
[2014.10.21-01.23.45:992][778]LogModuleManager: Shutting down and abandoning module PlacementMode (152)
[2014.10.21-01.23.45:992][778]LogModuleManager: Shutting down and abandoning module AutomationWorker (151)
[2014.10.21-01.23.45:992][778]LogModuleManager: Shutting down and abandoning module CharacterAI (150)
[2014.10.21-01.23.45:992][778]LogModuleManager: Shutting down and abandoning module GameProjectGeneration (149)
[2014.10.21-01.23.45:992][778]LogModuleManager: Shutting down and abandoning module IntroTutorials (148)
[2014.10.21-01.23.45:992][778]LogModuleManager: Shutting down and abandoning module EditorLiveStreaming (147)
[2014.10.21-01.23.45:992][778]LogModuleManager: Shutting down and abandoning module HardwareTargeting (146)
[2014.10.21-01.23.45:992][778]LogModuleManager: Shutting down and abandoning module BehaviorTreeEditor (145)
[2014.10.21-01.23.45:992][778]LogModuleManager: Shutting down and abandoning module DeviceProfileEditor (144)
[2014.10.21-01.23.45:992][778]LogModuleManager: Shutting down and abandoning module UndoHistory (143)
[2014.10.21-01.23.45:992][778]LogModuleManager: Shutting down and abandoning module GameplayTagsEditor (142)
[2014.10.21-01.23.45:992][778]LogModuleManager: Shutting down and abandoning module UserFeedback (141)
[2014.10.21-01.23.45:992][778]LogModuleManager: Shutting down and abandoning module XmlParser (140)
[2014.10.21-01.23.45:992][778]LogModuleManager: Shutting down and abandoning module Blutility (139)
[2014.10.21-01.23.45:992][778]LogModuleManager: Shutting down and abandoning module IOSPlatformEditor (138)
[2014.10.21-01.23.45:992][778]LogModuleManager: Shutting down and abandoning module IOSRuntimeSettings (137)
[2014.10.21-01.23.45:992][778]LogModuleManager: Shutting down and abandoning module AndroidPlatformEditor (136)
[2014.10.21-01.23.45:992][778]LogModuleManager: Shutting down and abandoning module AndroidRuntimeSettings (135)
[2014.10.21-01.23.45:992][778]LogModuleManager: Shutting down and abandoning module ProjectTargetPlatformEditor (134)
[2014.10.21-01.23.45:992][778]LogModuleManager: Shutting down and abandoning module ProjectSettingsViewer (133)
[2014.10.21-01.23.45:993][778]LogModuleManager: Shutting down and abandoning module InputBindingEditor (132)
[2014.10.21-01.23.45:993][778]LogModuleManager: Shutting down and abandoning module EditorSettingsViewer (131)
[2014.10.21-01.23.45:993][778]LogModuleManager: Shutting down and abandoning module SettingsEditor (130)
[2014.10.21-01.23.45:993][778]LogModuleManager: Shutting down and abandoning module ProjectLauncher (129)
[2014.10.21-01.23.45:993][778]LogModuleManager: Shutting down and abandoning module SessionFrontend (128)
[2014.10.21-01.23.45:993][778]LogModuleManager: Shutting down and abandoning module ProfilerClient (127)
[2014.10.21-01.23.45:993][778]LogModuleManager: Shutting down and abandoning module TargetDeviceServices (126)
[2014.10.21-01.23.45:993][778]LogModuleManager: Shutting down and abandoning module DeviceManager (125)
[2014.10.21-01.23.45:993][778]LogModuleManager: Shutting down and abandoning module AutomationController (124)
[2014.10.21-01.23.45:993][778]LogModuleManager: Shutting down and abandoning module AutomationWindow (123)
[2014.10.21-01.23.45:993][778]LogModuleManager: Shutting down and abandoning module Layers (122)
[2014.10.21-01.23.45:993][778]LogModuleManager: Shutting down and abandoning module ComponentVisualizers (121)
[2014.10.21-01.23.45:993][778]LogModuleManager: Shutting down and abandoning module DetailCustomizations (120)
[2014.10.21-01.23.45:993][778]LogModuleManager: Shutting down and abandoning module PackagesDialog (119)
[2014.10.21-01.23.45:993][778]LogModuleManager: Shutting down and abandoning module AssetRegistry (118)
[2014.10.21-01.23.46:041][778]LogModuleManager: Shutting down and abandoning module Persona (117)
[2014.10.21-01.23.46:042][778]LogModuleManager: Shutting down and abandoning module Kismet (116)
[2014.10.21-01.23.46:042][778]LogModuleManager: Shutting down and abandoning module GraphEditor (115)
[2014.10.21-01.23.46:042][778]LogModuleManager: Shutting down and abandoning module ClassViewer (114)
[2014.10.21-01.23.46:042][778]LogModuleManager: Shutting down and abandoning module Toolbox (113)
[2014.10.21-01.23.46:042][778]LogModuleManager: Shutting down and abandoning module ModuleUI (112)
[2014.10.21-01.23.46:042][778]LogModuleManager: Shutting down and abandoning module MovieSceneTools (111)
[2014.10.21-01.23.46:042][778]LogModuleManager: Shutting down and abandoning module OutputLog (110)
[2014.10.21-01.23.46:042][778]LogModuleManager: Shutting down and abandoning module GammaUI (109)
[2014.10.21-01.23.46:042][778]LogModuleManager: Shutting down and abandoning module Documentation (108)
[2014.10.21-01.23.46:042][778]LogModuleManager: Shutting down and abandoning module GameLiveStreaming (107)
[2014.10.21-01.23.46:042][778]LogModuleManager: Shutting down and abandoning module StreamingPauseRendering (106)
[2014.10.21-01.23.46:042][778]LogModuleManager: Shutting down and abandoning module HTTP (105)
[2014.10.21-01.23.46:042][778]LogModuleManager: Shutting down and abandoning module AnalyticsET (104)
[2014.10.21-01.23.46:042][778]LogModuleManager: Shutting down and abandoning module Analytics (103)
[2014.10.21-01.23.46:042][778]LogModuleManager: Shutting down and abandoning module GameplayDebugger (102)
[2014.10.21-01.23.46:042][778]LogModuleManager: Shutting down and abandoning module AIModule (101)
[2014.10.21-01.23.46:042][778]LogModuleManager: Shutting down and abandoning module ProfilerService (100)
[2014.10.21-01.23.46:213][778]LogModuleManager: Shutting down and abandoning module TaskGraph (99)
[2014.10.21-01.23.46:213][778]LogModuleManager: Shutting down and abandoning module SlateRemote (98)
[2014.10.21-01.23.46:213][778]LogModuleManager: Shutting down and abandoning module ScriptEditorPlugin (97)
[2014.10.21-01.23.46:213][778]LogModuleManager: Shutting down and abandoning module CustomMeshComponent (96)
[2014.10.21-01.23.46:213][778]LogModuleManager: Shutting down and abandoning module CableComponent (95)
[2014.10.21-01.23.46:213][778]LogModuleManager: Shutting down and abandoning module MessagingDebugger (94)
[2014.10.21-01.23.46:213][778]LogModuleManager: Shutting down and abandoning module MediaPlayerEditor (93)
[2014.10.21-01.23.46:213][778]LogModuleManager: Shutting down and abandoning module SpeedTreeImporter (92)
[2014.10.21-01.23.46:213][778]LogModuleManager: Shutting down and abandoning module PluginsEditor (91)
[2014.10.21-01.23.46:213][778]LogModuleManager: Shutting down and abandoning module EpicSurvey (90)
[2014.10.21-01.23.46:214][778]LogModuleManager: Shutting down and abandoning module DesktopPlatform (89)
[2014.10.21-01.23.46:214][778]LogModuleManager: Shutting down and abandoning module VisualStudioSourceCodeAccess (88)
[2014.10.21-01.23.46:214][778]LogModuleManager: Shutting down and abandoning module UObjectPlugin (87)
[2014.10.21-01.23.46:214][778]LogModuleManager: Shutting down and abandoning module SubversionSourceControl (86)
[2014.10.21-01.23.46:214][778]LogModuleManager: Shutting down and abandoning module SourceControl (85)
[2014.10.21-01.23.46:214][778]LogModuleManager: Shutting down and abandoning module PerforceSourceControl (84)
[2014.10.21-01.23.46:214][778]LogModuleManager: Shutting down and abandoning module BlankPlugin (83)
[2014.10.21-01.23.46:214][778]LogModuleManager: Shutting down and abandoning module SlateReflector (82)
[2014.10.21-01.23.46:214][778]LogModuleManager: Shutting down and abandoning module DirectoryWatcher (81)
[2014.10.21-01.23.46:214][778]LogModuleManager: Shutting down and abandoning module HotReload (80)
[2014.10.21-01.23.46:214][778]LogModuleManager: Shutting down and abandoning module MainFrame (79)
[2014.10.21-01.23.46:214][778]LogModuleManager: Shutting down and abandoning module LevelEditor (78)
[2014.10.21-01.23.46:217][778]LogModuleManager: Shutting down and abandoning module ViewportSnapping (77)
[2014.10.21-01.23.46:217][778]LogModuleManager: Shutting down and abandoning module SmartSnapping (76)
[2014.10.21-01.23.46:217][778]LogModuleManager: Shutting down and abandoning module PaperTiledImporter (75)
[2014.10.21-01.23.46:217][778]LogModuleManager: Shutting down and abandoning module PaperJsonImporter (74)
[2014.10.21-01.23.46:217][778]LogModuleManager: Shutting down and abandoning module ContentBrowser (73)
[2014.10.21-01.23.46:217][778]LogModuleManager: Shutting down and abandoning module PropertyEditor (72)
[2014.10.21-01.23.46:217][778]LogModuleManager: Shutting down and abandoning module Paper2DEditor (71)
[2014.10.21-01.23.46:217][778]LogModuleManager: Shutting down and abandoning module ScriptPlugin (70)
[2014.10.21-01.23.46:217][778]LogModuleManager: Shutting down and abandoning module UdpMessaging (69)
[2014.10.21-01.23.46:317][778]LogModuleManager: Shutting down and abandoning module Paper2D (68)
[2014.10.21-01.23.46:317][778]LogModuleManager: Shutting down and abandoning module WindowsMoviePlayer (67)
[2014.10.21-01.23.46:323][778]LogModuleManager: Shutting down and abandoning module Media (66)
[2014.10.21-01.23.46:323][778]LogModuleManager: Shutting down and abandoning module WmfMedia (65)
[2014.10.21-01.23.46:323][778]LogModuleManager: Shutting down and abandoning module OnlineBlueprintSupport (64)
[2014.10.21-01.23.46:324][778]LogModuleManager: Shutting down and abandoning module FunctionalTesting (63)
[2014.10.21-01.23.46:324][778]LogModuleManager: Shutting down and abandoning module CollisionAnalyzer (62)
[2014.10.21-01.23.46:324][778]LogModuleManager: Shutting down and abandoning module WorkspaceMenuStructure (61)
[2014.10.21-01.23.46:324][778]LogModuleManager: Shutting down and abandoning module MessageLog (60)
[2014.10.21-01.23.46:324][778]LogModuleManager: Shutting down and abandoning module Sequencer (59)
[2014.10.21-01.23.46:324][778]LogModuleManager: Shutting down and abandoning module AssetTools (58)
[2014.10.21-01.23.46:324][778]LogModuleManager: Shutting down and abandoning module UMGEditor (57)
[2014.10.21-01.23.46:324][778]LogModuleManager: Shutting down and abandoning module UMG (56)
[2014.10.21-01.23.46:324][778]LogModuleManager: Shutting down and abandoning module Slate (55)
[2014.10.21-01.23.46:324][778]LogModuleManager: Shutting down and abandoning module EditorStyle (54)
[2014.10.21-01.23.46:327][778]LogModuleManager: Shutting down and abandoning module SessionServices (53)
[2014.10.21-01.23.46:327][778]LogModuleManager: Shutting down and abandoning module SourceCodeAccess (52)
[2014.10.21-01.23.46:328][778]LogModuleManager: Shutting down and abandoning module HeadMountedDisplay (51)
[2014.10.21-01.23.46:328][778]LogModuleManager: Shutting down and abandoning module XAudio2 (50)
[2014.10.21-01.23.46:328][778]LogModuleManager: Shutting down and abandoning module Networking (48)
[2014.10.21-01.23.46:328][778]LogModuleManager: Shutting down and abandoning module Core (47)
[2014.10.21-01.23.46:328][778]LogModuleManager: Shutting down and abandoning module KismetCompiler (46)
[2014.10.21-01.23.46:328][778]LogModuleManager: Shutting down and abandoning module PhysXFormats (45)
[2014.10.21-01.23.46:328][778]LogModuleManager: Shutting down and abandoning module MeshUtilities (44)
[2014.10.21-01.23.46:328][778]LogModuleManager: Shutting down and abandoning module DerivedDataCache (43)
[2014.10.21-01.23.46:407][778]LogDerivedDataCache: Shutdown
[2014.10.21-01.23.46:407][778]LogModuleManager: Shutting down and abandoning module ShaderFormatOpenGL (42)
[2014.10.21-01.23.46:407][778]LogModuleManager: Shutting down and abandoning module ShaderFormatD3D (41)
[2014.10.21-01.23.46:407][778]LogModuleManager: Shutting down and abandoning module MetalShaderFormat (40)
[2014.10.21-01.23.46:407][778]LogModuleManager: Shutting down and abandoning module TextureFormatUncompressed (39)
[2014.10.21-01.23.46:407][778]LogModuleManager: Shutting down and abandoning module TextureFormatPVR (38)
[2014.10.21-01.23.46:407][778]LogModuleManager: Shutting down and abandoning module TextureFormatDXT (37)
[2014.10.21-01.23.46:407][778]LogModuleManager: Shutting down and abandoning module TextureFormatAndroid (36)
[2014.10.21-01.23.46:407][778]LogModuleManager: Shutting down and abandoning module AudioFormatOpus (35)
[2014.10.21-01.23.46:407][778]LogModuleManager: Shutting down and abandoning module AudioFormatOgg (34)
[2014.10.21-01.23.46:407][778]LogModuleManager: Shutting down and abandoning module AudioFormatADPCM (33)
[2014.10.21-01.23.46:407][778]LogModuleManager: Shutting down and abandoning module Messaging (32)
[2014.10.21-01.23.46:407][778]LogModuleManager: Shutting down and abandoning module IOSTargetPlatform (31)
[2014.10.21-01.23.46:407][778]LogModuleManager: Shutting down and abandoning module Android_PVRTCTargetPlatform (30)
[2014.10.21-01.23.46:407][778]LogModuleManager: Shutting down and abandoning module Android_ETC2TargetPlatform (29)
[2014.10.21-01.23.46:407][778]LogModuleManager: Shutting down and abandoning module Android_ETC1TargetPlatform (28)
[2014.10.21-01.23.46:407][778]LogModuleManager: Shutting down and abandoning module Android_DXTTargetPlatform (27)
[2014.10.21-01.23.46:407][778]LogModuleManager: Shutting down and abandoning module Android_ATCTargetPlatform (26)
[2014.10.21-01.23.46:407][778]LogModuleManager: Shutting down and abandoning module AndroidTargetPlatform (25)
[2014.10.21-01.23.46:408][778]LogModuleManager: Shutting down and abandoning module WindowsTargetPlatform (24)
[2014.10.21-01.23.46:408][778]LogModuleManager: Shutting down and abandoning module WindowsServerTargetPlatform (23)
[2014.10.21-01.23.46:408][778]LogModuleManager: Shutting down and abandoning module WindowsNoEditorTargetPlatform (22)
[2014.10.21-01.23.46:408][778]LogModuleManager: Shutting down and abandoning module WindowsClientTargetPlatform (21)
[2014.10.21-01.23.46:408][778]LogModuleManager: Shutting down and abandoning module TargetPlatform (20)
[2014.10.21-01.23.46:408][778]LogModuleManager: Shutting down and abandoning module InputCore (19)
[2014.10.21-01.23.46:408][778]LogModuleManager: Shutting down and abandoning module Settings (18)
[2014.10.21-01.23.46:408][778]LogModuleManager: Shutting down and abandoning module ImageWrapper (17)
[2014.10.21-01.23.46:408][778]LogModuleManager: Shutting down and abandoning module OculusRift (14)
[2014.10.21-01.23.46:408][778]LogModuleManager: Shutting down and abandoning module ExampleDeviceProfileSelector (13)
[2014.10.21-01.23.46:408][778]LogModuleManager: Shutting down and abandoning module TextureCompressor (12)
[2014.10.21-01.23.46:408][778]LogModuleManager: Shutting down and abandoning module ShaderCore (11)
[2014.10.21-01.23.46:408][778]LogModuleManager: Shutting down and abandoning module SlateRHIRenderer (10)
[2014.10.21-01.23.46:410][778]LogModuleManager: Shutting down and abandoning module OpenGLDrv (9)
[2014.10.21-01.23.46:410][778]LogModuleManager: Shutting down and abandoning module D3D11RHI (8)
[2014.10.21-01.23.46:410][778]LogModuleManager: Shutting down and abandoning module Renderer (7)
[2014.10.21-01.23.46:410][778]LogModuleManager: Shutting down and abandoning module Engine (6)
[2014.10.21-01.23.46:410][778]LogModuleManager: Shutting down and abandoning module CoreUObject (5)
[2014.10.21-01.23.46:410][778]LogModuleManager: Shutting down and abandoning module NetworkFile (4)
[2014.10.21-01.23.46:410][778]LogModuleManager: Shutting down and abandoning module StreamingFile (3)
[2014.10.21-01.23.46:410][778]LogModuleManager: Shutting down and abandoning module SandboxFile (2)
[2014.10.21-01.23.46:410][778]LogModuleManager: Shutting down and abandoning module PakFile (1)
[2014.10.21-01.23.46:411][778]LogExit: Exiting.
[2014.10.21-01.23.46:421][778]Log file closed, 10/20/14 20:23:46
