Log file open, 10/19/14 12:36:18
LogInit:Display: Running engine for game: MyProject
LogInit: Version: 4.5.0-2326478+++depot+UE4-Releases+4.5
LogInit: API Version: 2326478
LogInit: Compiled (64-bit): Oct 11 2014 09:24:31
LogInit: Compiled with Visual C++: 18.00.21005.01
LogInit: Build Configuration: Development
LogInit: Branch Name: ++depot+UE4-Releases+4.5
LogInit: Command line:  
LogInit: Base directory: C:/Program Files/Unreal Engine/4.5/Engine/Binaries/Win64/
LogInit: Rocket: 1
[2014.10.19-17.36.18:622][  0]LogTaskGraph: Started task graph with 3 named threads and 4 total threads.
[2014.10.19-17.36.18:662][  0]LogOnline:Warning: No default platform service specified for OnlineSubsystem
[2014.10.19-17.36.18:688][  0]LogInit: Presizing for 0 objects not considered by GC, pre-allocating 0 bytes.
[2014.10.19-17.36.18:698][  0]LogInit: Object subsystem initialized
[2014.10.19-17.36.18:701][  0]LogConsoleResponse:Warning: Skipping Unknown console variable: 'UIScaleRule = ShortestSide'
[2014.10.19-17.36.18:701][  0]LogConsoleResponse:Warning:   Found in ini file 'C:/Users/Tri Nguyen/Documents/Unreal Projects/MyProject/Saved/Config/Windows/Engine.ini', in section '[/Script/Engine.RendererSettings]'
[2014.10.19-17.36.18:701][  0]LogConsoleResponse:Warning: Skipping Unknown console variable: 'UIScaleCurve = (EditorCurveData=(Keys=((Time=480.000000,Value=0.444000),(Time=720.000000,Value=0.666000),(Time=1080.000000,Value=1.000000),(Time=8640.000000,Value=8.000000))),ExternalCurve=None)'
[2014.10.19-17.36.18:701][  0]LogConsoleResponse:Warning:   Found in ini file 'C:/Users/Tri Nguyen/Documents/Unreal Projects/MyProject/Saved/Config/Windows/Engine.ini', in section '[/Script/Engine.RendererSettings]'
[2014.10.19-17.36.18:702][  0]LogInit: Selected Device Profile: [Windows]
[2014.10.19-17.36.18:702][  0]LogInit: Applying CVar settings loaded from the selected device profile: [Windows]
[2014.10.19-17.36.18:706][  0]LogInit: Computer: TRINGUYEN-PC
[2014.10.19-17.36.18:706][  0]LogInit: User: TriNguyen
[2014.10.19-17.36.18:707][  0]LogInit: CPU Page size=4096, Cores=4
[2014.10.19-17.36.18:707][  0]LogInit: High frequency timer resolution =2.143623 MHz
[2014.10.19-17.36.18:707][  0]LogMemory: Memory total: Physical=15.9GB (16GB approx) Virtual=8192.0GB
[2014.10.19-17.36.18:707][  0]LogMemory: Platform Memory Stats for Windows
[2014.10.19-17.36.18:707][  0]LogMemory: Process Physical Memory: 66.95 MB used, 66.95 MB peak
[2014.10.19-17.36.18:707][  0]LogMemory: Process Virtual Memory: 43.55 MB used, 43.55 MB peak
[2014.10.19-17.36.18:707][  0]LogMemory: Physical Memory: 3284.38 MB used, 16266.36 MB total
[2014.10.19-17.36.18:707][  0]LogMemory: Virtual Memory: 278.62 MB used, 8388608.00 MB total
[2014.10.19-17.36.18:757][  0]LogD3D11RHI: Found D3D11 adapter 0: Intel(R) HD Graphics 4000 (Feature Level 11_0)
[2014.10.19-17.36.18:757][  0]LogD3D11RHI: Adapter has 64MB of dedicated video memory, 0MB of dedicated system memory, and 1632MB of shared system memory, 1 output[s]
[2014.10.19-17.36.18:757][  0]LogD3D11RHI: Chosen D3D11 Adapter Id = 0
[2014.10.19-17.36.18:762][  0]LogRHI: Texture pool is 616 MB (70% of 880 MB)
[2014.10.19-17.36.18:779][  0]LogD3D11RHI: Async texture creation enabled
[2014.10.19-17.36.18:830][  0]LogTextLocalizationManager: The requested culture ('en_US') has no localization data; parent culture's ('en') localization data will be used.
[2014.10.19-17.36.18:976][  0]LogContentStreaming: Texture pool size is 0.000000MB
[2014.10.19-17.36.24:099][  0]LogTargetPlatformManager:Display: Building Assets For Windows
[2014.10.19-17.36.24:499][  0]LogTargetPlatformManager:Display: Building Assets For Windows
[2014.10.19-17.36.24:550][  0]LogDerivedDataCache:Display: Max Cache Size: 512 MB
[2014.10.19-17.36.24:589][  0]LogDerivedDataCache: Loaded boot cache 0.04s 39MB C:/Users/Tri Nguyen/AppData/Local/UnrealEngine/4.5/DerivedDataCache/Boot.ddc.
[2014.10.19-17.36.24:589][  0]LogDerivedDataCache:Display: Loaded Boot cache: C:/Users/Tri Nguyen/AppData/Local/UnrealEngine/4.5/DerivedDataCache/Boot.ddc
[2014.10.19-17.36.24:589][  0]LogDerivedDataCache: FDerivedDataBackendGraph:  Pak pak cache file ../../../../../../Users/Tri Nguyen/Documents/Unreal Projects/MyProject/DerivedDataCache/DDC.ddp not found, will not use a pak cache.
[2014.10.19-17.36.24:589][  0]LogDerivedDataCache: Unable to find inner node Pak for hierarchical cache Hierarchy.
[2014.10.19-17.36.24:662][  0]LogDerivedDataCache:Display: Pak cache opened for reading ../../../Engine/DerivedDataCache/DDC.ddp.
[2014.10.19-17.36.24:673][  0]LogDerivedDataCache: Using Local data cache path C:/Users/Tri Nguyen/AppData/Local/UnrealEngine/Common/DerivedDataCache: Writable
[2014.10.19-17.36.24:844][  0]LogMeshUtilities: No automatic mesh reduction module available
[2014.10.19-17.36.24:844][  0]LogMeshUtilities: No automatic mesh merging module available
[2014.10.19-17.36.25:077][  0]LogLinker:Warning: Asset '../../../Engine/Content/Functions/Engine_MaterialFunctions02/Texturing/FlipBook.uasset' has been saved with empty engine version. The asset will be loaded but may be incompatible.
[2014.10.19-17.36.25:080][  0]LogLinker:Warning: Asset '../../../Engine/Content/Functions/Engine_MaterialFunctions02/ExampleContent/Textures/flipbook.uasset' has been saved with empty engine version. The asset will be loaded but may be incompatible.
[2014.10.19-17.36.25:246][  0]LogInit: WinSock: version 1.1 (2.2), MaxSocks=32767, MaxUdp=65467
[2014.10.19-17.36.25:990][  0]UdpMessaging: Initializing bridge on interface 0.0.0.0:0 to multicast group 230.0.0.1:6666.
[2014.10.19-17.36.26:177][  0]LogDirectoryWatcher:Warning: Failed to begin reading directory changes for C:/Users/Tri Nguyen/Documents/Unreal Projects/MyProject/Binaries/Win64. Error: 0
[2014.10.19-17.36.26:301][  0]SourceControl: Info Source control is disabled
[2014.10.19-17.36.26:301][  0]SourceControl: Info Source control is disabled
[2014.10.19-17.36.26:307][  0]SourceControl: Info Source control is disabled
[2014.10.19-17.36.26:416][  0]LogObj: 22915 objects as part of root set at end of initial load.
[2014.10.19-17.36.26:416][  0]LogUObjectAllocator: 4803536 out of 0 bytes used by permanent object pool.
[2014.10.19-17.36.26:472][  0]LogEngine: Initializing Engine...
[2014.10.19-17.36.26:607][  0]LogInit: XAudio2 using 'Speakers (Realtek High Definition Audio)' : 2 channels at 48 kHz using 32 bits per sample (channel mask 0x3)
[2014.10.19-17.36.26:766][  0]LogInit: FAudioDevice initialized.
[2014.10.19-17.36.26:806][  0]LogAIModule: Creating AISystem for world NewWorld
[2014.10.19-17.36.26:834][  0]LogDerivedDataCache: Saved boot cache 0.03s 39MB C:/Users/Tri Nguyen/AppData/Local/UnrealEngine/4.5/DerivedDataCache/Boot.ddc.
[2014.10.19-17.36.26:836][  0]LogInit: Texture streaming: Enabled
[2014.10.19-17.36.26:879][  0]LogInit: Transaction tracking system initialized
[2014.10.19-17.36.26:968][  0]BlueprintLog: New page: Editor Load
[2014.10.19-17.36.26:997][  0]LogAssetRegistry: FAssetRegistry took 0.0099 seconds to start up
[2014.10.19-17.36.26:997][  0]LogDirectoryWatcher:Warning: Failed to begin reading directory changes for ../../../Engine/Plugins/Experimental/CharacterAI/Content/. Error: 0
[2014.10.19-17.36.27:459][  0]LogTargetPlatformManager:Display: Building Assets For Windows
[2014.10.19-17.36.27:781][  0]LogTargetPlatformManager:Display: Building Assets For Windows
[2014.10.19-17.36.27:975][  0]LogConsoleResponse:Display: 
[2014.10.19-17.36.28:159][  0]SourceControl: Info Source control is disabled
[2014.10.19-17.36.28:160][  0]Cmd: MAP LOAD FILE="../../../../../../Users/Tri Nguyen/Documents/Unreal Projects/MyProject/Content/Maps/Example_Map.umap" TEMPLATE=0 SHOWPROGRESS=1
[2014.10.19-17.36.28:160][  0]LightingResults: New page: Lighting Build
[2014.10.19-17.36.28:168][  0]MapCheck: New page: Map Check
[2014.10.19-17.36.28:168][  0]LightingResults: New page: Lighting Build
[2014.10.19-17.36.28:192][  0]LogParticles: Destroying 0 GPU particle simulations for FXSystem 0x000000001C985A80
[2014.10.19-17.36.28:501][  0]LogEditorServer: Finished looking for orphan Actors (0.000 secs)
[2014.10.19-17.36.28:501][  0]LogAIModule: Creating AISystem for world Example_Map
[2014.10.19-17.36.28:502][  0]Cmd: MAP CHECKDEP
[2014.10.19-17.36.28:502][  0]MapCheck: New page: Example_Map - Oct 19, 2014, 7:36:28 AM
[2014.10.19-17.36.28:593][  0]MapCheck: Info Map check complete: 0 Error(s), 0 Warning(s), took 91.144ms to complete.
[2014.10.19-17.36.28:593][  0]LogFileHelpers: Loading map 'Example_Map' took 0.434
[2014.10.19-17.36.28:711][  0]LogCollectionManager: Loaded 0 collections in 0.002059 seconds
[2014.10.19-17.36.28:927][  0]LogCrashTracker: Crashtracker disabled due to settings.
[2014.10.19-17.36.28:949][  0]LogUObjectGlobals:Warning: Failed to find object 'Class None.'
[2014.10.19-17.36.28:984][  0]LogLoad: Full Startup: 12.48 seconds (BP compile: 0.06 seconds)
[2014.10.19-17.36.29:338][  0]LogContentBrowser:Verbose: The content browser source was changed by the sources view to '/Game/StarterContent/Materials'
[2014.10.19-17.36.29:505][  0]LogRenderer:Warning: Reallocating scene render targets to support 1136x896.
[2014.10.19-17.36.31:124][  5]LogAssetRegistry: Asset discovery search completed in 4.1370 seconds
[2014.10.19-17.37.10:862][125]LogPlayLevel: PIE:  No blueprints needed recompiling
[2014.10.19-17.37.10:862][125]PIE: New page: PIE session: Example_Map (Oct 19, 2014, 7:37:10 AM)
[2014.10.19-17.37.10:877][125]LogPlayLevel: PIE: StaticDuplicateObject took: (0.014318s)
[2014.10.19-17.37.10:877][125]LogPlayLevel: PIE: World Init took: (0.000524s)
[2014.10.19-17.37.10:878][125]LogPlayLevel: PIE: Created PIE world by copying editor world from /Game/Maps/Example_Map.Example_Map to /Game/Maps/UEDPIE_0_Example_Map.Example_Map (0.015061s)
[2014.10.19-17.37.11:181][125]BlueprintLog:Warning: Warning Blueprint MyProjectile has been migrated and requires re-saving to avoid import errors
[2014.10.19-17.37.11:182][125]BlueprintLog:Warning: Warning Blueprint MyHUD has been migrated and requires re-saving to avoid import errors
[2014.10.19-17.37.11:182][125]BlueprintLog:Warning: Warning Blueprint MyGame has been migrated and requires re-saving to avoid import errors
[2014.10.19-17.37.11:188][125]LogWorld: Game class is 'MyGame_C'
[2014.10.19-17.37.11:190][125]LogAIModule: Creating AISystem for world Example_Map
[2014.10.19-17.37.11:191][125]LogWorld: Bringing World /Game/Maps/UEDPIE_0_Example_Map.Example_Map up for play (max tick rate 60) at 2014.10.19-12.37.11
[2014.10.19-17.37.11:191][125]LogWorld: Bringing up level for play took: 0.001703
[2014.10.19-17.37.11:194][125]PIE: Info Play in editor start time for /Game/Maps/UEDPIE_0_Example_Map 0.773
[2014.10.19-17.37.21:128][414]LogParticles: Destroying 0 GPU particle simulations for FXSystem 0x0000000023594AE0
[2014.10.19-17.37.35:951][765]MapCheck: New page: Map Check
[2014.10.19-17.37.35:989][765]Cmd: MAP REBUILD ALLVISIBLE
[2014.10.19-17.37.35:990][765]LogEditorServer: Rebuildmap Clear paths rebuilt
[2014.10.19-17.37.36:066][765]LightingResults: New page: Lighting Build - Oct 19, 2014, 7:37:36 AM
[2014.10.19-17.37.40:462][765]LogStaticLightingSystem: Running Lightmass w/ ImmediateImport mode ENABLED
[2014.10.19-17.37.40:462][765]LogStaticLightingSystem: Running Lightmass w/ ImmediateProcess mode ENABLED
[2014.10.19-17.37.40:462][765]LogStaticLightingSystem: Running Lightmass w/ Sorting mode ENABLED
[2014.10.19-17.37.40:462][765]LogStaticLightingSystem: Running Lightmass w/ Mapping paddings ENABLED
[2014.10.19-17.37.40:462][765]LogStaticLightingSystem: Running Lightmass w/ Mapping debug paddings DISABLED
[2014.10.19-17.37.40:558][765]LogEditorBuildUtils: Build time 0:00:04
[2014.10.19-17.37.42:868][826]Job is a success!
[2014.10.19-17.37.43:393][827]LogTexture:Display: Building textures: HQ_Lightmap0_1 (AutoDXT)
[2014.10.19-17.37.43:545][827]LogTexture:Display: Building textures: LQ_Lightmap_0_3 (DXT1)
[2014.10.19-17.37.43:563][827]LogTexture:Display: Building textures: HQ_Lightmap0_3 (AutoDXT)
[2014.10.19-17.37.43:586][827]LogTexture:Display: Building textures: LQ_Lightmap_1_2 (DXT1)
[2014.10.19-17.37.43:660][827]LogTexture:Display: Building textures: HQ_Lightmap1_2 (AutoDXT)
[2014.10.19-17.37.43:844][827]LogTexture:Display: Building textures: LQ_Lightmap_0_1 (DXT1)
[2014.10.19-17.37.43:945][827]Lightmass on TRINGUYEN-PC: 2.87 sec total, 100 ms importing, 0 ms setup, 258 ms photons, 2.50 sec processing, 0 ms extra exporting [39/39 mappings]. Threads: 17.3 sec total, 7.62 sec processing.
[2014.10.19-17.37.43:955][827]LogStaticLightingSystem:Warning: Illumination: 7.78 sec (801 ms encoding lightmaps)
[2014.10.19-17.37.43:955][827]LogStaticLightingSystem: Lightmap texture memory:  2.7 MB (1.3 MB streaming, 1.3 MB non-streaming), 6 textures
[2014.10.19-17.37.43:955][827]LogStaticLightingSystem: Shadowmap texture memory: 0.0 MB (0.0 MB streaming, 0.0 MB non-streaming), 0 textures
[2014.10.19-17.37.44:447][828]Cmd: MAP CHECK NOTIFYRESULTS
[2014.10.19-17.37.44:447][828]MapCheck: New page: Example_Map - Oct 19, 2014, 7:37:44 AM
[2014.10.19-17.37.44:620][828]MapCheck: Info Map check complete: 0 Error(s), 0 Warning(s), took 173.013ms to complete.
[2014.10.19-17.38.03:687][268]LogTexture:Warning: Failed to stream mip data from the derived data cache for /Game/Maps/Example_Map.HQ_Lightmap0_2. Streaming mips will be recached.
[2014.10.19-17.38.03:768][268]LogTexture:Display: Building textures: HQ_Lightmap0_2 (AutoDXT)
[2014.10.19-17.38.17:224][580]LogPlayLevel: PIE:  No blueprints needed recompiling
[2014.10.19-17.38.17:224][580]PIE: New page: PIE session: Example_Map (Oct 19, 2014, 7:38:17 AM)
[2014.10.19-17.38.17:231][580]LogPlayLevel: PIE: StaticDuplicateObject took: (0.006727s)
[2014.10.19-17.38.17:232][580]LogPlayLevel: PIE: World Init took: (0.000507s)
[2014.10.19-17.38.17:232][580]LogPlayLevel: PIE: Created PIE world by copying editor world from /Game/Maps/Example_Map.Example_Map to /Game/Maps/UEDPIE_0_Example_Map.Example_Map (0.007403s)
[2014.10.19-17.38.17:260][580]LogWorld: Game class is 'MyGame_C'
[2014.10.19-17.38.17:262][580]LogAIModule: Creating AISystem for world Example_Map
[2014.10.19-17.38.17:263][580]LogWorld: Bringing World /Game/Maps/UEDPIE_0_Example_Map.Example_Map up for play (max tick rate 60) at 2014.10.19-12.38.17
[2014.10.19-17.38.17:264][580]LogWorld: Bringing up level for play took: 0.001648
[2014.10.19-17.38.17:266][580]PIE: Info Play in editor start time for /Game/Maps/UEDPIE_0_Example_Map 0.844
[2014.10.19-17.38.35:293][116]LogParticles: Destroying 0 GPU particle simulations for FXSystem 0x0000000025C19440
[2014.10.19-17.38.52:837][569]LogSavePackage: Save=190.130447ms
[2014.10.19-17.38.52:837][569]LogSavePackage: Moving '../../../../../../Users/Tri Nguyen/Documents/Unreal Projects/MyProject/Saved/Example_MapFC2984644767F07F65A4769C2842D12A.tmp' to '../../../../../../Users/Tri Nguyen/Documents/Unreal Projects/MyProject/Content/Maps/Example_Map.umap'
[2014.10.19-17.38.52:864][569]LogFileHelpers: Saving map 'Example_Map' took 0.359
[2014.10.19-18.03.03:066][385]LogPlayLevel: PIE:  No blueprints needed recompiling
[2014.10.19-18.03.03:066][385]PIE: New page: PIE session: Example_Map (Oct 19, 2014, 8:03:03 AM)
[2014.10.19-18.03.03:107][385]LogPlayLevel: PIE: StaticDuplicateObject took: (0.040900s)
[2014.10.19-18.03.03:108][385]LogPlayLevel: PIE: World Init took: (0.000604s)
[2014.10.19-18.03.03:108][385]LogPlayLevel: PIE: Created PIE world by copying editor world from /Game/Maps/Example_Map.Example_Map to /Game/Maps/UEDPIE_0_Example_Map.Example_Map (0.041718s)
[2014.10.19-18.03.03:143][385]LogWorld: Game class is 'MyGame_C'
[2014.10.19-18.03.03:147][385]LogAIModule: Creating AISystem for world Example_Map
[2014.10.19-18.03.03:151][385]LogWorld: Bringing World /Game/Maps/UEDPIE_0_Example_Map.Example_Map up for play (max tick rate 60) at 2014.10.19-13.03.03
[2014.10.19-18.03.03:152][385]LogWorld: Bringing up level for play took: 0.004050
[2014.10.19-18.03.03:157][385]PIE: Info Play in editor start time for /Game/Maps/UEDPIE_0_Example_Map 0.705
[2014.10.19-18.03.14:300][710]LogParticles: Destroying 0 GPU particle simulations for FXSystem 0x00000000110BF6A0
[2014.10.19-18.03.18:739][798]LogEditorViewport: Clicking on Actor (LMB): PointLight (PointLight)
[2014.10.19-18.03.19:731][815]Cmd: DELETE
[2014.10.19-18.03.19:733][815]Cmd: ACTOR DELETE
[2014.10.19-18.03.19:743][815]LogEditorActor: Deleted Actor: PointLight
[2014.10.19-18.03.19:808][815]LogEditorActor: Deleted 1 Actors (0.066 secs)
[2014.10.19-18.03.30:772][ 38]LogSavePackage: Save=198.624939ms
[2014.10.19-18.03.30:772][ 38]LogSavePackage: Moving '../../../../../../Users/Tri Nguyen/Documents/Unreal Projects/MyProject/Saved/Example_Map_Auto18CAF65644952D550AF0057B208D265EB.tmp' to '../../../../../../Users/Tri Nguyen/Documents/Unreal Projects/MyProject/Saved/Autosaves/Game/Maps/Example_Map_Auto1.umap'
[2014.10.19-18.03.30:781][ 38]LogFileHelpers: Editor autosave (incl. sublevels) for '/Game/Maps/Example_Map' took 0.293
[2014.10.19-18.03.30:781][ 38]LogFileHelpers: Editor autosave (incl. sublevels) for all levels took 0.293
[2014.10.19-18.03.33:750][112]Cmd: TRANSACTION UNDO
[2014.10.19-18.03.33:750][112]LogEditorTransaction: Undo Apply Material to Surface
[2014.10.19-18.03.33:800][112]LogActorComponent: ~FComponentReregisterContext: (/Game/Maps/Example_Map.Example_Map:PersistentLevel.ModelComponent_60) Component already registered.
[2014.10.19-18.13.31:629][930]LogSavePackage: Save=232.101913ms
[2014.10.19-18.13.31:629][930]LogSavePackage: Moving '../../../../../../Users/Tri Nguyen/Documents/Unreal Projects/MyProject/Saved/Example_Map_Auto23BC3F86A4263BF5C9FA3B7B6BB00D363.tmp' to '../../../../../../Users/Tri Nguyen/Documents/Unreal Projects/MyProject/Saved/Autosaves/Game/Maps/Example_Map_Auto2.umap'
[2014.10.19-18.13.31:650][930]LogFileHelpers: Editor autosave (incl. sublevels) for '/Game/Maps/Example_Map' took 0.321
[2014.10.19-18.13.31:650][930]LogFileHelpers: Editor autosave (incl. sublevels) for all levels took 0.321
[2014.10.19-18.16.09:742][727]LogContentBrowser:Verbose: The content browser source was changed by the sources view to '/Game/StarterContent/Blueprints'
[2014.10.19-18.16.32:884][324]LogPlayLevel: PIE:  No blueprints needed recompiling
[2014.10.19-18.16.32:884][324]PIE: New page: PIE session: Example_Map (Oct 19, 2014, 8:16:32 AM)
[2014.10.19-18.16.32:899][324]LogPlayLevel: PIE: StaticDuplicateObject took: (0.014965s)
[2014.10.19-18.16.32:900][324]LogPlayLevel: PIE: World Init took: (0.000695s)
[2014.10.19-18.16.32:900][324]LogPlayLevel: PIE: Created PIE world by copying editor world from /Game/Maps/Example_Map.Example_Map to /Game/Maps/UEDPIE_0_Example_Map.Example_Map (0.015887s)
[2014.10.19-18.16.32:938][324]LogWorld: Game class is 'MyGame_C'
[2014.10.19-18.16.32:940][324]LogAIModule: Creating AISystem for world Example_Map
[2014.10.19-18.16.32:941][324]LogWorld: Bringing World /Game/Maps/UEDPIE_0_Example_Map.Example_Map up for play (max tick rate 60) at 2014.10.19-13.16.32
[2014.10.19-18.16.32:951][324]LogWorld: Bringing up level for play took: 0.010848
[2014.10.19-18.16.32:953][324]PIE: Info Play in editor start time for /Game/Maps/UEDPIE_0_Example_Map 0.483
[2014.10.19-18.16.51:219][754]LogParticles: Destroying 0 GPU particle simulations for FXSystem 0x0000000022D3B9C0
[2014.10.19-18.16.53:565][797]LogEditorViewport: Clicking on Actor (LMB): Blueprint_CeilingLight_C (Blueprint_CeilingLight)
[2014.10.19-18.17.00:915][926]LogPlayLevel: PIE:  No blueprints needed recompiling
[2014.10.19-18.17.00:915][926]PIE: New page: PIE session: Example_Map (Oct 19, 2014, 8:17:00 AM)
[2014.10.19-18.17.00:931][926]LogPlayLevel: PIE: StaticDuplicateObject took: (0.015442s)
[2014.10.19-18.17.00:931][926]LogPlayLevel: PIE: World Init took: (0.000511s)
[2014.10.19-18.17.00:931][926]LogPlayLevel: PIE: Created PIE world by copying editor world from /Game/Maps/Example_Map.Example_Map to /Game/Maps/UEDPIE_0_Example_Map.Example_Map (0.016146s)
[2014.10.19-18.17.00:959][926]LogWorld: Game class is 'MyGame_C'
[2014.10.19-18.17.00:961][926]LogAIModule: Creating AISystem for world Example_Map
[2014.10.19-18.17.00:963][926]LogWorld: Bringing World /Game/Maps/UEDPIE_0_Example_Map.Example_Map up for play (max tick rate 60) at 2014.10.19-13.17.00
[2014.10.19-18.17.00:963][926]LogWorld: Bringing up level for play took: 0.002292
[2014.10.19-18.17.00:965][926]PIE: Info Play in editor start time for /Game/Maps/UEDPIE_0_Example_Map 0.493
[2014.10.19-18.17.12:494][194]LogParticles: Destroying 0 GPU particle simulations for FXSystem 0x0000000025B3CB80
[2014.10.19-18.17.24:028][286]Cmd: SELECT NONE
[2014.10.19-18.17.24:916][303]LogEditorViewport: Clicking on Actor (LMB): StaticMeshActor (Wall_400x400)
[2014.10.19-18.17.28:560][362]LogSavePackage: Save=199.790268ms
[2014.10.19-18.17.28:560][362]LogSavePackage: Moving '../../../../../../Users/Tri Nguyen/Documents/Unreal Projects/MyProject/Saved/Example_Map1A60EFF240DC83D0C04B57BEE124BD95.tmp' to '../../../../../../Users/Tri Nguyen/Documents/Unreal Projects/MyProject/Content/Maps/Example_Map.umap'
[2014.10.19-18.17.28:586][362]LogFileHelpers: Saving map 'Example_Map' took 0.368
[2014.10.19-18.17.30:827][392]Cmd: QUIT_EDITOR
[2014.10.19-18.17.31:217][392]LogExit: Preparing to exit.
[2014.10.19-18.17.31:707][392]LogExit: Editor shut down
[2014.10.19-18.17.31:707][392]LogExit: Transaction tracking system shut down
[2014.10.19-18.17.31:708][392]LogParticles: Destroying 0 GPU particle simulations for FXSystem 0x00000000175DDA80
[2014.10.19-18.17.31:708][392]LogParticles: Destroying 0 GPU particle simulations for FXSystem 0x0000000012F6F060
[2014.10.19-18.17.31:708][392]LogParticles: Destroying 0 GPU particle simulations for FXSystem 0x0000000011005800
[2014.10.19-18.17.31:708][392]LogParticles: Destroying 0 GPU particle simulations for FXSystem 0x000000002324FBA0
[2014.10.19-18.17.31:758][392]LogExit: Object subsystem successfully closed.
[2014.10.19-18.17.31:860][392]LogModuleManager: Shutting down and abandoning module AndroidDeviceDetection (166)
[2014.10.19-18.17.31:860][392]LogModuleManager: Shutting down and abandoning module CrashTracker (165)
[2014.10.19-18.17.31:860][392]LogModuleManager: Shutting down and abandoning module SuperSearch (164)
[2014.10.19-18.17.31:860][392]LogModuleManager: Shutting down and abandoning module SceneOutliner (163)
[2014.10.19-18.17.31:860][392]LogModuleManager: Shutting down and abandoning module EditorWidgets (162)
[2014.10.19-18.17.31:860][392]LogModuleManager: Shutting down and abandoning module CollectionManager (161)
[2014.10.19-18.17.31:861][392]LogModuleManager: Shutting down and abandoning module StatsViewer (160)
[2014.10.19-18.17.31:862][392]LogModuleManager: Shutting down and abandoning module FoliageEdit (159)
[2014.10.19-18.17.31:862][392]LogModuleManager: Shutting down and abandoning module LandscapeEditor (158)
[2014.10.19-18.17.31:863][392]LogModuleManager: Shutting down and abandoning module MeshPaint (157)
[2014.10.19-18.17.31:863][392]LogModuleManager: Shutting down and abandoning module ActorPickerMode (156)
[2014.10.19-18.17.31:863][392]LogModuleManager: Shutting down and abandoning module GeometryMode (155)
[2014.10.19-18.17.31:863][392]LogModuleManager: Shutting down and abandoning module TextureAlignMode (154)
[2014.10.19-18.17.31:863][392]LogModuleManager: Shutting down and abandoning module BspMode (153)
[2014.10.19-18.17.31:863][392]LogModuleManager: Shutting down and abandoning module PlacementMode (152)
[2014.10.19-18.17.31:863][392]LogModuleManager: Shutting down and abandoning module AutomationWorker (151)
[2014.10.19-18.17.31:863][392]LogModuleManager: Shutting down and abandoning module CharacterAI (150)
[2014.10.19-18.17.31:863][392]LogModuleManager: Shutting down and abandoning module GameProjectGeneration (149)
[2014.10.19-18.17.31:864][392]LogModuleManager: Shutting down and abandoning module IntroTutorials (148)
[2014.10.19-18.17.31:865][392]LogModuleManager: Shutting down and abandoning module EditorLiveStreaming (147)
[2014.10.19-18.17.31:865][392]LogModuleManager: Shutting down and abandoning module HardwareTargeting (146)
[2014.10.19-18.17.31:865][392]LogModuleManager: Shutting down and abandoning module BehaviorTreeEditor (145)
[2014.10.19-18.17.31:866][392]LogModuleManager: Shutting down and abandoning module DeviceProfileEditor (144)
[2014.10.19-18.17.31:866][392]LogModuleManager: Shutting down and abandoning module UndoHistory (143)
[2014.10.19-18.17.31:866][392]LogModuleManager: Shutting down and abandoning module GameplayTagsEditor (142)
[2014.10.19-18.17.31:867][392]LogModuleManager: Shutting down and abandoning module UserFeedback (141)
[2014.10.19-18.17.31:867][392]LogModuleManager: Shutting down and abandoning module XmlParser (140)
[2014.10.19-18.17.31:867][392]LogModuleManager: Shutting down and abandoning module Blutility (139)
[2014.10.19-18.17.31:868][392]LogModuleManager: Shutting down and abandoning module IOSPlatformEditor (138)
[2014.10.19-18.17.31:868][392]LogModuleManager: Shutting down and abandoning module IOSRuntimeSettings (137)
[2014.10.19-18.17.31:868][392]LogModuleManager: Shutting down and abandoning module AndroidPlatformEditor (136)
[2014.10.19-18.17.31:868][392]LogModuleManager: Shutting down and abandoning module AndroidRuntimeSettings (135)
[2014.10.19-18.17.31:868][392]LogModuleManager: Shutting down and abandoning module ProjectTargetPlatformEditor (134)
[2014.10.19-18.17.31:868][392]LogModuleManager: Shutting down and abandoning module ProjectSettingsViewer (133)
[2014.10.19-18.17.31:868][392]LogModuleManager: Shutting down and abandoning module InputBindingEditor (132)
[2014.10.19-18.17.31:869][392]LogModuleManager: Shutting down and abandoning module EditorSettingsViewer (131)
[2014.10.19-18.17.31:869][392]LogModuleManager: Shutting down and abandoning module SettingsEditor (130)
[2014.10.19-18.17.31:869][392]LogModuleManager: Shutting down and abandoning module ProjectLauncher (129)
[2014.10.19-18.17.31:869][392]LogModuleManager: Shutting down and abandoning module SessionFrontend (128)
[2014.10.19-18.17.31:869][392]LogModuleManager: Shutting down and abandoning module ProfilerClient (127)
[2014.10.19-18.17.31:870][392]LogModuleManager: Shutting down and abandoning module TargetDeviceServices (126)
[2014.10.19-18.17.31:870][392]LogModuleManager: Shutting down and abandoning module DeviceManager (125)
[2014.10.19-18.17.31:870][392]LogModuleManager: Shutting down and abandoning module AutomationController (124)
[2014.10.19-18.17.31:871][392]LogModuleManager: Shutting down and abandoning module AutomationWindow (123)
[2014.10.19-18.17.31:871][392]LogModuleManager: Shutting down and abandoning module Layers (122)
[2014.10.19-18.17.31:872][392]LogModuleManager: Shutting down and abandoning module ComponentVisualizers (121)
[2014.10.19-18.17.31:872][392]LogModuleManager: Shutting down and abandoning module DetailCustomizations (120)
[2014.10.19-18.17.31:873][392]LogModuleManager: Shutting down and abandoning module PackagesDialog (119)
[2014.10.19-18.17.31:873][392]LogModuleManager: Shutting down and abandoning module AssetRegistry (118)
[2014.10.19-18.17.31:997][392]LogModuleManager: Shutting down and abandoning module Persona (117)
[2014.10.19-18.17.31:998][392]LogModuleManager: Shutting down and abandoning module Kismet (116)
[2014.10.19-18.17.32:000][392]LogModuleManager: Shutting down and abandoning module GraphEditor (115)
[2014.10.19-18.17.32:000][392]LogModuleManager: Shutting down and abandoning module ClassViewer (114)
[2014.10.19-18.17.32:000][392]LogModuleManager: Shutting down and abandoning module Toolbox (113)
[2014.10.19-18.17.32:000][392]LogModuleManager: Shutting down and abandoning module ModuleUI (112)
[2014.10.19-18.17.32:001][392]LogModuleManager: Shutting down and abandoning module MovieSceneTools (111)
[2014.10.19-18.17.32:003][392]LogModuleManager: Shutting down and abandoning module OutputLog (110)
[2014.10.19-18.17.32:003][392]LogModuleManager: Shutting down and abandoning module GammaUI (109)
[2014.10.19-18.17.32:003][392]LogModuleManager: Shutting down and abandoning module Documentation (108)
[2014.10.19-18.17.32:003][392]LogModuleManager: Shutting down and abandoning module GameLiveStreaming (107)
[2014.10.19-18.17.32:003][392]LogModuleManager: Shutting down and abandoning module StreamingPauseRendering (106)
[2014.10.19-18.17.32:003][392]LogModuleManager: Shutting down and abandoning module HTTP (105)
[2014.10.19-18.17.32:003][392]LogModuleManager: Shutting down and abandoning module AnalyticsET (104)
[2014.10.19-18.17.32:003][392]LogModuleManager: Shutting down and abandoning module Analytics (103)
[2014.10.19-18.17.32:003][392]LogModuleManager: Shutting down and abandoning module GameplayDebugger (102)
[2014.10.19-18.17.32:004][392]LogModuleManager: Shutting down and abandoning module AIModule (101)
[2014.10.19-18.17.32:004][392]LogModuleManager: Shutting down and abandoning module ProfilerService (100)
[2014.10.19-18.17.32:233][392]LogModuleManager: Shutting down and abandoning module TaskGraph (99)
[2014.10.19-18.17.32:234][392]LogModuleManager: Shutting down and abandoning module SlateRemote (98)
[2014.10.19-18.17.32:234][392]LogModuleManager: Shutting down and abandoning module ScriptEditorPlugin (97)
[2014.10.19-18.17.32:234][392]LogModuleManager: Shutting down and abandoning module CustomMeshComponent (96)
[2014.10.19-18.17.32:234][392]LogModuleManager: Shutting down and abandoning module CableComponent (95)
[2014.10.19-18.17.32:235][392]LogModuleManager: Shutting down and abandoning module MessagingDebugger (94)
[2014.10.19-18.17.32:236][392]LogModuleManager: Shutting down and abandoning module MediaPlayerEditor (93)
[2014.10.19-18.17.32:237][392]LogModuleManager: Shutting down and abandoning module SpeedTreeImporter (92)
[2014.10.19-18.17.32:237][392]LogModuleManager: Shutting down and abandoning module PluginsEditor (91)
[2014.10.19-18.17.32:237][392]LogModuleManager: Shutting down and abandoning module EpicSurvey (90)
[2014.10.19-18.17.32:237][392]LogModuleManager: Shutting down and abandoning module DesktopPlatform (89)
[2014.10.19-18.17.32:238][392]LogModuleManager: Shutting down and abandoning module VisualStudioSourceCodeAccess (88)
[2014.10.19-18.17.32:238][392]LogModuleManager: Shutting down and abandoning module UObjectPlugin (87)
[2014.10.19-18.17.32:238][392]LogModuleManager: Shutting down and abandoning module SubversionSourceControl (86)
[2014.10.19-18.17.32:239][392]LogModuleManager: Shutting down and abandoning module SourceControl (85)
[2014.10.19-18.17.32:239][392]LogModuleManager: Shutting down and abandoning module PerforceSourceControl (84)
[2014.10.19-18.17.32:240][392]LogModuleManager: Shutting down and abandoning module BlankPlugin (83)
[2014.10.19-18.17.32:240][392]LogModuleManager: Shutting down and abandoning module SlateReflector (82)
[2014.10.19-18.17.32:240][392]LogModuleManager: Shutting down and abandoning module DirectoryWatcher (81)
[2014.10.19-18.17.32:241][392]LogModuleManager: Shutting down and abandoning module HotReload (80)
[2014.10.19-18.17.32:241][392]LogModuleManager: Shutting down and abandoning module MainFrame (79)
[2014.10.19-18.17.32:241][392]LogModuleManager: Shutting down and abandoning module LevelEditor (78)
[2014.10.19-18.17.32:244][392]LogModuleManager: Shutting down and abandoning module ViewportSnapping (77)
[2014.10.19-18.17.32:244][392]LogModuleManager: Shutting down and abandoning module SmartSnapping (76)
[2014.10.19-18.17.32:244][392]LogModuleManager: Shutting down and abandoning module PaperTiledImporter (75)
[2014.10.19-18.17.32:244][392]LogModuleManager: Shutting down and abandoning module PaperJsonImporter (74)
[2014.10.19-18.17.32:244][392]LogModuleManager: Shutting down and abandoning module ContentBrowser (73)
[2014.10.19-18.17.32:244][392]LogModuleManager: Shutting down and abandoning module PropertyEditor (72)
[2014.10.19-18.17.32:244][392]LogModuleManager: Shutting down and abandoning module Paper2DEditor (71)
[2014.10.19-18.17.32:246][392]LogModuleManager: Shutting down and abandoning module ScriptPlugin (70)
[2014.10.19-18.17.32:246][392]LogModuleManager: Shutting down and abandoning module UdpMessaging (69)
[2014.10.19-18.17.32:346][392]LogModuleManager: Shutting down and abandoning module Paper2D (68)
[2014.10.19-18.17.32:351][392]LogModuleManager: Shutting down and abandoning module WindowsMoviePlayer (67)
[2014.10.19-18.17.32:358][392]LogModuleManager: Shutting down and abandoning module Media (66)
[2014.10.19-18.17.32:358][392]LogModuleManager: Shutting down and abandoning module WmfMedia (65)
[2014.10.19-18.17.32:360][392]LogModuleManager: Shutting down and abandoning module OnlineBlueprintSupport (64)
[2014.10.19-18.17.32:361][392]LogModuleManager: Shutting down and abandoning module FunctionalTesting (63)
[2014.10.19-18.17.32:361][392]LogModuleManager: Shutting down and abandoning module CollisionAnalyzer (62)
[2014.10.19-18.17.32:361][392]LogModuleManager: Shutting down and abandoning module WorkspaceMenuStructure (61)
[2014.10.19-18.17.32:362][392]LogModuleManager: Shutting down and abandoning module MessageLog (60)
[2014.10.19-18.17.32:362][392]LogModuleManager: Shutting down and abandoning module Sequencer (59)
[2014.10.19-18.17.32:363][392]LogModuleManager: Shutting down and abandoning module AssetTools (58)
[2014.10.19-18.17.32:364][392]LogModuleManager: Shutting down and abandoning module UMGEditor (57)
[2014.10.19-18.17.32:365][392]LogModuleManager: Shutting down and abandoning module UMG (56)
[2014.10.19-18.17.32:366][392]LogModuleManager: Shutting down and abandoning module Slate (55)
[2014.10.19-18.17.32:366][392]LogModuleManager: Shutting down and abandoning module EditorStyle (54)
[2014.10.19-18.17.32:370][392]LogModuleManager: Shutting down and abandoning module SessionServices (53)
[2014.10.19-18.17.32:370][392]LogModuleManager: Shutting down and abandoning module SourceCodeAccess (52)
[2014.10.19-18.17.32:370][392]LogModuleManager: Shutting down and abandoning module HeadMountedDisplay (51)
[2014.10.19-18.17.32:370][392]LogModuleManager: Shutting down and abandoning module XAudio2 (50)
[2014.10.19-18.17.32:370][392]LogModuleManager: Shutting down and abandoning module Networking (48)
[2014.10.19-18.17.32:370][392]LogModuleManager: Shutting down and abandoning module Core (47)
[2014.10.19-18.17.32:370][392]LogModuleManager: Shutting down and abandoning module KismetCompiler (46)
[2014.10.19-18.17.32:370][392]LogModuleManager: Shutting down and abandoning module PhysXFormats (45)
[2014.10.19-18.17.32:370][392]LogModuleManager: Shutting down and abandoning module MeshUtilities (44)
[2014.10.19-18.17.32:371][392]LogModuleManager: Shutting down and abandoning module DerivedDataCache (43)
[2014.10.19-18.17.32:453][392]LogDerivedDataCache: Shutdown
[2014.10.19-18.17.32:453][392]LogModuleManager: Shutting down and abandoning module ShaderFormatOpenGL (42)
[2014.10.19-18.17.32:454][392]LogModuleManager: Shutting down and abandoning module ShaderFormatD3D (41)
[2014.10.19-18.17.32:454][392]LogModuleManager: Shutting down and abandoning module MetalShaderFormat (40)
[2014.10.19-18.17.32:454][392]LogModuleManager: Shutting down and abandoning module TextureFormatUncompressed (39)
[2014.10.19-18.17.32:454][392]LogModuleManager: Shutting down and abandoning module TextureFormatPVR (38)
[2014.10.19-18.17.32:455][392]LogModuleManager: Shutting down and abandoning module TextureFormatDXT (37)
[2014.10.19-18.17.32:455][392]LogModuleManager: Shutting down and abandoning module TextureFormatAndroid (36)
[2014.10.19-18.17.32:455][392]LogModuleManager: Shutting down and abandoning module AudioFormatOpus (35)
[2014.10.19-18.17.32:455][392]LogModuleManager: Shutting down and abandoning module AudioFormatOgg (34)
[2014.10.19-18.17.32:455][392]LogModuleManager: Shutting down and abandoning module AudioFormatADPCM (33)
[2014.10.19-18.17.32:455][392]LogModuleManager: Shutting down and abandoning module Messaging (32)
[2014.10.19-18.17.32:455][392]LogModuleManager: Shutting down and abandoning module IOSTargetPlatform (31)
[2014.10.19-18.17.32:455][392]LogModuleManager: Shutting down and abandoning module Android_PVRTCTargetPlatform (30)
[2014.10.19-18.17.32:455][392]LogModuleManager: Shutting down and abandoning module Android_ETC2TargetPlatform (29)
[2014.10.19-18.17.32:455][392]LogModuleManager: Shutting down and abandoning module Android_ETC1TargetPlatform (28)
[2014.10.19-18.17.32:455][392]LogModuleManager: Shutting down and abandoning module Android_DXTTargetPlatform (27)
[2014.10.19-18.17.32:456][392]LogModuleManager: Shutting down and abandoning module Android_ATCTargetPlatform (26)
[2014.10.19-18.17.32:456][392]LogModuleManager: Shutting down and abandoning module AndroidTargetPlatform (25)
[2014.10.19-18.17.32:456][392]LogModuleManager: Shutting down and abandoning module WindowsTargetPlatform (24)
[2014.10.19-18.17.32:456][392]LogModuleManager: Shutting down and abandoning module WindowsServerTargetPlatform (23)
[2014.10.19-18.17.32:456][392]LogModuleManager: Shutting down and abandoning module WindowsNoEditorTargetPlatform (22)
[2014.10.19-18.17.32:456][392]LogModuleManager: Shutting down and abandoning module WindowsClientTargetPlatform (21)
[2014.10.19-18.17.32:456][392]LogModuleManager: Shutting down and abandoning module TargetPlatform (20)
[2014.10.19-18.17.32:456][392]LogModuleManager: Shutting down and abandoning module InputCore (19)
[2014.10.19-18.17.32:456][392]LogModuleManager: Shutting down and abandoning module Settings (18)
[2014.10.19-18.17.32:456][392]LogModuleManager: Shutting down and abandoning module ImageWrapper (17)
[2014.10.19-18.17.32:456][392]LogModuleManager: Shutting down and abandoning module OculusRift (14)
[2014.10.19-18.17.32:456][392]LogModuleManager: Shutting down and abandoning module ExampleDeviceProfileSelector (13)
[2014.10.19-18.17.32:457][392]LogModuleManager: Shutting down and abandoning module TextureCompressor (12)
[2014.10.19-18.17.32:457][392]LogModuleManager: Shutting down and abandoning module ShaderCore (11)
[2014.10.19-18.17.32:457][392]LogModuleManager: Shutting down and abandoning module SlateRHIRenderer (10)
[2014.10.19-18.17.32:458][392]LogModuleManager: Shutting down and abandoning module OpenGLDrv (9)
[2014.10.19-18.17.32:458][392]LogModuleManager: Shutting down and abandoning module D3D11RHI (8)
[2014.10.19-18.17.32:458][392]LogModuleManager: Shutting down and abandoning module Renderer (7)
[2014.10.19-18.17.32:458][392]LogModuleManager: Shutting down and abandoning module Engine (6)
[2014.10.19-18.17.32:458][392]LogModuleManager: Shutting down and abandoning module CoreUObject (5)
[2014.10.19-18.17.32:459][392]LogModuleManager: Shutting down and abandoning module NetworkFile (4)
[2014.10.19-18.17.32:459][392]LogModuleManager: Shutting down and abandoning module StreamingFile (3)
[2014.10.19-18.17.32:459][392]LogModuleManager: Shutting down and abandoning module SandboxFile (2)
[2014.10.19-18.17.32:460][392]LogModuleManager: Shutting down and abandoning module PakFile (1)
[2014.10.19-18.17.32:461][392]LogExit: Exiting.
[2014.10.19-18.17.32:472][392]Log file closed, 10/19/14 13:17:32
