Log file open, 10/20/14 18:55:36
LogInit:Display: Running engine for game: MyProject
LogInit: Version: 4.5.0-2326478+++depot+UE4-Releases+4.5
LogInit: API Version: 2326478
LogInit: Compiled (64-bit): Oct 11 2014 09:24:31
LogInit: Compiled with Visual C++: 18.00.21005.01
LogInit: Build Configuration: Development
LogInit: Branch Name: ++depot+UE4-Releases+4.5
LogInit: Command line:  
LogInit: Base directory: C:/Program Files/Unreal Engine/4.5/Engine/Binaries/Win64/
LogInit: Rocket: 1
[2014.10.20-23.55.36:660][  0]LogTaskGraph: Started task graph with 3 named threads and 4 total threads.
[2014.10.20-23.55.36:693][  0]LogOnline:Warning: No default platform service specified for OnlineSubsystem
[2014.10.20-23.55.36:725][  0]LogInit: Presizing for 0 objects not considered by GC, pre-allocating 0 bytes.
[2014.10.20-23.55.36:735][  0]LogInit: Object subsystem initialized
[2014.10.20-23.55.36:739][  0]LogConsoleResponse:Warning: Skipping Unknown console variable: 'UIScaleRule = ShortestSide'
[2014.10.20-23.55.36:739][  0]LogConsoleResponse:Warning:   Found in ini file 'C:/Users/Tri Nguyen/Documents/Unreal Projects/MyProject/Saved/Config/Windows/Engine.ini', in section '[/Script/Engine.RendererSettings]'
[2014.10.20-23.55.36:739][  0]LogConsoleResponse:Warning: Skipping Unknown console variable: 'UIScaleCurve = (EditorCurveData=(Keys=((Time=480.000000,Value=0.444000),(Time=720.000000,Value=0.666000),(Time=1080.000000,Value=1.000000),(Time=8640.000000,Value=8.000000))),ExternalCurve=None)'
[2014.10.20-23.55.36:739][  0]LogConsoleResponse:Warning:   Found in ini file 'C:/Users/Tri Nguyen/Documents/Unreal Projects/MyProject/Saved/Config/Windows/Engine.ini', in section '[/Script/Engine.RendererSettings]'
[2014.10.20-23.55.36:739][  0]LogInit: Selected Device Profile: [Windows]
[2014.10.20-23.55.36:739][  0]LogInit: Applying CVar settings loaded from the selected device profile: [Windows]
[2014.10.20-23.55.36:744][  0]LogInit: Computer: TRINGUYEN-PC
[2014.10.20-23.55.36:744][  0]LogInit: User: TriNguyen
[2014.10.20-23.55.36:745][  0]LogInit: CPU Page size=4096, Cores=4
[2014.10.20-23.55.36:745][  0]LogInit: High frequency timer resolution =2.143603 MHz
[2014.10.20-23.55.36:745][  0]LogMemory: Memory total: Physical=15.9GB (16GB approx) Virtual=8192.0GB
[2014.10.20-23.55.36:745][  0]LogMemory: Platform Memory Stats for Windows
[2014.10.20-23.55.36:745][  0]LogMemory: Process Physical Memory: 67.49 MB used, 67.49 MB peak
[2014.10.20-23.55.36:745][  0]LogMemory: Process Virtual Memory: 43.61 MB used, 43.61 MB peak
[2014.10.20-23.55.36:745][  0]LogMemory: Physical Memory: 3211.29 MB used, 16266.36 MB total
[2014.10.20-23.55.36:745][  0]LogMemory: Virtual Memory: 278.37 MB used, 8388608.00 MB total
[2014.10.20-23.55.36:798][  0]LogD3D11RHI: Found D3D11 adapter 0: NVIDIA GeForce GT 640M (Feature Level 11_0)
[2014.10.20-23.55.36:798][  0]LogD3D11RHI: Adapter has 1990MB of dedicated video memory, 0MB of dedicated system memory, and 2048MB of shared system memory, 2 output[s]
[2014.10.20-23.55.36:798][  0]LogD3D11RHI: Chosen D3D11 Adapter Id = 0
[2014.10.20-23.55.36:804][  0]LogRHI: Texture pool is 1361 MB (70% of 1945 MB)
[2014.10.20-23.55.36:821][  0]LogD3D11RHI: Async texture creation enabled
[2014.10.20-23.55.36:877][  0]LogTextLocalizationManager: The requested culture ('en_US') has no localization data; parent culture's ('en') localization data will be used.
[2014.10.20-23.55.37:025][  0]LogContentStreaming: Texture pool size is 0.000000MB
[2014.10.20-23.55.42:088][  0]LogTargetPlatformManager:Display: Building Assets For Windows
[2014.10.20-23.55.42:502][  0]LogTargetPlatformManager:Display: Building Assets For Windows
[2014.10.20-23.55.42:555][  0]LogDerivedDataCache:Display: Max Cache Size: 512 MB
[2014.10.20-23.55.42:602][  0]LogDerivedDataCache: Loaded boot cache 0.05s 45MB C:/Users/Tri Nguyen/AppData/Local/UnrealEngine/4.5/DerivedDataCache/Boot.ddc.
[2014.10.20-23.55.42:602][  0]LogDerivedDataCache:Display: Loaded Boot cache: C:/Users/Tri Nguyen/AppData/Local/UnrealEngine/4.5/DerivedDataCache/Boot.ddc
[2014.10.20-23.55.42:602][  0]LogDerivedDataCache: FDerivedDataBackendGraph:  Pak pak cache file ../../../../../../Users/Tri Nguyen/Documents/Unreal Projects/MyProject/DerivedDataCache/DDC.ddp not found, will not use a pak cache.
[2014.10.20-23.55.42:602][  0]LogDerivedDataCache: Unable to find inner node Pak for hierarchical cache Hierarchy.
[2014.10.20-23.55.42:677][  0]LogDerivedDataCache:Display: Pak cache opened for reading ../../../Engine/DerivedDataCache/DDC.ddp.
[2014.10.20-23.55.42:688][  0]LogDerivedDataCache: Using Local data cache path C:/Users/Tri Nguyen/AppData/Local/UnrealEngine/Common/DerivedDataCache: Writable
[2014.10.20-23.55.42:869][  0]LogMeshUtilities: No automatic mesh reduction module available
[2014.10.20-23.55.42:869][  0]LogMeshUtilities: No automatic mesh merging module available
[2014.10.20-23.55.43:094][  0]LogLinker:Warning: Asset '../../../Engine/Content/Functions/Engine_MaterialFunctions02/Texturing/FlipBook.uasset' has been saved with empty engine version. The asset will be loaded but may be incompatible.
[2014.10.20-23.55.43:097][  0]LogLinker:Warning: Asset '../../../Engine/Content/Functions/Engine_MaterialFunctions02/ExampleContent/Textures/flipbook.uasset' has been saved with empty engine version. The asset will be loaded but may be incompatible.
[2014.10.20-23.55.43:272][  0]LogInit: WinSock: version 1.1 (2.2), MaxSocks=32767, MaxUdp=65467
[2014.10.20-23.55.44:022][  0]UdpMessaging: Initializing bridge on interface 0.0.0.0:0 to multicast group 230.0.0.1:6666.
[2014.10.20-23.55.44:219][  0]LogDirectoryWatcher:Warning: Failed to begin reading directory changes for C:/Users/Tri Nguyen/Documents/Unreal Projects/MyProject/Binaries/Win64. Error: 0
[2014.10.20-23.55.44:345][  0]SourceControl: Info Source control is disabled
[2014.10.20-23.55.44:345][  0]SourceControl: Info Source control is disabled
[2014.10.20-23.55.44:351][  0]SourceControl: Info Source control is disabled
[2014.10.20-23.55.44:464][  0]LogObj: 22915 objects as part of root set at end of initial load.
[2014.10.20-23.55.44:464][  0]LogUObjectAllocator: 4803536 out of 0 bytes used by permanent object pool.
[2014.10.20-23.55.44:522][  0]LogEngine: Initializing Engine...
[2014.10.20-23.55.44:659][  0]LogInit: XAudio2 using 'Speakers (Realtek High Definition Audio)' : 2 channels at 48 kHz using 32 bits per sample (channel mask 0x3)
[2014.10.20-23.55.44:774][  0]LogInit: FAudioDevice initialized.
[2014.10.20-23.55.44:818][  0]LogAIModule: Creating AISystem for world NewWorld
[2014.10.20-23.55.44:846][  0]LogDerivedDataCache: Saved boot cache 0.03s 45MB C:/Users/Tri Nguyen/AppData/Local/UnrealEngine/4.5/DerivedDataCache/Boot.ddc.
[2014.10.20-23.55.44:849][  0]LogInit: Texture streaming: Enabled
[2014.10.20-23.55.44:892][  0]LogInit: Transaction tracking system initialized
[2014.10.20-23.55.44:984][  0]BlueprintLog: New page: Editor Load
[2014.10.20-23.55.45:013][  0]LogAssetRegistry: FAssetRegistry took 0.0099 seconds to start up
[2014.10.20-23.55.45:013][  0]LogDirectoryWatcher:Warning: Failed to begin reading directory changes for ../../../Engine/Plugins/Experimental/CharacterAI/Content/. Error: 0
[2014.10.20-23.55.45:509][  0]LogTargetPlatformManager:Display: Building Assets For Windows
[2014.10.20-23.55.45:831][  0]LogTargetPlatformManager:Display: Building Assets For Windows
[2014.10.20-23.55.46:033][  0]LogConsoleResponse:Display: 
[2014.10.20-23.55.46:223][  0]SourceControl: Info Source control is disabled
[2014.10.20-23.55.46:223][  0]Cmd: MAP LOAD FILE="../../../../../../Users/Tri Nguyen/Documents/Unreal Projects/MyProject/Content/Maps/Example_Map.umap" TEMPLATE=0 SHOWPROGRESS=1
[2014.10.20-23.55.46:223][  0]LightingResults: New page: Lighting Build
[2014.10.20-23.55.46:232][  0]MapCheck: New page: Map Check
[2014.10.20-23.55.46:232][  0]LightingResults: New page: Lighting Build
[2014.10.20-23.55.46:257][  0]LogParticles: Destroying 0 GPU particle simulations for FXSystem 0x000000001C98DA80
[2014.10.20-23.55.46:619][  0]LogEditorServer: Finished looking for orphan Actors (0.000 secs)
[2014.10.20-23.55.46:620][  0]LogAIModule: Creating AISystem for world Example_Map
[2014.10.20-23.55.46:621][  0]Cmd: MAP CHECKDEP
[2014.10.20-23.55.46:621][  0]MapCheck: New page: Example_Map - Oct 20, 2014, 1:55:46 PM
[2014.10.20-23.55.46:712][  0]MapCheck: Info Map check complete: 0 Error(s), 0 Warning(s), took 90.286ms to complete.
[2014.10.20-23.55.46:712][  0]LogFileHelpers: Loading map 'Example_Map' took 0.489
[2014.10.20-23.55.46:836][  0]LogCollectionManager: Loaded 0 collections in 0.001033 seconds
[2014.10.20-23.55.47:039][  0]LogCrashTracker: Crashtracker disabled due to settings.
[2014.10.20-23.55.47:044][  0]LogUObjectGlobals:Warning: Failed to find object 'Class None.'
[2014.10.20-23.55.47:079][  0]LogLoad: Full Startup: 11.58 seconds (BP compile: 0.07 seconds)
[2014.10.20-23.55.47:429][  0]LogContentBrowser:Verbose: The content browser source was changed by the sources view to '/Game/StarterContent/Materials'
[2014.10.20-23.55.47:625][  0]LogRenderer:Warning: Reallocating scene render targets to support 1136x896.
[2014.10.20-23.55.49:093][  5]LogAssetRegistry: Asset discovery search completed in 4.0905 seconds
[2014.10.20-23.56.56:028][631]LogUObjectHash:Warning: Ambiguous search, could be Model /Game/Maps/Example_Map.Example_Map:PersistentLevel.Floor_6.Model_6 or Model /Game/Maps/Example_Map.Example_Map:PersistentLevel.Floor_5.Model_6
[2014.10.20-23.56.56:028][631]LogUObjectHash:Warning: Ambiguous search, could be Model /Game/Maps/Example_Map.Example_Map:PersistentLevel.Floor_6.Model_6 or Model /Game/Maps/Example_Map.Example_Map:PersistentLevel.Floor_4.Model_6
[2014.10.20-23.56.56:028][631]LogUObjectHash:Warning: Ambiguous search, could be Model /Game/Maps/Example_Map.Example_Map:PersistentLevel.Floor_6.Model_6 or Model /Game/Maps/Example_Map.Example_Map:PersistentLevel.Floor_3.Model_6
[2014.10.20-23.56.56:028][631]LogUObjectHash:Warning: Ambiguous search, could be Model /Game/Maps/Example_Map.Example_Map:PersistentLevel.Floor_6.Model_6 or Model /Game/Maps/Example_Map.Example_Map:PersistentLevel.Floor_2.Model_6
[2014.10.20-23.56.56:028][631]LogUObjectHash:Warning: Ambiguous search, could be Model /Game/Maps/Example_Map.Example_Map:PersistentLevel.Floor_6.Model_6 or Model /Game/Maps/Example_Map.Example_Map:PersistentLevel.Floor.Model_6
[2014.10.20-23.57.37:371][592]MapCheck: New page: Map Check
[2014.10.20-23.57.37:457][592]Cmd: MAP REBUILD ALLVISIBLE
[2014.10.20-23.57.37:468][592]LogEditorServer: Rebuildmap Clear paths rebuilt
[2014.10.20-23.57.37:787][592]LightingResults: New page: Lighting Build - Oct 20, 2014, 1:57:37 PM
[2014.10.20-23.57.43:470][592]LogStaticLightingSystem:Warning: No importance volume found, so the scene bounding box was used.  You can optimize your scene's quality and lighting build times by adding importance volumes.
[2014.10.20-23.57.43:501][592]LogStaticLightingSystem: Running Lightmass w/ ImmediateImport mode ENABLED
[2014.10.20-23.57.43:501][592]LogStaticLightingSystem: Running Lightmass w/ ImmediateProcess mode ENABLED
[2014.10.20-23.57.43:501][592]LogStaticLightingSystem: Running Lightmass w/ Sorting mode ENABLED
[2014.10.20-23.57.43:501][592]LogStaticLightingSystem: Running Lightmass w/ Mapping paddings ENABLED
[2014.10.20-23.57.43:501][592]LogStaticLightingSystem: Running Lightmass w/ Mapping debug paddings DISABLED
[2014.10.20-23.57.43:613][592]LogEditorBuildUtils: Build time 0:00:06
[2014.10.20-23.57.50:147][721]Job is a success!
[2014.10.20-23.57.51:072][722]LogTexture:Display: Building textures: HQ_Lightmap0_1 (AutoDXT)
[2014.10.20-23.57.51:303][722]LogTexture:Display: Building textures: LQ_Lightmap_0_7 (DXT1)
[2014.10.20-23.57.51:311][722]LogTexture:Display: Building textures: HQ_Lightmap0_7 (AutoDXT)
[2014.10.20-23.57.51:319][722]LogTexture:Display: Building textures: LQ_Lightmap_1_6 (DXT1)
[2014.10.20-23.57.51:340][722]LogTexture:Display: Building textures: HQ_Lightmap1_6 (AutoDXT)
[2014.10.20-23.57.51:391][722]LogTexture:Display: Building textures: LQ_Lightmap_0_5 (DXT1)
[2014.10.20-23.57.51:412][722]LogTexture:Display: Building textures: HQ_Lightmap0_5 (AutoDXT)
[2014.10.20-23.57.51:493][722]LogTexture:Display: Building textures: LQ_Lightmap_1_4 (DXT1)
[2014.10.20-23.57.51:556][722]LogTexture:Display: Building textures: HQ_Lightmap1_4 (AutoDXT)
[2014.10.20-23.57.51:715][722]LogTexture:Display: Building textures: LQ_Lightmap_0_3 (DXT1)
[2014.10.20-23.57.51:836][722]LogTexture:Display: Building textures: HQ_Lightmap0_3 (AutoDXT)
[2014.10.20-23.57.52:239][722]LogTexture:Display: Building textures: LQ_Lightmap_1_2 (DXT1)
[2014.10.20-23.57.52:308][722]LogTexture:Display: Building textures: HQ_Lightmap1_2 (AutoDXT)
[2014.10.20-23.57.52:508][722]LogTexture:Display: Building textures: LQ_Lightmap_0_1 (DXT1)
[2014.10.20-23.57.52:744][722]LogTexture:Display: Building textures: ShadowMapTexture2D_0 (BGRA8)
[2014.10.20-23.57.52:809][722]LogTexture:Display: Building textures: ShadowMapTexture2D_1 (BGRA8)
[2014.10.20-23.57.52:948][722]LogTexture:Display: Building textures: ShadowMapTexture2D_2 (BGRA8)
[2014.10.20-23.57.52:985][722]LogTexture:Display: Building textures: ShadowMapTexture2D_3 (BGRA8)
[2014.10.20-23.57.52:994][722]LogTexture:Display: Building textures: ShadowMapTexture2D_4 (BGRA8)
[2014.10.20-23.57.53:026][722]Lightmass on TRINGUYEN-PC: 8.38 sec total, 136 ms importing, 7 ms setup, 759 ms photons, 7.44 sec processing, 0 ms extra exporting [241/241 mappings]. Threads: 51.9 sec total, 26.7 sec processing.
[2014.10.20-23.57.53:073][722]LogStaticLightingSystem:Warning: Illumination: 15.1 sec (2.42 sec encoding lightmaps)
[2014.10.20-23.57.53:074][722]LogStaticLightingSystem: Lightmap texture memory:  6.0 MB (4.7 MB streaming, 1.3 MB non-streaming), 14 textures
[2014.10.20-23.57.53:074][722]LogStaticLightingSystem: Shadowmap texture memory: 0.0 MB (0.0 MB streaming, 0.0 MB non-streaming), 5 textures
[2014.10.20-23.57.53:493][723]Cmd: MAP CHECK NOTIFYRESULTS
[2014.10.20-23.57.53:493][723]MapCheck: New page: Example_Map - Oct 20, 2014, 1:57:53 PM
[2014.10.20-23.57.53:601][723]MapCheck: Info Map check complete: 0 Error(s), 0 Warning(s), took 108.713ms to complete.
[2014.10.20-23.58.56:717][278]LogTexture:Warning: Failed to stream mip data from the derived data cache for /Game/Maps/Example_Map.HQ_Lightmap1_5. Streaming mips will be recached.
[2014.10.20-23.58.56:768][278]LogTexture:Display: Building textures: HQ_Lightmap1_5 (AutoDXT)
[2014.10.20-23.59.05:321][483]LogTexture:Warning: Failed to stream mip data from the derived data cache for /Game/Maps/Example_Map.HQ_Lightmap1_3. Streaming mips will be recached.
[2014.10.20-23.59.05:409][483]LogTexture:Display: Building textures: HQ_Lightmap1_3 (AutoDXT)
[2014.10.20-23.59.11:587][619]LogUObjectHash:Warning: Ambiguous search, could be Model /Game/Maps/Example_Map.Example_Map:PersistentLevel.Floor_7.Model_6 or Model /Game/Maps/Example_Map.Example_Map:PersistentLevel.Floor_6.Model_6
[2014.10.20-23.59.11:587][619]LogUObjectHash:Warning: Ambiguous search, could be Model /Game/Maps/Example_Map.Example_Map:PersistentLevel.Floor_7.Model_6 or Model /Game/Maps/Example_Map.Example_Map:PersistentLevel.Floor_5.Model_6
[2014.10.20-23.59.11:587][619]LogUObjectHash:Warning: Ambiguous search, could be Model /Game/Maps/Example_Map.Example_Map:PersistentLevel.Floor_7.Model_6 or Model /Game/Maps/Example_Map.Example_Map:PersistentLevel.Floor_4.Model_6
[2014.10.20-23.59.11:587][619]LogUObjectHash:Warning: Ambiguous search, could be Model /Game/Maps/Example_Map.Example_Map:PersistentLevel.Floor_7.Model_6 or Model /Game/Maps/Example_Map.Example_Map:PersistentLevel.Floor_3.Model_6
[2014.10.20-23.59.11:587][619]LogUObjectHash:Warning: Ambiguous search, could be Model /Game/Maps/Example_Map.Example_Map:PersistentLevel.Floor_7.Model_6 or Model /Game/Maps/Example_Map.Example_Map:PersistentLevel.Floor_2.Model_6
[2014.10.20-23.59.11:587][619]LogUObjectHash:Warning: Ambiguous search, could be Model /Game/Maps/Example_Map.Example_Map:PersistentLevel.Floor_7.Model_6 or Model /Game/Maps/Example_Map.Example_Map:PersistentLevel.Floor.Model_6
[2014.10.20-23.59.26:945][982]LogTexture:Warning: Failed to stream mip data from the derived data cache for /Game/Maps/Example_Map.HQ_Lightmap0_2. Streaming mips will be recached.
[2014.10.20-23.59.27:014][982]LogTexture:Display: Building textures: HQ_Lightmap0_2 (AutoDXT)
[2014.10.20-23.59.27:774][997]LogTexture:Warning: Failed to stream mip data from the derived data cache for /Game/Maps/Example_Map.HQ_Lightmap0_4. Streaming mips will be recached.
[2014.10.20-23.59.27:847][997]LogTexture:Display: Building textures: HQ_Lightmap0_4 (AutoDXT)
[2014.10.21-00.01.06:895][454]LogEditorViewport: Clicking on Actor (LMB): BP_Sky_Sphere_C (SkySphereBlueprint)
[2014.10.21-00.01.21:180][779]MapCheck: New page: Map Check
[2014.10.21-00.01.21:209][779]Cmd: MAP REBUILD ALLVISIBLE
[2014.10.21-00.01.21:215][779]LogEditorServer: Rebuildmap Clear paths rebuilt
[2014.10.21-00.01.21:548][779]LightingResults: New page: Lighting Build - Oct 20, 2014, 2:01:21 PM
[2014.10.21-00.01.26:321][779]LogStaticLightingSystem:Warning: No importance volume found, so the scene bounding box was used.  You can optimize your scene's quality and lighting build times by adding importance volumes.
[2014.10.21-00.01.26:352][779]LogStaticLightingSystem: Running Lightmass w/ ImmediateImport mode ENABLED
[2014.10.21-00.01.26:352][779]LogStaticLightingSystem: Running Lightmass w/ ImmediateProcess mode ENABLED
[2014.10.21-00.01.26:352][779]LogStaticLightingSystem: Running Lightmass w/ Sorting mode ENABLED
[2014.10.21-00.01.26:352][779]LogStaticLightingSystem: Running Lightmass w/ Mapping paddings ENABLED
[2014.10.21-00.01.26:352][779]LogStaticLightingSystem: Running Lightmass w/ Mapping debug paddings DISABLED
[2014.10.21-00.01.26:433][779]LogEditorBuildUtils: Build time 0:00:05
[2014.10.21-00.01.32:443][916]Job is a success!
[2014.10.21-00.01.33:310][917]LogTexture:Display: Building textures: HQ_Lightmap0_1 (AutoDXT)
[2014.10.21-00.01.33:573][917]LogTexture:Display: Building textures: LQ_Lightmap_0_6 (DXT1)
[2014.10.21-00.01.33:582][917]LogTexture:Display: Building textures: HQ_Lightmap0_6 (AutoDXT)
[2014.10.21-00.01.33:591][917]LogTexture:Display: Building textures: LQ_Lightmap_1_5 (DXT1)
[2014.10.21-00.01.33:612][917]LogTexture:Display: Building textures: HQ_Lightmap1_5 (AutoDXT)
[2014.10.21-00.01.33:683][917]LogTexture:Display: Building textures: LQ_Lightmap_0_4 (DXT1)
[2014.10.21-00.01.33:752][917]LogTexture:Display: Building textures: HQ_Lightmap0_4 (AutoDXT)
[2014.10.21-00.01.33:986][917]LogTexture:Display: Building textures: LQ_Lightmap_1_3 (DXT1)
[2014.10.21-00.01.34:053][917]LogTexture:Display: Building textures: HQ_Lightmap1_3 (AutoDXT)
[2014.10.21-00.01.34:245][917]LogTexture:Display: Building textures: LQ_Lightmap_0_2 (DXT1)
[2014.10.21-00.01.34:367][917]LogTexture:Display: Building textures: HQ_Lightmap0_2 (AutoDXT)
[2014.10.21-00.01.34:759][917]LogTexture:Display: Building textures: LQ_Lightmap_0_1 (DXT1)
[2014.10.21-00.01.34:994][917]LogTexture:Display: Building textures: ShadowMapTexture2D_5 (BGRA8)
[2014.10.21-00.01.35:159][917]LogTexture:Display: Building textures: ShadowMapTexture2D_6 (BGRA8)
[2014.10.21-00.01.35:220][917]LogTexture:Display: Building textures: ShadowMapTexture2D_7 (BGRA8)
[2014.10.21-00.01.35:236][917]LogTexture:Display: Building textures: ShadowMapTexture2D_8 (BGRA8)
[2014.10.21-00.01.35:245][917]LogTexture:Display: Building textures: ShadowMapTexture2D_9 (BGRA8)
[2014.10.21-00.01.35:287][917]Lightmass on TRINGUYEN-PC: 8.44 sec total, 125 ms importing, 6 ms setup, 781 ms photons, 7.51 sec processing, 0 ms extra exporting [247/247 mappings]. Threads: 52.4 sec total, 27.5 sec processing.
[2014.10.21-00.01.35:306][917]LogStaticLightingSystem:Warning: Illumination: 13.6 sec (2.42 sec encoding lightmaps)
[2014.10.21-00.01.35:306][917]LogStaticLightingSystem: Lightmap texture memory:  5.7 MB (4.3 MB streaming, 1.3 MB non-streaming), 12 textures
[2014.10.21-00.01.35:306][917]LogStaticLightingSystem: Shadowmap texture memory: 0.0 MB (0.0 MB streaming, 0.0 MB non-streaming), 10 textures
[2014.10.21-00.01.36:332][918]Cmd: MAP CHECK NOTIFYRESULTS
[2014.10.21-00.01.36:333][918]MapCheck: New page: Example_Map - Oct 20, 2014, 2:01:36 PM
[2014.10.21-00.01.36:522][918]MapCheck: Info Map check complete: 0 Error(s), 0 Warning(s), took 189.07ms to complete.
[2014.10.21-00.01.49:496][180]LogSavePackage: Save=484.675568ms
[2014.10.21-00.01.49:496][180]LogSavePackage: Moving '../../../../../../Users/Tri Nguyen/Documents/Unreal Projects/MyProject/Saved/Example_Map70CCC26344699A6BD9982F92C3D2325B.tmp' to '../../../../../../Users/Tri Nguyen/Documents/Unreal Projects/MyProject/Content/Maps/Example_Map.umap'
[2014.10.21-00.01.49:524][180]LogFileHelpers: Saving map 'Example_Map' took 0.656
[2014.10.21-00.01.50:264][181]Cmd: QUIT_EDITOR
[2014.10.21-00.01.50:620][181]LogExit: Preparing to exit.
[2014.10.21-00.01.51:194][181]LogExit: Editor shut down
[2014.10.21-00.01.51:194][181]LogExit: Transaction tracking system shut down
[2014.10.21-00.01.51:195][181]LogParticles: Destroying 0 GPU particle simulations for FXSystem 0x000000001EFD1440
[2014.10.21-00.01.51:195][181]LogParticles: Destroying 0 GPU particle simulations for FXSystem 0x000000001CB4C9A0
[2014.10.21-00.01.51:195][181]LogParticles: Destroying 0 GPU particle simulations for FXSystem 0x000000001313E480
[2014.10.21-00.01.51:218][181]LogParticles: Destroying 0 GPU particle simulations for FXSystem 0x0000000022DC93A0
[2014.10.21-00.01.51:218][181]LogExit: Object subsystem successfully closed.
[2014.10.21-00.01.51:267][181]LogModuleManager: Shutting down and abandoning module AndroidDeviceDetection (166)
[2014.10.21-00.01.51:267][181]LogModuleManager: Shutting down and abandoning module CrashTracker (165)
[2014.10.21-00.01.51:267][181]LogModuleManager: Shutting down and abandoning module SuperSearch (164)
[2014.10.21-00.01.51:267][181]LogModuleManager: Shutting down and abandoning module SceneOutliner (163)
[2014.10.21-00.01.51:267][181]LogModuleManager: Shutting down and abandoning module EditorWidgets (162)
[2014.10.21-00.01.51:267][181]LogModuleManager: Shutting down and abandoning module CollectionManager (161)
[2014.10.21-00.01.51:272][181]LogModuleManager: Shutting down and abandoning module StatsViewer (160)
[2014.10.21-00.01.51:272][181]LogModuleManager: Shutting down and abandoning module FoliageEdit (159)
[2014.10.21-00.01.51:272][181]LogModuleManager: Shutting down and abandoning module LandscapeEditor (158)
[2014.10.21-00.01.51:273][181]LogModuleManager: Shutting down and abandoning module MeshPaint (157)
[2014.10.21-00.01.51:273][181]LogModuleManager: Shutting down and abandoning module ActorPickerMode (156)
[2014.10.21-00.01.51:273][181]LogModuleManager: Shutting down and abandoning module GeometryMode (155)
[2014.10.21-00.01.51:273][181]LogModuleManager: Shutting down and abandoning module TextureAlignMode (154)
[2014.10.21-00.01.51:273][181]LogModuleManager: Shutting down and abandoning module BspMode (153)
[2014.10.21-00.01.51:273][181]LogModuleManager: Shutting down and abandoning module PlacementMode (152)
[2014.10.21-00.01.51:273][181]LogModuleManager: Shutting down and abandoning module AutomationWorker (151)
[2014.10.21-00.01.51:273][181]LogModuleManager: Shutting down and abandoning module CharacterAI (150)
[2014.10.21-00.01.51:273][181]LogModuleManager: Shutting down and abandoning module GameProjectGeneration (149)
[2014.10.21-00.01.51:273][181]LogModuleManager: Shutting down and abandoning module IntroTutorials (148)
[2014.10.21-00.01.51:273][181]LogModuleManager: Shutting down and abandoning module EditorLiveStreaming (147)
[2014.10.21-00.01.51:273][181]LogModuleManager: Shutting down and abandoning module HardwareTargeting (146)
[2014.10.21-00.01.51:273][181]LogModuleManager: Shutting down and abandoning module BehaviorTreeEditor (145)
[2014.10.21-00.01.51:273][181]LogModuleManager: Shutting down and abandoning module DeviceProfileEditor (144)
[2014.10.21-00.01.51:273][181]LogModuleManager: Shutting down and abandoning module UndoHistory (143)
[2014.10.21-00.01.51:273][181]LogModuleManager: Shutting down and abandoning module GameplayTagsEditor (142)
[2014.10.21-00.01.51:273][181]LogModuleManager: Shutting down and abandoning module UserFeedback (141)
[2014.10.21-00.01.51:273][181]LogModuleManager: Shutting down and abandoning module XmlParser (140)
[2014.10.21-00.01.51:273][181]LogModuleManager: Shutting down and abandoning module Blutility (139)
[2014.10.21-00.01.51:273][181]LogModuleManager: Shutting down and abandoning module IOSPlatformEditor (138)
[2014.10.21-00.01.51:273][181]LogModuleManager: Shutting down and abandoning module IOSRuntimeSettings (137)
[2014.10.21-00.01.51:273][181]LogModuleManager: Shutting down and abandoning module AndroidPlatformEditor (136)
[2014.10.21-00.01.51:273][181]LogModuleManager: Shutting down and abandoning module AndroidRuntimeSettings (135)
[2014.10.21-00.01.51:273][181]LogModuleManager: Shutting down and abandoning module ProjectTargetPlatformEditor (134)
[2014.10.21-00.01.51:273][181]LogModuleManager: Shutting down and abandoning module ProjectSettingsViewer (133)
[2014.10.21-00.01.51:273][181]LogModuleManager: Shutting down and abandoning module InputBindingEditor (132)
[2014.10.21-00.01.51:273][181]LogModuleManager: Shutting down and abandoning module EditorSettingsViewer (131)
[2014.10.21-00.01.51:273][181]LogModuleManager: Shutting down and abandoning module SettingsEditor (130)
[2014.10.21-00.01.51:273][181]LogModuleManager: Shutting down and abandoning module ProjectLauncher (129)
[2014.10.21-00.01.51:273][181]LogModuleManager: Shutting down and abandoning module SessionFrontend (128)
[2014.10.21-00.01.51:273][181]LogModuleManager: Shutting down and abandoning module ProfilerClient (127)
[2014.10.21-00.01.51:273][181]LogModuleManager: Shutting down and abandoning module TargetDeviceServices (126)
[2014.10.21-00.01.51:273][181]LogModuleManager: Shutting down and abandoning module DeviceManager (125)
[2014.10.21-00.01.51:274][181]LogModuleManager: Shutting down and abandoning module AutomationController (124)
[2014.10.21-00.01.51:274][181]LogModuleManager: Shutting down and abandoning module AutomationWindow (123)
[2014.10.21-00.01.51:274][181]LogModuleManager: Shutting down and abandoning module Layers (122)
[2014.10.21-00.01.51:274][181]LogModuleManager: Shutting down and abandoning module ComponentVisualizers (121)
[2014.10.21-00.01.51:274][181]LogModuleManager: Shutting down and abandoning module DetailCustomizations (120)
[2014.10.21-00.01.51:274][181]LogModuleManager: Shutting down and abandoning module PackagesDialog (119)
[2014.10.21-00.01.51:274][181]LogModuleManager: Shutting down and abandoning module AssetRegistry (118)
[2014.10.21-00.01.51:349][181]LogModuleManager: Shutting down and abandoning module Persona (117)
[2014.10.21-00.01.51:349][181]LogModuleManager: Shutting down and abandoning module Kismet (116)
[2014.10.21-00.01.51:349][181]LogModuleManager: Shutting down and abandoning module GraphEditor (115)
[2014.10.21-00.01.51:349][181]LogModuleManager: Shutting down and abandoning module ClassViewer (114)
[2014.10.21-00.01.51:349][181]LogModuleManager: Shutting down and abandoning module Toolbox (113)
[2014.10.21-00.01.51:349][181]LogModuleManager: Shutting down and abandoning module ModuleUI (112)
[2014.10.21-00.01.51:349][181]LogModuleManager: Shutting down and abandoning module MovieSceneTools (111)
[2014.10.21-00.01.51:349][181]LogModuleManager: Shutting down and abandoning module OutputLog (110)
[2014.10.21-00.01.51:349][181]LogModuleManager: Shutting down and abandoning module GammaUI (109)
[2014.10.21-00.01.51:350][181]LogModuleManager: Shutting down and abandoning module Documentation (108)
[2014.10.21-00.01.51:350][181]LogModuleManager: Shutting down and abandoning module GameLiveStreaming (107)
[2014.10.21-00.01.51:350][181]LogModuleManager: Shutting down and abandoning module StreamingPauseRendering (106)
[2014.10.21-00.01.51:350][181]LogModuleManager: Shutting down and abandoning module HTTP (105)
[2014.10.21-00.01.51:350][181]LogModuleManager: Shutting down and abandoning module AnalyticsET (104)
[2014.10.21-00.01.51:350][181]LogModuleManager: Shutting down and abandoning module Analytics (103)
[2014.10.21-00.01.51:350][181]LogModuleManager: Shutting down and abandoning module GameplayDebugger (102)
[2014.10.21-00.01.51:350][181]LogModuleManager: Shutting down and abandoning module AIModule (101)
[2014.10.21-00.01.51:350][181]LogModuleManager: Shutting down and abandoning module ProfilerService (100)
[2014.10.21-00.01.51:516][181]LogModuleManager: Shutting down and abandoning module TaskGraph (99)
[2014.10.21-00.01.51:516][181]LogModuleManager: Shutting down and abandoning module SlateRemote (98)
[2014.10.21-00.01.51:516][181]LogModuleManager: Shutting down and abandoning module ScriptEditorPlugin (97)
[2014.10.21-00.01.51:516][181]LogModuleManager: Shutting down and abandoning module CustomMeshComponent (96)
[2014.10.21-00.01.51:516][181]LogModuleManager: Shutting down and abandoning module CableComponent (95)
[2014.10.21-00.01.51:516][181]LogModuleManager: Shutting down and abandoning module MessagingDebugger (94)
[2014.10.21-00.01.51:516][181]LogModuleManager: Shutting down and abandoning module MediaPlayerEditor (93)
[2014.10.21-00.01.51:516][181]LogModuleManager: Shutting down and abandoning module SpeedTreeImporter (92)
[2014.10.21-00.01.51:516][181]LogModuleManager: Shutting down and abandoning module PluginsEditor (91)
[2014.10.21-00.01.51:516][181]LogModuleManager: Shutting down and abandoning module EpicSurvey (90)
[2014.10.21-00.01.51:517][181]LogModuleManager: Shutting down and abandoning module DesktopPlatform (89)
[2014.10.21-00.01.51:517][181]LogModuleManager: Shutting down and abandoning module VisualStudioSourceCodeAccess (88)
[2014.10.21-00.01.51:517][181]LogModuleManager: Shutting down and abandoning module UObjectPlugin (87)
[2014.10.21-00.01.51:517][181]LogModuleManager: Shutting down and abandoning module SubversionSourceControl (86)
[2014.10.21-00.01.51:517][181]LogModuleManager: Shutting down and abandoning module SourceControl (85)
[2014.10.21-00.01.51:517][181]LogModuleManager: Shutting down and abandoning module PerforceSourceControl (84)
[2014.10.21-00.01.51:517][181]LogModuleManager: Shutting down and abandoning module BlankPlugin (83)
[2014.10.21-00.01.51:517][181]LogModuleManager: Shutting down and abandoning module SlateReflector (82)
[2014.10.21-00.01.51:517][181]LogModuleManager: Shutting down and abandoning module DirectoryWatcher (81)
[2014.10.21-00.01.51:517][181]LogModuleManager: Shutting down and abandoning module HotReload (80)
[2014.10.21-00.01.51:517][181]LogModuleManager: Shutting down and abandoning module MainFrame (79)
[2014.10.21-00.01.51:517][181]LogModuleManager: Shutting down and abandoning module LevelEditor (78)
[2014.10.21-00.01.51:519][181]LogModuleManager: Shutting down and abandoning module ViewportSnapping (77)
[2014.10.21-00.01.51:519][181]LogModuleManager: Shutting down and abandoning module SmartSnapping (76)
[2014.10.21-00.01.51:519][181]LogModuleManager: Shutting down and abandoning module PaperTiledImporter (75)
[2014.10.21-00.01.51:519][181]LogModuleManager: Shutting down and abandoning module PaperJsonImporter (74)
[2014.10.21-00.01.51:519][181]LogModuleManager: Shutting down and abandoning module ContentBrowser (73)
[2014.10.21-00.01.51:519][181]LogModuleManager: Shutting down and abandoning module PropertyEditor (72)
[2014.10.21-00.01.51:520][181]LogModuleManager: Shutting down and abandoning module Paper2DEditor (71)
[2014.10.21-00.01.51:520][181]LogModuleManager: Shutting down and abandoning module ScriptPlugin (70)
[2014.10.21-00.01.51:520][181]LogModuleManager: Shutting down and abandoning module UdpMessaging (69)
[2014.10.21-00.01.51:620][181]LogModuleManager: Shutting down and abandoning module Paper2D (68)
[2014.10.21-00.01.51:620][181]LogModuleManager: Shutting down and abandoning module WindowsMoviePlayer (67)
[2014.10.21-00.01.51:626][181]LogModuleManager: Shutting down and abandoning module Media (66)
[2014.10.21-00.01.51:626][181]LogModuleManager: Shutting down and abandoning module WmfMedia (65)
[2014.10.21-00.01.51:626][181]LogModuleManager: Shutting down and abandoning module OnlineBlueprintSupport (64)
[2014.10.21-00.01.51:626][181]LogModuleManager: Shutting down and abandoning module FunctionalTesting (63)
[2014.10.21-00.01.51:626][181]LogModuleManager: Shutting down and abandoning module CollisionAnalyzer (62)
[2014.10.21-00.01.51:626][181]LogModuleManager: Shutting down and abandoning module WorkspaceMenuStructure (61)
[2014.10.21-00.01.51:627][181]LogModuleManager: Shutting down and abandoning module MessageLog (60)
[2014.10.21-00.01.51:627][181]LogModuleManager: Shutting down and abandoning module Sequencer (59)
[2014.10.21-00.01.51:627][181]LogModuleManager: Shutting down and abandoning module AssetTools (58)
[2014.10.21-00.01.51:627][181]LogModuleManager: Shutting down and abandoning module UMGEditor (57)
[2014.10.21-00.01.51:627][181]LogModuleManager: Shutting down and abandoning module UMG (56)
[2014.10.21-00.01.51:627][181]LogModuleManager: Shutting down and abandoning module Slate (55)
[2014.10.21-00.01.51:627][181]LogModuleManager: Shutting down and abandoning module EditorStyle (54)
[2014.10.21-00.01.51:630][181]LogModuleManager: Shutting down and abandoning module SessionServices (53)
[2014.10.21-00.01.51:630][181]LogModuleManager: Shutting down and abandoning module SourceCodeAccess (52)
[2014.10.21-00.01.51:630][181]LogModuleManager: Shutting down and abandoning module HeadMountedDisplay (51)
[2014.10.21-00.01.51:631][181]LogModuleManager: Shutting down and abandoning module XAudio2 (50)
[2014.10.21-00.01.51:631][181]LogModuleManager: Shutting down and abandoning module Networking (48)
[2014.10.21-00.01.51:631][181]LogModuleManager: Shutting down and abandoning module Core (47)
[2014.10.21-00.01.51:631][181]LogModuleManager: Shutting down and abandoning module KismetCompiler (46)
[2014.10.21-00.01.51:631][181]LogModuleManager: Shutting down and abandoning module PhysXFormats (45)
[2014.10.21-00.01.51:631][181]LogModuleManager: Shutting down and abandoning module MeshUtilities (44)
[2014.10.21-00.01.51:631][181]LogModuleManager: Shutting down and abandoning module DerivedDataCache (43)
[2014.10.21-00.01.51:727][181]LogDerivedDataCache: Shutdown
[2014.10.21-00.01.51:727][181]LogModuleManager: Shutting down and abandoning module ShaderFormatOpenGL (42)
[2014.10.21-00.01.51:727][181]LogModuleManager: Shutting down and abandoning module ShaderFormatD3D (41)
[2014.10.21-00.01.51:727][181]LogModuleManager: Shutting down and abandoning module MetalShaderFormat (40)
[2014.10.21-00.01.51:727][181]LogModuleManager: Shutting down and abandoning module TextureFormatUncompressed (39)
[2014.10.21-00.01.51:727][181]LogModuleManager: Shutting down and abandoning module TextureFormatPVR (38)
[2014.10.21-00.01.51:727][181]LogModuleManager: Shutting down and abandoning module TextureFormatDXT (37)
[2014.10.21-00.01.51:727][181]LogModuleManager: Shutting down and abandoning module TextureFormatAndroid (36)
[2014.10.21-00.01.51:727][181]LogModuleManager: Shutting down and abandoning module AudioFormatOpus (35)
[2014.10.21-00.01.51:727][181]LogModuleManager: Shutting down and abandoning module AudioFormatOgg (34)
[2014.10.21-00.01.51:727][181]LogModuleManager: Shutting down and abandoning module AudioFormatADPCM (33)
[2014.10.21-00.01.51:727][181]LogModuleManager: Shutting down and abandoning module Messaging (32)
[2014.10.21-00.01.51:727][181]LogModuleManager: Shutting down and abandoning module IOSTargetPlatform (31)
[2014.10.21-00.01.51:727][181]LogModuleManager: Shutting down and abandoning module Android_PVRTCTargetPlatform (30)
[2014.10.21-00.01.51:727][181]LogModuleManager: Shutting down and abandoning module Android_ETC2TargetPlatform (29)
[2014.10.21-00.01.51:727][181]LogModuleManager: Shutting down and abandoning module Android_ETC1TargetPlatform (28)
[2014.10.21-00.01.51:727][181]LogModuleManager: Shutting down and abandoning module Android_DXTTargetPlatform (27)
[2014.10.21-00.01.51:727][181]LogModuleManager: Shutting down and abandoning module Android_ATCTargetPlatform (26)
[2014.10.21-00.01.51:727][181]LogModuleManager: Shutting down and abandoning module AndroidTargetPlatform (25)
[2014.10.21-00.01.51:727][181]LogModuleManager: Shutting down and abandoning module WindowsTargetPlatform (24)
[2014.10.21-00.01.51:727][181]LogModuleManager: Shutting down and abandoning module WindowsServerTargetPlatform (23)
[2014.10.21-00.01.51:727][181]LogModuleManager: Shutting down and abandoning module WindowsNoEditorTargetPlatform (22)
[2014.10.21-00.01.51:727][181]LogModuleManager: Shutting down and abandoning module WindowsClientTargetPlatform (21)
[2014.10.21-00.01.51:727][181]LogModuleManager: Shutting down and abandoning module TargetPlatform (20)
[2014.10.21-00.01.51:727][181]LogModuleManager: Shutting down and abandoning module InputCore (19)
[2014.10.21-00.01.51:727][181]LogModuleManager: Shutting down and abandoning module Settings (18)
[2014.10.21-00.01.51:727][181]LogModuleManager: Shutting down and abandoning module ImageWrapper (17)
[2014.10.21-00.01.51:727][181]LogModuleManager: Shutting down and abandoning module OculusRift (14)
[2014.10.21-00.01.51:727][181]LogModuleManager: Shutting down and abandoning module ExampleDeviceProfileSelector (13)
[2014.10.21-00.01.51:727][181]LogModuleManager: Shutting down and abandoning module TextureCompressor (12)
[2014.10.21-00.01.51:727][181]LogModuleManager: Shutting down and abandoning module ShaderCore (11)
[2014.10.21-00.01.51:727][181]LogModuleManager: Shutting down and abandoning module SlateRHIRenderer (10)
[2014.10.21-00.01.51:728][181]LogModuleManager: Shutting down and abandoning module OpenGLDrv (9)
[2014.10.21-00.01.51:728][181]LogModuleManager: Shutting down and abandoning module D3D11RHI (8)
[2014.10.21-00.01.51:728][181]LogModuleManager: Shutting down and abandoning module Renderer (7)
[2014.10.21-00.01.51:728][181]LogModuleManager: Shutting down and abandoning module Engine (6)
[2014.10.21-00.01.51:728][181]LogModuleManager: Shutting down and abandoning module CoreUObject (5)
[2014.10.21-00.01.51:728][181]LogModuleManager: Shutting down and abandoning module NetworkFile (4)
[2014.10.21-00.01.51:728][181]LogModuleManager: Shutting down and abandoning module StreamingFile (3)
[2014.10.21-00.01.51:728][181]LogModuleManager: Shutting down and abandoning module SandboxFile (2)
[2014.10.21-00.01.51:728][181]LogModuleManager: Shutting down and abandoning module PakFile (1)
[2014.10.21-00.01.51:728][181]LogExit: Exiting.
[2014.10.21-00.01.51:733][181]Log file closed, 10/20/14 19:01:51
