Log file open, 10/20/14 20:39:21
LogInit:Display: Running engine for game: MyProject
LogInit: Version: 4.5.0-2326478+++depot+UE4-Releases+4.5
LogInit: API Version: 2326478
LogInit: Compiled (64-bit): Oct 11 2014 09:24:31
LogInit: Compiled with Visual C++: 18.00.21005.01
LogInit: Build Configuration: Development
LogInit: Branch Name: ++depot+UE4-Releases+4.5
LogInit: Command line:  
LogInit: Base directory: C:/Program Files/Unreal Engine/4.5/Engine/Binaries/Win64/
LogInit: Rocket: 1
[2014.10.21-01.39.21:752][  0]LogTaskGraph: Started task graph with 3 named threads and 4 total threads.
[2014.10.21-01.39.21:780][  0]LogOnline:Warning: No default platform service specified for OnlineSubsystem
[2014.10.21-01.39.21:799][  0]LogInit: Presizing for 0 objects not considered by GC, pre-allocating 0 bytes.
[2014.10.21-01.39.21:809][  0]LogInit: Object subsystem initialized
[2014.10.21-01.39.21:812][  0]LogConsoleResponse:Warning: Skipping Unknown console variable: 'UIScaleRule = ShortestSide'
[2014.10.21-01.39.21:812][  0]LogConsoleResponse:Warning:   Found in ini file 'C:/Users/Tri Nguyen/Documents/Unreal Projects/MyProject/Saved/Config/Windows/Engine.ini', in section '[/Script/Engine.RendererSettings]'
[2014.10.21-01.39.21:812][  0]LogConsoleResponse:Warning: Skipping Unknown console variable: 'UIScaleCurve = (EditorCurveData=(Keys=((Time=480.000000,Value=0.444000),(Time=720.000000,Value=0.666000),(Time=1080.000000,Value=1.000000),(Time=8640.000000,Value=8.000000))),ExternalCurve=None)'
[2014.10.21-01.39.21:812][  0]LogConsoleResponse:Warning:   Found in ini file 'C:/Users/Tri Nguyen/Documents/Unreal Projects/MyProject/Saved/Config/Windows/Engine.ini', in section '[/Script/Engine.RendererSettings]'
[2014.10.21-01.39.21:813][  0]LogInit: Selected Device Profile: [Windows]
[2014.10.21-01.39.21:813][  0]LogInit: Applying CVar settings loaded from the selected device profile: [Windows]
[2014.10.21-01.39.21:817][  0]LogInit: Computer: TRINGUYEN-PC
[2014.10.21-01.39.21:817][  0]LogInit: User: TriNguyen
[2014.10.21-01.39.21:818][  0]LogInit: CPU Page size=4096, Cores=4
[2014.10.21-01.39.21:818][  0]LogInit: High frequency timer resolution =2.143603 MHz
[2014.10.21-01.39.21:818][  0]LogMemory: Memory total: Physical=15.9GB (16GB approx) Virtual=8192.0GB
[2014.10.21-01.39.21:818][  0]LogMemory: Platform Memory Stats for Windows
[2014.10.21-01.39.21:818][  0]LogMemory: Process Physical Memory: 67.02 MB used, 67.02 MB peak
[2014.10.21-01.39.21:818][  0]LogMemory: Process Virtual Memory: 43.61 MB used, 43.61 MB peak
[2014.10.21-01.39.21:818][  0]LogMemory: Physical Memory: 2913.90 MB used, 16266.36 MB total
[2014.10.21-01.39.21:818][  0]LogMemory: Virtual Memory: 278.37 MB used, 8388608.00 MB total
[2014.10.21-01.39.21:870][  0]LogD3D11RHI: Found D3D11 adapter 0: NVIDIA GeForce GT 640M (Feature Level 11_0)
[2014.10.21-01.39.21:870][  0]LogD3D11RHI: Adapter has 1990MB of dedicated video memory, 0MB of dedicated system memory, and 2048MB of shared system memory, 1 output[s]
[2014.10.21-01.39.21:870][  0]LogD3D11RHI: Chosen D3D11 Adapter Id = 0
[2014.10.21-01.39.21:876][  0]LogRHI: Texture pool is 1361 MB (70% of 1945 MB)
[2014.10.21-01.39.21:892][  0]LogD3D11RHI: Async texture creation enabled
[2014.10.21-01.39.21:964][  0]LogTextLocalizationManager: The requested culture ('en_US') has no localization data; parent culture's ('en') localization data will be used.
[2014.10.21-01.39.22:107][  0]LogContentStreaming: Texture pool size is 0.000000MB
[2014.10.21-01.39.27:248][  0]LogTargetPlatformManager:Display: Building Assets For Windows
[2014.10.21-01.39.27:658][  0]LogTargetPlatformManager:Display: Building Assets For Windows
[2014.10.21-01.39.27:710][  0]LogDerivedDataCache:Display: Max Cache Size: 512 MB
[2014.10.21-01.39.27:769][  0]LogDerivedDataCache: Loaded boot cache 0.06s 67MB C:/Users/Tri Nguyen/AppData/Local/UnrealEngine/4.5/DerivedDataCache/Boot.ddc.
[2014.10.21-01.39.27:769][  0]LogDerivedDataCache:Display: Loaded Boot cache: C:/Users/Tri Nguyen/AppData/Local/UnrealEngine/4.5/DerivedDataCache/Boot.ddc
[2014.10.21-01.39.27:769][  0]LogDerivedDataCache: FDerivedDataBackendGraph:  Pak pak cache file ../../../../../../Users/Tri Nguyen/Documents/Unreal Projects/MyProject/DerivedDataCache/DDC.ddp not found, will not use a pak cache.
[2014.10.21-01.39.27:769][  0]LogDerivedDataCache: Unable to find inner node Pak for hierarchical cache Hierarchy.
[2014.10.21-01.39.27:842][  0]LogDerivedDataCache:Display: Pak cache opened for reading ../../../Engine/DerivedDataCache/DDC.ddp.
[2014.10.21-01.39.27:853][  0]LogDerivedDataCache: Using Local data cache path C:/Users/Tri Nguyen/AppData/Local/UnrealEngine/Common/DerivedDataCache: Writable
[2014.10.21-01.39.28:025][  0]LogMeshUtilities: No automatic mesh reduction module available
[2014.10.21-01.39.28:025][  0]LogMeshUtilities: No automatic mesh merging module available
[2014.10.21-01.39.28:241][  0]LogLinker:Warning: Asset '../../../Engine/Content/Functions/Engine_MaterialFunctions02/Texturing/FlipBook.uasset' has been saved with empty engine version. The asset will be loaded but may be incompatible.
[2014.10.21-01.39.28:244][  0]LogLinker:Warning: Asset '../../../Engine/Content/Functions/Engine_MaterialFunctions02/ExampleContent/Textures/flipbook.uasset' has been saved with empty engine version. The asset will be loaded but may be incompatible.
[2014.10.21-01.39.28:408][  0]LogInit: WinSock: version 1.1 (2.2), MaxSocks=32767, MaxUdp=65467
[2014.10.21-01.39.29:143][  0]UdpMessaging: Initializing bridge on interface 0.0.0.0:0 to multicast group 230.0.0.1:6666.
[2014.10.21-01.39.29:353][  0]LogDirectoryWatcher:Warning: Failed to begin reading directory changes for C:/Users/Tri Nguyen/Documents/Unreal Projects/MyProject/Binaries/Win64. Error: 0
[2014.10.21-01.39.29:476][  0]SourceControl: Info Source control is disabled
[2014.10.21-01.39.29:476][  0]SourceControl: Info Source control is disabled
[2014.10.21-01.39.29:483][  0]SourceControl: Info Source control is disabled
[2014.10.21-01.39.29:593][  0]LogObj: 22915 objects as part of root set at end of initial load.
[2014.10.21-01.39.29:593][  0]LogUObjectAllocator: 4803536 out of 0 bytes used by permanent object pool.
[2014.10.21-01.39.29:650][  0]LogEngine: Initializing Engine...
[2014.10.21-01.39.29:784][  0]LogInit: XAudio2 using 'Speakers (Realtek High Definition Audio)' : 2 channels at 48 kHz using 32 bits per sample (channel mask 0x3)
[2014.10.21-01.39.29:899][  0]LogInit: FAudioDevice initialized.
[2014.10.21-01.39.29:922][  0]LogAIModule: Creating AISystem for world NewWorld
[2014.10.21-01.39.29:958][  0]LogDerivedDataCache: Saved boot cache 0.03s 67MB C:/Users/Tri Nguyen/AppData/Local/UnrealEngine/4.5/DerivedDataCache/Boot.ddc.
[2014.10.21-01.39.29:962][  0]LogInit: Texture streaming: Enabled
[2014.10.21-01.39.30:004][  0]LogInit: Transaction tracking system initialized
[2014.10.21-01.39.30:094][  0]BlueprintLog: New page: Editor Load
[2014.10.21-01.39.30:123][  0]LogAssetRegistry: FAssetRegistry took 0.0095 seconds to start up
[2014.10.21-01.39.30:123][  0]LogDirectoryWatcher:Warning: Failed to begin reading directory changes for ../../../Engine/Plugins/Experimental/CharacterAI/Content/. Error: 0
[2014.10.21-01.39.30:610][  0]LogTargetPlatformManager:Display: Building Assets For Windows
[2014.10.21-01.39.30:932][  0]LogTargetPlatformManager:Display: Building Assets For Windows
[2014.10.21-01.39.31:128][  0]LogConsoleResponse:Display: 
[2014.10.21-01.39.31:316][  0]SourceControl: Info Source control is disabled
[2014.10.21-01.39.31:316][  0]Cmd: MAP LOAD FILE="../../../../../../Users/Tri Nguyen/Documents/Unreal Projects/MyProject/Content/Maps/Example_Map.umap" TEMPLATE=0 SHOWPROGRESS=1
[2014.10.21-01.39.31:316][  0]LightingResults: New page: Lighting Build
[2014.10.21-01.39.31:325][  0]MapCheck: New page: Map Check
[2014.10.21-01.39.31:325][  0]LightingResults: New page: Lighting Build
[2014.10.21-01.39.31:340][  0]LogParticles: Destroying 0 GPU particle simulations for FXSystem 0x0000000018FE9A80
[2014.10.21-01.39.31:680][  0]LogEditorServer: Finished looking for orphan Actors (0.000 secs)
[2014.10.21-01.39.31:681][  0]LogAIModule: Creating AISystem for world Example_Map
[2014.10.21-01.39.31:681][  0]Cmd: MAP CHECKDEP
[2014.10.21-01.39.31:682][  0]MapCheck: New page: Example_Map - Oct 20, 2014, 3:39:31 PM
[2014.10.21-01.39.31:770][  0]MapCheck: Info Map check complete: 0 Error(s), 0 Warning(s), took 88.282ms to complete.
[2014.10.21-01.39.31:770][  0]LogFileHelpers: Loading map 'Example_Map' took 0.454
[2014.10.21-01.39.31:872][  0]LogCollectionManager: Loaded 0 collections in 0.001071 seconds
[2014.10.21-01.39.32:037][  0]LogCrashTracker: Crashtracker disabled due to settings.
[2014.10.21-01.39.32:067][  0]LogUObjectGlobals:Warning: Failed to find object 'Class None.'
[2014.10.21-01.39.32:105][  0]LogLoad: Full Startup: 11.68 seconds (BP compile: 0.06 seconds)
[2014.10.21-01.39.32:455][  0]LogContentBrowser:Verbose: The content browser source was changed by the sources view to '/Game/StarterContent/Props'
[2014.10.21-01.39.32:610][  0]LogRenderer:Warning: Reallocating scene render targets to support 1136x896.
[2014.10.21-01.39.34:222][  5]LogAssetRegistry: Asset discovery search completed in 4.1095 seconds
[2014.10.21-01.39.40:154][ 22]BlueprintLog:Warning: Warning Blueprint MyProjectile has been migrated and requires re-saving to avoid import errors
[2014.10.21-01.39.51:764][192]LogRenderer:Warning: Reallocating scene render targets to support 1616x896.
[2014.10.21-01.40.13:814][772]LogEditorTransaction: Undo Edit Properties
[2014.10.21-01.40.26:813][ 89]LogLinker:Warning: Can't find file '/Game/Characters/Materials/HeroTPP'
[2014.10.21-01.40.26:813][ 89]LogLinker:Warning: Can't find file for asset '/Game/Characters/Materials/HeroTPP' while loading ../../../../../../Users/Tri Nguyen/Documents/Unreal Projects/MyProject/Content/Character/HeroFPP/HeroFPP.uasset.
[2014.10.21-01.40.26:813][ 89]LoadErrors:Error: Error /Game/Character/HeroFPP/HeroFPP : Can't find file for asset. /Game/Characters/Materials/HeroTPP
[2014.10.21-01.40.26:813][ 89]LogLinker:Warning: Can't find file '/Game/Characters/HeroFPP/HeroFPP_Skeleton'
[2014.10.21-01.40.26:813][ 89]LogLinker:Warning: Can't find file for asset '/Game/Characters/HeroFPP/HeroFPP_Skeleton' while loading ../../../../../../Users/Tri Nguyen/Documents/Unreal Projects/MyProject/Content/Character/HeroFPP/HeroFPP.uasset.
[2014.10.21-01.40.26:814][ 89]LoadErrors:Error: Error /Game/Character/HeroFPP/HeroFPP : Can't find file for asset. /Game/Characters/HeroFPP/HeroFPP_Skeleton
[2014.10.21-01.40.26:814][ 89]LogLinker:Warning: Can't find file '/Game/Characters/Materials/HeroTPP'
[2014.10.21-01.40.26:814][ 89]LogLinker:Warning: Can't find file for asset '/Game/Characters/Materials/HeroTPP' while loading ../../../../../../Users/Tri Nguyen/Documents/Unreal Projects/MyProject/Content/Character/HeroFPP/HeroFPP.uasset.
[2014.10.21-01.40.26:814][ 89]LogLinker:Warning: Can't find file '/Game/Characters/HeroFPP/HeroFPP_Skeleton'
[2014.10.21-01.40.26:814][ 89]LogLinker:Warning: Can't find file for asset '/Game/Characters/HeroFPP/HeroFPP_Skeleton' while loading ../../../../../../Users/Tri Nguyen/Documents/Unreal Projects/MyProject/Content/Character/HeroFPP/HeroFPP.uasset.
[2014.10.21-01.40.26:815][ 89]LogLinker:Warning: Can't find file '/Game/Characters/HeroFPP/HeroFPP_Skeleton'
[2014.10.21-01.40.26:815][ 89]LoadErrors: Info Failed to load /Game/Characters/HeroFPP/HeroFPP_Skeleton.HeroFPP_Skeleton Referenced by HeroFPP Property /Script/Engine.SkeletalMesh:Skeleton
[2014.10.21-01.40.26:815][ 89]LogLinker:Warning: Can't find file for asset '/Game/Characters/HeroFPP/HeroFPP_Skeleton' while loading NULL.
[2014.10.21-01.40.26:815][ 89]LogLinker:Warning: Can't find file '/Game/Characters/Materials/HeroTPP'
[2014.10.21-01.40.26:815][ 89]LoadErrors: Info Failed to load /Game/Characters/Materials/HeroTPP.HeroTPP Referenced by HeroFPP
[2014.10.21-01.40.26:816][ 89]LogLinker:Warning: Can't find file for asset '/Game/Characters/Materials/HeroTPP' while loading NULL.
[2014.10.21-01.40.26:818][ 89]LogCrashTracker: 


[2014.10.21-01.40.27:099][ 89]LogCrashTracker: 


[2014.10.21-01.40.27:099][ 89]LogWindows: === Critical error: ===
Fatal error!

Unhandled Exception: EXCEPTION_ACCESS_VIOLATION reading address 0x00000020

UE4Editor-CoreUObject.dll!UnknownFunction (0x000007fee97a10b0) + 0 bytes [UnknownFile:0]
UE4Editor-CoreUObject.dll!UnknownFunction (0x000007fee96c52bb) + 0 bytes [UnknownFile:0]
UE4Editor-Engine.dll!UnknownFunction (0x000007fedf64ddc0) + 0 bytes [UnknownFile:0]
UE4Editor-Engine.dll!UnknownFunction (0x000007fedf6346bf) + 0 bytes [UnknownFile:0]
UE4Editor-CoreUObject.dll!UnknownFunction (0x000007fee9753e3d) + 0 bytes [UnknownFile:0]
UE4Editor-PropertyEditor.dll!UnknownFunction (0x000007fedeceac6e) + 0 bytes [UnknownFile:0]
UE4Editor-PropertyEditor.dll!UnknownFunction (0x000007fedecc47b7) + 0 bytes [UnknownFile:0]
UE4Editor-PropertyEditor.dll!UnknownFunction (0x000007fedecc4be3) + 0 bytes [UnknownFile:0]
UE4Editor-PropertyEditor.dll!UnknownFunction (0x000007feded4664a) + 0 bytes [UnknownFile:0]
UE4Editor-PropertyEditor.dll!UnknownFunction (0x000007feded5027f) + 0 bytes [UnknownFile:0]
UE4Editor-PropertyEditor.dll!UnknownFunction (0x000007feded50b1a) + 0 bytes [UnknownFile:0]
UE4Editor-PropertyEditor.dll!UnknownFunction (0x000007fedec65a68) + 0 bytes [UnknownFile:0]
UE4Editor-PropertyEditor.dll!UnknownFunction (0x000007fedec6f1ad) + 0 bytes [UnknownFile:0]
UE4Editor-PropertyEditor.dll!UnknownFunction (0x000007fedececd06) + 0 bytes [UnknownFile:0]
UE4Editor-PropertyEditor.dll!UnknownFunction (0x000007fedec65d18) + 0 bytes [UnknownFile:0]
UE4Editor-PropertyEditor.dll!UnknownFunction (0x000007fedec6f4bd) + 0 bytes [UnknownFile:0]
UE4Editor-ContentBrowser.dll!UnknownFunction (0x000007fed945ec68) + 0 bytes [UnknownFile:0]
UE4Editor-ContentBrowser.dll!UnknownFunction (0x000007fed94c2331) + 0 bytes [UnknownFile:0]
UE4Editor-ContentBrowser.dll!UnknownFunction (0x000007fed94cbc66) + 0 bytes [UnknownFile:0]
UE4Editor-ContentBrowser.dll!UnknownFunction (0x000007fed94c7f81) + 0 bytes [UnknownFile:0]
UE4Editor-ContentBrowser.dll!UnknownFunction (0x000007fed9559695) + 0 bytes [UnknownFile:0]
UE4Editor-ContentBrowser.dll!UnknownFunction (0x000007fed954790b) + 0 bytes [UnknownFile:0]
UE4Editor-Slate.dll!UnknownFunction (0x000007fee60a8b4c) + 0 bytes [UnknownFile:0]
UE4Editor-Slate.dll!UnknownFunction (0x000007fee6098b26) + 0 bytes [UnknownFile:0]
UE4Editor-Core.dll!UnknownFunction (0x000007fee5ac3e89) + 0 bytes [UnknownFile:0]
UE4Editor-Core.dll!UnknownFunction (0x000007fee5ab629b) + 0 bytes [UnknownFile:0]
UE4Editor-Core.dll!UnknownFunction (0x000007fee5ac5009) + 0 bytes [UnknownFile:0]
UE4Editor-Core.dll!UnknownFunction (0x000007fee5ab3532) + 0 bytes [UnknownFile:0]
USER32.dll!UnknownFunction (0x0000000077289bd1) + 0 bytes [UnknownFile:0]
USER32.dll!UnknownFunction (0x00000000772898da) + 0 bytes [UnknownFile:0]
UE4Editor-Core.dll!UnknownFunction (0x000007fee5b62ec6) + 0 bytes [UnknownFile:0]
UE4Editor.exe!FEngineLoop::Tick() (0x000000013fc1a752) + 8 bytes [d:\buildfarm\buildmachine_++depot+ue4-releases+4.5\engine\source\runtime\launch\private\launchengineloop.cpp:2111]
UE4Editor.exe!GuardedMain() (0x000000013fc0f9df) + 0 bytes [d:\buildfarm\buildmachine_++depot+ue4-releases+4.5\engine\source\runtime\launch\private\launch.cpp:133]
UE4Editor.exe!GuardedMainWrapper() (0x000000013fc0fa4a) + 5 bytes [d:\buildfarm\buildmachine_++depot+ue4-releases+4.5\engine\source\runtime\launch\private\windows\launchwindows.cpp:125]
UE4Editor.exe!WinMain() (0x000000013fc1bf19) + 17 bytes [d:\buildfarm\buildmachine_++depot+ue4-releases+4.5\engine\source\runtime\launch\private\windows\launchwindows.cpp:201]
UE4Editor.exe!__tmainCRTStartup() (0x000000013fc1cdc9) + 21 bytes [f:\dd\vctools\crt\crtw32\dllstuff\crtexe.c:618]
kernel32.dll!UnknownFunction (0x00000000773859ed) + 0 bytes [UnknownFile:0]
ntdll.dll!UnknownFunction (0x00000000774bc541) + 0 bytes [UnknownFile:0]
ntdll.dll!UnknownFunction (0x00000000774bc541) + 0 bytes [UnknownFile:0]


[2014.10.21-01.40.27:269][ 89]LogExit: Executing StaticShutdownAfterError
[2014.10.21-01.40.27:279][ 89]LogWindows: FPlatformMisc::RequestExit(1)
[2014.10.21-01.40.27:279][ 89]Log file closed, 10/20/14 20:40:27
