Log file open, 10/20/14 20:40:58
LogInit:Display: Running engine for game: MyProject
LogInit: Version: 4.5.0-2326478+++depot+UE4-Releases+4.5
LogInit: API Version: 2326478
LogInit: Compiled (64-bit): Oct 11 2014 09:24:31
LogInit: Compiled with Visual C++: 18.00.21005.01
LogInit: Build Configuration: Development
LogInit: Branch Name: ++depot+UE4-Releases+4.5
LogInit: Command line:  
LogInit: Base directory: C:/Program Files/Unreal Engine/4.5/Engine/Binaries/Win64/
LogInit: Rocket: 1
[2014.10.21-01.40.58:889][  0]LogTaskGraph: Started task graph with 3 named threads and 4 total threads.
[2014.10.21-01.40.58:921][  0]LogOnline:Warning: No default platform service specified for OnlineSubsystem
[2014.10.21-01.40.58:954][  0]LogInit: Presizing for 0 objects not considered by GC, pre-allocating 0 bytes.
[2014.10.21-01.40.58:964][  0]LogInit: Object subsystem initialized
[2014.10.21-01.40.58:967][  0]LogConsoleResponse:Warning: Skipping Unknown console variable: 'UIScaleRule = ShortestSide'
[2014.10.21-01.40.58:967][  0]LogConsoleResponse:Warning:   Found in ini file 'C:/Users/Tri Nguyen/Documents/Unreal Projects/MyProject/Saved/Config/Windows/Engine.ini', in section '[/Script/Engine.RendererSettings]'
[2014.10.21-01.40.58:967][  0]LogConsoleResponse:Warning: Skipping Unknown console variable: 'UIScaleCurve = (EditorCurveData=(Keys=((Time=480.000000,Value=0.444000),(Time=720.000000,Value=0.666000),(Time=1080.000000,Value=1.000000),(Time=8640.000000,Value=8.000000))),ExternalCurve=None)'
[2014.10.21-01.40.58:967][  0]LogConsoleResponse:Warning:   Found in ini file 'C:/Users/Tri Nguyen/Documents/Unreal Projects/MyProject/Saved/Config/Windows/Engine.ini', in section '[/Script/Engine.RendererSettings]'
[2014.10.21-01.40.58:968][  0]LogInit: Selected Device Profile: [Windows]
[2014.10.21-01.40.58:968][  0]LogInit: Applying CVar settings loaded from the selected device profile: [Windows]
[2014.10.21-01.40.58:973][  0]LogInit: Computer: TRINGUYEN-PC
[2014.10.21-01.40.58:973][  0]LogInit: User: TriNguyen
[2014.10.21-01.40.58:973][  0]LogInit: CPU Page size=4096, Cores=4
[2014.10.21-01.40.58:973][  0]LogInit: High frequency timer resolution =2.143603 MHz
[2014.10.21-01.40.58:973][  0]LogMemory: Memory total: Physical=15.9GB (16GB approx) Virtual=8192.0GB
[2014.10.21-01.40.58:974][  0]LogMemory: Platform Memory Stats for Windows
[2014.10.21-01.40.58:974][  0]LogMemory: Process Physical Memory: 67.05 MB used, 67.05 MB peak
[2014.10.21-01.40.58:974][  0]LogMemory: Process Virtual Memory: 43.63 MB used, 43.63 MB peak
[2014.10.21-01.40.58:974][  0]LogMemory: Physical Memory: 2915.67 MB used, 16266.36 MB total
[2014.10.21-01.40.58:974][  0]LogMemory: Virtual Memory: 278.37 MB used, 8388608.00 MB total
[2014.10.21-01.40.59:026][  0]LogD3D11RHI: Found D3D11 adapter 0: NVIDIA GeForce GT 640M (Feature Level 11_0)
[2014.10.21-01.40.59:026][  0]LogD3D11RHI: Adapter has 1990MB of dedicated video memory, 0MB of dedicated system memory, and 2048MB of shared system memory, 1 output[s]
[2014.10.21-01.40.59:026][  0]LogD3D11RHI: Chosen D3D11 Adapter Id = 0
[2014.10.21-01.40.59:032][  0]LogRHI: Texture pool is 1361 MB (70% of 1945 MB)
[2014.10.21-01.40.59:050][  0]LogD3D11RHI: Async texture creation enabled
[2014.10.21-01.40.59:105][  0]LogTextLocalizationManager: The requested culture ('en_US') has no localization data; parent culture's ('en') localization data will be used.
[2014.10.21-01.40.59:246][  0]LogContentStreaming: Texture pool size is 0.000000MB
[2014.10.21-01.41.04:370][  0]LogTargetPlatformManager:Display: Building Assets For Windows
[2014.10.21-01.41.04:768][  0]LogTargetPlatformManager:Display: Building Assets For Windows
[2014.10.21-01.41.04:820][  0]LogDerivedDataCache:Display: Max Cache Size: 512 MB
[2014.10.21-01.41.04:869][  0]LogDerivedDataCache: Loaded boot cache 0.05s 67MB C:/Users/Tri Nguyen/AppData/Local/UnrealEngine/4.5/DerivedDataCache/Boot.ddc.
[2014.10.21-01.41.04:869][  0]LogDerivedDataCache:Display: Loaded Boot cache: C:/Users/Tri Nguyen/AppData/Local/UnrealEngine/4.5/DerivedDataCache/Boot.ddc
[2014.10.21-01.41.04:869][  0]LogDerivedDataCache: FDerivedDataBackendGraph:  Pak pak cache file ../../../../../../Users/Tri Nguyen/Documents/Unreal Projects/MyProject/DerivedDataCache/DDC.ddp not found, will not use a pak cache.
[2014.10.21-01.41.04:869][  0]LogDerivedDataCache: Unable to find inner node Pak for hierarchical cache Hierarchy.
[2014.10.21-01.41.04:943][  0]LogDerivedDataCache:Display: Pak cache opened for reading ../../../Engine/DerivedDataCache/DDC.ddp.
[2014.10.21-01.41.04:955][  0]LogDerivedDataCache: Using Local data cache path C:/Users/Tri Nguyen/AppData/Local/UnrealEngine/Common/DerivedDataCache: Writable
[2014.10.21-01.41.05:128][  0]LogMeshUtilities: No automatic mesh reduction module available
[2014.10.21-01.41.05:129][  0]LogMeshUtilities: No automatic mesh merging module available
[2014.10.21-01.41.05:344][  0]LogLinker:Warning: Asset '../../../Engine/Content/Functions/Engine_MaterialFunctions02/Texturing/FlipBook.uasset' has been saved with empty engine version. The asset will be loaded but may be incompatible.
[2014.10.21-01.41.05:347][  0]LogLinker:Warning: Asset '../../../Engine/Content/Functions/Engine_MaterialFunctions02/ExampleContent/Textures/flipbook.uasset' has been saved with empty engine version. The asset will be loaded but may be incompatible.
[2014.10.21-01.41.05:513][  0]LogInit: WinSock: version 1.1 (2.2), MaxSocks=32767, MaxUdp=65467
[2014.10.21-01.41.06:245][  0]UdpMessaging: Initializing bridge on interface 0.0.0.0:0 to multicast group 230.0.0.1:6666.
[2014.10.21-01.41.06:423][  0]LogDirectoryWatcher:Warning: Failed to begin reading directory changes for C:/Users/Tri Nguyen/Documents/Unreal Projects/MyProject/Binaries/Win64. Error: 0
[2014.10.21-01.41.06:547][  0]SourceControl: Info Source control is disabled
[2014.10.21-01.41.06:547][  0]SourceControl: Info Source control is disabled
[2014.10.21-01.41.06:553][  0]SourceControl: Info Source control is disabled
[2014.10.21-01.41.06:662][  0]LogObj: 22915 objects as part of root set at end of initial load.
[2014.10.21-01.41.06:662][  0]LogUObjectAllocator: 4803536 out of 0 bytes used by permanent object pool.
[2014.10.21-01.41.06:720][  0]LogEngine: Initializing Engine...
[2014.10.21-01.41.06:854][  0]LogInit: XAudio2 using 'Speakers (Realtek High Definition Audio)' : 2 channels at 48 kHz using 32 bits per sample (channel mask 0x3)
[2014.10.21-01.41.06:968][  0]LogInit: FAudioDevice initialized.
[2014.10.21-01.41.06:997][  0]LogAIModule: Creating AISystem for world NewWorld
[2014.10.21-01.41.07:021][  0]LogDerivedDataCache: Saved boot cache 0.02s 39MB C:/Users/Tri Nguyen/AppData/Local/UnrealEngine/4.5/DerivedDataCache/Boot.ddc.
[2014.10.21-01.41.07:023][  0]LogInit: Texture streaming: Enabled
[2014.10.21-01.41.07:065][  0]LogInit: Transaction tracking system initialized
[2014.10.21-01.41.07:154][  0]BlueprintLog: New page: Editor Load
[2014.10.21-01.41.07:183][  0]LogAssetRegistry: FAssetRegistry took 0.0096 seconds to start up
[2014.10.21-01.41.07:183][  0]LogDirectoryWatcher:Warning: Failed to begin reading directory changes for ../../../Engine/Plugins/Experimental/CharacterAI/Content/. Error: 0
[2014.10.21-01.41.07:646][  0]LogTargetPlatformManager:Display: Building Assets For Windows
[2014.10.21-01.41.07:969][  0]LogTargetPlatformManager:Display: Building Assets For Windows
[2014.10.21-01.41.08:164][  0]LogConsoleResponse:Display: 
[2014.10.21-01.41.08:350][  0]SourceControl: Info Source control is disabled
[2014.10.21-01.41.08:350][  0]Cmd: MAP LOAD FILE="../../../../../../Users/Tri Nguyen/Documents/Unreal Projects/MyProject/Content/Maps/Example_Map.umap" TEMPLATE=0 SHOWPROGRESS=1
[2014.10.21-01.41.08:350][  0]LightingResults: New page: Lighting Build
[2014.10.21-01.41.08:358][  0]MapCheck: New page: Map Check
[2014.10.21-01.41.08:358][  0]LightingResults: New page: Lighting Build
[2014.10.21-01.41.08:376][  0]LogParticles: Destroying 0 GPU particle simulations for FXSystem 0x000000001C8D1A80
[2014.10.21-01.41.08:717][  0]LogEditorServer: Finished looking for orphan Actors (0.000 secs)
[2014.10.21-01.41.08:717][  0]LogAIModule: Creating AISystem for world Example_Map
[2014.10.21-01.41.08:719][  0]Cmd: MAP CHECKDEP
[2014.10.21-01.41.08:719][  0]MapCheck: New page: Example_Map - Oct 20, 2014, 3:41:08 PM
[2014.10.21-01.41.08:808][  0]MapCheck: Info Map check complete: 0 Error(s), 0 Warning(s), took 89.084ms to complete.
[2014.10.21-01.41.08:808][  0]LogFileHelpers: Loading map 'Example_Map' took 0.459
[2014.10.21-01.41.08:887][  0]LogCollectionManager: Loaded 0 collections in 0.001070 seconds
[2014.10.21-01.41.09:052][  0]LogCrashTracker: Crashtracker disabled due to settings.
[2014.10.21-01.41.09:076][  0]LogUObjectGlobals:Warning: Failed to find object 'Class None.'
[2014.10.21-01.41.09:117][  0]LogLoad: Full Startup: 11.35 seconds (BP compile: 0.06 seconds)
[2014.10.21-01.41.09:468][  0]LogContentBrowser:Verbose: The content browser source was changed by the sources view to '/Game/StarterContent/Props'
[2014.10.21-01.41.09:609][  0]LogRenderer:Warning: Reallocating scene render targets to support 1136x896.
[2014.10.21-01.41.11:229][  5]LogAssetRegistry: Asset discovery search completed in 4.0560 seconds
[2014.10.21-01.41.20:057][130]LogEditorViewport: Clicking on Actor (LMB): StaticMeshActor (Wall_400x412)
[2014.10.21-01.41.23:491][198]LogPlayLevel: PIE:  No blueprints needed recompiling
[2014.10.21-01.41.23:491][198]PIE: New page: PIE session: Example_Map (Oct 20, 2014, 3:41:23 PM)
[2014.10.21-01.41.23:520][198]LogPlayLevel: PIE: StaticDuplicateObject took: (0.028951s)
[2014.10.21-01.41.23:520][198]LogPlayLevel: PIE: World Init took: (0.000513s)
[2014.10.21-01.41.23:521][198]LogPlayLevel: PIE: Created PIE world by copying editor world from /Game/Maps/Example_Map.Example_Map to /Game/Maps/UEDPIE_0_Example_Map.Example_Map (0.029644s)
[2014.10.21-01.41.23:582][198]LogLinker:Warning: Can't find file '/Game/Characters/HeroFPP/HeroFPP'
[2014.10.21-01.41.23:582][198]LogLinker:Warning: Can't find file for asset '/Game/Characters/HeroFPP/HeroFPP' while loading ../../../../../../Users/Tri Nguyen/Documents/Unreal Projects/MyProject/Content/Character/HeroFPP_Skeleton.uasset.
[2014.10.21-01.41.23:582][198]LoadErrors:Error: Error /Game/Character/HeroFPP_Skeleton : Can't find file for asset. /Game/Characters/HeroFPP/HeroFPP
[2014.10.21-01.41.23:583][198]LogLinker:Warning: Can't find file '/Game/Characters/HeroFPP/HeroFPP'
[2014.10.21-01.41.23:583][198]LogLinker:Warning: Can't find file for asset '/Game/Characters/HeroFPP/HeroFPP' while loading ../../../../../../Users/Tri Nguyen/Documents/Unreal Projects/MyProject/Content/Character/HeroFPP_Skeleton.uasset.
[2014.10.21-01.41.23:723][198]LogLinker:Warning: Can't find file '/Game/Characters/Materials/HeroTPP'
[2014.10.21-01.41.23:723][198]LogLinker:Warning: Can't find file for asset '/Game/Characters/Materials/HeroTPP' while loading ../../../../../../Users/Tri Nguyen/Documents/Unreal Projects/MyProject/Content/Character/HeroFPP.uasset.
[2014.10.21-01.41.23:724][198]LoadErrors:Error: Error /Game/Character/HeroFPP : Can't find file for asset. /Game/Characters/Materials/HeroTPP
[2014.10.21-01.41.23:724][198]LogLinker:Warning: Can't find file '/Game/Characters/HeroFPP/HeroFPP_Skeleton'
[2014.10.21-01.41.23:724][198]LogLinker:Warning: Can't find file for asset '/Game/Characters/HeroFPP/HeroFPP_Skeleton' while loading ../../../../../../Users/Tri Nguyen/Documents/Unreal Projects/MyProject/Content/Character/HeroFPP.uasset.
[2014.10.21-01.41.23:724][198]LoadErrors:Error: Error /Game/Character/HeroFPP : Can't find file for asset. /Game/Characters/HeroFPP/HeroFPP_Skeleton
[2014.10.21-01.41.23:724][198]LogLinker:Warning: Can't find file '/Game/Characters/Materials/HeroTPP'
[2014.10.21-01.41.23:725][198]LogLinker:Warning: Can't find file for asset '/Game/Characters/Materials/HeroTPP' while loading ../../../../../../Users/Tri Nguyen/Documents/Unreal Projects/MyProject/Content/Character/HeroFPP.uasset.
[2014.10.21-01.41.23:725][198]LogLinker:Warning: Can't find file '/Game/Characters/HeroFPP/HeroFPP_Skeleton'
[2014.10.21-01.41.23:725][198]LogLinker:Warning: Can't find file for asset '/Game/Characters/HeroFPP/HeroFPP_Skeleton' while loading ../../../../../../Users/Tri Nguyen/Documents/Unreal Projects/MyProject/Content/Character/HeroFPP.uasset.
[2014.10.21-01.41.23:833][198]LogLinker:Warning: Can't find file '/Game/Characters/HeroFPP/HeroFPP'
[2014.10.21-01.41.23:833][198]LoadErrors: Info Failed to load /Game/Characters/HeroFPP/HeroFPP.HeroFPP Referenced by HeroFPP_Skeleton
[2014.10.21-01.41.23:833][198]LogLinker:Warning: Can't find file for asset '/Game/Characters/HeroFPP/HeroFPP' while loading NULL.
[2014.10.21-01.41.23:834][198]LogLinker:Warning: Can't find file '/Game/Characters/HeroFPP/HeroFPP_Skeleton'
[2014.10.21-01.41.23:834][198]LoadErrors: Info Failed to load /Game/Characters/HeroFPP/HeroFPP_Skeleton.HeroFPP_Skeleton Referenced by HeroFPP Property /Script/Engine.SkeletalMesh:Skeleton
[2014.10.21-01.41.23:834][198]LogLinker:Warning: Can't find file for asset '/Game/Characters/HeroFPP/HeroFPP_Skeleton' while loading NULL.
[2014.10.21-01.41.23:834][198]LogLinker:Warning: Can't find file '/Game/Characters/Materials/HeroTPP'
[2014.10.21-01.41.23:834][198]LoadErrors: Info Failed to load /Game/Characters/Materials/HeroTPP.HeroTPP Referenced by HeroFPP
[2014.10.21-01.41.23:835][198]LogLinker:Warning: Can't find file for asset '/Game/Characters/Materials/HeroTPP' while loading NULL.
[2014.10.21-01.41.23:895][198]BlueprintLog:Warning: Warning Blueprint MyProjectile has been migrated and requires re-saving to avoid import errors
[2014.10.21-01.41.23:896][198]BlueprintLog:Warning: Warning Blueprint MyHUD has been migrated and requires re-saving to avoid import errors
[2014.10.21-01.41.23:896][198]BlueprintLog:Warning: Warning Blueprint MyGame has been migrated and requires re-saving to avoid import errors
[2014.10.21-01.41.23:900][198]LogWorld: Game class is 'MyGame_C'
[2014.10.21-01.41.23:903][198]LogAIModule: Creating AISystem for world Example_Map
[2014.10.21-01.41.23:906][198]LogWorld: Bringing World /Game/Maps/UEDPIE_0_Example_Map.Example_Map up for play (max tick rate 60) at 2014.10.20-20.41.23
[2014.10.21-01.41.23:907][198]LogWorld: Bringing up level for play took: 0.004570
[2014.10.21-01.41.23:910][198]PIE: Info Play in editor start time for /Game/Maps/UEDPIE_0_Example_Map 0.459
[2014.10.21-01.41.24:832][221]LogScript:Warning: Accessed None 'CallFunc_GetAnimInstance_ReturnValue'
	MyCharacter_C /Game/Maps/UEDPIE_0_Example_Map.Example_Map:PersistentLevel.MyCharacter_C_0
	Function /Game/Blueprints/MyCharacter.MyCharacter_C:ExecuteUbergraph_MyCharacter:03E9
[2014.10.21-01.41.24:833][221]PIE:Error: Error Accessed None 'CallFunc_GetAnimInstance_ReturnValue' from node Construction Script in blueprint MyCharacter
[2014.10.21-01.41.33:847][461]LogScript:Warning: Accessed None 'CallFunc_GetAnimInstance_ReturnValue'
	MyCharacter_C /Game/Maps/UEDPIE_0_Example_Map.Example_Map:PersistentLevel.MyCharacter_C_0
	Function /Game/Blueprints/MyCharacter.MyCharacter_C:ExecuteUbergraph_MyCharacter:03E9
[2014.10.21-01.41.33:847][461]PIE:Error: Error Accessed None 'CallFunc_GetAnimInstance_ReturnValue' from node Construction Script in blueprint MyCharacter
[2014.10.21-01.41.34:093][468]LogScript:Warning: Accessed None 'CallFunc_GetAnimInstance_ReturnValue'
	MyCharacter_C /Game/Maps/UEDPIE_0_Example_Map.Example_Map:PersistentLevel.MyCharacter_C_0
	Function /Game/Blueprints/MyCharacter.MyCharacter_C:ExecuteUbergraph_MyCharacter:03E9
[2014.10.21-01.41.34:094][468]PIE:Error: Error Accessed None 'CallFunc_GetAnimInstance_ReturnValue' from node Construction Script in blueprint MyCharacter
[2014.10.21-01.41.34:260][472]LogScript:Warning: Accessed None 'CallFunc_GetAnimInstance_ReturnValue'
	MyCharacter_C /Game/Maps/UEDPIE_0_Example_Map.Example_Map:PersistentLevel.MyCharacter_C_0
	Function /Game/Blueprints/MyCharacter.MyCharacter_C:ExecuteUbergraph_MyCharacter:03E9
[2014.10.21-01.41.34:261][472]PIE:Error: Error Accessed None 'CallFunc_GetAnimInstance_ReturnValue' from node Construction Script in blueprint MyCharacter
[2014.10.21-01.41.34:409][476]LogScript:Warning: Accessed None 'CallFunc_GetAnimInstance_ReturnValue'
	MyCharacter_C /Game/Maps/UEDPIE_0_Example_Map.Example_Map:PersistentLevel.MyCharacter_C_0
	Function /Game/Blueprints/MyCharacter.MyCharacter_C:ExecuteUbergraph_MyCharacter:03E9
[2014.10.21-01.41.34:409][476]PIE:Error: Error Accessed None 'CallFunc_GetAnimInstance_ReturnValue' from node Construction Script in blueprint MyCharacter
[2014.10.21-01.41.34:549][480]LogScript:Warning: Accessed None 'CallFunc_GetAnimInstance_ReturnValue'
	MyCharacter_C /Game/Maps/UEDPIE_0_Example_Map.Example_Map:PersistentLevel.MyCharacter_C_0
	Function /Game/Blueprints/MyCharacter.MyCharacter_C:ExecuteUbergraph_MyCharacter:03E9
[2014.10.21-01.41.34:550][480]PIE:Error: Error Accessed None 'CallFunc_GetAnimInstance_ReturnValue' from node Construction Script in blueprint MyCharacter
[2014.10.21-01.41.34:730][485]LogScript:Warning: Accessed None 'CallFunc_GetAnimInstance_ReturnValue'
	MyCharacter_C /Game/Maps/UEDPIE_0_Example_Map.Example_Map:PersistentLevel.MyCharacter_C_0
	Function /Game/Blueprints/MyCharacter.MyCharacter_C:ExecuteUbergraph_MyCharacter:03E9
[2014.10.21-01.41.34:731][485]PIE:Error: Error Accessed None 'CallFunc_GetAnimInstance_ReturnValue' from node Construction Script in blueprint MyCharacter
[2014.10.21-01.41.34:919][490]LogScript:Warning: Accessed None 'CallFunc_GetAnimInstance_ReturnValue'
	MyCharacter_C /Game/Maps/UEDPIE_0_Example_Map.Example_Map:PersistentLevel.MyCharacter_C_0
	Function /Game/Blueprints/MyCharacter.MyCharacter_C:ExecuteUbergraph_MyCharacter:03E9
[2014.10.21-01.41.34:920][490]PIE:Error: Error Accessed None 'CallFunc_GetAnimInstance_ReturnValue' from node Construction Script in blueprint MyCharacter
[2014.10.21-01.41.35:126][495]LogScript:Warning: Accessed None 'CallFunc_GetAnimInstance_ReturnValue'
	MyCharacter_C /Game/Maps/UEDPIE_0_Example_Map.Example_Map:PersistentLevel.MyCharacter_C_0
	Function /Game/Blueprints/MyCharacter.MyCharacter_C:ExecuteUbergraph_MyCharacter:03E9
[2014.10.21-01.41.35:126][495]PIE:Error: Error Accessed None 'CallFunc_GetAnimInstance_ReturnValue' from node Construction Script in blueprint MyCharacter
[2014.10.21-01.41.35:273][499]LogScript:Warning: Accessed None 'CallFunc_GetAnimInstance_ReturnValue'
	MyCharacter_C /Game/Maps/UEDPIE_0_Example_Map.Example_Map:PersistentLevel.MyCharacter_C_0
	Function /Game/Blueprints/MyCharacter.MyCharacter_C:ExecuteUbergraph_MyCharacter:03E9
[2014.10.21-01.41.35:273][499]PIE:Error: Error Accessed None 'CallFunc_GetAnimInstance_ReturnValue' from node Construction Script in blueprint MyCharacter
[2014.10.21-01.41.35:452][504]LogScript:Warning: Accessed None 'CallFunc_GetAnimInstance_ReturnValue'
	MyCharacter_C /Game/Maps/UEDPIE_0_Example_Map.Example_Map:PersistentLevel.MyCharacter_C_0
	Function /Game/Blueprints/MyCharacter.MyCharacter_C:ExecuteUbergraph_MyCharacter:03E9
[2014.10.21-01.41.35:452][504]PIE:Error: Error Accessed None 'CallFunc_GetAnimInstance_ReturnValue' from node Construction Script in blueprint MyCharacter
[2014.10.21-01.41.35:627][509]LogScript:Warning: Accessed None 'CallFunc_GetAnimInstance_ReturnValue'
	MyCharacter_C /Game/Maps/UEDPIE_0_Example_Map.Example_Map:PersistentLevel.MyCharacter_C_0
	Function /Game/Blueprints/MyCharacter.MyCharacter_C:ExecuteUbergraph_MyCharacter:03E9
[2014.10.21-01.41.35:628][509]PIE:Error: Error Accessed None 'CallFunc_GetAnimInstance_ReturnValue' from node Construction Script in blueprint MyCharacter
[2014.10.21-01.41.35:835][515]LogScript:Warning: Accessed None 'CallFunc_GetAnimInstance_ReturnValue'
	MyCharacter_C /Game/Maps/UEDPIE_0_Example_Map.Example_Map:PersistentLevel.MyCharacter_C_0
	Function /Game/Blueprints/MyCharacter.MyCharacter_C:ExecuteUbergraph_MyCharacter:03E9
[2014.10.21-01.41.35:836][515]PIE:Error: Error Accessed None 'CallFunc_GetAnimInstance_ReturnValue' from node Construction Script in blueprint MyCharacter
[2014.10.21-01.41.36:020][520]LogScript:Warning: Accessed None 'CallFunc_GetAnimInstance_ReturnValue'
	MyCharacter_C /Game/Maps/UEDPIE_0_Example_Map.Example_Map:PersistentLevel.MyCharacter_C_0
	Function /Game/Blueprints/MyCharacter.MyCharacter_C:ExecuteUbergraph_MyCharacter:03E9
[2014.10.21-01.41.36:021][520]PIE:Error: Error Accessed None 'CallFunc_GetAnimInstance_ReturnValue' from node Construction Script in blueprint MyCharacter
[2014.10.21-01.41.45:019][775]LogParticles: Destroying 0 GPU particle simulations for FXSystem 0x000000001865EB60
[2014.10.21-01.42.07:730][978]Cmd: SELECT NONE
[2014.10.21-01.42.09:479][  6]Cmd: QUIT_EDITOR
[2014.10.21-01.42.09:852][  6]LogExit: Preparing to exit.
[2014.10.21-01.42.10:329][  6]LogExit: Editor shut down
[2014.10.21-01.42.10:329][  6]LogExit: Transaction tracking system shut down
[2014.10.21-01.42.10:330][  6]LogParticles: Destroying 0 GPU particle simulations for FXSystem 0x00000000140AF380
[2014.10.21-01.42.10:331][  6]LogParticles: Destroying 0 GPU particle simulations for FXSystem 0x00000000141BAAC0
[2014.10.21-01.42.10:331][  6]LogParticles: Destroying 0 GPU particle simulations for FXSystem 0x000000001865F380
[2014.10.21-01.42.10:352][  6]LogExit: Object subsystem successfully closed.
[2014.10.21-01.42.10:399][  6]LogModuleManager: Shutting down and abandoning module AndroidDeviceDetection (166)
[2014.10.21-01.42.10:399][  6]LogModuleManager: Shutting down and abandoning module CrashTracker (165)
[2014.10.21-01.42.10:399][  6]LogModuleManager: Shutting down and abandoning module SuperSearch (164)
[2014.10.21-01.42.10:399][  6]LogModuleManager: Shutting down and abandoning module SceneOutliner (163)
[2014.10.21-01.42.10:399][  6]LogModuleManager: Shutting down and abandoning module EditorWidgets (162)
[2014.10.21-01.42.10:399][  6]LogModuleManager: Shutting down and abandoning module CollectionManager (161)
[2014.10.21-01.42.10:399][  6]LogModuleManager: Shutting down and abandoning module StatsViewer (160)
[2014.10.21-01.42.10:399][  6]LogModuleManager: Shutting down and abandoning module FoliageEdit (159)
[2014.10.21-01.42.10:399][  6]LogModuleManager: Shutting down and abandoning module LandscapeEditor (158)
[2014.10.21-01.42.10:399][  6]LogModuleManager: Shutting down and abandoning module MeshPaint (157)
[2014.10.21-01.42.10:399][  6]LogModuleManager: Shutting down and abandoning module ActorPickerMode (156)
[2014.10.21-01.42.10:399][  6]LogModuleManager: Shutting down and abandoning module GeometryMode (155)
[2014.10.21-01.42.10:399][  6]LogModuleManager: Shutting down and abandoning module TextureAlignMode (154)
[2014.10.21-01.42.10:399][  6]LogModuleManager: Shutting down and abandoning module BspMode (153)
[2014.10.21-01.42.10:399][  6]LogModuleManager: Shutting down and abandoning module PlacementMode (152)
[2014.10.21-01.42.10:399][  6]LogModuleManager: Shutting down and abandoning module AutomationWorker (151)
[2014.10.21-01.42.10:399][  6]LogModuleManager: Shutting down and abandoning module CharacterAI (150)
[2014.10.21-01.42.10:399][  6]LogModuleManager: Shutting down and abandoning module GameProjectGeneration (149)
[2014.10.21-01.42.10:399][  6]LogModuleManager: Shutting down and abandoning module IntroTutorials (148)
[2014.10.21-01.42.10:399][  6]LogModuleManager: Shutting down and abandoning module EditorLiveStreaming (147)
[2014.10.21-01.42.10:399][  6]LogModuleManager: Shutting down and abandoning module HardwareTargeting (146)
[2014.10.21-01.42.10:399][  6]LogModuleManager: Shutting down and abandoning module BehaviorTreeEditor (145)
[2014.10.21-01.42.10:399][  6]LogModuleManager: Shutting down and abandoning module DeviceProfileEditor (144)
[2014.10.21-01.42.10:399][  6]LogModuleManager: Shutting down and abandoning module UndoHistory (143)
[2014.10.21-01.42.10:399][  6]LogModuleManager: Shutting down and abandoning module GameplayTagsEditor (142)
[2014.10.21-01.42.10:399][  6]LogModuleManager: Shutting down and abandoning module UserFeedback (141)
[2014.10.21-01.42.10:399][  6]LogModuleManager: Shutting down and abandoning module XmlParser (140)
[2014.10.21-01.42.10:399][  6]LogModuleManager: Shutting down and abandoning module Blutility (139)
[2014.10.21-01.42.10:399][  6]LogModuleManager: Shutting down and abandoning module IOSPlatformEditor (138)
[2014.10.21-01.42.10:399][  6]LogModuleManager: Shutting down and abandoning module IOSRuntimeSettings (137)
[2014.10.21-01.42.10:399][  6]LogModuleManager: Shutting down and abandoning module AndroidPlatformEditor (136)
[2014.10.21-01.42.10:399][  6]LogModuleManager: Shutting down and abandoning module AndroidRuntimeSettings (135)
[2014.10.21-01.42.10:399][  6]LogModuleManager: Shutting down and abandoning module ProjectTargetPlatformEditor (134)
[2014.10.21-01.42.10:399][  6]LogModuleManager: Shutting down and abandoning module ProjectSettingsViewer (133)
[2014.10.21-01.42.10:399][  6]LogModuleManager: Shutting down and abandoning module InputBindingEditor (132)
[2014.10.21-01.42.10:400][  6]LogModuleManager: Shutting down and abandoning module EditorSettingsViewer (131)
[2014.10.21-01.42.10:400][  6]LogModuleManager: Shutting down and abandoning module SettingsEditor (130)
[2014.10.21-01.42.10:400][  6]LogModuleManager: Shutting down and abandoning module ProjectLauncher (129)
[2014.10.21-01.42.10:400][  6]LogModuleManager: Shutting down and abandoning module SessionFrontend (128)
[2014.10.21-01.42.10:400][  6]LogModuleManager: Shutting down and abandoning module ProfilerClient (127)
[2014.10.21-01.42.10:400][  6]LogModuleManager: Shutting down and abandoning module TargetDeviceServices (126)
[2014.10.21-01.42.10:400][  6]LogModuleManager: Shutting down and abandoning module DeviceManager (125)
[2014.10.21-01.42.10:400][  6]LogModuleManager: Shutting down and abandoning module AutomationController (124)
[2014.10.21-01.42.10:400][  6]LogModuleManager: Shutting down and abandoning module AutomationWindow (123)
[2014.10.21-01.42.10:400][  6]LogModuleManager: Shutting down and abandoning module Layers (122)
[2014.10.21-01.42.10:400][  6]LogModuleManager: Shutting down and abandoning module ComponentVisualizers (121)
[2014.10.21-01.42.10:400][  6]LogModuleManager: Shutting down and abandoning module DetailCustomizations (120)
[2014.10.21-01.42.10:400][  6]LogModuleManager: Shutting down and abandoning module PackagesDialog (119)
[2014.10.21-01.42.10:400][  6]LogModuleManager: Shutting down and abandoning module AssetRegistry (118)
[2014.10.21-01.42.10:480][  6]LogModuleManager: Shutting down and abandoning module Persona (117)
[2014.10.21-01.42.10:480][  6]LogModuleManager: Shutting down and abandoning module Kismet (116)
[2014.10.21-01.42.10:481][  6]LogModuleManager: Shutting down and abandoning module GraphEditor (115)
[2014.10.21-01.42.10:481][  6]LogModuleManager: Shutting down and abandoning module ClassViewer (114)
[2014.10.21-01.42.10:481][  6]LogModuleManager: Shutting down and abandoning module Toolbox (113)
[2014.10.21-01.42.10:481][  6]LogModuleManager: Shutting down and abandoning module ModuleUI (112)
[2014.10.21-01.42.10:481][  6]LogModuleManager: Shutting down and abandoning module MovieSceneTools (111)
[2014.10.21-01.42.10:481][  6]LogModuleManager: Shutting down and abandoning module OutputLog (110)
[2014.10.21-01.42.10:481][  6]LogModuleManager: Shutting down and abandoning module GammaUI (109)
[2014.10.21-01.42.10:481][  6]LogModuleManager: Shutting down and abandoning module Documentation (108)
[2014.10.21-01.42.10:481][  6]LogModuleManager: Shutting down and abandoning module GameLiveStreaming (107)
[2014.10.21-01.42.10:481][  6]LogModuleManager: Shutting down and abandoning module StreamingPauseRendering (106)
[2014.10.21-01.42.10:481][  6]LogModuleManager: Shutting down and abandoning module HTTP (105)
[2014.10.21-01.42.10:481][  6]LogModuleManager: Shutting down and abandoning module AnalyticsET (104)
[2014.10.21-01.42.10:481][  6]LogModuleManager: Shutting down and abandoning module Analytics (103)
[2014.10.21-01.42.10:481][  6]LogModuleManager: Shutting down and abandoning module GameplayDebugger (102)
[2014.10.21-01.42.10:481][  6]LogModuleManager: Shutting down and abandoning module AIModule (101)
[2014.10.21-01.42.10:481][  6]LogModuleManager: Shutting down and abandoning module ProfilerService (100)
[2014.10.21-01.42.10:694][  6]LogModuleManager: Shutting down and abandoning module TaskGraph (99)
[2014.10.21-01.42.10:694][  6]LogModuleManager: Shutting down and abandoning module SlateRemote (98)
[2014.10.21-01.42.10:694][  6]LogModuleManager: Shutting down and abandoning module ScriptEditorPlugin (97)
[2014.10.21-01.42.10:694][  6]LogModuleManager: Shutting down and abandoning module CustomMeshComponent (96)
[2014.10.21-01.42.10:694][  6]LogModuleManager: Shutting down and abandoning module CableComponent (95)
[2014.10.21-01.42.10:694][  6]LogModuleManager: Shutting down and abandoning module MessagingDebugger (94)
[2014.10.21-01.42.10:694][  6]LogModuleManager: Shutting down and abandoning module MediaPlayerEditor (93)
[2014.10.21-01.42.10:694][  6]LogModuleManager: Shutting down and abandoning module SpeedTreeImporter (92)
[2014.10.21-01.42.10:694][  6]LogModuleManager: Shutting down and abandoning module PluginsEditor (91)
[2014.10.21-01.42.10:694][  6]LogModuleManager: Shutting down and abandoning module EpicSurvey (90)
[2014.10.21-01.42.10:694][  6]LogModuleManager: Shutting down and abandoning module DesktopPlatform (89)
[2014.10.21-01.42.10:694][  6]LogModuleManager: Shutting down and abandoning module VisualStudioSourceCodeAccess (88)
[2014.10.21-01.42.10:694][  6]LogModuleManager: Shutting down and abandoning module UObjectPlugin (87)
[2014.10.21-01.42.10:694][  6]LogModuleManager: Shutting down and abandoning module SubversionSourceControl (86)
[2014.10.21-01.42.10:694][  6]LogModuleManager: Shutting down and abandoning module SourceControl (85)
[2014.10.21-01.42.10:694][  6]LogModuleManager: Shutting down and abandoning module PerforceSourceControl (84)
[2014.10.21-01.42.10:694][  6]LogModuleManager: Shutting down and abandoning module BlankPlugin (83)
[2014.10.21-01.42.10:694][  6]LogModuleManager: Shutting down and abandoning module SlateReflector (82)
[2014.10.21-01.42.10:694][  6]LogModuleManager: Shutting down and abandoning module DirectoryWatcher (81)
[2014.10.21-01.42.10:694][  6]LogModuleManager: Shutting down and abandoning module HotReload (80)
[2014.10.21-01.42.10:694][  6]LogModuleManager: Shutting down and abandoning module MainFrame (79)
[2014.10.21-01.42.10:694][  6]LogModuleManager: Shutting down and abandoning module LevelEditor (78)
[2014.10.21-01.42.10:695][  6]LogModuleManager: Shutting down and abandoning module ViewportSnapping (77)
[2014.10.21-01.42.10:695][  6]LogModuleManager: Shutting down and abandoning module SmartSnapping (76)
[2014.10.21-01.42.10:695][  6]LogModuleManager: Shutting down and abandoning module PaperTiledImporter (75)
[2014.10.21-01.42.10:695][  6]LogModuleManager: Shutting down and abandoning module PaperJsonImporter (74)
[2014.10.21-01.42.10:695][  6]LogModuleManager: Shutting down and abandoning module ContentBrowser (73)
[2014.10.21-01.42.10:696][  6]LogModuleManager: Shutting down and abandoning module PropertyEditor (72)
[2014.10.21-01.42.10:696][  6]LogModuleManager: Shutting down and abandoning module Paper2DEditor (71)
[2014.10.21-01.42.10:696][  6]LogModuleManager: Shutting down and abandoning module ScriptPlugin (70)
[2014.10.21-01.42.10:696][  6]LogModuleManager: Shutting down and abandoning module UdpMessaging (69)
[2014.10.21-01.42.10:796][  6]LogModuleManager: Shutting down and abandoning module Paper2D (68)
[2014.10.21-01.42.10:796][  6]LogModuleManager: Shutting down and abandoning module WindowsMoviePlayer (67)
[2014.10.21-01.42.10:802][  6]LogModuleManager: Shutting down and abandoning module Media (66)
[2014.10.21-01.42.10:802][  6]LogModuleManager: Shutting down and abandoning module WmfMedia (65)
[2014.10.21-01.42.10:803][  6]LogModuleManager: Shutting down and abandoning module OnlineBlueprintSupport (64)
[2014.10.21-01.42.10:803][  6]LogModuleManager: Shutting down and abandoning module FunctionalTesting (63)
[2014.10.21-01.42.10:803][  6]LogModuleManager: Shutting down and abandoning module CollisionAnalyzer (62)
[2014.10.21-01.42.10:803][  6]LogModuleManager: Shutting down and abandoning module WorkspaceMenuStructure (61)
[2014.10.21-01.42.10:803][  6]LogModuleManager: Shutting down and abandoning module MessageLog (60)
[2014.10.21-01.42.10:803][  6]LogModuleManager: Shutting down and abandoning module Sequencer (59)
[2014.10.21-01.42.10:803][  6]LogModuleManager: Shutting down and abandoning module AssetTools (58)
[2014.10.21-01.42.10:803][  6]LogModuleManager: Shutting down and abandoning module UMGEditor (57)
[2014.10.21-01.42.10:803][  6]LogModuleManager: Shutting down and abandoning module UMG (56)
[2014.10.21-01.42.10:803][  6]LogModuleManager: Shutting down and abandoning module Slate (55)
[2014.10.21-01.42.10:803][  6]LogModuleManager: Shutting down and abandoning module EditorStyle (54)
[2014.10.21-01.42.10:807][  6]LogModuleManager: Shutting down and abandoning module SessionServices (53)
[2014.10.21-01.42.10:807][  6]LogModuleManager: Shutting down and abandoning module SourceCodeAccess (52)
[2014.10.21-01.42.10:807][  6]LogModuleManager: Shutting down and abandoning module HeadMountedDisplay (51)
[2014.10.21-01.42.10:807][  6]LogModuleManager: Shutting down and abandoning module XAudio2 (50)
[2014.10.21-01.42.10:807][  6]LogModuleManager: Shutting down and abandoning module Networking (48)
[2014.10.21-01.42.10:807][  6]LogModuleManager: Shutting down and abandoning module Core (47)
[2014.10.21-01.42.10:807][  6]LogModuleManager: Shutting down and abandoning module KismetCompiler (46)
[2014.10.21-01.42.10:807][  6]LogModuleManager: Shutting down and abandoning module PhysXFormats (45)
[2014.10.21-01.42.10:807][  6]LogModuleManager: Shutting down and abandoning module MeshUtilities (44)
[2014.10.21-01.42.10:807][  6]LogModuleManager: Shutting down and abandoning module DerivedDataCache (43)
[2014.10.21-01.42.10:949][  6]LogDerivedDataCache: Shutdown
[2014.10.21-01.42.10:949][  6]LogModuleManager: Shutting down and abandoning module ShaderFormatOpenGL (42)
[2014.10.21-01.42.10:950][  6]LogModuleManager: Shutting down and abandoning module ShaderFormatD3D (41)
[2014.10.21-01.42.10:950][  6]LogModuleManager: Shutting down and abandoning module MetalShaderFormat (40)
[2014.10.21-01.42.10:950][  6]LogModuleManager: Shutting down and abandoning module TextureFormatUncompressed (39)
[2014.10.21-01.42.10:950][  6]LogModuleManager: Shutting down and abandoning module TextureFormatPVR (38)
[2014.10.21-01.42.10:950][  6]LogModuleManager: Shutting down and abandoning module TextureFormatDXT (37)
[2014.10.21-01.42.10:950][  6]LogModuleManager: Shutting down and abandoning module TextureFormatAndroid (36)
[2014.10.21-01.42.10:950][  6]LogModuleManager: Shutting down and abandoning module AudioFormatOpus (35)
[2014.10.21-01.42.10:950][  6]LogModuleManager: Shutting down and abandoning module AudioFormatOgg (34)
[2014.10.21-01.42.10:950][  6]LogModuleManager: Shutting down and abandoning module AudioFormatADPCM (33)
[2014.10.21-01.42.10:950][  6]LogModuleManager: Shutting down and abandoning module Messaging (32)
[2014.10.21-01.42.10:950][  6]LogModuleManager: Shutting down and abandoning module IOSTargetPlatform (31)
[2014.10.21-01.42.10:950][  6]LogModuleManager: Shutting down and abandoning module Android_PVRTCTargetPlatform (30)
[2014.10.21-01.42.10:950][  6]LogModuleManager: Shutting down and abandoning module Android_ETC2TargetPlatform (29)
[2014.10.21-01.42.10:950][  6]LogModuleManager: Shutting down and abandoning module Android_ETC1TargetPlatform (28)
[2014.10.21-01.42.10:950][  6]LogModuleManager: Shutting down and abandoning module Android_DXTTargetPlatform (27)
[2014.10.21-01.42.10:950][  6]LogModuleManager: Shutting down and abandoning module Android_ATCTargetPlatform (26)
[2014.10.21-01.42.10:950][  6]LogModuleManager: Shutting down and abandoning module AndroidTargetPlatform (25)
[2014.10.21-01.42.10:950][  6]LogModuleManager: Shutting down and abandoning module WindowsTargetPlatform (24)
[2014.10.21-01.42.10:950][  6]LogModuleManager: Shutting down and abandoning module WindowsServerTargetPlatform (23)
[2014.10.21-01.42.10:950][  6]LogModuleManager: Shutting down and abandoning module WindowsNoEditorTargetPlatform (22)
[2014.10.21-01.42.10:950][  6]LogModuleManager: Shutting down and abandoning module WindowsClientTargetPlatform (21)
[2014.10.21-01.42.10:950][  6]LogModuleManager: Shutting down and abandoning module TargetPlatform (20)
[2014.10.21-01.42.10:950][  6]LogModuleManager: Shutting down and abandoning module InputCore (19)
[2014.10.21-01.42.10:950][  6]LogModuleManager: Shutting down and abandoning module Settings (18)
[2014.10.21-01.42.10:950][  6]LogModuleManager: Shutting down and abandoning module ImageWrapper (17)
[2014.10.21-01.42.10:950][  6]LogModuleManager: Shutting down and abandoning module OculusRift (14)
[2014.10.21-01.42.10:951][  6]LogModuleManager: Shutting down and abandoning module ExampleDeviceProfileSelector (13)
[2014.10.21-01.42.10:951][  6]LogModuleManager: Shutting down and abandoning module TextureCompressor (12)
[2014.10.21-01.42.10:951][  6]LogModuleManager: Shutting down and abandoning module ShaderCore (11)
[2014.10.21-01.42.10:951][  6]LogModuleManager: Shutting down and abandoning module SlateRHIRenderer (10)
[2014.10.21-01.42.10:952][  6]LogModuleManager: Shutting down and abandoning module OpenGLDrv (9)
[2014.10.21-01.42.10:952][  6]LogModuleManager: Shutting down and abandoning module D3D11RHI (8)
[2014.10.21-01.42.10:952][  6]LogModuleManager: Shutting down and abandoning module Renderer (7)
[2014.10.21-01.42.10:952][  6]LogModuleManager: Shutting down and abandoning module Engine (6)
[2014.10.21-01.42.10:952][  6]LogModuleManager: Shutting down and abandoning module CoreUObject (5)
[2014.10.21-01.42.10:952][  6]LogModuleManager: Shutting down and abandoning module NetworkFile (4)
[2014.10.21-01.42.10:952][  6]LogModuleManager: Shutting down and abandoning module StreamingFile (3)
[2014.10.21-01.42.10:952][  6]LogModuleManager: Shutting down and abandoning module SandboxFile (2)
[2014.10.21-01.42.10:952][  6]LogModuleManager: Shutting down and abandoning module PakFile (1)
[2014.10.21-01.42.10:953][  6]LogExit: Exiting.
[2014.10.21-01.42.10:963][  6]Log file closed, 10/20/14 20:42:10
