Log file open, 10/19/14 06:53:16
LogInit:Display: Running engine for game: MyProject
LogInit: Version: 4.5.0-2326478+++depot+UE4-Releases+4.5
LogInit: API Version: 2326478
LogInit: Compiled (64-bit): Oct 11 2014 09:24:31
LogInit: Compiled with Visual C++: 18.00.21005.01
LogInit: Build Configuration: Development
LogInit: Branch Name: ++depot+UE4-Releases+4.5
LogInit: Command line:  
LogInit: Base directory: C:/Program Files/Unreal Engine/4.5/Engine/Binaries/Win64/
LogInit: Rocket: 1
[2014.10.19-11.53.16:529][  0]LogTaskGraph: Started task graph with 3 named threads and 4 total threads.
[2014.10.19-11.53.16:569][  0]LogOnline:Warning: No default platform service specified for OnlineSubsystem
[2014.10.19-11.53.16:602][  0]LogInit: Presizing for 0 objects not considered by GC, pre-allocating 0 bytes.
[2014.10.19-11.53.16:612][  0]LogInit: Object subsystem initialized
[2014.10.19-11.53.16:615][  0]LogConsoleResponse:Warning: Skipping Unknown console variable: 'UIScaleRule = ShortestSide'
[2014.10.19-11.53.16:615][  0]LogConsoleResponse:Warning:   Found in ini file 'C:/Users/Tri Nguyen/Documents/Unreal Projects/MyProject/Saved/Config/Windows/Engine.ini', in section '[/Script/Engine.RendererSettings]'
[2014.10.19-11.53.16:615][  0]LogConsoleResponse:Warning: Skipping Unknown console variable: 'UIScaleCurve = (EditorCurveData=(Keys=((Time=480.000000,Value=0.444000),(Time=720.000000,Value=0.666000),(Time=1080.000000,Value=1.000000),(Time=8640.000000,Value=8.000000))),ExternalCurve=None)'
[2014.10.19-11.53.16:615][  0]LogConsoleResponse:Warning:   Found in ini file 'C:/Users/Tri Nguyen/Documents/Unreal Projects/MyProject/Saved/Config/Windows/Engine.ini', in section '[/Script/Engine.RendererSettings]'
[2014.10.19-11.53.16:616][  0]LogInit: Selected Device Profile: [Windows]
[2014.10.19-11.53.16:616][  0]LogInit: Applying CVar settings loaded from the selected device profile: [Windows]
[2014.10.19-11.53.16:621][  0]LogInit: Computer: TRINGUYEN-PC
[2014.10.19-11.53.16:621][  0]LogInit: User: TriNguyen
[2014.10.19-11.53.16:622][  0]LogInit: CPU Page size=4096, Cores=4
[2014.10.19-11.53.16:622][  0]LogInit: High frequency timer resolution =2.143613 MHz
[2014.10.19-11.53.16:622][  0]LogMemory: Memory total: Physical=15.9GB (16GB approx) Virtual=8192.0GB
[2014.10.19-11.53.16:622][  0]LogMemory: Platform Memory Stats for Windows
[2014.10.19-11.53.16:622][  0]LogMemory: Process Physical Memory: 66.94 MB used, 66.94 MB peak
[2014.10.19-11.53.16:622][  0]LogMemory: Process Virtual Memory: 43.52 MB used, 43.52 MB peak
[2014.10.19-11.53.16:622][  0]LogMemory: Physical Memory: 2974.49 MB used, 16266.36 MB total
[2014.10.19-11.53.16:622][  0]LogMemory: Virtual Memory: 278.62 MB used, 8388608.00 MB total
[2014.10.19-11.53.16:672][  0]LogD3D11RHI: Found D3D11 adapter 0: Intel(R) HD Graphics 4000 (Feature Level 11_0)
[2014.10.19-11.53.16:672][  0]LogD3D11RHI: Adapter has 64MB of dedicated video memory, 0MB of dedicated system memory, and 1632MB of shared system memory, 1 output[s]
[2014.10.19-11.53.16:672][  0]LogD3D11RHI: Chosen D3D11 Adapter Id = 0
[2014.10.19-11.53.16:676][  0]LogRHI: Texture pool is 616 MB (70% of 880 MB)
[2014.10.19-11.53.16:693][  0]LogD3D11RHI: Async texture creation enabled
[2014.10.19-11.53.16:746][  0]LogTextLocalizationManager: The requested culture ('en_US') has no localization data; parent culture's ('en') localization data will be used.
[2014.10.19-11.53.16:894][  0]LogContentStreaming: Texture pool size is 0.000000MB
[2014.10.19-11.53.22:191][  0]LogTargetPlatformManager:Display: Building Assets For Windows
[2014.10.19-11.53.22:589][  0]LogTargetPlatformManager:Display: Building Assets For Windows
[2014.10.19-11.53.22:642][  0]LogDerivedDataCache:Display: Max Cache Size: 512 MB
[2014.10.19-11.53.22:678][  0]LogDerivedDataCache: Loaded boot cache 0.04s 39MB C:/Users/Tri Nguyen/AppData/Local/UnrealEngine/4.5/DerivedDataCache/Boot.ddc.
[2014.10.19-11.53.22:678][  0]LogDerivedDataCache:Display: Loaded Boot cache: C:/Users/Tri Nguyen/AppData/Local/UnrealEngine/4.5/DerivedDataCache/Boot.ddc
[2014.10.19-11.53.22:678][  0]LogDerivedDataCache: FDerivedDataBackendGraph:  Pak pak cache file ../../../../../../Users/Tri Nguyen/Documents/Unreal Projects/MyProject/DerivedDataCache/DDC.ddp not found, will not use a pak cache.
[2014.10.19-11.53.22:678][  0]LogDerivedDataCache: Unable to find inner node Pak for hierarchical cache Hierarchy.
[2014.10.19-11.53.22:751][  0]LogDerivedDataCache:Display: Pak cache opened for reading ../../../Engine/DerivedDataCache/DDC.ddp.
[2014.10.19-11.53.22:762][  0]LogDerivedDataCache: Using Local data cache path C:/Users/Tri Nguyen/AppData/Local/UnrealEngine/Common/DerivedDataCache: Writable
[2014.10.19-11.53.22:931][  0]LogMeshUtilities: No automatic mesh reduction module available
[2014.10.19-11.53.22:931][  0]LogMeshUtilities: No automatic mesh merging module available
[2014.10.19-11.53.23:155][  0]LogLinker:Warning: Asset '../../../Engine/Content/Functions/Engine_MaterialFunctions02/Texturing/FlipBook.uasset' has been saved with empty engine version. The asset will be loaded but may be incompatible.
[2014.10.19-11.53.23:158][  0]LogLinker:Warning: Asset '../../../Engine/Content/Functions/Engine_MaterialFunctions02/ExampleContent/Textures/flipbook.uasset' has been saved with empty engine version. The asset will be loaded but may be incompatible.
[2014.10.19-11.53.23:323][  0]LogInit: WinSock: version 1.1 (2.2), MaxSocks=32767, MaxUdp=65467
[2014.10.19-11.53.24:079][  0]UdpMessaging: Initializing bridge on interface 0.0.0.0:0 to multicast group 230.0.0.1:6666.
[2014.10.19-11.53.24:254][  0]LogDirectoryWatcher:Warning: Failed to begin reading directory changes for C:/Users/Tri Nguyen/Documents/Unreal Projects/MyProject/Binaries/Win64. Error: 0
[2014.10.19-11.53.24:378][  0]SourceControl: Info Source control is disabled
[2014.10.19-11.53.24:378][  0]SourceControl: Info Source control is disabled
[2014.10.19-11.53.24:384][  0]SourceControl: Info Source control is disabled
[2014.10.19-11.53.24:493][  0]LogObj: 22915 objects as part of root set at end of initial load.
[2014.10.19-11.53.24:493][  0]LogUObjectAllocator: 4803536 out of 0 bytes used by permanent object pool.
[2014.10.19-11.53.24:550][  0]LogEngine: Initializing Engine...
[2014.10.19-11.53.24:684][  0]LogInit: XAudio2 using 'Speakers (Realtek High Definition Audio)' : 2 channels at 48 kHz using 32 bits per sample (channel mask 0x3)
[2014.10.19-11.53.24:802][  0]LogInit: FAudioDevice initialized.
[2014.10.19-11.53.24:834][  0]LogAIModule: Creating AISystem for world NewWorld
[2014.10.19-11.53.24:857][  0]LogDerivedDataCache: Saved boot cache 0.02s 39MB C:/Users/Tri Nguyen/AppData/Local/UnrealEngine/4.5/DerivedDataCache/Boot.ddc.
[2014.10.19-11.53.24:860][  0]LogInit: Texture streaming: Enabled
[2014.10.19-11.53.24:901][  0]LogInit: Transaction tracking system initialized
[2014.10.19-11.53.24:989][  0]BlueprintLog: New page: Editor Load
[2014.10.19-11.53.25:018][  0]LogAssetRegistry: FAssetRegistry took 0.0101 seconds to start up
[2014.10.19-11.53.25:018][  0]LogDirectoryWatcher:Warning: Failed to begin reading directory changes for ../../../Engine/Plugins/Experimental/CharacterAI/Content/. Error: 0
[2014.10.19-11.53.25:482][  0]LogTargetPlatformManager:Display: Building Assets For Windows
[2014.10.19-11.53.25:813][  0]LogTargetPlatformManager:Display: Building Assets For Windows
[2014.10.19-11.53.26:006][  0]LogConsoleResponse:Display: 
[2014.10.19-11.53.26:192][  0]SourceControl: Info Source control is disabled
[2014.10.19-11.53.26:192][  0]Cmd: MAP LOAD FILE="../../../../../../Users/Tri Nguyen/Documents/Unreal Projects/MyProject/Content/Maps/Example_Map.umap" TEMPLATE=0 SHOWPROGRESS=1
[2014.10.19-11.53.26:192][  0]LightingResults: New page: Lighting Build
[2014.10.19-11.53.26:200][  0]MapCheck: New page: Map Check
[2014.10.19-11.53.26:200][  0]LightingResults: New page: Lighting Build
[2014.10.19-11.53.26:224][  0]LogParticles: Destroying 0 GPU particle simulations for FXSystem 0x000000001CAF1A80
[2014.10.19-11.53.26:468][  0]LogEditorServer: Finished looking for orphan Actors (0.000 secs)
[2014.10.19-11.53.26:468][  0]LogAIModule: Creating AISystem for world Example_Map
[2014.10.19-11.53.26:469][  0]Cmd: MAP CHECKDEP
[2014.10.19-11.53.26:469][  0]MapCheck: New page: Example_Map - Oct 19, 2014, 1:53:26 AM
[2014.10.19-11.53.26:548][  0]MapCheck: Info Map check complete: 0 Error(s), 0 Warning(s), took 79.56ms to complete.
[2014.10.19-11.53.26:548][  0]LogFileHelpers: Loading map 'Example_Map' took 0.357
[2014.10.19-11.53.26:657][  0]LogCollectionManager: Loaded 0 collections in 0.000986 seconds
[2014.10.19-11.53.26:765][  0]LogCrashTracker: Crashtracker disabled due to settings.
[2014.10.19-11.53.26:771][  0]LogUObjectGlobals:Warning: Failed to find object 'Class None.'
[2014.10.19-11.53.26:809][  0]LogLoad: Full Startup: 12.39 seconds (BP compile: 0.06 seconds)
[2014.10.19-11.53.27:159][  0]LogContentBrowser:Verbose: The content browser source was changed by the sources view to '/Game/StarterContent/Architecture'
[2014.10.19-11.53.27:325][  0]LogRenderer:Warning: Reallocating scene render targets to support 1136x896.
[2014.10.19-11.53.28:702][  4]LogAssetRegistry: Asset discovery search completed in 3.6942 seconds
[2014.10.19-11.53.38:043][158]LogEditorViewport: Clicking on Actor (LMB): SphereReflectionCapture (SphereReflectionCapture)
[2014.10.19-11.53.39:021][177]Cmd: DELETE
[2014.10.19-11.53.39:021][177]Cmd: ACTOR DELETE
[2014.10.19-11.53.39:024][177]LogEditorActor: Deleted Actor: SphereReflectionCapture
[2014.10.19-11.53.39:073][177]LogEditorActor: Deleted 1 Actors (0.051 secs)
[2014.10.19-11.53.41:550][231]Cmd: TRANSACTION UNDO
[2014.10.19-11.53.41:550][231]LogEditorTransaction: Undo Delete Actors
[2014.10.19-11.53.44:951][283]LogEditorViewport: Clicking on Actor (LMB): SphereReflectionCapture (SphereReflectionCapture)
[2014.10.19-11.53.46:022][304]Cmd: DELETE
[2014.10.19-11.53.46:023][304]Cmd: ACTOR DELETE
[2014.10.19-11.53.46:023][304]LogEditorActor: Deleted Actor: SphereReflectionCapture
[2014.10.19-11.53.46:069][304]LogEditorActor: Deleted 1 Actors (0.047 secs)
[2014.10.19-11.54.48:107][623]LogEditorViewport: Clicking on Actor (LMB): DirectionalLight (DirectionalLightStationary)
[2014.10.19-11.54.49:224][647]Cmd: DELETE
[2014.10.19-11.54.49:224][647]Cmd: ACTOR DELETE
[2014.10.19-11.54.50:587][647]LogEditorActor: Deleted Actor: DirectionalLight
[2014.10.19-11.54.50:625][647]LogEditorActor: Deleted 1 Actors (1.404 secs)
[2014.10.19-11.55.05:277][ 10]Cmd: DELETE
[2014.10.19-11.55.05:277][ 10]Cmd: ACTOR DELETE
[2014.10.19-11.55.05:279][ 10]LogEditorActor: Deleted Actor: Brush
[2014.10.19-11.55.05:345][ 10]LogEditorActor: Deleted 1 Actors (0.068 secs)
[2014.10.19-11.55.11:837][168]Cmd: TRANSACTION UNDO
[2014.10.19-11.55.11:837][168]LogEditorTransaction: Undo Delete Actors
[2014.10.19-11.55.14:555][214]LogEditorActor: Deleted Actor: LightmassImportanceVolume
[2014.10.19-11.55.14:616][214]LogEditorActor: Deleted 1 Actors (0.061 secs)
[2014.10.19-11.55.26:204][461]LogEditorViewport: Clicking on Actor (LMB): BP_Sky_Sphere_C (SkySphereBlueprint)
[2014.10.19-11.55.32:443][615]LogEditorActor: Deleted Actor: BP_Sky_Sphere_C
[2014.10.19-11.55.32:475][615]LogEditorActor: Deleted 1 Actors (0.032 secs)
[2014.10.19-11.55.36:445][712]LogEditorActor: Deleted Actor: TextRenderActor
[2014.10.19-11.55.36:479][712]LogEditorActor: Deleted 1 Actors (0.034 secs)
[2014.10.19-11.55.42:486][848]LogEditorViewport: Clicking Background
[2014.10.19-11.55.46:829][963]LogEditorViewport: Clicking Background
[2014.10.19-11.55.47:241][974]LogEditorViewport: Clicking Background
[2014.10.19-11.55.47:552][982]LogEditorViewport: Clicking Background
[2014.10.19-11.55.47:627][983]LogEditorViewport: Clicking Background
[2014.10.19-11.55.48:168][999]LogEditorViewport: Clicking Background
[2014.10.19-11.55.48:247][  0]LogEditorViewport: Clicking Background
[2014.10.19-11.55.52:520][105]LogWindowsTextInputMethodSystem:Error: Deactivating a context failed while setting focus to the disabled TSF document manager.
[2014.10.19-11.55.53:669][135]LogEditorActor: Deleted Actor: AtmosphericFog
[2014.10.19-11.55.53:720][135]LogEditorActor: Deleted 1 Actors (0.052 secs)
[2014.10.19-11.56.09:121][473]LogContentBrowser:Verbose: The content browser source was changed by the sources view to '/Game/StarterContent/Materials'
[2014.10.19-11.56.13:345][594]Cmd: TRANSACTION UNDO
[2014.10.19-11.56.13:345][594]LogEditorTransaction: Undo Apply Material to Surface
[2014.10.19-11.56.13:387][594]LogActorComponent: ~FComponentReregisterContext: (/Game/Maps/Example_Map.Example_Map:PersistentLevel.ModelComponent_15) Component already registered.
[2014.10.19-11.56.22:755][821]Cmd: TRANSACTION UNDO
[2014.10.19-11.56.22:755][821]LogEditorTransaction: Undo Create Actors
[2014.10.19-11.56.23:259][826]Cmd: TRANSACTION UNDO
[2014.10.19-11.56.23:259][826]LogEditorTransaction: Undo Create Actors
[2014.10.19-11.56.23:619][833]Cmd: TRANSACTION UNDO
[2014.10.19-11.56.23:619][833]LogEditorTransaction: Undo Create Actors
[2014.10.19-11.56.28:628][969]Cmd: TRANSACTION UNDO
[2014.10.19-11.56.28:628][969]LogEditorTransaction: Undo Create Actors
[2014.10.19-11.56.34:468][138]Cmd: TRANSACTION UNDO
[2014.10.19-11.56.34:468][138]LogEditorTransaction: Undo Create Actors
[2014.10.19-11.56.34:732][141]Cmd: TRANSACTION UNDO
[2014.10.19-11.56.34:732][141]LogEditorTransaction: Undo Create Actors
[2014.10.19-11.56.41:842][312]LogEditorViewport: Clicking on Actor (LMB): PlayerStart (Player Start)
[2014.10.19-11.56.47:598][459]LogNavigationPoint: PostEditMove Clear paths rebuilt
[2014.10.19-11.56.52:614][585]LogNavigationPoint: PostEditMove Clear paths rebuilt
[2014.10.19-11.56.56:142][674]LogEditorViewport: Clicking on Actor (LMB): PlayerStart (Player Start)
[2014.10.19-11.56.57:647][711]LogPlayLevel: PIE:  No blueprints needed recompiling
[2014.10.19-11.56.57:652][711]PIE: New page: PIE session: Example_Map (Oct 19, 2014, 1:56:57 AM)
[2014.10.19-11.56.57:656][711]LogPlayLevel: PIE: StaticDuplicateObject took: (0.004023s)
[2014.10.19-11.56.57:657][711]LogPlayLevel: PIE: World Init took: (0.000556s)
[2014.10.19-11.56.57:657][711]LogPlayLevel: PIE: Created PIE world by copying editor world from /Game/Maps/Example_Map.Example_Map to /Game/Maps/UEDPIE_0_Example_Map.Example_Map (0.004747s)
[2014.10.19-11.56.58:015][711]BlueprintLog:Warning: Warning Blueprint MyProjectile has been migrated and requires re-saving to avoid import errors
[2014.10.19-11.56.58:017][711]BlueprintLog:Warning: Warning Blueprint MyHUD has been migrated and requires re-saving to avoid import errors
[2014.10.19-11.56.58:017][711]BlueprintLog:Warning: Warning Blueprint MyGame has been migrated and requires re-saving to avoid import errors
[2014.10.19-11.56.58:023][711]LogWorld: Game class is 'MyGame_C'
[2014.10.19-11.56.58:029][711]LogAIModule: Creating AISystem for world Example_Map
[2014.10.19-11.56.58:030][711]LogWorld: Bringing World /Game/Maps/UEDPIE_0_Example_Map.Example_Map up for play (max tick rate 60) at 2014.10.19-06.56.58
[2014.10.19-11.56.58:030][711]LogWorld: Bringing up level for play took: 0.001342
[2014.10.19-11.56.58:035][711]PIE: Info Play in editor start time for /Game/Maps/UEDPIE_0_Example_Map 0.995
[2014.10.19-11.57.05:916][977]LogParticles: Destroying 0 GPU particle simulations for FXSystem 0x0000000014DB5440
[2014.10.19-11.57.21:221][415]Cmd: TRANSACTION UNDO
[2014.10.19-11.57.21:221][415]LogEditorTransaction: Undo Create Actors
[2014.10.19-11.57.21:587][420]Cmd: TRANSACTION UNDO
[2014.10.19-11.57.21:587][420]LogEditorTransaction: Undo Create Actors
[2014.10.19-11.57.33:195][721]Cmd: TRANSACTION UNDO
[2014.10.19-11.57.33:195][721]LogEditorTransaction: Undo Create Actors
[2014.10.19-11.57.37:701][825]Cmd: TRANSACTION UNDO
[2014.10.19-11.57.37:701][825]LogEditorTransaction: Undo Create Actors
[2014.10.19-11.57.44:278][972]Cmd: TRANSACTION UNDO
[2014.10.19-11.57.44:278][972]LogEditorTransaction: Undo Create Actors
[2014.10.19-11.57.47:796][ 51]Cmd: TRANSACTION UNDO
[2014.10.19-11.57.47:796][ 51]LogEditorTransaction: Undo Create Actors
[2014.10.19-11.57.57:759][280]Cmd: TRANSACTION UNDO
[2014.10.19-11.57.57:759][280]LogEditorTransaction: Undo Create Actors
[2014.10.19-11.58.04:245][426]LogEditorActor: Deleted Actor: PostProcessVolume
[2014.10.19-11.58.04:285][426]LogEditorActor: Deleted 1 Actors (0.041 secs)
[2014.10.19-11.58.06:068][473]Cmd: TRANSACTION UNDO
[2014.10.19-11.58.06:068][473]LogEditorTransaction: Undo Delete selection
[2014.10.19-11.59.01:256][497]LogSlateStyle:Warning: Unable to find Slate Widget Style 'ViewportLayoutToolbar.Label'. Using FTextBlockStyle defaults instead.
[2014.10.19-11.59.01:256][497]LogSlateStyle:Warning: Unable to find Slate Widget Style 'ViewportLayoutToolbar.Button'. Using FButtonStyle defaults instead.
[2014.10.19-11.59.01:256][497]LogSlateStyle:Warning: Unable to find Slate Widget Style 'ViewportLayoutToolbar.Label'. Using FTextBlockStyle defaults instead.
[2014.10.19-11.59.01:256][497]LogSlateStyle:Warning: Unable to find Slate Widget Style 'ViewportLayoutToolbar.Label'. Using FTextBlockStyle defaults instead.
[2014.10.19-11.59.01:257][497]LogSlateStyle:Warning: Unable to find Slate Widget Style 'ViewportLayoutToolbar.Button'. Using FButtonStyle defaults instead.
[2014.10.19-11.59.01:257][497]LogSlateStyle:Warning: Unable to find Slate Widget Style 'ViewportLayoutToolbar.Label'. Using FTextBlockStyle defaults instead.
[2014.10.19-11.59.01:257][497]LogSlateStyle:Warning: Unable to find Slate Widget Style 'ViewportLayoutToolbar.Label'. Using FTextBlockStyle defaults instead.
[2014.10.19-11.59.01:257][497]LogSlateStyle:Warning: Unable to find Slate Widget Style 'ViewportLayoutToolbar.Label'. Using FTextBlockStyle defaults instead.
[2014.10.19-11.59.01:258][497]LogSlateStyle:Warning: Unable to find Slate Widget Style 'ViewportLayoutToolbar.Label'. Using FTextBlockStyle defaults instead.
[2014.10.19-11.59.01:258][497]LogSlateStyle:Warning: Unable to find Slate Widget Style 'ViewportLayoutToolbar.Button'. Using FButtonStyle defaults instead.
[2014.10.19-11.59.01:258][497]LogSlateStyle:Warning: Unable to find Slate Widget Style 'ViewportLayoutToolbar.Label'. Using FTextBlockStyle defaults instead.
[2014.10.19-11.59.01:258][497]LogSlateStyle:Warning: Unable to find Slate Widget Style 'ViewportLayoutToolbar.Label'. Using FTextBlockStyle defaults instead.
[2014.10.19-11.59.01:259][497]LogSlateStyle:Warning: Unable to find Slate Widget Style 'ViewportLayoutToolbar.Label'. Using FTextBlockStyle defaults instead.
[2014.10.19-11.59.01:259][497]LogSlateStyle:Warning: Unable to find Slate Widget Style 'ViewportLayoutToolbar.Label'. Using FTextBlockStyle defaults instead.
[2014.10.19-11.59.01:259][497]LogSlateStyle:Warning: Unable to find Slate Widget Style 'ViewportLayoutToolbar.Label'. Using FTextBlockStyle defaults instead.
[2014.10.19-11.59.01:260][497]LogSlateStyle:Warning: Unable to find Slate Widget Style 'ViewportLayoutToolbar.Button'. Using FButtonStyle defaults instead.
[2014.10.19-11.59.03:634][634]LogSlateStyle:Warning: Unable to find Slate Widget Style 'ViewportLayoutToolbar.Label'. Using FTextBlockStyle defaults instead.
[2014.10.19-11.59.03:634][634]LogSlateStyle:Warning: Unable to find Slate Widget Style 'ViewportLayoutToolbar.Button'. Using FButtonStyle defaults instead.
[2014.10.19-11.59.03:634][634]LogSlateStyle:Warning: Unable to find Slate Widget Style 'ViewportLayoutToolbar.Label'. Using FTextBlockStyle defaults instead.
[2014.10.19-11.59.03:635][634]LogSlateStyle:Warning: Unable to find Slate Widget Style 'ViewportLayoutToolbar.Label'. Using FTextBlockStyle defaults instead.
[2014.10.19-11.59.03:635][634]LogSlateStyle:Warning: Unable to find Slate Widget Style 'ViewportLayoutToolbar.Button'. Using FButtonStyle defaults instead.
[2014.10.19-11.59.03:635][634]LogSlateStyle:Warning: Unable to find Slate Widget Style 'ViewportLayoutToolbar.Label'. Using FTextBlockStyle defaults instead.
[2014.10.19-11.59.03:636][634]LogSlateStyle:Warning: Unable to find Slate Widget Style 'ViewportLayoutToolbar.Label'. Using FTextBlockStyle defaults instead.
[2014.10.19-11.59.03:636][634]LogSlateStyle:Warning: Unable to find Slate Widget Style 'ViewportLayoutToolbar.Label'. Using FTextBlockStyle defaults instead.
[2014.10.19-11.59.03:637][634]LogSlateStyle:Warning: Unable to find Slate Widget Style 'ViewportLayoutToolbar.Label'. Using FTextBlockStyle defaults instead.
[2014.10.19-11.59.03:637][634]LogSlateStyle:Warning: Unable to find Slate Widget Style 'ViewportLayoutToolbar.Button'. Using FButtonStyle defaults instead.
[2014.10.19-11.59.03:637][634]LogSlateStyle:Warning: Unable to find Slate Widget Style 'ViewportLayoutToolbar.Label'. Using FTextBlockStyle defaults instead.
[2014.10.19-11.59.03:637][634]LogSlateStyle:Warning: Unable to find Slate Widget Style 'ViewportLayoutToolbar.Label'. Using FTextBlockStyle defaults instead.
[2014.10.19-11.59.03:638][634]LogSlateStyle:Warning: Unable to find Slate Widget Style 'ViewportLayoutToolbar.Label'. Using FTextBlockStyle defaults instead.
[2014.10.19-11.59.03:638][634]LogSlateStyle:Warning: Unable to find Slate Widget Style 'ViewportLayoutToolbar.Label'. Using FTextBlockStyle defaults instead.
[2014.10.19-11.59.03:638][634]LogSlateStyle:Warning: Unable to find Slate Widget Style 'ViewportLayoutToolbar.Label'. Using FTextBlockStyle defaults instead.
[2014.10.19-11.59.03:638][634]LogSlateStyle:Warning: Unable to find Slate Widget Style 'ViewportLayoutToolbar.Button'. Using FButtonStyle defaults instead.
[2014.10.19-11.59.03:852][647]LogSlateStyle:Warning: Unable to find Slate Widget Style 'ViewportLayoutToolbar.Label'. Using FTextBlockStyle defaults instead.
[2014.10.19-11.59.03:852][647]LogSlateStyle:Warning: Unable to find Slate Widget Style 'ViewportLayoutToolbar.Button'. Using FButtonStyle defaults instead.
[2014.10.19-11.59.03:853][647]LogSlateStyle:Warning: Unable to find Slate Widget Style 'ViewportLayoutToolbar.Label'. Using FTextBlockStyle defaults instead.
[2014.10.19-11.59.03:853][647]LogSlateStyle:Warning: Unable to find Slate Widget Style 'ViewportLayoutToolbar.Label'. Using FTextBlockStyle defaults instead.
[2014.10.19-11.59.03:853][647]LogSlateStyle:Warning: Unable to find Slate Widget Style 'ViewportLayoutToolbar.Button'. Using FButtonStyle defaults instead.
[2014.10.19-11.59.03:854][647]LogSlateStyle:Warning: Unable to find Slate Widget Style 'ViewportLayoutToolbar.Label'. Using FTextBlockStyle defaults instead.
[2014.10.19-11.59.03:854][647]LogSlateStyle:Warning: Unable to find Slate Widget Style 'ViewportLayoutToolbar.Label'. Using FTextBlockStyle defaults instead.
[2014.10.19-11.59.03:854][647]LogSlateStyle:Warning: Unable to find Slate Widget Style 'ViewportLayoutToolbar.Label'. Using FTextBlockStyle defaults instead.
[2014.10.19-11.59.03:854][647]LogSlateStyle:Warning: Unable to find Slate Widget Style 'ViewportLayoutToolbar.Label'. Using FTextBlockStyle defaults instead.
[2014.10.19-11.59.03:855][647]LogSlateStyle:Warning: Unable to find Slate Widget Style 'ViewportLayoutToolbar.Button'. Using FButtonStyle defaults instead.
[2014.10.19-11.59.03:855][647]LogSlateStyle:Warning: Unable to find Slate Widget Style 'ViewportLayoutToolbar.Label'. Using FTextBlockStyle defaults instead.
[2014.10.19-11.59.03:855][647]LogSlateStyle:Warning: Unable to find Slate Widget Style 'ViewportLayoutToolbar.Label'. Using FTextBlockStyle defaults instead.
[2014.10.19-11.59.03:855][647]LogSlateStyle:Warning: Unable to find Slate Widget Style 'ViewportLayoutToolbar.Label'. Using FTextBlockStyle defaults instead.
[2014.10.19-11.59.03:856][647]LogSlateStyle:Warning: Unable to find Slate Widget Style 'ViewportLayoutToolbar.Label'. Using FTextBlockStyle defaults instead.
[2014.10.19-11.59.03:856][647]LogSlateStyle:Warning: Unable to find Slate Widget Style 'ViewportLayoutToolbar.Label'. Using FTextBlockStyle defaults instead.
[2014.10.19-11.59.03:856][647]LogSlateStyle:Warning: Unable to find Slate Widget Style 'ViewportLayoutToolbar.Button'. Using FButtonStyle defaults instead.
[2014.10.19-11.59.03:927][649]LogSlateStyle:Warning: Unable to find Slate Widget Style 'ViewportLayoutToolbar.Label'. Using FTextBlockStyle defaults instead.
[2014.10.19-11.59.03:928][649]LogSlateStyle:Warning: Unable to find Slate Widget Style 'ViewportLayoutToolbar.Button'. Using FButtonStyle defaults instead.
[2014.10.19-11.59.03:928][649]LogSlateStyle:Warning: Unable to find Slate Widget Style 'ViewportLayoutToolbar.Label'. Using FTextBlockStyle defaults instead.
[2014.10.19-11.59.03:928][649]LogSlateStyle:Warning: Unable to find Slate Widget Style 'ViewportLayoutToolbar.Label'. Using FTextBlockStyle defaults instead.
[2014.10.19-11.59.03:929][649]LogSlateStyle:Warning: Unable to find Slate Widget Style 'ViewportLayoutToolbar.Button'. Using FButtonStyle defaults instead.
[2014.10.19-11.59.03:929][649]LogSlateStyle:Warning: Unable to find Slate Widget Style 'ViewportLayoutToolbar.Label'. Using FTextBlockStyle defaults instead.
[2014.10.19-11.59.03:929][649]LogSlateStyle:Warning: Unable to find Slate Widget Style 'ViewportLayoutToolbar.Label'. Using FTextBlockStyle defaults instead.
[2014.10.19-11.59.03:929][649]LogSlateStyle:Warning: Unable to find Slate Widget Style 'ViewportLayoutToolbar.Label'. Using FTextBlockStyle defaults instead.
[2014.10.19-11.59.03:930][649]LogSlateStyle:Warning: Unable to find Slate Widget Style 'ViewportLayoutToolbar.Label'. Using FTextBlockStyle defaults instead.
[2014.10.19-11.59.03:930][649]LogSlateStyle:Warning: Unable to find Slate Widget Style 'ViewportLayoutToolbar.Button'. Using FButtonStyle defaults instead.
[2014.10.19-11.59.03:930][649]LogSlateStyle:Warning: Unable to find Slate Widget Style 'ViewportLayoutToolbar.Label'. Using FTextBlockStyle defaults instead.
[2014.10.19-11.59.03:931][649]LogSlateStyle:Warning: Unable to find Slate Widget Style 'ViewportLayoutToolbar.Label'. Using FTextBlockStyle defaults instead.
[2014.10.19-11.59.03:931][649]LogSlateStyle:Warning: Unable to find Slate Widget Style 'ViewportLayoutToolbar.Label'. Using FTextBlockStyle defaults instead.
[2014.10.19-11.59.03:932][649]LogSlateStyle:Warning: Unable to find Slate Widget Style 'ViewportLayoutToolbar.Label'. Using FTextBlockStyle defaults instead.
[2014.10.19-11.59.03:932][649]LogSlateStyle:Warning: Unable to find Slate Widget Style 'ViewportLayoutToolbar.Label'. Using FTextBlockStyle defaults instead.
[2014.10.19-11.59.03:932][649]LogSlateStyle:Warning: Unable to find Slate Widget Style 'ViewportLayoutToolbar.Button'. Using FButtonStyle defaults instead.
[2014.10.19-11.59.17:339][327]LogEditorViewport: Clicking Background
[2014.10.19-12.00.47:294][657]MapCheck: New page: Map Check
[2014.10.19-12.00.47:317][657]Cmd: MAP REBUILD ALLVISIBLE
[2014.10.19-12.00.47:320][657]LogEditorServer: Rebuildmap Clear paths rebuilt
[2014.10.19-12.00.47:361][657]LightingResults: New page: Lighting Build - Oct 19, 2014, 2:00:47 AM
[2014.10.19-12.00.52:234][657]LogStaticLightingSystem:Warning: No importance volume found, so the scene bounding box was used.  You can optimize your scene's quality and lighting build times by adding importance volumes.
[2014.10.19-12.00.52:267][657]LogStaticLightingSystem: Running Lightmass w/ ImmediateImport mode ENABLED
[2014.10.19-12.00.52:267][657]LogStaticLightingSystem: Running Lightmass w/ ImmediateProcess mode ENABLED
[2014.10.19-12.00.52:267][657]LogStaticLightingSystem: Running Lightmass w/ Sorting mode ENABLED
[2014.10.19-12.00.52:267][657]LogStaticLightingSystem: Running Lightmass w/ Mapping paddings ENABLED
[2014.10.19-12.00.52:267][657]LogStaticLightingSystem: Running Lightmass w/ Mapping debug paddings DISABLED
[2014.10.19-12.00.52:362][657]LogEditorBuildUtils: Build time 0:00:05
[2014.10.19-12.00.52:365][657]LogMaterial: Missing cached shader map for material FLightmassMaterialRenderer M_Basic_Wall, compiling.
[2014.10.19-12.00.52:371][657]LogMaterial: Missing cached shader map for material FLightmassMaterialRenderer M_Basic_Wall, compiling.
[2014.10.19-12.00.52:414][658]LogMaterial: Missing cached shader map for material FLightmassMaterialRenderer M_Wood_Floor_Walnut_Polished, compiling.
[2014.10.19-12.00.52:416][658]LogMaterial: Missing cached shader map for material FLightmassMaterialRenderer M_Wood_Floor_Walnut_Polished, compiling.
[2014.10.19-12.00.56:050][703]Job is a success!
[2014.10.19-12.00.56:438][704]LogTexture:Display: Building textures: HQ_Lightmap0_1 (AutoDXT)
[2014.10.19-12.00.56:596][704]LogTexture:Display: Building textures: LQ_Lightmap_0_2 (DXT1)
[2014.10.19-12.00.56:722][704]LogTexture:Display: Building textures: HQ_Lightmap0_2 (AutoDXT)
[2014.10.19-12.00.56:895][704]LogTexture:Display: Building textures: LQ_Lightmap_0_1 (DXT1)
[2014.10.19-12.00.57:023][704]Lightmass on TRINGUYEN-PC: 2.44 sec total, 97 ms importing, 0 ms setup, 256 ms photons, 2.06 sec processing, 0 ms extra exporting [24/24 mappings]. Threads: 14.2 sec total, 5.72 sec processing.
[2014.10.19-12.00.57:061][704]LogStaticLightingSystem:Warning: Illumination: 9.60 sec (726 ms encoding lightmaps)
[2014.10.19-12.00.57:061][704]LogStaticLightingSystem: Lightmap texture memory:  2.7 MB (1.3 MB streaming, 1.3 MB non-streaming), 4 textures
[2014.10.19-12.00.57:061][704]LogStaticLightingSystem: Shadowmap texture memory: 0.0 MB (0.0 MB streaming, 0.0 MB non-streaming), 0 textures
[2014.10.19-12.00.57:248][705]Cmd: MAP CHECK NOTIFYRESULTS
[2014.10.19-12.00.57:248][705]MapCheck: New page: Example_Map - Oct 19, 2014, 2:00:57 AM
[2014.10.19-12.00.57:390][705]MapCheck: Info Map check complete: 0 Error(s), 0 Warning(s), took 142.035ms to complete.
[2014.10.19-12.01.16:799][210]LogContentBrowser:Verbose: The content browser source was changed by the sources view to '/Game/StarterContent/Particles'
[2014.10.19-12.01.22:057][336]Cmd: TRANSACTION UNDO
[2014.10.19-12.01.22:057][336]LogEditorTransaction: Undo Create Actors
[2014.10.19-12.01.24:679][394]LogContentBrowser:Verbose: The content browser source was changed by the sources view to '/Game/StarterContent/Props'
[2014.10.19-12.01.33:357][640]LogContentBrowser:Verbose: The content browser source was changed by the sources view to '/Game/StarterContent/Props/Materials'
[2014.10.19-12.01.35:218][695]LogContentBrowser:Verbose: The content browser source was changed by the sources view to '/Game/StarterContent/Props'
[2014.10.19-12.01.39:595][812]LogActorFactory: Actor Factory created SM_Lamp_Ceiling
[2014.10.19-12.01.42:106][861]LogActorFactory: Actor Factory created SM_Lamp_Ceiling
[2014.10.19-12.01.43:571][896]LogEditorViewport: Clicking on Actor (LMB): StaticMeshActor (SM_Lamp_Ceiling)
[2014.10.19-12.01.45:618][952]LogPlayLevel: PIE:  No blueprints needed recompiling
[2014.10.19-12.01.45:619][952]PIE: New page: PIE session: Example_Map (Oct 19, 2014, 2:01:45 AM)
[2014.10.19-12.01.45:622][952]LogPlayLevel: PIE: StaticDuplicateObject took: (0.003718s)
[2014.10.19-12.01.45:623][952]LogPlayLevel: PIE: World Init took: (0.000515s)
[2014.10.19-12.01.45:623][952]LogPlayLevel: PIE: Created PIE world by copying editor world from /Game/Maps/Example_Map.Example_Map to /Game/Maps/UEDPIE_0_Example_Map.Example_Map (0.004397s)
[2014.10.19-12.01.45:654][952]LogWorld: Game class is 'MyGame_C'
[2014.10.19-12.01.45:656][952]LogAIModule: Creating AISystem for world Example_Map
[2014.10.19-12.01.45:657][952]LogWorld: Bringing World /Game/Maps/UEDPIE_0_Example_Map.Example_Map up for play (max tick rate 60) at 2014.10.19-07.01.45
[2014.10.19-12.01.45:657][952]LogWorld: Bringing up level for play took: 0.001132
[2014.10.19-12.01.45:659][952]PIE: Info Play in editor start time for /Game/Maps/UEDPIE_0_Example_Map 0.619
[2014.10.19-12.01.52:956][200]LogParticles: Destroying 0 GPU particle simulations for FXSystem 0x000000002508CEA0
[2014.10.19-12.01.54:028][231]LogEditorViewport: Clicking on Actor (LMB): StaticMeshActor (SM_Lamp_Ceiling)
[2014.10.19-12.01.54:733][250]LogEditorViewport: Clicking on Actor (LMB): StaticMeshActor (SM_Lamp_Ceiling)
[2014.10.19-12.01.54:842][252]LogEditorViewport: Clicking on Actor (double click): StaticMeshActor (SM_Lamp_Ceiling)
[2014.10.19-12.01.56:767][308]LogEditorViewport: Clicking on Actor (LMB): StaticMeshActor (SM_Lamp_Ceiling)
[2014.10.19-12.01.58:645][363]LogEditorViewport: Clicking on Actor (context menu): StaticMeshActor (SM_Lamp_Ceiling)
[2014.10.19-12.02.18:523][951]LogEditorViewport: Clicking on Actor (LMB): StaticMeshActor (SM_Lamp_Ceiling)
[2014.10.19-12.02.19:179][971]Cmd: DELETE
[2014.10.19-12.02.19:179][971]Cmd: ACTOR DELETE
[2014.10.19-12.02.19:180][971]LogEditorActor: Deleted Actor: StaticMeshActor
[2014.10.19-12.02.19:214][971]LogEditorActor: Deleted 1 Actors (0.035 secs)
[2014.10.19-12.02.21:397][ 36]Cmd: TRANSACTION UNDO
[2014.10.19-12.02.21:397][ 36]LogEditorTransaction: Undo Delete Actors
[2014.10.19-12.02.22:061][ 45]Cmd: TRANSACTION UNDO
[2014.10.19-12.02.22:061][ 45]LogEditorTransaction: Undo Clicking on Actors
[2014.10.19-12.02.22:644][ 57]Cmd: TRANSACTION UNDO
[2014.10.19-12.02.22:644][ 57]LogEditorTransaction: Undo Clicking on Actors (context menu)
[2014.10.19-12.02.23:140][ 68]Cmd: TRANSACTION UNDO
[2014.10.19-12.02.23:140][ 68]LogEditorTransaction: Undo Clicking on Actors
[2014.10.19-12.02.23:608][ 79]Cmd: TRANSACTION UNDO
[2014.10.19-12.02.23:608][ 79]LogEditorTransaction: Undo Clicking on Actors (double-click)
[2014.10.19-12.02.25:281][121]Cmd: TRANSACTION UNDO
[2014.10.19-12.02.25:281][121]LogEditorTransaction: Undo Clicking on Actors
[2014.10.19-12.02.25:829][134]Cmd: TRANSACTION UNDO
[2014.10.19-12.02.25:829][134]LogEditorTransaction: Undo Clicking on Actors
[2014.10.19-12.02.26:130][141]Cmd: TRANSACTION UNDO
[2014.10.19-12.02.26:130][141]LogEditorTransaction: Undo Clicking on Actors
[2014.10.19-12.02.26:270][144]Cmd: TRANSACTION UNDO
[2014.10.19-12.02.26:270][144]LogEditorTransaction: Undo Create Actors
[2014.10.19-12.02.26:443][147]Cmd: TRANSACTION UNDO
[2014.10.19-12.02.26:443][147]LogEditorTransaction: Undo Create Actors
[2014.10.19-12.02.26:593][150]Cmd: TRANSACTION UNDO
[2014.10.19-12.02.26:593][150]LogEditorTransaction: Undo Create Actors
[2014.10.19-12.02.33:691][275]Cmd: QUIT_EDITOR
[2014.10.19-12.02.34:054][275]LogExit: Preparing to exit.
[2014.10.19-12.02.35:330][275]LogExit: Editor shut down
[2014.10.19-12.02.35:331][275]LogExit: Transaction tracking system shut down
[2014.10.19-12.02.35:331][275]LogParticles: Destroying 0 GPU particle simulations for FXSystem 0x00000000140AF4C0
[2014.10.19-12.02.35:332][275]LogParticles: Destroying 0 GPU particle simulations for FXSystem 0x000000001D3A3880
[2014.10.19-12.02.35:332][275]LogParticles: Destroying 0 GPU particle simulations for FXSystem 0x0000000022E1A3E0
[2014.10.19-12.02.35:360][275]LogExit: Object subsystem successfully closed.
[2014.10.19-12.02.35:407][275]LogModuleManager: Shutting down and abandoning module AndroidDeviceDetection (166)
[2014.10.19-12.02.35:407][275]LogModuleManager: Shutting down and abandoning module CrashTracker (165)
[2014.10.19-12.02.35:407][275]LogModuleManager: Shutting down and abandoning module SuperSearch (164)
[2014.10.19-12.02.35:407][275]LogModuleManager: Shutting down and abandoning module SceneOutliner (163)
[2014.10.19-12.02.35:407][275]LogModuleManager: Shutting down and abandoning module EditorWidgets (162)
[2014.10.19-12.02.35:407][275]LogModuleManager: Shutting down and abandoning module CollectionManager (161)
[2014.10.19-12.02.35:408][275]LogModuleManager: Shutting down and abandoning module StatsViewer (160)
[2014.10.19-12.02.35:408][275]LogModuleManager: Shutting down and abandoning module FoliageEdit (159)
[2014.10.19-12.02.35:408][275]LogModuleManager: Shutting down and abandoning module LandscapeEditor (158)
[2014.10.19-12.02.35:409][275]LogModuleManager: Shutting down and abandoning module MeshPaint (157)
[2014.10.19-12.02.35:409][275]LogModuleManager: Shutting down and abandoning module ActorPickerMode (156)
[2014.10.19-12.02.35:409][275]LogModuleManager: Shutting down and abandoning module GeometryMode (155)
[2014.10.19-12.02.35:409][275]LogModuleManager: Shutting down and abandoning module TextureAlignMode (154)
[2014.10.19-12.02.35:409][275]LogModuleManager: Shutting down and abandoning module BspMode (153)
[2014.10.19-12.02.35:409][275]LogModuleManager: Shutting down and abandoning module PlacementMode (152)
[2014.10.19-12.02.35:409][275]LogModuleManager: Shutting down and abandoning module AutomationWorker (151)
[2014.10.19-12.02.35:409][275]LogModuleManager: Shutting down and abandoning module CharacterAI (150)
[2014.10.19-12.02.35:409][275]LogModuleManager: Shutting down and abandoning module GameProjectGeneration (149)
[2014.10.19-12.02.35:409][275]LogModuleManager: Shutting down and abandoning module IntroTutorials (148)
[2014.10.19-12.02.35:409][275]LogModuleManager: Shutting down and abandoning module EditorLiveStreaming (147)
[2014.10.19-12.02.35:409][275]LogModuleManager: Shutting down and abandoning module HardwareTargeting (146)
[2014.10.19-12.02.35:409][275]LogModuleManager: Shutting down and abandoning module BehaviorTreeEditor (145)
[2014.10.19-12.02.35:410][275]LogModuleManager: Shutting down and abandoning module DeviceProfileEditor (144)
[2014.10.19-12.02.35:410][275]LogModuleManager: Shutting down and abandoning module UndoHistory (143)
[2014.10.19-12.02.35:410][275]LogModuleManager: Shutting down and abandoning module GameplayTagsEditor (142)
[2014.10.19-12.02.35:410][275]LogModuleManager: Shutting down and abandoning module UserFeedback (141)
[2014.10.19-12.02.35:410][275]LogModuleManager: Shutting down and abandoning module XmlParser (140)
[2014.10.19-12.02.35:410][275]LogModuleManager: Shutting down and abandoning module Blutility (139)
[2014.10.19-12.02.35:410][275]LogModuleManager: Shutting down and abandoning module IOSPlatformEditor (138)
[2014.10.19-12.02.35:410][275]LogModuleManager: Shutting down and abandoning module IOSRuntimeSettings (137)
[2014.10.19-12.02.35:410][275]LogModuleManager: Shutting down and abandoning module AndroidPlatformEditor (136)
[2014.10.19-12.02.35:410][275]LogModuleManager: Shutting down and abandoning module AndroidRuntimeSettings (135)
[2014.10.19-12.02.35:410][275]LogModuleManager: Shutting down and abandoning module ProjectTargetPlatformEditor (134)
[2014.10.19-12.02.35:411][275]LogModuleManager: Shutting down and abandoning module ProjectSettingsViewer (133)
[2014.10.19-12.02.35:411][275]LogModuleManager: Shutting down and abandoning module InputBindingEditor (132)
[2014.10.19-12.02.35:411][275]LogModuleManager: Shutting down and abandoning module EditorSettingsViewer (131)
[2014.10.19-12.02.35:411][275]LogModuleManager: Shutting down and abandoning module SettingsEditor (130)
[2014.10.19-12.02.35:411][275]LogModuleManager: Shutting down and abandoning module ProjectLauncher (129)
[2014.10.19-12.02.35:411][275]LogModuleManager: Shutting down and abandoning module SessionFrontend (128)
[2014.10.19-12.02.35:411][275]LogModuleManager: Shutting down and abandoning module ProfilerClient (127)
[2014.10.19-12.02.35:411][275]LogModuleManager: Shutting down and abandoning module TargetDeviceServices (126)
[2014.10.19-12.02.35:411][275]LogModuleManager: Shutting down and abandoning module DeviceManager (125)
[2014.10.19-12.02.35:412][275]LogModuleManager: Shutting down and abandoning module AutomationController (124)
[2014.10.19-12.02.35:412][275]LogModuleManager: Shutting down and abandoning module AutomationWindow (123)
[2014.10.19-12.02.35:412][275]LogModuleManager: Shutting down and abandoning module Layers (122)
[2014.10.19-12.02.35:413][275]LogModuleManager: Shutting down and abandoning module ComponentVisualizers (121)
[2014.10.19-12.02.35:413][275]LogModuleManager: Shutting down and abandoning module DetailCustomizations (120)
[2014.10.19-12.02.35:413][275]LogModuleManager: Shutting down and abandoning module PackagesDialog (119)
[2014.10.19-12.02.35:413][275]LogModuleManager: Shutting down and abandoning module AssetRegistry (118)
[2014.10.19-12.02.35:483][275]LogModuleManager: Shutting down and abandoning module Persona (117)
[2014.10.19-12.02.35:484][275]LogModuleManager: Shutting down and abandoning module Kismet (116)
[2014.10.19-12.02.35:484][275]LogModuleManager: Shutting down and abandoning module GraphEditor (115)
[2014.10.19-12.02.35:484][275]LogModuleManager: Shutting down and abandoning module ClassViewer (114)
[2014.10.19-12.02.35:484][275]LogModuleManager: Shutting down and abandoning module Toolbox (113)
[2014.10.19-12.02.35:484][275]LogModuleManager: Shutting down and abandoning module ModuleUI (112)
[2014.10.19-12.02.35:485][275]LogModuleManager: Shutting down and abandoning module MovieSceneTools (111)
[2014.10.19-12.02.35:485][275]LogModuleManager: Shutting down and abandoning module OutputLog (110)
[2014.10.19-12.02.35:485][275]LogModuleManager: Shutting down and abandoning module GammaUI (109)
[2014.10.19-12.02.35:485][275]LogModuleManager: Shutting down and abandoning module Documentation (108)
[2014.10.19-12.02.35:485][275]LogModuleManager: Shutting down and abandoning module GameLiveStreaming (107)
[2014.10.19-12.02.35:485][275]LogModuleManager: Shutting down and abandoning module StreamingPauseRendering (106)
[2014.10.19-12.02.35:485][275]LogModuleManager: Shutting down and abandoning module HTTP (105)
[2014.10.19-12.02.35:485][275]LogModuleManager: Shutting down and abandoning module AnalyticsET (104)
[2014.10.19-12.02.35:485][275]LogModuleManager: Shutting down and abandoning module Analytics (103)
[2014.10.19-12.02.35:485][275]LogModuleManager: Shutting down and abandoning module GameplayDebugger (102)
[2014.10.19-12.02.35:485][275]LogModuleManager: Shutting down and abandoning module AIModule (101)
[2014.10.19-12.02.35:486][275]LogModuleManager: Shutting down and abandoning module ProfilerService (100)
[2014.10.19-12.02.35:550][275]LogModuleManager: Shutting down and abandoning module TaskGraph (99)
[2014.10.19-12.02.35:556][275]LogModuleManager: Shutting down and abandoning module SlateRemote (98)
[2014.10.19-12.02.35:556][275]LogModuleManager: Shutting down and abandoning module ScriptEditorPlugin (97)
[2014.10.19-12.02.35:556][275]LogModuleManager: Shutting down and abandoning module CustomMeshComponent (96)
[2014.10.19-12.02.35:556][275]LogModuleManager: Shutting down and abandoning module CableComponent (95)
[2014.10.19-12.02.35:556][275]LogModuleManager: Shutting down and abandoning module MessagingDebugger (94)
[2014.10.19-12.02.35:557][275]LogModuleManager: Shutting down and abandoning module MediaPlayerEditor (93)
[2014.10.19-12.02.35:557][275]LogModuleManager: Shutting down and abandoning module SpeedTreeImporter (92)
[2014.10.19-12.02.35:557][275]LogModuleManager: Shutting down and abandoning module PluginsEditor (91)
[2014.10.19-12.02.35:557][275]LogModuleManager: Shutting down and abandoning module EpicSurvey (90)
[2014.10.19-12.02.35:557][275]LogModuleManager: Shutting down and abandoning module DesktopPlatform (89)
[2014.10.19-12.02.35:557][275]LogModuleManager: Shutting down and abandoning module VisualStudioSourceCodeAccess (88)
[2014.10.19-12.02.35:557][275]LogModuleManager: Shutting down and abandoning module UObjectPlugin (87)
[2014.10.19-12.02.35:557][275]LogModuleManager: Shutting down and abandoning module SubversionSourceControl (86)
[2014.10.19-12.02.35:557][275]LogModuleManager: Shutting down and abandoning module SourceControl (85)
[2014.10.19-12.02.35:557][275]LogModuleManager: Shutting down and abandoning module PerforceSourceControl (84)
[2014.10.19-12.02.35:558][275]LogModuleManager: Shutting down and abandoning module BlankPlugin (83)
[2014.10.19-12.02.35:558][275]LogModuleManager: Shutting down and abandoning module SlateReflector (82)
[2014.10.19-12.02.35:558][275]LogModuleManager: Shutting down and abandoning module DirectoryWatcher (81)
[2014.10.19-12.02.35:558][275]LogModuleManager: Shutting down and abandoning module HotReload (80)
[2014.10.19-12.02.35:558][275]LogModuleManager: Shutting down and abandoning module MainFrame (79)
[2014.10.19-12.02.35:558][275]LogModuleManager: Shutting down and abandoning module LevelEditor (78)
[2014.10.19-12.02.35:560][275]LogModuleManager: Shutting down and abandoning module ViewportSnapping (77)
[2014.10.19-12.02.35:560][275]LogModuleManager: Shutting down and abandoning module SmartSnapping (76)
[2014.10.19-12.02.35:560][275]LogModuleManager: Shutting down and abandoning module PaperTiledImporter (75)
[2014.10.19-12.02.35:560][275]LogModuleManager: Shutting down and abandoning module PaperJsonImporter (74)
[2014.10.19-12.02.35:560][275]LogModuleManager: Shutting down and abandoning module ContentBrowser (73)
[2014.10.19-12.02.35:560][275]LogModuleManager: Shutting down and abandoning module PropertyEditor (72)
[2014.10.19-12.02.35:560][275]LogModuleManager: Shutting down and abandoning module Paper2DEditor (71)
[2014.10.19-12.02.35:561][275]LogModuleManager: Shutting down and abandoning module ScriptPlugin (70)
[2014.10.19-12.02.35:561][275]LogModuleManager: Shutting down and abandoning module UdpMessaging (69)
[2014.10.19-12.02.35:661][275]LogModuleManager: Shutting down and abandoning module Paper2D (68)
[2014.10.19-12.02.35:661][275]LogModuleManager: Shutting down and abandoning module WindowsMoviePlayer (67)
[2014.10.19-12.02.35:669][275]LogModuleManager: Shutting down and abandoning module Media (66)
[2014.10.19-12.02.35:669][275]LogModuleManager: Shutting down and abandoning module WmfMedia (65)
[2014.10.19-12.02.35:675][275]LogModuleManager: Shutting down and abandoning module OnlineBlueprintSupport (64)
[2014.10.19-12.02.35:675][275]LogModuleManager: Shutting down and abandoning module FunctionalTesting (63)
[2014.10.19-12.02.35:675][275]LogModuleManager: Shutting down and abandoning module CollisionAnalyzer (62)
[2014.10.19-12.02.35:676][275]LogModuleManager: Shutting down and abandoning module WorkspaceMenuStructure (61)
[2014.10.19-12.02.35:676][275]LogModuleManager: Shutting down and abandoning module MessageLog (60)
[2014.10.19-12.02.35:676][275]LogModuleManager: Shutting down and abandoning module Sequencer (59)
[2014.10.19-12.02.35:677][275]LogModuleManager: Shutting down and abandoning module AssetTools (58)
[2014.10.19-12.02.35:678][275]LogModuleManager: Shutting down and abandoning module UMGEditor (57)
[2014.10.19-12.02.35:678][275]LogModuleManager: Shutting down and abandoning module UMG (56)
[2014.10.19-12.02.35:679][275]LogModuleManager: Shutting down and abandoning module Slate (55)
[2014.10.19-12.02.35:679][275]LogModuleManager: Shutting down and abandoning module EditorStyle (54)
[2014.10.19-12.02.35:682][275]LogModuleManager: Shutting down and abandoning module SessionServices (53)
[2014.10.19-12.02.35:682][275]LogModuleManager: Shutting down and abandoning module SourceCodeAccess (52)
[2014.10.19-12.02.35:682][275]LogModuleManager: Shutting down and abandoning module HeadMountedDisplay (51)
[2014.10.19-12.02.35:682][275]LogModuleManager: Shutting down and abandoning module XAudio2 (50)
[2014.10.19-12.02.35:682][275]LogModuleManager: Shutting down and abandoning module Networking (48)
[2014.10.19-12.02.35:682][275]LogModuleManager: Shutting down and abandoning module Core (47)
[2014.10.19-12.02.35:682][275]LogModuleManager: Shutting down and abandoning module KismetCompiler (46)
[2014.10.19-12.02.35:682][275]LogModuleManager: Shutting down and abandoning module PhysXFormats (45)
[2014.10.19-12.02.35:682][275]LogModuleManager: Shutting down and abandoning module MeshUtilities (44)
[2014.10.19-12.02.35:683][275]LogModuleManager: Shutting down and abandoning module DerivedDataCache (43)
[2014.10.19-12.02.35:762][275]LogDerivedDataCache: Shutdown
[2014.10.19-12.02.35:762][275]LogModuleManager: Shutting down and abandoning module ShaderFormatOpenGL (42)
[2014.10.19-12.02.35:767][275]LogModuleManager: Shutting down and abandoning module ShaderFormatD3D (41)
[2014.10.19-12.02.35:767][275]LogModuleManager: Shutting down and abandoning module MetalShaderFormat (40)
[2014.10.19-12.02.35:768][275]LogModuleManager: Shutting down and abandoning module TextureFormatUncompressed (39)
[2014.10.19-12.02.35:768][275]LogModuleManager: Shutting down and abandoning module TextureFormatPVR (38)
[2014.10.19-12.02.35:768][275]LogModuleManager: Shutting down and abandoning module TextureFormatDXT (37)
[2014.10.19-12.02.35:768][275]LogModuleManager: Shutting down and abandoning module TextureFormatAndroid (36)
[2014.10.19-12.02.35:768][275]LogModuleManager: Shutting down and abandoning module AudioFormatOpus (35)
[2014.10.19-12.02.35:768][275]LogModuleManager: Shutting down and abandoning module AudioFormatOgg (34)
[2014.10.19-12.02.35:768][275]LogModuleManager: Shutting down and abandoning module AudioFormatADPCM (33)
[2014.10.19-12.02.35:768][275]LogModuleManager: Shutting down and abandoning module Messaging (32)
[2014.10.19-12.02.35:768][275]LogModuleManager: Shutting down and abandoning module IOSTargetPlatform (31)
[2014.10.19-12.02.35:768][275]LogModuleManager: Shutting down and abandoning module Android_PVRTCTargetPlatform (30)
[2014.10.19-12.02.35:768][275]LogModuleManager: Shutting down and abandoning module Android_ETC2TargetPlatform (29)
[2014.10.19-12.02.35:768][275]LogModuleManager: Shutting down and abandoning module Android_ETC1TargetPlatform (28)
[2014.10.19-12.02.35:768][275]LogModuleManager: Shutting down and abandoning module Android_DXTTargetPlatform (27)
[2014.10.19-12.02.35:768][275]LogModuleManager: Shutting down and abandoning module Android_ATCTargetPlatform (26)
[2014.10.19-12.02.35:768][275]LogModuleManager: Shutting down and abandoning module AndroidTargetPlatform (25)
[2014.10.19-12.02.35:768][275]LogModuleManager: Shutting down and abandoning module WindowsTargetPlatform (24)
[2014.10.19-12.02.35:768][275]LogModuleManager: Shutting down and abandoning module WindowsServerTargetPlatform (23)
[2014.10.19-12.02.35:768][275]LogModuleManager: Shutting down and abandoning module WindowsNoEditorTargetPlatform (22)
[2014.10.19-12.02.35:768][275]LogModuleManager: Shutting down and abandoning module WindowsClientTargetPlatform (21)
[2014.10.19-12.02.35:768][275]LogModuleManager: Shutting down and abandoning module TargetPlatform (20)
[2014.10.19-12.02.35:768][275]LogModuleManager: Shutting down and abandoning module InputCore (19)
[2014.10.19-12.02.35:768][275]LogModuleManager: Shutting down and abandoning module Settings (18)
[2014.10.19-12.02.35:768][275]LogModuleManager: Shutting down and abandoning module ImageWrapper (17)
[2014.10.19-12.02.35:768][275]LogModuleManager: Shutting down and abandoning module OculusRift (14)
[2014.10.19-12.02.35:768][275]LogModuleManager: Shutting down and abandoning module ExampleDeviceProfileSelector (13)
[2014.10.19-12.02.35:768][275]LogModuleManager: Shutting down and abandoning module TextureCompressor (12)
[2014.10.19-12.02.35:768][275]LogModuleManager: Shutting down and abandoning module ShaderCore (11)
[2014.10.19-12.02.35:768][275]LogModuleManager: Shutting down and abandoning module SlateRHIRenderer (10)
[2014.10.19-12.02.35:769][275]LogModuleManager: Shutting down and abandoning module OpenGLDrv (9)
[2014.10.19-12.02.35:769][275]LogModuleManager: Shutting down and abandoning module D3D11RHI (8)
[2014.10.19-12.02.35:769][275]LogModuleManager: Shutting down and abandoning module Renderer (7)
[2014.10.19-12.02.35:769][275]LogModuleManager: Shutting down and abandoning module Engine (6)
[2014.10.19-12.02.35:769][275]LogModuleManager: Shutting down and abandoning module CoreUObject (5)
[2014.10.19-12.02.35:769][275]LogModuleManager: Shutting down and abandoning module NetworkFile (4)
[2014.10.19-12.02.35:769][275]LogModuleManager: Shutting down and abandoning module StreamingFile (3)
[2014.10.19-12.02.35:769][275]LogModuleManager: Shutting down and abandoning module SandboxFile (2)
[2014.10.19-12.02.35:769][275]LogModuleManager: Shutting down and abandoning module PakFile (1)
[2014.10.19-12.02.35:769][275]LogExit: Exiting.
[2014.10.19-12.02.35:774][275]Log file closed, 10/19/14 07:02:35
