Log file open, 10/20/14 13:51:11
LogInit:Display: Running engine for game: MyProject
LogInit: Version: 4.5.0-2326478+++depot+UE4-Releases+4.5
LogInit: API Version: 2326478
LogInit: Compiled (64-bit): Oct 11 2014 09:24:31
LogInit: Compiled with Visual C++: 18.00.21005.01
LogInit: Build Configuration: Development
LogInit: Branch Name: ++depot+UE4-Releases+4.5
LogInit: Command line:  
LogInit: Base directory: C:/Program Files/Unreal Engine/4.5/Engine/Binaries/Win64/
LogInit: Rocket: 1
[2014.10.20-18.51.11:327][  0]LogTaskGraph: Started task graph with 3 named threads and 4 total threads.
[2014.10.20-18.51.11:361][  0]LogOnline:Warning: No default platform service specified for OnlineSubsystem
[2014.10.20-18.51.11:395][  0]LogInit: Presizing for 0 objects not considered by GC, pre-allocating 0 bytes.
[2014.10.20-18.51.11:411][  0]LogInit: Object subsystem initialized
[2014.10.20-18.51.11:422][  0]LogConsoleResponse:Warning: Skipping Unknown console variable: 'UIScaleRule = ShortestSide'
[2014.10.20-18.51.11:422][  0]LogConsoleResponse:Warning:   Found in ini file 'C:/Users/Tri Nguyen/Documents/Unreal Projects/MyProject/Saved/Config/Windows/Engine.ini', in section '[/Script/Engine.RendererSettings]'
[2014.10.20-18.51.11:422][  0]LogConsoleResponse:Warning: Skipping Unknown console variable: 'UIScaleCurve = (EditorCurveData=(Keys=((Time=480.000000,Value=0.444000),(Time=720.000000,Value=0.666000),(Time=1080.000000,Value=1.000000),(Time=8640.000000,Value=8.000000))),ExternalCurve=None)'
[2014.10.20-18.51.11:422][  0]LogConsoleResponse:Warning:   Found in ini file 'C:/Users/Tri Nguyen/Documents/Unreal Projects/MyProject/Saved/Config/Windows/Engine.ini', in section '[/Script/Engine.RendererSettings]'
[2014.10.20-18.51.11:427][  0]LogInit: Selected Device Profile: [Windows]
[2014.10.20-18.51.11:427][  0]LogInit: Applying CVar settings loaded from the selected device profile: [Windows]
[2014.10.20-18.51.11:435][  0]LogInit: Computer: TRINGUYEN-PC
[2014.10.20-18.51.11:435][  0]LogInit: User: TriNguyen
[2014.10.20-18.51.11:436][  0]LogInit: CPU Page size=4096, Cores=4
[2014.10.20-18.51.11:436][  0]LogInit: High frequency timer resolution =2.143652 MHz
[2014.10.20-18.51.11:436][  0]LogMemory: Memory total: Physical=15.9GB (16GB approx) Virtual=8192.0GB
[2014.10.20-18.51.11:436][  0]LogMemory: Platform Memory Stats for Windows
[2014.10.20-18.51.11:436][  0]LogMemory: Process Physical Memory: 66.90 MB used, 66.90 MB peak
[2014.10.20-18.51.11:436][  0]LogMemory: Process Virtual Memory: 43.50 MB used, 43.50 MB peak
[2014.10.20-18.51.11:436][  0]LogMemory: Physical Memory: 2911.68 MB used, 16266.36 MB total
[2014.10.20-18.51.11:436][  0]LogMemory: Virtual Memory: 278.62 MB used, 8388608.00 MB total
[2014.10.20-18.51.11:501][  0]LogD3D11RHI: Found D3D11 adapter 0: Intel(R) HD Graphics 4000 (Feature Level 11_0)
[2014.10.20-18.51.11:501][  0]LogD3D11RHI: Adapter has 64MB of dedicated video memory, 0MB of dedicated system memory, and 1632MB of shared system memory, 1 output[s]
[2014.10.20-18.51.11:501][  0]LogD3D11RHI: Chosen D3D11 Adapter Id = 0
[2014.10.20-18.51.11:507][  0]LogRHI: Texture pool is 616 MB (70% of 880 MB)
[2014.10.20-18.51.11:525][  0]LogD3D11RHI: Async texture creation enabled
[2014.10.20-18.51.11:723][  0]LogTextLocalizationManager: The requested culture ('en_US') has no localization data; parent culture's ('en') localization data will be used.
[2014.10.20-18.51.11:876][  0]LogContentStreaming: Texture pool size is 0.000000MB
[2014.10.20-18.51.17:449][  0]LogTargetPlatformManager:Display: Building Assets For Windows
[2014.10.20-18.51.17:881][  0]LogTargetPlatformManager:Display: Building Assets For Windows
[2014.10.20-18.51.17:939][  0]LogDerivedDataCache:Display: Max Cache Size: 512 MB
[2014.10.20-18.51.18:049][  0]LogDerivedDataCache: Loaded boot cache 0.11s 39MB C:/Users/Tri Nguyen/AppData/Local/UnrealEngine/4.5/DerivedDataCache/Boot.ddc.
[2014.10.20-18.51.18:049][  0]LogDerivedDataCache:Display: Loaded Boot cache: C:/Users/Tri Nguyen/AppData/Local/UnrealEngine/4.5/DerivedDataCache/Boot.ddc
[2014.10.20-18.51.18:049][  0]LogDerivedDataCache: FDerivedDataBackendGraph:  Pak pak cache file ../../../../../../Users/Tri Nguyen/Documents/Unreal Projects/MyProject/DerivedDataCache/DDC.ddp not found, will not use a pak cache.
[2014.10.20-18.51.18:049][  0]LogDerivedDataCache: Unable to find inner node Pak for hierarchical cache Hierarchy.
[2014.10.20-18.51.18:128][  0]LogDerivedDataCache:Display: Pak cache opened for reading ../../../Engine/DerivedDataCache/DDC.ddp.
[2014.10.20-18.51.18:145][  0]LogDerivedDataCache: Using Local data cache path C:/Users/Tri Nguyen/AppData/Local/UnrealEngine/Common/DerivedDataCache: Writable
[2014.10.20-18.51.18:689][  0]LogMeshUtilities: No automatic mesh reduction module available
[2014.10.20-18.51.18:689][  0]LogMeshUtilities: No automatic mesh merging module available
[2014.10.20-18.51.19:004][  0]LogLinker:Warning: Asset '../../../Engine/Content/Functions/Engine_MaterialFunctions02/Texturing/FlipBook.uasset' has been saved with empty engine version. The asset will be loaded but may be incompatible.
[2014.10.20-18.51.19:012][  0]LogLinker:Warning: Asset '../../../Engine/Content/Functions/Engine_MaterialFunctions02/ExampleContent/Textures/flipbook.uasset' has been saved with empty engine version. The asset will be loaded but may be incompatible.
[2014.10.20-18.51.19:276][  0]LogInit: WinSock: version 1.1 (2.2), MaxSocks=32767, MaxUdp=65467
[2014.10.20-18.51.21:067][  0]UdpMessaging: Initializing bridge on interface 0.0.0.0:0 to multicast group 230.0.0.1:6666.
[2014.10.20-18.51.21:313][  0]LogDirectoryWatcher:Warning: Failed to begin reading directory changes for C:/Users/Tri Nguyen/Documents/Unreal Projects/MyProject/Binaries/Win64. Error: 0
[2014.10.20-18.51.21:499][  0]SourceControl: Info Source control is disabled
[2014.10.20-18.51.21:499][  0]SourceControl: Info Source control is disabled
[2014.10.20-18.51.21:506][  0]SourceControl: Info Source control is disabled
[2014.10.20-18.51.21:674][  0]LogObj: 22915 objects as part of root set at end of initial load.
[2014.10.20-18.51.21:674][  0]LogUObjectAllocator: 4803536 out of 0 bytes used by permanent object pool.
[2014.10.20-18.51.21:759][  0]LogEngine: Initializing Engine...
[2014.10.20-18.51.21:912][  0]LogInit: XAudio2 using 'Speakers (Realtek High Definition Audio)' : 2 channels at 48 kHz using 32 bits per sample (channel mask 0x3)
[2014.10.20-18.51.22:041][  0]LogInit: FAudioDevice initialized.
[2014.10.20-18.51.22:105][  0]LogAIModule: Creating AISystem for world NewWorld
[2014.10.20-18.51.22:129][  0]LogDerivedDataCache: Saved boot cache 0.02s 39MB C:/Users/Tri Nguyen/AppData/Local/UnrealEngine/4.5/DerivedDataCache/Boot.ddc.
[2014.10.20-18.51.22:132][  0]LogInit: Texture streaming: Enabled
[2014.10.20-18.51.22:179][  0]LogInit: Transaction tracking system initialized
[2014.10.20-18.51.22:297][  0]BlueprintLog: New page: Editor Load
[2014.10.20-18.51.22:341][  0]LogAssetRegistry: FAssetRegistry took 0.0118 seconds to start up
[2014.10.20-18.51.22:341][  0]LogDirectoryWatcher:Warning: Failed to begin reading directory changes for ../../../Engine/Plugins/Experimental/CharacterAI/Content/. Error: 0
[2014.10.20-18.51.22:853][  0]LogTargetPlatformManager:Display: Building Assets For Windows
[2014.10.20-18.51.23:189][  0]LogTargetPlatformManager:Display: Building Assets For Windows
[2014.10.20-18.51.23:470][  0]LogConsoleResponse:Display: 
[2014.10.20-18.51.23:751][  0]SourceControl: Info Source control is disabled
[2014.10.20-18.51.23:752][  0]Cmd: MAP LOAD FILE="../../../../../../Users/Tri Nguyen/Documents/Unreal Projects/MyProject/Content/Maps/Example_Map.umap" TEMPLATE=0 SHOWPROGRESS=1
[2014.10.20-18.51.23:753][  0]LightingResults: New page: Lighting Build
[2014.10.20-18.51.23:766][  0]MapCheck: New page: Map Check
[2014.10.20-18.51.23:766][  0]LightingResults: New page: Lighting Build
[2014.10.20-18.51.23:795][  0]LogParticles: Destroying 0 GPU particle simulations for FXSystem 0x0000000017861A80
[2014.10.20-18.51.24:252][  0]LogEditorServer: Finished looking for orphan Actors (0.000 secs)
[2014.10.20-18.51.24:253][  0]LogAIModule: Creating AISystem for world Example_Map
[2014.10.20-18.51.24:254][  0]Cmd: MAP CHECKDEP
[2014.10.20-18.51.24:254][  0]MapCheck: New page: Example_Map - Oct 20, 2014, 8:51:24 AM
[2014.10.20-18.51.24:350][  0]MapCheck: Info Map check complete: 0 Error(s), 0 Warning(s), took 96.296ms to complete.
[2014.10.20-18.51.24:350][  0]LogFileHelpers: Loading map 'Example_Map' took 0.599
[2014.10.20-18.51.24:482][  0]LogCollectionManager: Loaded 0 collections in 0.001075 seconds
[2014.10.20-18.51.24:792][  0]LogCrashTracker: Crashtracker disabled due to settings.
[2014.10.20-18.51.24:815][  0]LogUObjectGlobals:Warning: Failed to find object 'Class None.'
[2014.10.20-18.51.24:855][  0]LogLoad: Full Startup: 16.29 seconds (BP compile: 0.09 seconds)
[2014.10.20-18.51.25:207][  0]LogContentBrowser:Verbose: The content browser source was changed by the sources view to '/Game/StarterContent/Architecture'
[2014.10.20-18.51.25:408][  0]LogRenderer:Warning: Reallocating scene render targets to support 1136x896.
[2014.10.20-18.51.27:118][  5]LogAssetRegistry: Asset discovery search completed in 4.7894 seconds
[2014.10.20-18.52.00:512][367]LogUObjectHash:Warning: Ambiguous search, could be Model /Game/Maps/Example_Map.Example_Map:PersistentLevel.LinearStairBrush_18.Model_11 or Model /Game/Maps/Example_Map.Example_Map:PersistentLevel.LinearStairBrush_17.Model_11
[2014.10.20-18.52.00:512][367]LogUObjectHash:Warning: Ambiguous search, could be Model /Game/Maps/Example_Map.Example_Map:PersistentLevel.LinearStairBrush_18.Model_11 or Model /Game/Maps/Example_Map.Example_Map:PersistentLevel.LinearStairBrush_16.Model_11
[2014.10.20-18.52.00:512][367]LogUObjectHash:Warning: Ambiguous search, could be Model /Game/Maps/Example_Map.Example_Map:PersistentLevel.LinearStairBrush_18.Model_11 or Model /Game/Maps/Example_Map.Example_Map:PersistentLevel.LinearStairBrush_15.Model_11
[2014.10.20-18.52.00:516][367]LogUObjectHash:Warning: Ambiguous search, could be Model /Game/Maps/Example_Map.Example_Map:PersistentLevel.LinearStairBrush_19.Model_11 or Model /Game/Maps/Example_Map.Example_Map:PersistentLevel.LinearStairBrush_18.Model_11
[2014.10.20-18.52.00:517][367]LogUObjectHash:Warning: Ambiguous search, could be Model /Game/Maps/Example_Map.Example_Map:PersistentLevel.LinearStairBrush_19.Model_11 or Model /Game/Maps/Example_Map.Example_Map:PersistentLevel.LinearStairBrush_17.Model_11
[2014.10.20-18.52.00:517][367]LogUObjectHash:Warning: Ambiguous search, could be Model /Game/Maps/Example_Map.Example_Map:PersistentLevel.LinearStairBrush_19.Model_11 or Model /Game/Maps/Example_Map.Example_Map:PersistentLevel.LinearStairBrush_16.Model_11
[2014.10.20-18.52.00:517][367]LogUObjectHash:Warning: Ambiguous search, could be Model /Game/Maps/Example_Map.Example_Map:PersistentLevel.LinearStairBrush_19.Model_11 or Model /Game/Maps/Example_Map.Example_Map:PersistentLevel.LinearStairBrush_15.Model_11
[2014.10.20-18.52.00:519][367]LogUObjectHash:Warning: Ambiguous search, could be Model /Game/Maps/Example_Map.Example_Map:PersistentLevel.LinearStairBrush_20.Model_11 or Model /Game/Maps/Example_Map.Example_Map:PersistentLevel.LinearStairBrush_19.Model_11
[2014.10.20-18.52.00:520][367]LogUObjectHash:Warning: Ambiguous search, could be Model /Game/Maps/Example_Map.Example_Map:PersistentLevel.LinearStairBrush_20.Model_11 or Model /Game/Maps/Example_Map.Example_Map:PersistentLevel.LinearStairBrush_18.Model_11
[2014.10.20-18.52.00:520][367]LogUObjectHash:Warning: Ambiguous search, could be Model /Game/Maps/Example_Map.Example_Map:PersistentLevel.LinearStairBrush_20.Model_11 or Model /Game/Maps/Example_Map.Example_Map:PersistentLevel.LinearStairBrush_17.Model_11
[2014.10.20-18.52.00:520][367]LogUObjectHash:Warning: Ambiguous search, could be Model /Game/Maps/Example_Map.Example_Map:PersistentLevel.LinearStairBrush_20.Model_11 or Model /Game/Maps/Example_Map.Example_Map:PersistentLevel.LinearStairBrush_16.Model_11
[2014.10.20-18.52.00:520][367]LogUObjectHash:Warning: Ambiguous search, could be Model /Game/Maps/Example_Map.Example_Map:PersistentLevel.LinearStairBrush_20.Model_11 or Model /Game/Maps/Example_Map.Example_Map:PersistentLevel.LinearStairBrush_15.Model_11
[2014.10.20-18.52.00:523][367]LogUObjectHash:Warning: Ambiguous search, could be Model /Game/Maps/Example_Map.Example_Map:PersistentLevel.LinearStairBrush_21.Model_11 or Model /Game/Maps/Example_Map.Example_Map:PersistentLevel.LinearStairBrush_20.Model_11
[2014.10.20-18.52.00:523][367]LogUObjectHash:Warning: Ambiguous search, could be Model /Game/Maps/Example_Map.Example_Map:PersistentLevel.LinearStairBrush_21.Model_11 or Model /Game/Maps/Example_Map.Example_Map:PersistentLevel.LinearStairBrush_19.Model_11
[2014.10.20-18.52.00:523][367]LogUObjectHash:Warning: Ambiguous search, could be Model /Game/Maps/Example_Map.Example_Map:PersistentLevel.LinearStairBrush_21.Model_11 or Model /Game/Maps/Example_Map.Example_Map:PersistentLevel.LinearStairBrush_18.Model_11
[2014.10.20-18.52.00:523][367]LogUObjectHash:Warning: Ambiguous search, could be Model /Game/Maps/Example_Map.Example_Map:PersistentLevel.LinearStairBrush_21.Model_11 or Model /Game/Maps/Example_Map.Example_Map:PersistentLevel.LinearStairBrush_17.Model_11
[2014.10.20-18.52.00:523][367]LogUObjectHash:Warning: Ambiguous search, could be Model /Game/Maps/Example_Map.Example_Map:PersistentLevel.LinearStairBrush_21.Model_11 or Model /Game/Maps/Example_Map.Example_Map:PersistentLevel.LinearStairBrush_16.Model_11
[2014.10.20-18.52.00:523][367]LogUObjectHash:Warning: Ambiguous search, could be Model /Game/Maps/Example_Map.Example_Map:PersistentLevel.LinearStairBrush_21.Model_11 or Model /Game/Maps/Example_Map.Example_Map:PersistentLevel.LinearStairBrush_15.Model_11
[2014.10.20-18.52.35:838][199]LogPlayLevel: PIE:  No blueprints needed recompiling
[2014.10.20-18.52.35:844][199]PIE: New page: PIE session: Example_Map (Oct 20, 2014, 8:52:35 AM)
[2014.10.20-18.52.35:870][199]LogPlayLevel: PIE: StaticDuplicateObject took: (0.026070s)
[2014.10.20-18.52.35:871][199]LogPlayLevel: PIE: World Init took: (0.000521s)
[2014.10.20-18.52.35:871][199]LogPlayLevel: PIE: Created PIE world by copying editor world from /Game/Maps/Example_Map.Example_Map to /Game/Maps/UEDPIE_0_Example_Map.Example_Map (0.026783s)
[2014.10.20-18.52.36:218][199]BlueprintLog:Warning: Warning Blueprint MyProjectile has been migrated and requires re-saving to avoid import errors
[2014.10.20-18.52.36:219][199]BlueprintLog:Warning: Warning Blueprint MyHUD has been migrated and requires re-saving to avoid import errors
[2014.10.20-18.52.36:220][199]BlueprintLog:Warning: Warning Blueprint MyGame has been migrated and requires re-saving to avoid import errors
[2014.10.20-18.52.36:224][199]LogWorld: Game class is 'MyGame_C'
[2014.10.20-18.52.36:230][199]LogAIModule: Creating AISystem for world Example_Map
[2014.10.20-18.52.36:232][199]LogWorld: Bringing World /Game/Maps/UEDPIE_0_Example_Map.Example_Map up for play (max tick rate 60) at 2014.10.20-13.52.36
[2014.10.20-18.52.36:236][199]LogWorld: Bringing up level for play took: 0.005964
[2014.10.20-18.52.36:242][199]PIE: Info Play in editor start time for /Game/Maps/UEDPIE_0_Example_Map 0.124
[2014.10.20-18.52.52:142][620]LogParticles: Destroying 0 GPU particle simulations for FXSystem 0x000000002766E200
[2014.10.20-18.52.53:602][640]LogSavePackage: Save=385.407227ms
[2014.10.20-18.52.53:602][640]LogSavePackage: Moving '../../../../../../Users/Tri Nguyen/Documents/Unreal Projects/MyProject/Saved/Example_Map437C741441A5F486169B5DAD2650F9E5.tmp' to '../../../../../../Users/Tri Nguyen/Documents/Unreal Projects/MyProject/Content/Maps/Example_Map.umap'
[2014.10.20-18.52.53:634][640]LogFileHelpers: Saving map 'Example_Map' took 0.583
[2014.10.20-18.52.55:125][662]Cmd: QUIT_EDITOR
[2014.10.20-18.52.55:502][662]LogExit: Preparing to exit.
[2014.10.20-18.52.56:482][662]LogExit: Editor shut down
[2014.10.20-18.52.56:482][662]LogExit: Transaction tracking system shut down
[2014.10.20-18.52.56:483][662]LogParticles: Destroying 0 GPU particle simulations for FXSystem 0x0000000011775260
[2014.10.20-18.52.56:483][662]LogParticles: Destroying 0 GPU particle simulations for FXSystem 0x000000001E897600
[2014.10.20-18.52.56:483][662]LogParticles: Destroying 0 GPU particle simulations for FXSystem 0x000000001392EA20
[2014.10.20-18.52.56:483][662]LogParticles: Destroying 0 GPU particle simulations for FXSystem 0x00000000136AD3A0
[2014.10.20-18.52.56:514][662]LogExit: Object subsystem successfully closed.
[2014.10.20-18.52.56:569][662]LogModuleManager: Shutting down and abandoning module AndroidDeviceDetection (166)
[2014.10.20-18.52.56:569][662]LogModuleManager: Shutting down and abandoning module CrashTracker (165)
[2014.10.20-18.52.56:569][662]LogModuleManager: Shutting down and abandoning module SuperSearch (164)
[2014.10.20-18.52.56:569][662]LogModuleManager: Shutting down and abandoning module SceneOutliner (163)
[2014.10.20-18.52.56:569][662]LogModuleManager: Shutting down and abandoning module EditorWidgets (162)
[2014.10.20-18.52.56:569][662]LogModuleManager: Shutting down and abandoning module CollectionManager (161)
[2014.10.20-18.52.56:570][662]LogModuleManager: Shutting down and abandoning module StatsViewer (160)
[2014.10.20-18.52.56:570][662]LogModuleManager: Shutting down and abandoning module FoliageEdit (159)
[2014.10.20-18.52.56:570][662]LogModuleManager: Shutting down and abandoning module LandscapeEditor (158)
[2014.10.20-18.52.56:570][662]LogModuleManager: Shutting down and abandoning module MeshPaint (157)
[2014.10.20-18.52.56:571][662]LogModuleManager: Shutting down and abandoning module ActorPickerMode (156)
[2014.10.20-18.52.56:571][662]LogModuleManager: Shutting down and abandoning module GeometryMode (155)
[2014.10.20-18.52.56:571][662]LogModuleManager: Shutting down and abandoning module TextureAlignMode (154)
[2014.10.20-18.52.56:571][662]LogModuleManager: Shutting down and abandoning module BspMode (153)
[2014.10.20-18.52.56:571][662]LogModuleManager: Shutting down and abandoning module PlacementMode (152)
[2014.10.20-18.52.56:571][662]LogModuleManager: Shutting down and abandoning module AutomationWorker (151)
[2014.10.20-18.52.56:571][662]LogModuleManager: Shutting down and abandoning module CharacterAI (150)
[2014.10.20-18.52.56:571][662]LogModuleManager: Shutting down and abandoning module GameProjectGeneration (149)
[2014.10.20-18.52.56:571][662]LogModuleManager: Shutting down and abandoning module IntroTutorials (148)
[2014.10.20-18.52.56:571][662]LogModuleManager: Shutting down and abandoning module EditorLiveStreaming (147)
[2014.10.20-18.52.56:571][662]LogModuleManager: Shutting down and abandoning module HardwareTargeting (146)
[2014.10.20-18.52.56:571][662]LogModuleManager: Shutting down and abandoning module BehaviorTreeEditor (145)
[2014.10.20-18.52.56:572][662]LogModuleManager: Shutting down and abandoning module DeviceProfileEditor (144)
[2014.10.20-18.52.56:572][662]LogModuleManager: Shutting down and abandoning module UndoHistory (143)
[2014.10.20-18.52.56:572][662]LogModuleManager: Shutting down and abandoning module GameplayTagsEditor (142)
[2014.10.20-18.52.56:572][662]LogModuleManager: Shutting down and abandoning module UserFeedback (141)
[2014.10.20-18.52.56:572][662]LogModuleManager: Shutting down and abandoning module XmlParser (140)
[2014.10.20-18.52.56:572][662]LogModuleManager: Shutting down and abandoning module Blutility (139)
[2014.10.20-18.52.56:572][662]LogModuleManager: Shutting down and abandoning module IOSPlatformEditor (138)
[2014.10.20-18.52.56:572][662]LogModuleManager: Shutting down and abandoning module IOSRuntimeSettings (137)
[2014.10.20-18.52.56:572][662]LogModuleManager: Shutting down and abandoning module AndroidPlatformEditor (136)
[2014.10.20-18.52.56:572][662]LogModuleManager: Shutting down and abandoning module AndroidRuntimeSettings (135)
[2014.10.20-18.52.56:572][662]LogModuleManager: Shutting down and abandoning module ProjectTargetPlatformEditor (134)
[2014.10.20-18.52.56:573][662]LogModuleManager: Shutting down and abandoning module ProjectSettingsViewer (133)
[2014.10.20-18.52.56:573][662]LogModuleManager: Shutting down and abandoning module InputBindingEditor (132)
[2014.10.20-18.52.56:573][662]LogModuleManager: Shutting down and abandoning module EditorSettingsViewer (131)
[2014.10.20-18.52.56:573][662]LogModuleManager: Shutting down and abandoning module SettingsEditor (130)
[2014.10.20-18.52.56:573][662]LogModuleManager: Shutting down and abandoning module ProjectLauncher (129)
[2014.10.20-18.52.56:573][662]LogModuleManager: Shutting down and abandoning module SessionFrontend (128)
[2014.10.20-18.52.56:573][662]LogModuleManager: Shutting down and abandoning module ProfilerClient (127)
[2014.10.20-18.52.56:573][662]LogModuleManager: Shutting down and abandoning module TargetDeviceServices (126)
[2014.10.20-18.52.56:573][662]LogModuleManager: Shutting down and abandoning module DeviceManager (125)
[2014.10.20-18.52.56:574][662]LogModuleManager: Shutting down and abandoning module AutomationController (124)
[2014.10.20-18.52.56:574][662]LogModuleManager: Shutting down and abandoning module AutomationWindow (123)
[2014.10.20-18.52.56:574][662]LogModuleManager: Shutting down and abandoning module Layers (122)
[2014.10.20-18.52.56:575][662]LogModuleManager: Shutting down and abandoning module ComponentVisualizers (121)
[2014.10.20-18.52.56:575][662]LogModuleManager: Shutting down and abandoning module DetailCustomizations (120)
[2014.10.20-18.52.56:575][662]LogModuleManager: Shutting down and abandoning module PackagesDialog (119)
[2014.10.20-18.52.56:575][662]LogModuleManager: Shutting down and abandoning module AssetRegistry (118)
[2014.10.20-18.52.56:675][662]LogModuleManager: Shutting down and abandoning module Persona (117)
[2014.10.20-18.52.56:676][662]LogModuleManager: Shutting down and abandoning module Kismet (116)
[2014.10.20-18.52.56:676][662]LogModuleManager: Shutting down and abandoning module GraphEditor (115)
[2014.10.20-18.52.56:677][662]LogModuleManager: Shutting down and abandoning module ClassViewer (114)
[2014.10.20-18.52.56:677][662]LogModuleManager: Shutting down and abandoning module Toolbox (113)
[2014.10.20-18.52.56:677][662]LogModuleManager: Shutting down and abandoning module ModuleUI (112)
[2014.10.20-18.52.56:677][662]LogModuleManager: Shutting down and abandoning module MovieSceneTools (111)
[2014.10.20-18.52.56:677][662]LogModuleManager: Shutting down and abandoning module OutputLog (110)
[2014.10.20-18.52.56:677][662]LogModuleManager: Shutting down and abandoning module GammaUI (109)
[2014.10.20-18.52.56:678][662]LogModuleManager: Shutting down and abandoning module Documentation (108)
[2014.10.20-18.52.56:678][662]LogModuleManager: Shutting down and abandoning module GameLiveStreaming (107)
[2014.10.20-18.52.56:678][662]LogModuleManager: Shutting down and abandoning module StreamingPauseRendering (106)
[2014.10.20-18.52.56:678][662]LogModuleManager: Shutting down and abandoning module HTTP (105)
[2014.10.20-18.52.56:678][662]LogModuleManager: Shutting down and abandoning module AnalyticsET (104)
[2014.10.20-18.52.56:678][662]LogModuleManager: Shutting down and abandoning module Analytics (103)
[2014.10.20-18.52.56:678][662]LogModuleManager: Shutting down and abandoning module GameplayDebugger (102)
[2014.10.20-18.52.56:678][662]LogModuleManager: Shutting down and abandoning module AIModule (101)
[2014.10.20-18.52.56:678][662]LogModuleManager: Shutting down and abandoning module ProfilerService (100)
[2014.10.20-18.52.56:711][662]LogModuleManager: Shutting down and abandoning module TaskGraph (99)
[2014.10.20-18.52.56:711][662]LogModuleManager: Shutting down and abandoning module SlateRemote (98)
[2014.10.20-18.52.56:711][662]LogModuleManager: Shutting down and abandoning module ScriptEditorPlugin (97)
[2014.10.20-18.52.56:711][662]LogModuleManager: Shutting down and abandoning module CustomMeshComponent (96)
[2014.10.20-18.52.56:711][662]LogModuleManager: Shutting down and abandoning module CableComponent (95)
[2014.10.20-18.52.56:711][662]LogModuleManager: Shutting down and abandoning module MessagingDebugger (94)
[2014.10.20-18.52.56:712][662]LogMod