Log file open, 10/19/14 06:47:27
LogInit:Display: Running engine for game: MyProject
LogInit: Version: 4.5.0-2326478+++depot+UE4-Releases+4.5
LogInit: API Version: 2326478
LogInit: Compiled (64-bit): Oct 11 2014 09:24:31
LogInit: Compiled with Visual C++: 18.00.21005.01
LogInit: Build Configuration: Development
LogInit: Branch Name: ++depot+UE4-Releases+4.5
LogInit: Command line:  
LogInit: Base directory: C:/Program Files/Unreal Engine/4.5/Engine/Binaries/Win64/
LogInit: Rocket: 1
[2014.10.19-11.47.27:696][  0]LogTaskGraph: Started task graph with 3 named threads and 4 total threads.
[2014.10.19-11.47.27:729][  0]LogOnline:Warning: No default platform service specified for OnlineSubsystem
[2014.10.19-11.47.27:764][  0]LogInit: Presizing for 0 objects not considered by GC, pre-allocating 0 bytes.
[2014.10.19-11.47.27:778][  0]LogInit: Object subsystem initialized
[2014.10.19-11.47.27:786][  0]LogConsoleResponse:Warning: Skipping Unknown console variable: 'UIScaleRule = ShortestSide'
[2014.10.19-11.47.27:786][  0]LogConsoleResponse:Warning:   Found in ini file 'C:/Users/Tri Nguyen/Documents/Unreal Projects/MyProject/Saved/Config/Windows/Engine.ini', in section '[/Script/Engine.RendererSettings]'
[2014.10.19-11.47.27:786][  0]LogConsoleResponse:Warning: Skipping Unknown console variable: 'UIScaleCurve = (EditorCurveData=(Keys=((Time=480.000000,Value=0.444000),(Time=720.000000,Value=0.666000),(Time=1080.000000,Value=1.000000),(Time=8640.000000,Value=8.000000))),ExternalCurve=None)'
[2014.10.19-11.47.27:786][  0]LogConsoleResponse:Warning:   Found in ini file 'C:/Users/Tri Nguyen/Documents/Unreal Projects/MyProject/Saved/Config/Windows/Engine.ini', in section '[/Script/Engine.RendererSettings]'
[2014.10.19-11.47.27:790][  0]LogInit: Selected Device Profile: [Windows]
[2014.10.19-11.47.27:790][  0]LogInit: Applying CVar settings loaded from the selected device profile: [Windows]
[2014.10.19-11.47.27:798][  0]LogInit: Computer: TRINGUYEN-PC
[2014.10.19-11.47.27:798][  0]LogInit: User: TriNguyen
[2014.10.19-11.47.27:798][  0]LogInit: CPU Page size=4096, Cores=4
[2014.10.19-11.47.27:798][  0]LogInit: High frequency timer resolution =2.143613 MHz
[2014.10.19-11.47.27:798][  0]LogMemory: Memory total: Physical=15.9GB (16GB approx) Virtual=8192.0GB
[2014.10.19-11.47.27:799][  0]LogMemory: Platform Memory Stats for Windows
[2014.10.19-11.47.27:799][  0]LogMemory: Process Physical Memory: 66.96 MB used, 66.96 MB peak
[2014.10.19-11.47.27:799][  0]LogMemory: Process Virtual Memory: 43.55 MB used, 43.55 MB peak
[2014.10.19-11.47.27:799][  0]LogMemory: Physical Memory: 3149.38 MB used, 16266.36 MB total
[2014.10.19-11.47.27:799][  0]LogMemory: Virtual Memory: 278.62 MB used, 8388608.00 MB total
[2014.10.19-11.47.27:865][  0]LogD3D11RHI: Found D3D11 adapter 0: Intel(R) HD Graphics 4000 (Feature Level 11_0)
[2014.10.19-11.47.27:865][  0]LogD3D11RHI: Adapter has 64MB of dedicated video memory, 0MB of dedicated system memory, and 1632MB of shared system memory, 1 output[s]
[2014.10.19-11.47.27:865][  0]LogD3D11RHI: Chosen D3D11 Adapter Id = 0
[2014.10.19-11.47.27:871][  0]LogRHI: Texture pool is 616 MB (70% of 880 MB)
[2014.10.19-11.47.27:892][  0]LogD3D11RHI: Async texture creation enabled
[2014.10.19-11.47.28:012][  0]LogTextLocalizationManager: The requested culture ('en_US') has no localization data; parent culture's ('en') localization data will be used.
[2014.10.19-11.47.28:169][  0]LogContentStreaming: Texture pool size is 0.000000MB
[2014.10.19-11.47.33:780][  0]LogTargetPlatformManager:Display: Building Assets For Windows
[2014.10.19-11.47.34:221][  0]LogTargetPlatformManager:Display: Building Assets For Windows
[2014.10.19-11.47.34:284][  0]LogDerivedDataCache:Display: Max Cache Size: 512 MB
[2014.10.19-11.47.34:404][  0]LogDerivedDataCache: Loaded boot cache 0.12s 39MB C:/Users/Tri Nguyen/AppData/Local/UnrealEngine/4.5/DerivedDataCache/Boot.ddc.
[2014.10.19-11.47.34:404][  0]LogDerivedDataCache:Display: Loaded Boot cache: C:/Users/Tri Nguyen/AppData/Local/UnrealEngine/4.5/DerivedDataCache/Boot.ddc
[2014.10.19-11.47.34:404][  0]LogDerivedDataCache: FDerivedDataBackendGraph:  Pak pak cache file ../../../../../../Users/Tri Nguyen/Documents/Unreal Projects/MyProject/DerivedDataCache/DDC.ddp not found, will not use a pak cache.
[2014.10.19-11.47.34:404][  0]LogDerivedDataCache: Unable to find inner node Pak for hierarchical cache Hierarchy.
[2014.10.19-11.47.34:488][  0]LogDerivedDataCache:Display: Pak cache opened for reading ../../../Engine/DerivedDataCache/DDC.ddp.
[2014.10.19-11.47.34:499][  0]LogDerivedDataCache: Using Local data cache path C:/Users/Tri Nguyen/AppData/Local/UnrealEngine/Common/DerivedDataCache: Writable
[2014.10.19-11.47.35:006][  0]LogMeshUtilities: No automatic mesh reduction module available
[2014.10.19-11.47.35:006][  0]LogMeshUtilities: No automatic mesh merging module available
[2014.10.19-11.47.35:306][  0]LogLinker:Warning: Asset '../../../Engine/Content/Functions/Engine_MaterialFunctions02/Texturing/FlipBook.uasset' has been saved with empty engine version. The asset will be loaded but may be incompatible.
[2014.10.19-11.47.35:311][  0]LogLinker:Warning: Asset '../../../Engine/Content/Functions/Engine_MaterialFunctions02/ExampleContent/Textures/flipbook.uasset' has been saved with empty engine version. The asset will be loaded but may be incompatible.
[2014.10.19-11.47.35:548][  0]LogInit: WinSock: version 1.1 (2.2), MaxSocks=32767, MaxUdp=65467
[2014.10.19-11.47.36:986][  0]UdpMessaging: Initializing bridge on interface 0.0.0.0:0 to multicast group 230.0.0.1:6666.
[2014.10.19-11.47.37:230][  0]LogDirectoryWatcher:Warning: Failed to begin reading directory changes for C:/Users/Tri Nguyen/Documents/Unreal Projects/MyProject/Binaries/Win64. Error: 0
[2014.10.19-11.47.37:401][  0]SourceControl: Info Source control is disabled
[2014.10.19-11.47.37:402][  0]SourceControl: Info Source control is disabled
[2014.10.19-11.47.37:408][  0]SourceControl: Info Source control is disabled
[2014.10.19-11.47.37:565][  0]LogObj: 22915 objects as part of root set at end of initial load.
[2014.10.19-11.47.37:565][  0]LogUObjectAllocator: 4803536 out of 0 bytes used by permanent object pool.
[2014.10.19-11.47.37:645][  0]LogEngine: Initializing Engine...
[2014.10.19-11.47.37:795][  0]LogInit: XAudio2 using 'Speakers (Realtek High Definition Audio)' : 2 channels at 48 kHz using 32 bits per sample (channel mask 0x3)
[2014.10.19-11.47.37:811][  0]LogInit: FAudioDevice initialized.
[2014.10.19-11.47.37:853][  0]LogAIModule: Creating AISystem for world NewWorld
[2014.10.19-11.47.37:879][  0]LogDerivedDataCache: Saved boot cache 0.02s 39MB C:/Users/Tri Nguyen/AppData/Local/UnrealEngine/4.5/DerivedDataCache/Boot.ddc.
[2014.10.19-11.47.37:881][  0]LogInit: Texture streaming: Enabled
[2014.10.19-11.47.37:929][  0]LogInit: Transaction tracking system initialized
[2014.10.19-11.47.38:042][  0]BlueprintLog: New page: Editor Load
[2014.10.19-11.47.38:083][  0]LogAssetRegistry: FAssetRegistry took 0.0112 seconds to start up
[2014.10.19-11.47.38:083][  0]LogDirectoryWatcher:Warning: Failed to begin reading directory changes for ../../../Engine/Plugins/Experimental/CharacterAI/Content/. Error: 0
[2014.10.19-11.47.38:596][  0]LogTargetPlatformManager:Display: Building Assets For Windows
[2014.10.19-11.47.38:920][  0]LogTargetPlatformManager:Display: Building Assets For Windows
[2014.10.19-11.47.39:238][  0]LogConsoleResponse:Display: 
[2014.10.19-11.47.39:517][  0]SourceControl: Info Source control is disabled
[2014.10.19-11.47.39:518][  0]Cmd: MAP LOAD FILE="../../../../../../Users/Tri Nguyen/Documents/Unreal Projects/MyProject/Content/Maps/Example_Map.umap" TEMPLATE=0 SHOWPROGRESS=1
[2014.10.19-11.47.39:519][  0]LightingResults: New page: Lighting Build
[2014.10.19-11.47.39:531][  0]MapCheck: New page: Map Check
[2014.10.19-11.47.39:531][  0]LightingResults: New page: Lighting Build
[2014.10.19-11.47.39:551][  0]LogParticles: Destroying 0 GPU particle simulations for FXSystem 0x0000000019289A80
[2014.10.19-11.47.39:859][  0]LogEditorServer: Finished looking for orphan Actors (0.000 secs)
[2014.10.19-11.47.39:860][  0]LogAIModule: Creating AISystem for world Example_Map
[2014.10.19-11.47.39:861][  0]Cmd: MAP CHECKDEP
[2014.10.19-11.47.39:862][  0]MapCheck: New page: Example_Map - Oct 19, 2014, 1:47:39 AM
[2014.10.19-11.47.39:944][  0]MapCheck: Info Map check complete: 0 Error(s), 0 Warning(s), took 82.82ms to complete.
[2014.10.19-11.47.39:944][  0]LogFileHelpers: Loading map 'Example_Map' took 0.427
[2014.10.19-11.47.40:096][  0]LogCollectionManager: Loaded 0 collections in 0.001057 seconds
[2014.10.19-11.47.40:252][  0]LogCrashTracker: Crashtracker disabled due to settings.
[2014.10.19-11.47.40:273][  0]LogUObjectGlobals:Warning: Failed to find object 'Class None.'
[2014.10.19-11.47.40:312][  0]LogLoad: Full Startup: 15.25 seconds (BP compile: 0.08 seconds)
[2014.10.19-11.47.40:671][  0]LogContentBrowser:Verbose: The content browser source was changed by the sources view to '/Game/StarterContent/Architecture'
[2014.10.19-11.47.40:846][  0]LogRenderer:Warning: Reallocating scene render targets to support 1136x896.
[2014.10.19-11.47.42:561][  5]LogAssetRegistry: Asset discovery search completed in 4.4902 seconds
[2014.10.19-11.50.01:352][673]LogEditorActor: Deleted Actor: LightmassImportanceVolume
[2014.10.19-11.50.01:410][673]LogEditorActor: Deleted 1 Actors (0.058 secs)
[2014.10.19-11.50.04:624][741]Cmd: TRANSACTION UNDO
[2014.10.19-11.50.04:624][741]LogEditorTransaction: Undo Delete selection
[2014.10.19-11.50.10:165][788]LogEditorActor: Deleted Actor: DirectionalLight
[2014.10.19-11.50.10:193][788]LogEditorActor: Deleted 1 Actors (2.582 secs)
[2014.10.19-11.50.11:227][813]Cmd: TRANSACTION UNDO
[2014.10.19-11.50.11:227][813]LogEditorTransaction: Undo Delete selection
[2014.10.19-11.50.19:958][993]LogEditorViewport: Clicking on Actor (LMB): StaticMeshActor (Wall_400x410)
[2014.10.19-11.50.29:739][184]LogEditorViewport: Clicking on Actor (LMB): StaticMeshActor (Wall_400x410)
[2014.10.19-11.51.44:344][274]LogEditorViewport: Clicking on Actor (LMB): StaticMeshActor (Wall_400x413)
[2014.10.19-11.52.10:262][704]LogEditorActor: Deleted Actor: DirectionalLight
[2014.10.19-11.52.10:289][704]LogEditorActor: Deleted 1 Actors (1.596 secs)
[2014.10.19-11.52.12:062][746]LogEditorActor: Deleted Actor: LightmassImportanceVolume
[2014.10.19-11.52.12:115][746]LogEditorActor: Deleted 1 Actors (0.053 secs)
[2014.10.19-11.52.18:839][912]LogEditorViewport: Clicking on Actor (LMB): AtmosphericFog (AtmosphericFog)
[2014.10.19-11.52.19:931][938]Cmd: DELETE
[2014.10.19-11.52.19:931][938]Cmd: ACTOR DELETE
[2014.10.19-11.52.19:938][938]LogEditorActor: Deleted Actor: AtmosphericFog
[2014.10.19-11.52.19:988][938]LogEditorActor: Deleted 1 Actors (0.051 secs)
[2014.10.19-11.52.25:643][ 66]LogEditorViewport: Clicking on Actor (LMB): SphereReflectionCapture (SphereReflectionCapture)
[2014.10.19-11.52.28:653][135]Cmd: DELETE
[2014.10.19-11.52.28:653][135]Cmd: ACTOR DELETE
[2014.10.19-11.52.28:655][135]LogEditorActor: Deleted Actor: SphereReflectionCapture
[2014.10.19-11.52.28:696][135]LogEditorActor: Deleted 1 Actors (0.043 secs)
[2014.10.19-11.52.32:470][237]Cmd: TRANSACTION UNDO
[2014.10.19-11.52.32:470][237]LogEditorTransaction: Undo Delete Actors
[2014.10.19-11.52.33:419][251]Cmd: TRANSACTION UNDO
[2014.10.19-11.52.33:419][251]LogEditorTransaction: Undo Clicking on Actors
[2014.10.19-11.52.34:282][269]Cmd: TRANSACTION UNDO
[2014.10.19-11.52.34:282][269]LogEditorTransaction: Undo Delete Actors
[2014.10.19-11.52.35:241][288]Cmd: TRANSACTION UNDO
[2014.10.19-11.52.35:241][288]LogEditorTransaction: Undo Clicking on Actors
[2014.10.19-11.52.35:923][302]Cmd: TRANSACTION UNDO
[2014.10.19-11.52.35:923][302]LogEditorTransaction: Undo Delete selection
[2014.10.19-11.52.37:028][323]Cmd: TRANSACTION UNDO
[2014.10.19-11.52.37:028][323]LogEditorTransaction: Undo Clicking on Actors
[2014.10.19-11.52.37:805][339]Cmd: TRANSACTION UNDO
[2014.10.19-11.52.37:806][339]LogEditorTransaction: Undo Delete selection
[2014.10.19-11.52.37:857][339]LogActorComponent: RegisterComponentWithWorld: (/Game/Maps/Example_Map.Example_Map:PersistentLevel.SkySphereBlueprint.TRASH_SceneComponent_28) Trying to register component with IsPendingKill() == true. Aborting.
[2014.10.19-11.52.37:930][340]LogCrashTracker: 


[2014.10.19-11.52.38:265][340]LogWindows:Error: Windows GetLastError: The operation completed successfully. (0)
[2014.10.19-11.52.38:284][341]LogWindows:Error: Windows GetLastError: The operation completed successfully. (0)
[2014.10.19-11.52.38:284][341]LogCrashTracker: 


[2014.10.19-11.52.38:285][341]LogWindows: === Critical error: ===
Fatal error: [File:D:\BuildFarm\buildmachine_++depot+UE4-Releases+4.5\Engine\Source\Runtime\RenderCore\Private\RenderingThread.cpp] [Line: 641] 
Rendering thread exception:
Fatal error!

Unhandled Exception: EXCEPTION_ACCESS_VIOLATION reading address 0x00000017

UE4Editor-D3D11RHI.dll!UnknownFunction (0x000007fede19aabc) + 0 bytes [UnknownFile:0]
UE4Editor-RHI.dll!UnknownFunction (0x000007feee3ab906) + 0 bytes [UnknownFile:0]
UE4Editor-Renderer.dll!UnknownFunction (0x000007fede323034) + 0 bytes [UnknownFile:0]
UE4Editor-Renderer.dll!UnknownFunction (0x000007fede275640) + 0 bytes [UnknownFile:0]
UE4Editor-Renderer.dll!UnknownFunction (0x000007fede27aace) + 0 bytes [UnknownFile:0]
UE4Editor-Renderer.dll!UnknownFunction (0x000007fede2a2696) + 0 bytes [UnknownFile:0]
UE4Editor-Renderer.dll!UnknownFunction (0x000007fede2a2472) + 0 bytes [UnknownFile:0]
UE4Editor-Renderer.dll!UnknownFunction (0x000007fede2a1840) + 0 bytes [UnknownFile:0]
UE4Editor-Renderer.dll!UnknownFunction (0x000007fede29e5fd) + 0 bytes [UnknownFile:0]
UE4Editor-Renderer.dll!UnknownFunction (0x000007fede44379e) + 0 bytes [UnknownFile:0]
UE4Editor-Renderer.dll!UnknownFunction (0x000007fede3faa9e) + 0 bytes [UnknownFile:0]
UE4Editor-Core.dll!UnknownFunction (0x000007fee6f16504) + 0 bytes [UnknownFile:0]
UE4Editor-Core.dll!UnknownFunction (0x000007fee6f1668d) + 0 bytes [UnknownFile:0]
UE4Editor-RenderCore.dll!UnknownFunction (0x000007feeeebfc33) + 0 bytes [UnknownFile:0]
UE4Editor-RenderCore.dll!UnknownFunction (0x000007feeeec00c9) + 0 bytes [UnknownFile:0]
UE4Editor-Core.dll!UnknownFunction (0x000007fee7166316) + 0 bytes [UnknownFile:0]
UE4Editor-Core.dll!UnknownFunction (0x000007fee715ad3d) + 0 bytes [UnknownFile:0]
kernel32.dll!UnknownFunction (0x0000000076f959ed) + 0 bytes [UnknownFile:0]
ntdll.dll!UnknownFunction (0x00000000770cc541) + 0 bytes [UnknownFile:0]
ntdll.dll!UnknownFunction (0x00000000770cc541) + 0 bytes [UnknownFile:0]





[2014.10.19-11.52.38:454][341]LogExit: Executing StaticShutdownAfterError
[2014.10.19-11.52.38:463][341]LogWindows: FPlatformMisc::RequestExit(1)
[2014.10.19-11.52.38:463][341]Log file closed, 10/19/14 06:52:38
