Log file open, 10/19/14 08:38:14
LogInit:Display: Running engine for game: MyProject
LogInit: Version: 4.5.0-2326478+++depot+UE4-Releases+4.5
LogInit: API Version: 2326478
LogInit: Compiled (64-bit): Oct 11 2014 09:24:31
LogInit: Compiled with Visual C++: 18.00.21005.01
LogInit: Build Configuration: Development
LogInit: Branch Name: ++depot+UE4-Releases+4.5
LogInit: Command line:  
LogInit: Base directory: C:/Program Files/Unreal Engine/4.5/Engine/Binaries/Win64/
LogInit: Rocket: 1
[2014.10.19-13.38.14:828][  0]LogTaskGraph: Started task graph with 3 named threads and 4 total threads.
[2014.10.19-13.38.14:860][  0]LogOnline:Warning: No default platform service specified for OnlineSubsystem
[2014.10.19-13.38.14:888][  0]LogInit: Presizing for 0 objects not considered by GC, pre-allocating 0 bytes.
[2014.10.19-13.38.14:902][  0]LogInit: Object subsystem initialized
[2014.10.19-13.38.14:907][  0]LogConsoleResponse:Warning: Skipping Unknown console variable: 'UIScaleRule = ShortestSide'
[2014.10.19-13.38.14:907][  0]LogConsoleResponse:Warning:   Found in ini file 'C:/Users/Tri Nguyen/Documents/Unreal Projects/MyProject/Saved/Config/Windows/Engine.ini', in section '[/Script/Engine.RendererSettings]'
[2014.10.19-13.38.14:907][  0]LogConsoleResponse:Warning: Skipping Unknown console variable: 'UIScaleCurve = (EditorCurveData=(Keys=((Time=480.000000,Value=0.444000),(Time=720.000000,Value=0.666000),(Time=1080.000000,Value=1.000000),(Time=8640.000000,Value=8.000000))),ExternalCurve=None)'
[2014.10.19-13.38.14:907][  0]LogConsoleResponse:Warning:   Found in ini file 'C:/Users/Tri Nguyen/Documents/Unreal Projects/MyProject/Saved/Config/Windows/Engine.ini', in section '[/Script/Engine.RendererSettings]'
[2014.10.19-13.38.14:907][  0]LogInit: Selected Device Profile: [Windows]
[2014.10.19-13.38.14:907][  0]LogInit: Applying CVar settings loaded from the selected device profile: [Windows]
[2014.10.19-13.38.14:913][  0]LogInit: Computer: TRINGUYEN-PC
[2014.10.19-13.38.14:913][  0]LogInit: User: TriNguyen
[2014.10.19-13.38.14:915][  0]LogInit: CPU Page size=4096, Cores=4
[2014.10.19-13.38.14:915][  0]LogInit: High frequency timer resolution =2.143623 MHz
[2014.10.19-13.38.14:915][  0]LogMemory: Memory total: Physical=15.9GB (16GB approx) Virtual=8192.0GB
[2014.10.19-13.38.14:915][  0]LogMemory: Platform Memory Stats for Windows
[2014.10.19-13.38.14:915][  0]LogMemory: Process Physical Memory: 66.91 MB used, 66.91 MB peak
[2014.10.19-13.38.14:915][  0]LogMemory: Process Virtual Memory: 43.52 MB used, 43.52 MB peak
[2014.10.19-13.38.14:915][  0]LogMemory: Physical Memory: 4064.32 MB used, 16266.36 MB total
[2014.10.19-13.38.14:915][  0]LogMemory: Virtual Memory: 278.62 MB used, 8388608.00 MB total
[2014.10.19-13.38.14:979][  0]LogD3D11RHI: Found D3D11 adapter 0: Intel(R) HD Graphics 4000 (Feature Level 11_0)
[2014.10.19-13.38.14:980][  0]LogD3D11RHI: Adapter has 64MB of dedicated video memory, 0MB of dedicated system memory, and 1632MB of shared system memory, 1 output[s]
[2014.10.19-13.38.14:980][  0]LogD3D11RHI: Chosen D3D11 Adapter Id = 0
[2014.10.19-13.38.14:988][  0]LogRHI: Texture pool is 616 MB (70% of 880 MB)
[2014.10.19-13.38.15:014][  0]LogD3D11RHI: Async texture creation enabled
[2014.10.19-13.38.15:073][  0]LogTextLocalizationManager: The requested culture ('en_US') has no localization data; parent culture's ('en') localization data will be used.
[2014.10.19-13.38.15:239][  0]LogContentStreaming: Texture pool size is 0.000000MB
[2014.10.19-13.38.20:960][  0]LogTargetPlatformManager:Display: Building Assets For Windows
[2014.10.19-13.38.21:393][  0]LogTargetPlatformManager:Display: Building Assets For Windows
[2014.10.19-13.38.21:449][  0]LogDerivedDataCache:Display: Max Cache Size: 512 MB
[2014.10.19-13.38.21:498][  0]LogDerivedDataCache: Loaded boot cache 0.05s 39MB C:/Users/Tri Nguyen/AppData/Local/UnrealEngine/4.5/DerivedDataCache/Boot.ddc.
[2014.10.19-13.38.21:498][  0]LogDerivedDataCache:Display: Loaded Boot cache: C:/Users/Tri Nguyen/AppData/Local/UnrealEngine/4.5/DerivedDataCache/Boot.ddc
[2014.10.19-13.38.21:498][  0]LogDerivedDataCache: FDerivedDataBackendGraph:  Pak pak cache file ../../../../../../Users/Tri Nguyen/Documents/Unreal Projects/MyProject/DerivedDataCache/DDC.ddp not found, will not use a pak cache.
[2014.10.19-13.38.21:498][  0]LogDerivedDataCache: Unable to find inner node Pak for hierarchical cache Hierarchy.
[2014.10.19-13.38.21:573][  0]LogDerivedDataCache:Display: Pak cache opened for reading ../../../Engine/DerivedDataCache/DDC.ddp.
[2014.10.19-13.38.21:584][  0]LogDerivedDataCache: Using Local data cache path C:/Users/Tri Nguyen/AppData/Local/UnrealEngine/Common/DerivedDataCache: Writable
[2014.10.19-13.38.21:767][  0]LogMeshUtilities: No automatic mesh reduction module available
[2014.10.19-13.38.21:767][  0]LogMeshUtilities: No automatic mesh merging module available
[2014.10.19-13.38.22:018][  0]LogLinker:Warning: Asset '../../../Engine/Content/Functions/Engine_MaterialFunctions02/Texturing/FlipBook.uasset' has been saved with empty engine version. The asset will be loaded but may be incompatible.
[2014.10.19-13.38.22:021][  0]LogLinker:Warning: Asset '../../../Engine/Content/Functions/Engine_MaterialFunctions02/ExampleContent/Textures/flipbook.uasset' has been saved with empty engine version. The asset will be loaded but may be incompatible.
[2014.10.19-13.38.22:215][  0]LogInit: WinSock: version 1.1 (2.2), MaxSocks=32767, MaxUdp=65467
[2014.10.19-13.38.23:007][  0]UdpMessaging: Initializing bridge on interface 0.0.0.0:0 to multicast group 230.0.0.1:6666.
[2014.10.19-13.38.23:193][  0]LogDirectoryWatcher:Warning: Failed to begin reading directory changes for C:/Users/Tri Nguyen/Documents/Unreal Projects/MyProject/Binaries/Win64. Error: 0
[2014.10.19-13.38.23:349][  0]SourceControl: Info Source control is disabled
[2014.10.19-13.38.23:349][  0]SourceControl: Info Source control is disabled
[2014.10.19-13.38.23:356][  0]SourceControl: Info Source control is disabled
[2014.10.19-13.38.23:491][  0]LogObj: 22915 objects as part of root set at end of initial load.
[2014.10.19-13.38.23:491][  0]LogUObjectAllocator: 4803536 out of 0 bytes used by permanent object pool.
[2014.10.19-13.38.23:559][  0]LogEngine: Initializing Engine...
[2014.10.19-13.38.23:711][  0]LogInit: XAudio2 using 'Speakers (Realtek High Definition Audio)' : 2 channels at 48 kHz using 32 bits per sample (channel mask 0x3)
[2014.10.19-13.38.23:725][  0]LogInit: FAudioDevice initialized.
[2014.10.19-13.38.23:748][  0]LogAIModule: Creating AISystem for world NewWorld
[2014.10.19-13.38.23:778][  0]LogDerivedDataCache: Saved boot cache 0.03s 39MB C:/Users/Tri Nguyen/AppData/Local/UnrealEngine/4.5/DerivedDataCache/Boot.ddc.
[2014.10.19-13.38.23:780][  0]LogInit: Texture streaming: Enabled
[2014.10.19-13.38.23:825][  0]LogInit: Transaction tracking system initialized
[2014.10.19-13.38.23:922][  0]BlueprintLog: New page: Editor Load
[2014.10.19-13.38.23:952][  0]LogAssetRegistry: FAssetRegistry took 0.0101 seconds to start up
[2014.10.19-13.38.23:952][  0]LogDirectoryWatcher:Warning: Failed to begin reading directory changes for ../../../Engine/Plugins/Experimental/CharacterAI/Content/. Error: 0
[2014.10.19-13.38.24:456][  0]LogTargetPlatformManager:Display: Building Assets For Windows
[2014.10.19-13.38.24:802][  0]LogTargetPlatformManager:Display: Building Assets For Windows
[2014.10.19-13.38.25:023][  0]LogConsoleResponse:Display: 
[2014.10.19-13.38.25:230][  0]SourceControl: Info Source control is disabled
[2014.10.19-13.38.25:230][  0]Cmd: MAP LOAD FILE="../../../../../../Users/Tri Nguyen/Documents/Unreal Projects/MyProject/Content/Maps/Example_Map.umap" TEMPLATE=0 SHOWPROGRESS=1
[2014.10.19-13.38.25:230][  0]LightingResults: New page: Lighting Build
[2014.10.19-13.38.25:239][  0]MapCheck: New page: Map Check
[2014.10.19-13.38.25:239][  0]LightingResults: New page: Lighting Build
[2014.10.19-13.38.25:255][  0]LogParticles: Destroying 0 GPU particle simulations for FXSystem 0x000000001C94DA80
[2014.10.19-13.38.25:579][  0]LogEditorServer: Finished looking for orphan Actors (0.000 secs)
[2014.10.19-13.38.25:580][  0]LogAIModule: Creating AISystem for world Example_Map
[2014.10.19-13.38.25:580][  0]Cmd: MAP CHECKDEP
[2014.10.19-13.38.25:580][  0]MapCheck: New page: Example_Map - Oct 19, 2014, 3:38:25 AM
[2014.10.19-13.38.25:673][  0]MapCheck: Info Map check complete: 0 Error(s), 0 Warning(s), took 92.428ms to complete.
[2014.10.19-13.38.25:673][  0]LogFileHelpers: Loading map 'Example_Map' took 0.443
[2014.10.19-13.38.25:775][  0]LogCollectionManager: Loaded 0 collections in 0.001200 seconds
[2014.10.19-13.38.25:994][  0]LogCrashTracker: Crashtracker disabled due to settings.
[2014.10.19-13.38.26:012][  0]LogUObjectGlobals:Warning: Failed to find object 'Class None.'
[2014.10.19-13.38.26:058][  0]LogLoad: Full Startup: 13.39 seconds (BP compile: 0.08 seconds)
[2014.10.19-13.38.26:408][  0]LogContentBrowser:Verbose: The content browser source was changed by the sources view to '/Game/StarterContent/Materials'
[2014.10.19-13.38.26:609][  0]LogRenderer:Warning: Reallocating scene render targets to support 1136x896.
[2014.10.19-13.38.27:944][  4]LogAssetRegistry: Asset discovery search completed in 4.0030 seconds
[2014.10.19-13.39.38:019][402]Cmd: TRANSACTION UNDO
[2014.10.19-13.39.38:019][402]LogEditorTransaction: Undo Create Actors
[2014.10.19-13.39.45:042][527]Cmd: TRANSACTION UNDO
[2014.10.19-13.39.45:042][527]LogEditorTransaction: Undo Create Actors
[2014.10.19-13.39.52:574][680]LogEditorActor: Deleted Actor: AtmosphericFog
[2014.10.19-13.39.52:626][680]LogEditorActor: Deleted 1 Actors (0.052 secs)
[2014.10.19-13.39.54:942][734]LogEditorActor: Deleted Actor: SphereReflectionCapture
[2014.10.19-13.39.54:978][734]LogEditorActor: Deleted 1 Actors (0.038 secs)
[2014.10.19-13.39.56:797][782]Cmd: TRANSACTION UNDO
[2014.10.19-13.39.56:797][782]LogEditorTransaction: Undo Delete selection
[2014.10.19-13.40.00:123][871]Cmd: TRANSACTION UNDO
[2014.10.19-13.40.00:124][871]LogEditorTransaction: Undo Clicking on Actors
[2014.10.19-13.40.04:804][992]LogEditorActor: Deleted Actor: SphereReflectionCapture
[2014.10.19-13.40.04:838][992]LogEditorActor: Deleted 1 Actors (0.035 secs)
[2014.10.19-13.40.07:266][ 57]Cmd: TRANSACTION UNDO
[2014.10.19-13.40.07:266][ 57]LogEditorTransaction: Undo Delete selection
[2014.10.19-13.40.19:950][375]LogEditorViewport: Clicking on Actor (LMB): BP_Sky_Sphere_C (SkySphereBlueprint)
[2014.10.19-13.43.45:133][495]LogEditorViewport: Clicking on Actor (LMB): StaticMeshActor (Wall_400x410)
[2014.10.19-13.44.32:979][548]Cmd: EDCALLBACK SURFPROPS
[2014.10.19-13.45.11:848][607]LogPlayLevel: PIE:  No blueprints needed recompiling
[2014.10.19-13.45.11:854][607]PIE: New page: PIE session: Example_Map (Oct 19, 2014, 3:45:11 AM)
[2014.10.19-13.45.11:866][607]LogPlayLevel: PIE: StaticDuplicateObject took: (0.011729s)
[2014.10.19-13.45.11:866][607]LogPlayLevel: PIE: World Init took: (0.000515s)
[2014.10.19-13.45.11:866][607]LogPlayLevel: PIE: Created PIE world by copying editor world from /Game/Maps/Example_Map.Example_Map to /Game/Maps/UEDPIE_0_Example_Map.Example_Map (0.012420s)
[2014.10.19-13.45.12:215][607]BlueprintLog:Warning: Warning Blueprint MyProjectile has been migrated and requires re-saving to avoid import errors
[2014.10.19-13.45.12:217][607]BlueprintLog:Warning: Warning Blueprint MyHUD has been migrated and requires re-saving to avoid import errors
[2014.10.19-13.45.12:218][607]BlueprintLog:Warning: Warning Blueprint MyGame has been migrated and requires re-saving to avoid import errors
[2014.10.19-13.45.12:223][607]LogWorld: Game class is 'MyGame_C'
[2014.10.19-13.45.12:235][607]LogAIModule: Creating AISystem for world Example_Map
[2014.10.19-13.45.12:237][607]LogWorld: Bringing World /Game/Maps/UEDPIE_0_Example_Map.Example_Map up for play (max tick rate 60) at 2014.10.19-08.45.12
[2014.10.19-13.45.12:237][607]LogWorld: Bringing up level for play took: 0.001526
[2014.10.19-13.45.12:246][607]PIE: Info Play in editor start time for /Game/Maps/UEDPIE_0_Example_Map 0.119
[2014.10.19-13.45.14:646][676]LogParticles: Destroying 0 GPU particle simulations for FXSystem 0x00000000233BE700
[2014.10.19-13.45.15:716][705]Cmd: TRANSACTION UNDO
[2014.10.19-13.45.15:716][705]LogEditorTransaction: Undo Edit X
[2014.10.19-13.45.24:330][897]LogEditorViewport: Clicking on Actor (LMB): BP_Sky_Sphere_C (SkySphereBlueprint)
[2014.10.19-13.45.25:054][915]LogEditorViewport: Clicking on Actor (LMB): PostProcessVolume (Global PostProcess)
[2014.10.19-13.45.44:295][343]Cmd: TRANSACTION UNDO
[2014.10.19-13.45.44:295][343]LogEditorTransaction: Undo Create Actors
[2014.10.19-13.46.48:753][747]LogEditorViewport: Clicking on Actor (LMB): PlayerStart (Player Start)
[2014.10.19-13.46.51:951][824]LogNavigationPoint: PostEditMove Clear paths rebuilt
[2014.10.19-13.47.01:599][ 19]LogNavigationPoint: PostEditMove Clear paths rebuilt
[2014.10.19-13.47.05:540][100]LogNavigationPoint: PostEditMove Clear paths rebuilt
[2014.10.19-13.47.12:078][240]LogEditorViewport: Clicking on Actor (LMB): PointLight (PointLight)
[2014.10.19-13.47.13:116][262]Cmd: DELETE
[2014.10.19-13.47.13:116][262]Cmd: ACTOR DELETE
[2014.10.19-13.47.13:117][262]LogEditorActor: Deleted Actor: PointLight
[2014.10.19-13.47.13:194][262]LogEditorActor: Deleted 1 Actors (0.078 secs)
[2014.10.19-13.47.40:351][922]LogSavePackage: Save=104.453537ms
[2014.10.19-13.47.40:351][922]LogSavePackage: Moving '../../../../../../Users/Tri Nguyen/Documents/Unreal Projects/MyProject/Saved/Example_Map39EBE10C491E82F5445641AFC01318A5.tmp' to '../../../../../../Users/Tri Nguyen/Documents/Unreal Projects/MyProject/Content/Maps/Example_Map.umap'
[2014.10.19-13.47.40:377][922]LogFileHelpers: Saving map 'Example_Map' took 0.257
[2014.10.19-13.50.56:950][686]LogEditorViewport: Clicking on Actor (LMB): StaticMeshActor (Wall_400x405)
[2014.10.19-13.50.58:941][731]LogEditorViewport: Clicking on Actor (CTRL LMB): StaticMeshActor (Wall_400x404)
[2014.10.19-13.50.59:764][749]LogEditorViewport: Clicking on Actor (CTRL LMB): StaticMeshActor (Wall_400x401)
[2014.10.19-13.51.26:239][304]Cmd: TRANSACTION UNDO
[2014.10.19-13.51.26:240][304]LogEditorTransaction: Undo Create Actors
[2014.10.19-13.52.29:158][309]LogEditorViewport: Clicking on Actor (LMB): StaticMeshActor (Wall_400x416)
[2014.10.19-13.52.30:011][348]LogEditorViewport: Clicking on Actor (LMB): StaticMeshActor (Wall_400x417)
[2014.10.19-13.52.33:718][515]Cmd: DELETE
[2014.10.19-13.52.33:718][515]Cmd: ACTOR DELETE
[2014.10.19-13.52.33:719][515]LogEditorActor: Deleted Actor: StaticMeshActor
[2014.10.19-13.52.33:741][515]LogEditorActor: Deleted 1 Actors (0.023 secs)
[2014.10.19-13.52.37:451][698]LogEditorViewport: Clicking on Actor (LMB): StaticMeshActor (Wall_400x416)
[2014.10.19-13.52.38:185][732]Cmd: DELETE
[2014.10.19-13.52.38:185][732]Cmd: ACTOR DELETE
[2014.10.19-13.52.38:187][732]LogEditorActor: Deleted Actor: StaticMeshActor
[2014.10.19-13.52.38:207][732]LogEditorActor: Deleted 1 Actors (0.022 secs)
[2014.10.19-13.52.42:885][978]LogEditorViewport: Clicking on Actor (LMB): StaticMeshActor (Wall_400x415)
[2014.10.19-13.52.43:449][  5]Cmd: DELETE
[2014.10.19-13.52.43:449][  5]Cmd: ACTOR DELETE
[2014.10.19-13.52.43:450][  5]LogEditorActor: Deleted Actor: StaticMeshActor
[2014.10.19-13.52.43:471][  5]LogEditorActor: Deleted 1 Actors (0.022 secs)
[2014.10.19-13.52.57:073][738]LogPlayLevel: PIE:  No blueprints needed recompiling
[2014.10.19-13.52.57:074][738]PIE: New page: PIE session: Example_Map (Oct 19, 2014, 3:52:57 AM)
[2014.10.19-13.52.57:085][738]LogPlayLevel: PIE: StaticDuplicateObject took: (0.010989s)
[2014.10.19-13.52.57:085][738]LogPlayLevel: PIE: World Init took: (0.000531s)
[2014.10.19-13.52.57:085][738]LogPlayLevel: PIE: Created PIE world by copying editor world from /Game/Maps/Example_Map.Example_Map to /Game/Maps/UEDPIE_0_Example_Map.Example_Map (0.011713s)
[2014.10.19-13.52.57:113][738]LogWorld: Game class is 'MyGame_C'
[2014.10.19-13.52.57:115][738]LogAIModule: Creating AISystem for world Example_Map
[2014.10.19-13.52.57:116][738]LogWorld: Bringing World /Game/Maps/UEDPIE_0_Example_Map.Example_Map up for play (max tick rate 60) at 2014.10.19-08.52.57
[2014.10.19-13.52.57:116][738]LogWorld: Bringing up level for play took: 0.001501
[2014.10.19-13.52.57:125][738]PIE: Info Play in editor start time for /Game/Maps/UEDPIE_0_Example_Map 0.985
[2014.10.19-13.53.08:158][ 75]LogParticles: Destroying 0 GPU particle simulations for FXSystem 0x0000000013009BC0
[2014.10.19-13.53.14:831][436]LogSavePackage: Save=97.650566ms
[2014.10.19-13.53.14:831][436]LogSavePackage: Moving '../../../../../../Users/Tri Nguyen/Documents/Unreal Projects/MyProject/Saved/Example_MapED02194D4F139E6AC44DC4AE398789F0.tmp' to '../../../../../../Users/Tri Nguyen/Documents/Unreal Projects/MyProject/Content/Maps/Example_Map.umap'
[2014.10.19-13.53.14:857][436]LogFileHelpers: Saving map 'Example_Map' took 0.246
[2014.10.19-13.53.36:104][768]Cmd: QUIT_EDITOR
[2014.10.19-13.53.36:486][768]LogExit: Preparing to exit.
[2014.10.19-13.53.37:339][768]LogExit: Editor shut down
[2014.10.19-13.53.37:339][768]LogExit: Transaction tracking system shut down
[2014.10.19-13.53.37:360][768]LogParticles: Destroying 0 GPU particle simulations for FXSystem 0x00000000140713A0
[2014.10.19-13.53.37:360][768]LogParticles: Destroying 0 GPU particle simulations for FXSystem 0x0000000023B58220
[2014.10.19-13.53.37:360][768]LogParticles: Destroying 0 GPU particle simulations for FXSystem 0x000000001F7AD8A0
[2014.10.19-13.53.37:360][768]LogExit: Object subsystem successfully closed.
[2014.10.19-13.53.37:405][768]LogModuleManager: Shutting down and abandoning module AndroidDeviceDetection (166)
[2014.10.19-13.53.37:405][768]LogModuleManager: Shutting down and abandoning module CrashTracker (165)
[2014.10.19-13.53.37:405][768]LogModuleManager: Shutting down and abandoning module SuperSearch (164)
[2014.10.19-13.53.37:405][768]LogModuleManager: Shutting down and abandoning module SceneOutliner (163)
[2014.10.19-13.53.37:405][768]LogModuleManager: Shutting down and abandoning module EditorWidgets (162)
[2014.10.19-13.53.37:405][768]LogModuleManager: Shutting down and abandoning module CollectionManager (161)
[2014.10.19-13.53.37:405][768]LogModuleManager: Shutting down and abandoning module StatsViewer (160)
[2014.10.19-13.53.37:405][768]LogModuleManager: Shutting down and abandoning module FoliageEdit (159)
[2014.10.19-13.53.37:405][768]LogModuleManager: Shutting down and abandoning module LandscapeEditor (158)
[2014.10.19-13.53.37:405][768]LogModuleManager: Shutting down and abandoning module MeshPaint (157)
[2014.10.19-13.53.37:405][768]LogModuleManager: Shutting down and abandoning module ActorPickerMode (156)
[2014.10.19-13.53.37:405][768]LogModuleManager: Shutting down and abandoning module GeometryMode (155)
[2014.10.19-13.53.37:405][768]LogModuleManager: Shutting down and abandoning module TextureAlignMode (154)
[2014.10.19-13.53.37:405][768]LogModuleManager: Shutting down and abandoning module BspMode (153)
[2014.10.19-13.53.37:406][768]LogModuleManager: Shutting down and abandoning module PlacementMode (152)
[2014.10.19-13.53.37:406][768]LogModuleManager: Shutting down and abandoning module AutomationWorker (151)
[2014.10.19-13.53.37:406][768]LogModuleManager: Shutting down and abandoning module CharacterAI (150)
[2014.10.19-13.53.37:406][768]LogModuleManager: Shutting down and abandoning module GameProjectGeneration (149)
[2014.10.19-13.53.37:406][768]LogModuleManager: Shutting down and abandoning module IntroTutorials (148)
[2014.10.19-13.53.37:406][768]LogModuleManager: Shutting down and abandoning module EditorLiveStreaming (147)
[2014.10.19-13.53.37:406][768]LogModuleManager: Shutting down and abandoning module HardwareTargeting (146)
[2014.10.19-13.53.37:406][768]LogModuleManager: Shutting down and abandoning module BehaviorTreeEditor (145)
[2014.10.19-13.53.37:406][768]LogModuleManager: Shutting down and abandoning module DeviceProfileEditor (144)
[2014.10.19-13.53.37:406][768]LogModuleManager: Shutting down and abandoning module UndoHistory (143)
[2014.10.19-13.53.37:406][768]LogModuleManager: Shutting down and abandoning module GameplayTagsEditor (142)
[2014.10.19-13.53.37:406][768]LogModuleManager: Shutting down and abandoning module UserFeedback (141)
[2014.10.19-13.53.37:406][768]LogModuleManager: Shutting down and abandoning module XmlParser (140)
[2014.10.19-13.53.37:406][768]LogModuleManager: Shutting down and abandoning module Blutility (139)
[2014.10.19-13.53.37:406][768]LogModuleManager: Shutting down and abandoning module IOSPlatformEditor (138)
[2014.10.19-13.53.37:406][768]LogModuleManager: Shutting down and abandoning module IOSRuntimeSettings (137)
[2014.10.19-13.53.37:406][768]LogModuleManager: Shutting down and abandoning module AndroidPlatformEditor (136)
[2014.10.19-13.53.37:406][768]LogModuleManager: Shutting down and abandoning module AndroidRuntimeSettings (135)
[2014.10.19-13.53.37:406][768]LogModuleManager: Shutting down and abandoning module ProjectTargetPlatformEditor (134)
[2014.10.19-13.53.37:406][768]LogModuleManager: Shutting down and abandoning module ProjectSettingsViewer (133)
[2014.10.19-13.53.37:406][768]LogModuleManager: Shutting down and abandoning module InputBindingEditor (132)
[2014.10.19-13.53.37:406][768]LogModuleManager: Shutting down and abandoning module EditorSettingsViewer (131)
[2014.10.19-13.53.37:406][768]LogModuleManager: Shutting down and abandoning module SettingsEditor (130)
[2014.10.19-13.53.37:406][768]LogModuleManager: Shutting down and abandoning module ProjectLauncher (129)
[2014.10.19-13.53.37:406][768]LogModuleManager: Shutting down and abandoning module SessionFrontend (128)
[2014.10.19-13.53.37:406][768]LogModuleManager: Shutting down and abandoning module ProfilerClient (127)
[2014.10.19-13.53.37:406][768]LogModuleManager: Shutting down and abandoning module TargetDeviceServices (126)
[2014.10.19-13.53.37:406][768]LogModuleManager: Shutting down and abandoning module DeviceManager (125)
[2014.10.19-13.53.37:406][768]LogModuleManager: Shutting down and abandoning module AutomationController (124)
[2014.10.19-13.53.37:406][768]LogModuleManager: Shutting down and abandoning module AutomationWindow (123)
[2014.10.19-13.53.37:406][768]LogModuleManager: Shutting down and abandoning module Layers (122)
[2014.10.19-13.53.37:406][768]LogModuleManager: Shutting down and abandoning module ComponentVisualizers (121)
[2014.10.19-13.53.37:406][768]LogModuleManager: Shutting down and abandoning module DetailCustomizations (120)
[2014.10.19-13.53.37:407][768]LogModuleManager: Shutting down and abandoning module PackagesDialog (119)
[2014.10.19-13.53.37:407][768]LogModuleManager: Shutting down and abandoning module AssetRegistry (118)
[2014.10.19-13.53.37:428][768]LogModuleManager: Shutting down and abandoning module Persona (117)
[2014.10.19-13.53.37:428][768]LogModuleManager: Shutting down and abandoning module Kismet (116)
[2014.10.19-13.53.37:428][768]LogModuleManager: Shutting down and abandoning module GraphEditor (115)
[2014.10.19-13.53.37:428][768]LogModuleManager: Shutting down and abandoning module ClassViewer (114)
[2014.10.19-13.53.37:428][768]LogModuleManager: Shutting down and abandoning module Toolbox (113)
[2014.10.19-13.53.37:428][768]LogModuleManager: Shutting down and abandoning module ModuleUI (112)
[2014.10.19-13.53.37:428][768]LogModuleManager: Shutting down and abandoning module MovieSceneTools (111)
[2014.10.19-13.53.37:428][768]LogModuleManager: Shutting down and abandoning module OutputLog (110)
[2014.10.19-13.53.37:428][768]LogModuleManager: Shutting down and abandoning module GammaUI (109)
[2014.10.19-13.53.37:428][768]LogModuleManager: Shutting down and abandoning module Documentation (108)
[2014.10.19-13.53.37:428][768]LogModuleManager: Shutting down and abandoning module GameLiveStreaming (107)
[2014.10.19-13.53.37:428][768]LogModuleManager: Shutting down and abandoning module StreamingPauseRendering (106)
[2014.10.19-13.53.37:428][768]LogModuleManager: Shutting down and abandoning module HTTP (105)
[2014.10.19-13.53.37:428][768]LogModuleManager: Shutting down and abandoning module AnalyticsET (104)
[2014.10.19-13.53.37:428][768]LogModuleManager: Shutting down and abandoning module Analytics (103)
[2014.10.19-13.53.37:429][768]LogModuleManager: Shutting down and abandoning module GameplayDebugger (102)
[2014.10.19-13.53.37:429][768]LogModuleManager: Shutting down and abandoning module AIModule (101)
[2014.10.19-13.53.37:429][768]LogModuleManager: Shutting down and abandoning module ProfilerService (100)
[2014.10.19-13.53.37:603][768]LogModuleManager: Shutting down and abandoning module TaskGraph (99)
[2014.10.19-13.53.37:603][768]LogModuleManager: Shutting down and abandoning module SlateRemote (98)
[2014.10.19-13.53.37:603][768]LogModuleManager: Shutting down and abandoning module ScriptEditorPlugin (97)
[2014.10.19-13.53.37:603][768]LogModuleManager: Shutting down and abandoning module CustomMeshComponent (96)
[2014.10.19-13.53.37:603][768]LogModuleManager: Shutting down and abandoning module CableComponent (95)
[2014.10.19-13.53.37:603][768]LogModuleManager: Shutting down and abandoning module MessagingDebugger (94)
[2014.10.19-13.53.37:603][768]LogModuleManager: Shutting down and abandoning module MediaPlayerEditor (93)
[2014.10.19-13.53.37:603][768]LogModuleManager: Shutting down and abandoning module SpeedTreeImporter (92)
[2014.10.19-13.53.37:603][768]LogModuleManager: Shutting down and abandoning module PluginsEditor (91)
[2014.10.19-13.53.37:603][768]LogModuleManager: Shutting down and abandoning module EpicSurvey (90)
[2014.10.19-13.53.37:603][768]LogModuleManager: Shutting down and abandoning module DesktopPlatform (89)
[2014.10.19-13.53.37:603][768]LogModuleManager: Shutting down and abandoning module VisualStudioSourceCodeAccess (88)
[2014.10.19-13.53.37:604][768]LogModuleManager: Shutting down and abandoning module UObjectPlugin (87)
[2014.10.19-13.53.37:604][768]LogModuleManager: Shutting down and abandoning module SubversionSourceControl (86)
[2014.10.19-13.53.37:604][768]LogModuleManager: Shutting down and abandoning module SourceControl (85)
[2014.10.19-13.53.37:604][768]LogModuleManager: Shutting down and abandoning module PerforceSourceControl (84)
[2014.10.19-13.53.37:604][768]LogModuleManager: Shutting down and abandoning module BlankPlugin (83)
[2014.10.19-13.53.37:604][768]LogModuleManager: Shutting down and abandoning module SlateReflector (82)
[2014.10.19-13.53.37:604][768]LogModuleManager: Shutting down and abandoning module DirectoryWatcher (81)
[2014.10.19-13.53.37:604][768]LogModuleManager: Shutting down and abandoning module HotReload (80)
[2014.10.19-13.53.37:604][768]LogModuleManager: Shutting down and abandoning module MainFrame (79)
[2014.10.19-13.53.37:604][768]LogModuleManager: Shutting down and abandoning module LevelEditor (78)
[2014.10.19-13.53.37:606][768]LogModuleManager: Shutting down and abandoning module ViewportSnapping (77)
[2014.10.19-13.53.37:606][768]LogModuleManager: Shutting down and abandoning module SmartSnapping (76)
[2014.10.19-13.53.37:606][768]LogModuleManager: Shutting down and abandoning module PaperTiledImporter (75)
[2014.10.19-13.53.37:606][768]LogModuleManager: Shutting down and abandoning module PaperJsonImporter (74)
[2014.10.19-13.53.37:606][768]LogModuleManager: Shutting down and abandoning module ContentBrowser (73)
[2014.10.19-13.53.37:606][768]LogModuleManager: Shutting down and abandoning module PropertyEditor (72)
[2014.10.19-13.53.37:606][768]LogModuleManager: Shutting down and abandoning module Paper2DEditor (71)
[2014.10.19-13.53.37:606][768]LogModuleManager: Shutting down and abandoning module ScriptPlugin (70)
[2014.10.19-13.53.37:606][768]LogModuleManager: Shutting down and abandoning module UdpMessaging (69)
[2014.10.19-13.53.37:707][768]LogModuleManager: Shutting down and abandoning module Paper2D (68)
[2014.10.19-13.53.37:707][768]LogModuleManager: Shutting down and abandoning module WindowsMoviePlayer (67)
[2014.10.19-13.53.37:713][768]LogModuleManager: Shutting down and abandoning module Media (66)
[2014.10.19-13.53.37:713][768]LogModuleManager: Shutting down and abandoning module WmfMedia (65)
[2014.10.19-13.53.37:713][768]LogModuleManager: Shutting down and abandoning module OnlineBlueprintSupport (64)
[2014.10.19-13.53.37:713][768]LogModuleManager: Shutting down and abandoning module FunctionalTesting (63)
[2014.10.19-13.53.37:713][768]LogModuleManager: Shutting down and abandoning module CollisionAnalyzer (62)
[2014.10.19-13.53.37:713][768]LogModuleManager: Shutting down and abandoning module WorkspaceMenuStructure (61)
[2014.10.19-13.53.37:713][768]LogModuleManager: Shutting down and abandoning module MessageLog (60)
[2014.10.19-13.53.37:713][768]LogModuleManager: Shutting down and abandoning module Sequencer (59)
[2014.10.19-13.53.37:713][768]LogModuleManager: Shutting down and abandoning module AssetTools (58)
[2014.10.19-13.53.37:714][768]LogModuleManager: Shutting down and abandoning module UMGEditor (57)
[2014.10.19-13.53.37:714][768]LogModuleManager: Shutting down and abandoning module UMG (56)
[2014.10.19-13.53.37:714][768]LogModuleManager: Shutting down and abandoning module Slate (55)
[2014.10.19-13.53.37:714][768]LogModuleManager: Shutting down and abandoning module EditorStyle (54)
[2014.10.19-13.53.37:717][768]LogModuleManager: Shutting down and abandoning module SessionServices (53)
[2014.10.19-13.53.37:717][768]LogModuleManager: Shutting down and abandoning module SourceCodeAccess (52)
[2014.10.19-13.53.37:717][768]LogModuleManager: Shutting down and abandoning module HeadMountedDisplay (51)
[2014.10.19-13.53.37:717][768]LogModuleManager: Shutting down and abandoning module XAudio2 (50)
[2014.10.19-13.53.37:717][768]LogModuleManager: Shutting down and abandoning module Networking (48)
[2014.10.19-13.53.37:717][768]LogModuleManager: Shutting down and abandoning module Core (47)
[2014.10.19-13.53.37:717][768]LogModuleManager: Shutting down and abandoning module KismetCompiler (46)
[2014.10.19-13.53.37:717][768]LogModuleManager: Shutting down and abandoning module PhysXFormats (45)
[2014.10.19-13.53.37:717][768]LogModuleManager: Shutting down and abandoning module MeshUtilities (44)
[2014.10.19-13.53.37:717][768]LogModuleManager: Shutting down and abandoning module DerivedDataCache (43)
[2014.10.19-13.53.37:755][768]LogDerivedDataCache: Shutdown
[2014.10.19-13.53.37:755][768]LogModuleManager: Shutting down and abandoning module ShaderFormatOpenGL (42)
[2014.10.19-13.53.37:755][768]LogModuleManager: Shutting down and abandoning module ShaderFormatD3D (41)
[2014.10.19-13.53.37:755][768]LogModuleManager: Shutting down and abandoning module MetalShaderFormat (40)
[2014.10.19-13.53.37:755][768]LogModuleManager: Shutting down and abandoning module TextureFormatUncompressed (39)
[2014.10.19-13.53.37:755][768]LogModuleManager: Shutting down and abandoning module TextureFormatPVR (38)
[2014.10.19-13.53.37:755][768]LogModuleManager: Shutting down and abandoning module TextureFormatDXT (37)
[2014.10.19-13.53.37:755][768]LogModuleManager: Shutting down and abandoning module TextureFormatAndroid (36)
[2014.10.19-13.53.37:755][768]LogModuleManager: Shutting down and abandoning module AudioFormatOpus (35)
[2014.10.19-13.53.37:755][768]LogModuleManager: Shutting down and abandoning module AudioFormatOgg (34)
[2014.10.19-13.53.37:755][768]LogModuleManager: Shutting down and abandoning module AudioFormatADPCM (33)
[2014.10.19-13.53.37:755][768]LogModuleManager: Shutting down and abandoning module Messaging (32)
[2014.10.19-13.53.37:755][768]LogModuleManager: Shutting down and abandoning module IOSTargetPlatform (31)
[2014.10.19-13.53.37:755][768]LogModuleManager: Shutting down and abandoning module Android_PVRTCTargetPlatform (30)
[2014.10.19-13.53.37:755][768]LogModuleManager: Shutting down and abandoning module Android_ETC2TargetPlatform (29)
[2014.10.19-13.53.37:755][768]LogModuleManager: Shutting down and abandoning module Android_ETC1TargetPlatform (28)
[2014.10.19-13.53.37:755][768]LogModuleManager: Shutting down and abandoning module Android_DXTTargetPlatform (27)
[2014.10.19-13.53.37:755][768]LogModuleManager: Shutting down and abandoning module Android_ATCTargetPlatform (26)
[2014.10.19-13.53.37:755][768]LogModuleManager: Shutting down and abandoning module AndroidTargetPlatform (25)
[2014.10.19-13.53.37:755][768]LogModuleManager: Shutting down and abandoning module WindowsTargetPlatform (24)
[2014.10.19-13.53.37:755][768]LogModuleManager: Shutting down and abandoning module WindowsServerTargetPlatform (23)
[2014.10.19-13.53.37:755][768]LogModuleManager: Shutting down and abandoning module WindowsNoEditorTargetPlatform (22)
[2014.10.19-13.53.37:755][768]LogModuleManager: Shutting down and abandoning module WindowsClientTargetPlatform (21)
[2014.10.19-13.53.37:755][768]LogModuleManager: Shutting down and abandoning module TargetPlatform (20)
[2014.10.19-13.53.37:755][768]LogModuleManager: Shutting down and abandoning module InputCore (19)
[2014.10.19-13.53.37:755][768]LogModuleManager: Shutting down and abandoning module Settings (18)
[2014.10.19-13.53.37:755][768]LogModuleManager: Shutting down and abandoning module ImageWrapper (17)
[2014.10.19-13.53.37:755][768]LogModuleManager: Shutting down and abandoning module OculusRift (14)
[2014.10.19-13.53.37:755][768]LogModuleManager: Shutting down and abandoning module ExampleDeviceProfileSelector (13)
[2014.10.19-13.53.37:755][768]LogModuleManager: Shutting down and abandoning module TextureCompressor (12)
[2014.10.19-13.53.37:755][768]LogModuleManager: Shutting down and abandoning module ShaderCore (11)
[2014.10.19-13.53.37:755][768]LogModuleManager: Shutting down and abandoning module SlateRHIRenderer (10)
[2014.10.19-13.53.37:756][768]LogModuleManager: Shutting down and abandoning module OpenGLDrv (9)
[2014.10.19-13.53.37:756][768]LogModuleManager: Shutting down and abandoning module D3D11RHI (8)
[2014.10.19-13.53.37:756][768]LogModuleManager: Shutting down and abandoning module Renderer (7)
[2014.10.19-13.53.37:756][768]LogModuleManager: Shutting down and abandoning module Engine (6)
[2014.10.19-13.53.37:756][768]LogModuleManager: Shutting down and abandoning module CoreUObject (5)
[2014.10.19-13.53.37:756][768]LogModuleManager: Shutting down and abandoning module NetworkFile (4)
[2014.10.19-13.53.37:756][768]LogModuleManager: Shutting down and abandoning module StreamingFile (3)
[2014.10.19-13.53.37:756][768]LogModuleManager: Shutting down and abandoning module SandboxFile (2)
[2014.10.19-13.53.37:756][768]LogModuleManager: Shutting down and abandoning module PakFile (1)
[2014.10.19-13.53.37:756][768]LogExit: Exiting.
[2014.10.19-13.53.37:761][768]Log file closed, 10/19/14 08:53:37
