Log file open, 10/20/14 16:29:37
LogInit:Display: Running engine for game: MyProject
LogInit: Version: 4.5.0-2326478+++depot+UE4-Releases+4.5
LogInit: API Version: 2326478
LogInit: Compiled (64-bit): Oct 11 2014 09:24:31
LogInit: Compiled with Visual C++: 18.00.21005.01
LogInit: Build Configuration: Development
LogInit: Branch Name: ++depot+UE4-Releases+4.5
LogInit: Command line:  
LogInit: Base directory: C:/Program Files/Unreal Engine/4.5/Engine/Binaries/Win64/
LogInit: Rocket: 1
[2014.10.20-21.29.37:085][  0]LogTaskGraph: Started task graph with 3 named threads and 4 total threads.
[2014.10.20-21.29.37:129][  0]LogOnline:Warning: No default platform service specified for OnlineSubsystem
[2014.10.20-21.29.37:169][  0]LogInit: Presizing for 0 objects not considered by GC, pre-allocating 0 bytes.
[2014.10.20-21.29.37:185][  0]LogInit: Object subsystem initialized
[2014.10.20-21.29.37:196][  0]LogConsoleResponse:Warning: Skipping Unknown console variable: 'UIScaleRule = ShortestSide'
[2014.10.20-21.29.37:196][  0]LogConsoleResponse:Warning:   Found in ini file 'C:/Users/Tri Nguyen/Documents/Unreal Projects/MyProject/Saved/Config/Windows/Engine.ini', in section '[/Script/Engine.RendererSettings]'
[2014.10.20-21.29.37:196][  0]LogConsoleResponse:Warning: Skipping Unknown console variable: 'UIScaleCurve = (EditorCurveData=(Keys=((Time=480.000000,Value=0.444000),(Time=720.000000,Value=0.666000),(Time=1080.000000,Value=1.000000),(Time=8640.000000,Value=8.000000))),ExternalCurve=None)'
[2014.10.20-21.29.37:196][  0]LogConsoleResponse:Warning:   Found in ini file 'C:/Users/Tri Nguyen/Documents/Unreal Projects/MyProject/Saved/Config/Windows/Engine.ini', in section '[/Script/Engine.RendererSettings]'
[2014.10.20-21.29.37:200][  0]LogInit: Selected Device Profile: [Windows]
[2014.10.20-21.29.37:201][  0]LogInit: Applying CVar settings loaded from the selected device profile: [Windows]
[2014.10.20-21.29.37:209][  0]LogInit: Computer: TRINGUYEN-PC
[2014.10.20-21.29.37:209][  0]LogInit: User: TriNguyen
[2014.10.20-21.29.37:210][  0]LogInit: CPU Page size=4096, Cores=4
[2014.10.20-21.29.37:210][  0]LogInit: High frequency timer resolution =2.143623 MHz
[2014.10.20-21.29.37:210][  0]LogMemory: Memory total: Physical=15.9GB (16GB approx) Virtual=8192.0GB
[2014.10.20-21.29.37:210][  0]LogMemory: Platform Memory Stats for Windows
[2014.10.20-21.29.37:210][  0]LogMemory: Process Physical Memory: 67.00 MB used, 67.00 MB peak
[2014.10.20-21.29.37:210][  0]LogMemory: Process Virtual Memory: 43.74 MB used, 43.74 MB peak
[2014.10.20-21.29.37:210][  0]LogMemory: Physical Memory: 3531.36 MB used, 16266.36 MB total
[2014.10.20-21.29.37:210][  0]LogMemory: Virtual Memory: 278.62 MB used, 8388608.00 MB total
[2014.10.20-21.29.37:270][  0]LogD3D11RHI: Found D3D11 adapter 0: Intel(R) HD Graphics 4000 (Feature Level 11_0)
[2014.10.20-21.29.37:270][  0]LogD3D11RHI: Adapter has 64MB of dedicated video memory, 0MB of dedicated system memory, and 1632MB of shared system memory, 1 output[s]
[2014.10.20-21.29.37:270][  0]LogD3D11RHI: Chosen D3D11 Adapter Id = 0
[2014.10.20-21.29.37:276][  0]LogRHI: Texture pool is 616 MB (70% of 880 MB)
[2014.10.20-21.29.37:294][  0]LogD3D11RHI: Async texture creation enabled
[2014.10.20-21.29.37:490][  0]LogTextLocalizationManager: The requested culture ('en_US') has no localization data; parent culture's ('en') localization data will be used.
[2014.10.20-21.29.37:640][  0]LogContentStreaming: Texture pool size is 0.000000MB
[2014.10.20-21.29.43:269][  0]LogTargetPlatformManager:Display: Building Assets For Windows
[2014.10.20-21.29.43:730][  0]LogTargetPlatformManager:Display: Building Assets For Windows
[2014.10.20-21.29.43:794][  0]LogDerivedDataCache:Display: Max Cache Size: 512 MB
[2014.10.20-21.29.43:908][  0]LogDerivedDataCache: Loaded boot cache 0.11s 39MB C:/Users/Tri Nguyen/AppData/Local/UnrealEngine/4.5/DerivedDataCache/Boot.ddc.
[2014.10.20-21.29.43:908][  0]LogDerivedDataCache:Display: Loaded Boot cache: C:/Users/Tri Nguyen/AppData/Local/UnrealEngine/4.5/DerivedDataCache/Boot.ddc
[2014.10.20-21.29.43:908][  0]LogDerivedDataCache: FDerivedDataBackendGraph:  Pak pak cache file ../../../../../../Users/Tri Nguyen/Documents/Unreal Projects/MyProject/DerivedDataCache/DDC.ddp not found, will not use a pak cache.
[2014.10.20-21.29.43:908][  0]LogDerivedDataCache: Unable to find inner node Pak for hierarchical cache Hierarchy.
[2014.10.20-21.29.44:005][  0]LogDerivedDataCache:Display: Pak cache opened for reading ../../../Engine/DerivedDataCache/DDC.ddp.
[2014.10.20-21.29.44:017][  0]LogDerivedDataCache: Using Local data cache path C:/Users/Tri Nguyen/AppData/Local/UnrealEngine/Common/DerivedDataCache: Writable
[2014.10.20-21.29.44:510][  0]LogMeshUtilities: No automatic mesh reduction module available
[2014.10.20-21.29.44:510][  0]LogMeshUtilities: No automatic mesh merging module available
[2014.10.20-21.29.44:840][  0]LogLinker:Warning: Asset '../../../Engine/Content/Functions/Engine_MaterialFunctions02/Texturing/FlipBook.uasset' has been saved with empty engine version. The asset will be loaded but may be incompatible.
[2014.10.20-21.29.44:846][  0]LogLinker:Warning: Asset '../../../Engine/Content/Functions/Engine_MaterialFunctions02/ExampleContent/Textures/flipbook.uasset' has been saved with empty engine version. The asset will be loaded but may be incompatible.
[2014.10.20-21.29.45:102][  0]LogInit: WinSock: version 1.1 (2.2), MaxSocks=32767, MaxUdp=65467
[2014.10.20-21.29.46:807][  0]UdpMessaging: Initializing bridge on interface 0.0.0.0:0 to multicast group 230.0.0.1:6666.
[2014.10.20-21.29.47:039][  0]LogDirectoryWatcher:Warning: Failed to begin reading directory changes for C:/Users/Tri Nguyen/Documents/Unreal Projects/MyProject/Binaries/Win64. Error: 0
[2014.10.20-21.29.47:226][  0]SourceControl: Info Source control is disabled
[2014.10.20-21.29.47:226][  0]SourceControl: Info Source control is disabled
[2014.10.20-21.29.47:233][  0]SourceControl: Info Source control is disabled
[2014.10.20-21.29.47:403][  0]LogObj: 22915 objects as part of root set at end of initial load.
[2014.10.20-21.29.47:403][  0]LogUObjectAllocator: 4803536 out of 0 bytes used by permanent object pool.
[2014.10.20-21.29.47:487][  0]LogEngine: Initializing Engine...
[2014.10.20-21.29.47:650][  0]LogInit: XAudio2 using 'Speakers (Realtek High Definition Audio)' : 2 channels at 48 kHz using 32 bits per sample (channel mask 0x3)
[2014.10.20-21.29.47:666][  0]LogInit: FAudioDevice initialized.
[2014.10.20-21.29.47:710][  0]LogAIModule: Creating AISystem for world NewWorld
[2014.10.20-21.29.47:736][  0]LogDerivedDataCache: Saved boot cache 0.02s 39MB C:/Users/Tri Nguyen/AppData/Local/UnrealEngine/4.5/DerivedDataCache/Boot.ddc.
[2014.10.20-21.29.47:740][  0]LogInit: Texture streaming: Enabled
[2014.10.20-21.29.47:790][  0]LogInit: Transaction tracking system initialized
[2014.10.20-21.29.47:912][  0]BlueprintLog: New page: Editor Load
[2014.10.20-21.29.47:973][  0]LogAssetRegistry: FAssetRegistry took 0.0143 seconds to start up
[2014.10.20-21.29.47:974][  0]LogDirectoryWatcher:Warning: Failed to begin reading directory changes for ../../../Engine/Plugins/Experimental/CharacterAI/Content/. Error: 0
[2014.10.20-21.29.48:670][  0]LogTargetPlatformManager:Display: Building Assets For Windows
[2014.10.20-21.29.49:050][  0]LogTargetPlatformManager:Display: Building Assets For Windows
[2014.10.20-21.29.49:360][  0]LogConsoleResponse:Display: 
[2014.10.20-21.29.49:647][  0]SourceControl: Info Source control is disabled
[2014.10.20-21.29.49:648][  0]Cmd: MAP LOAD FILE="../../../../../../Users/Tri Nguyen/Documents/Unreal Projects/MyProject/Content/Maps/Example_Map.umap" TEMPLATE=0 SHOWPROGRESS=1
[2014.10.20-21.29.49:649][  0]LightingResults: New page: Lighting Build
[2014.10.20-21.29.49:662][  0]MapCheck: New page: Map Check
[2014.10.20-21.29.49:662][  0]LightingResults: New page: Lighting Build
[2014.10.20-21.29.49:682][  0]LogParticles: Destroying 0 GPU particle simulations for FXSystem 0x00000000174E9A80
[2014.10.20-21.29.50:202][  0]LogEditorServer: Finished looking for orphan Actors (0.000 secs)
[2014.10.20-21.29.50:204][  0]LogAIModule: Creating AISystem for world Example_Map
[2014.10.20-21.29.50:205][  0]Cmd: MAP CHECKDEP
[2014.10.20-21.29.50:205][  0]MapCheck: New page: Example_Map - Oct 20, 2014, 11:29:50 AM
[2014.10.20-21.29.50:298][  0]MapCheck: Info Map check complete: 0 Error(s), 0 Warning(s), took 93.033ms to complete.
[2014.10.20-21.29.50:298][  0]LogFileHelpers: Loading map 'Example_Map' took 0.651
[2014.10.20-21.29.50:438][  0]LogCollectionManager: Loaded 0 collections in 0.001164 seconds
[2014.10.20-21.29.50:749][  0]LogCrashTracker: Crashtracker disabled due to settings.
[2014.10.20-21.29.50:770][  0]LogUObjectGlobals:Warning: Failed to find object 'Class None.'
[2014.10.20-21.29.50:812][  0]LogLoad: Full Startup: 15.94 seconds (BP compile: 0.09 seconds)
[2014.10.20-21.29.51:161][  0]LogContentBrowser:Verbose: The content browser source was changed by the sources view to '/Game/StarterContent/Materials'
[2014.10.20-21.29.51:361][  0]LogRenderer:Warning: Reallocating scene render targets to support 1136x896.
[2014.10.20-21.29.52:097][  2]LogAssetRegistry: Asset discovery search completed in 4.1392 seconds
[2014.10.20-21.31.32:670][767]LogPlayLevel: PIE:  No blueprints needed recompiling
[2014.10.20-21.31.32:676][767]PIE: New page: PIE session: Example_Map (Oct 20, 2014, 11:31:32 AM)
[2014.10.20-21.31.32:703][767]LogPlayLevel: PIE: StaticDuplicateObject took: (0.026892s)
[2014.10.20-21.31.32:704][767]LogPlayLevel: PIE: World Init took: (0.000505s)
[2014.10.20-21.31.32:704][767]LogPlayLevel: PIE: Created PIE world by copying editor world from /Game/Maps/Example_Map.Example_Map to /Game/Maps/UEDPIE_0_Example_Map.Example_Map (0.027581s)
[2014.10.20-21.31.33:078][767]BlueprintLog:Warning: Warning Blueprint MyProjectile has been migrated and requires re-saving to avoid import errors
[2014.10.20-21.31.33:081][767]BlueprintLog:Warning: Warning Blueprint MyHUD has been migrated and requires re-saving to avoid import errors
[2014.10.20-21.31.33:081][767]BlueprintLog:Warning: Warning Blueprint MyGame has been migrated and requires re-saving to avoid import errors
[2014.10.20-21.31.33:087][767]LogWorld: Game class is 'MyGame_C'
[2014.10.20-21.31.33:111][767]LogAIModule: Creating AISystem for world Example_Map
[2014.10.20-21.31.33:114][767]LogWorld: Bringing World /Game/Maps/UEDPIE_0_Example_Map.Example_Map up for play (max tick rate 0) at 2014.10.20-16.31.33
[2014.10.20-21.31.33:124][767]LogWorld: Bringing up level for play took: 0.013012
[2014.10.20-21.31.33:141][767]PIE: Info Play in editor start time for /Game/Maps/UEDPIE_0_Example_Map 0.73
[2014.10.20-21.32.16:295][955]LogParticles: Destroying 0 GPU particle simulations for FXSystem 0x0000000022E482C0
[2014.10.20-21.44.55:701][323]LogD3D11RHI:Error: D3DRHI->GetDevice()->CreateTexture2D(&StagingTextureDesc,NULL,StagingTexture.GetInitReference()) failed 
 at D:\BuildFarm\buildmachine_++depot+UE4-Releases+4.5\Engine\Source\Runtime\Windows\D3D11RHI\Private\D3D11Texture.cpp:1356 
 with error DXGI_ERROR_DEVICE_REMOVED
[2014.10.20-21.45.00:800][323]LogWindows: FPlatformMisc::RequestExit(1)
[2014.10.20-21.45.00:800][323]Log file closed, 10/20/14 16:45:00
