Log file open, 10/19/14 07:02:53
LogInit:Display: Running engine for game: MyProject
LogInit: Version: 4.5.0-2326478+++depot+UE4-Releases+4.5
LogInit: API Version: 2326478
LogInit: Compiled (64-bit): Oct 11 2014 09:24:31
LogInit: Compiled with Visual C++: 18.00.21005.01
LogInit: Build Configuration: Development
LogInit: Branch Name: ++depot+UE4-Releases+4.5
LogInit: Command line: 
LogInit: Base directory: C:/Program Files/Unreal Engine/4.5/Engine/Binaries/Win64/
LogInit: Rocket: 1
[2014.10.19-12.02.53:701][  0]LogTaskGraph: Started task graph with 3 named threads and 4 total threads.
[2014.10.19-12.02.53:741][  0]LogOnline:Warning: No default platform service specified for OnlineSubsystem
[2014.10.19-12.02.53:774][  0]LogInit: Presizing for 0 objects not considered by GC, pre-allocating 0 bytes.
[2014.10.19-12.02.53:784][  0]LogInit: Object subsystem initialized
[2014.10.19-12.02.53:787][  0]LogConsoleResponse:Warning: Skipping Unknown console variable: 'UIScaleRule = ShortestSide'
[2014.10.19-12.02.53:787][  0]LogConsoleResponse:Warning:   Found in ini file 'C:/Users/Tri Nguyen/Documents/Unreal Projects/MyProject/Saved/Config/Windows/Engine.ini', in section '[/Script/Engine.RendererSettings]'
[2014.10.19-12.02.53:787][  0]LogConsoleResponse:Warning: Skipping Unknown console variable: 'UIScaleCurve = (EditorCurveData=(Keys=((Time=480.000000,Value=0.444000),(Time=720.000000,Value=0.666000),(Time=1080.000000,Value=1.000000),(Time=8640.000000,Value=8.000000))),ExternalCurve=None)'
[2014.10.19-12.02.53:787][  0]LogConsoleResponse:Warning:   Found in ini file 'C:/Users/Tri Nguyen/Documents/Unreal Projects/MyProject/Saved/Config/Windows/Engine.ini', in section '[/Script/Engine.RendererSettings]'
[2014.10.19-12.02.53:788][  0]LogInit: Selected Device Profile: [Windows]
[2014.10.19-12.02.53:788][  0]LogInit: Applying CVar settings loaded from the selected device profile: [Windows]
[2014.10.19-12.02.53:793][  0]LogInit: Computer: TRINGUYEN-PC
[2014.10.19-12.02.53:793][  0]LogInit: User: TriNguyen
[2014.10.19-12.02.53:793][  0]LogInit: CPU Page size=4096, Cores=4
[2014.10.19-12.02.53:793][  0]LogInit: High frequency timer resolution =2.143613 MHz
[2014.10.19-12.02.53:794][  0]LogMemory: Memory total: Physical=15.9GB (16GB approx) Virtual=8192.0GB
[2014.10.19-12.02.53:794][  0]LogMemory: Platform Memory Stats for Windows
[2014.10.19-12.02.53:794][  0]LogMemory: Process Physical Memory: 66.94 MB used, 66.94 MB peak
[2014.10.19-12.02.53:794][  0]LogMemory: Process Virtual Memory: 43.53 MB used, 43.53 MB peak
[2014.10.19-12.02.53:794][  0]LogMemory: Physical Memory: 3036.39 MB used, 16266.36 MB total
[2014.10.19-12.02.53:794][  0]LogMemory: Virtual Memory: 278.62 MB used, 8388608.00 MB total
[2014.10.19-12.02.53:842][  0]LogD3D11RHI: Found D3D11 adapter 0: Intel(R) HD Graphics 4000 (Feature Level 11_0)
[2014.10.19-12.02.53:842][  0]LogD3D11RHI: Adapter has 64MB of dedicated video memory, 0MB of dedicated system memory, and 1632MB of shared system memory, 1 output[s]
[2014.10.19-12.02.53:842][  0]LogD3D11RHI: Chosen D3D11 Adapter Id = 0
[2014.10.19-12.02.53:846][  0]LogRHI: Texture pool is 616 MB (70% of 880 MB)
[2014.10.19-12.02.53:865][  0]LogD3D11RHI: Async texture creation enabled
[2014.10.19-12.02.53:915][  0]LogTextLocalizationManager: The requested culture ('en_US') has no localization data; parent culture's ('en') localization data will be used.
[2014.10.19-12.02.54:066][  0]LogContentStreaming: Texture pool size is 0.000000MB
[2014.10.19-12.02.59:219][  0]LogTargetPlatformManager:Display: Building Assets For Windows
[2014.10.19-12.02.59:628][  0]LogTargetPlatformManager:Display: Building Assets For Windows
[2014.10.19-12.02.59:680][  0]LogDerivedDataCache:Display: Max Cache Size: 512 MB
[2014.10.19-12.02.59:719][  0]LogDerivedDataCache: Loaded boot cache 0.04s 39MB C:/Users/Tri Nguyen/AppData/Local/UnrealEngine/4.5/DerivedDataCache/Boot.ddc.
[2014.10.19-12.02.59:719][  0]LogDerivedDataCache:Display: Loaded Boot cache: C:/Users/Tri Nguyen/AppData/Local/UnrealEngine/4.5/DerivedDataCache/Boot.ddc
[2014.10.19-12.02.59:720][  0]LogDerivedDataCache: FDerivedDataBackendGraph:  Pak pak cache file ../../../../../../Users/Tri Nguyen/Documents/Unreal Projects/MyProject/DerivedDataCache/DDC.ddp not found, will not use a pak cache.
[2014.10.19-12.02.59:720][  0]LogDerivedDataCache: Unable to find inner node Pak for hierarchical cache Hierarchy.
[2014.10.19-12.02.59:793][  0]LogDerivedDataCache:Display: Pak cache opened for reading ../../../Engine/DerivedDataCache/DDC.ddp.
[2014.10.19-12.02.59:804][  0]LogDerivedDataCache: Using Local data cache path C:/Users/Tri Nguyen/AppData/Local/UnrealEngine/Common/DerivedDataCache: Writable
[2014.10.19-12.02.59:977][  0]LogMeshUtilities: No automatic mesh reduction module available
[2014.10.19-12.02.59:977][  0]LogMeshUtilities: No automatic mesh merging module available
[2014.10.19-12.03.00:205][  0]LogLinker:Warning: Asset '../../../Engine/Content/Functions/Engine_MaterialFunctions02/Texturing/FlipBook.uasset' has been saved with empty engine version. The asset will be loaded but may be incompatible.
[2014.10.19-12.03.00:208][  0]LogLinker:Warning: Asset '../../../Engine/Content/Functions/Engine_MaterialFunctions02/ExampleContent/Textures/flipbook.uasset' has been saved with empty engine version. The asset will be loaded but may be incompatible.
[2014.10.19-12.03.00:377][  0]LogInit: WinSock: version 1.1 (2.2), MaxSocks=32767, MaxUdp=65467
[2014.10.19-12.03.01:122][  0]UdpMessaging: Initializing bridge on interface 0.0.0.0:0 to multicast group 230.0.0.1:6666.
[2014.10.19-12.03.01:301][  0]LogDirectoryWatcher:Warning: Failed to begin reading directory changes for C:/Users/Tri Nguyen/Documents/Unreal Projects/MyProject/Binaries/Win64. Error: 0
[2014.10.19-12.03.01:426][  0]SourceControl: Info Source control is disabled
[2014.10.19-12.03.01:426][  0]SourceControl: Info Source control is disabled
[2014.10.19-12.03.01:432][  0]SourceControl: Info Source control is disabled
[2014.10.19-12.03.01:541][  0]LogObj: 22915 objects as part of root set at end of initial load.
[2014.10.19-12.03.01:541][  0]LogUObjectAllocator: 4803544 out of 0 bytes used by permanent object pool.
[2014.10.19-12.03.01:598][  0]LogEngine: Initializing Engine...
[2014.10.19-12.03.01:733][  0]LogInit: XAudio2 using 'Speakers (Realtek High Definition Audio)' : 2 channels at 48 kHz using 32 bits per sample (channel mask 0x3)
[2014.10.19-12.03.01:848][  0]LogInit: FAudioDevice initialized.
[2014.10.19-12.03.01:877][  0]LogAIModule: Creating AISystem for world NewWorld
[2014.10.19-12.03.01:899][  0]LogDerivedDataCache: Saved boot cache 0.02s 39MB C:/Users/Tri Nguyen/AppData/Local/UnrealEngine/4.5/DerivedDataCache/Boot.ddc.
[2014.10.19-12.03.01:901][  0]LogInit: Texture streaming: Enabled
[2014.10.19-12.03.01:943][  0]LogInit: Transaction tracking system initialized
[2014.10.19-12.03.02:030][  0]BlueprintLog: New page: Editor Load
[2014.10.19-12.03.02:059][  0]LogAssetRegistry: FAssetRegistry took 0.0098 seconds to start up
[2014.10.19-12.03.02:059][  0]LogDirectoryWatcher:Warning: Failed to begin reading directory changes for ../../../Engine/Plugins/Experimental/CharacterAI/Content/. Error: 0
[2014.10.19-12.03.02:513][  0]LogTargetPlatformManager:Display: Building Assets For Windows
[2014.10.19-12.03.02:835][  0]LogTargetPlatformManager:Display: Building Assets For Windows
[2014.10.19-12.03.03:030][  0]LogConsoleResponse:Display: 
[2014.10.19-12.03.03:222][  0]SourceControl: Info Source control is disabled
[2014.10.19-12.03.03:222][  0]Cmd: MAP LOAD FILE="../../../../../../Users/Tri Nguyen/Documents/Unreal Projects/MyProject/Content/Maps/Example_Map.umap" TEMPLATE=0 SHOWPROGRESS=1
[2014.10.19-12.03.03:222][  0]LightingResults: New page: Lighting Build
[2014.10.19-12.03.03:231][  0]MapCheck: New page: Map Check
[2014.10.19-12.03.03:231][  0]LightingResults: New page: Lighting Build
[2014.10.19-12.03.03:256][  0]LogParticles: Destroying 0 GPU particle simulations for FXSystem 0x000000001C93DA80
[2014.10.19-12.03.03:502][  0]LogEditorServer: Finished looking for orphan Actors (0.000 secs)
[2014.10.19-12.03.03:502][  0]LogAIModule: Creating AISystem for world Example_Map
[2014.10.19-12.03.03:502][  0]Cmd: MAP CHECKDEP
[2014.10.19-12.03.03:503][  0]MapCheck: New page: Example_Map - Oct 19, 2014, 2:03:03 AM
[2014.10.19-12.03.03:585][  0]MapCheck: Info Map check complete: 0 Error(s), 0 Warning(s), took 82.083ms to complete.
[2014.10.19-12.03.03:585][  0]LogFileHelpers: Loading map 'Example_Map' took 0.363
[2014.10.19-12.03.03:686][  0]LogCollectionManager: Loaded 0 collections in 0.001637 seconds
[2014.10.19-12.03.03:871][  0]LogCrashTracker: Crashtracker disabled due to settings.
[2014.10.19-12.03.03:887][  0]LogUObjectGlobals:Warning: Failed to find object 'Class None.'
[2014.10.19-12.03.03:926][  0]LogLoad: Full Startup: 12.36 seconds (BP compile: 0.06 seconds)
[2014.10.19-12.03.03:948][  0]LogContentBrowser:Verbose: The content browser source was changed by the sources view to '/Game/StarterContent/Props'
[2014.10.19-12.03.04:119][  0]LogRenderer:Warning: Reallocating scene render targets to support 1136x896.
[2014.10.19-12.03.04:713][  3]LogAssetRegistry: Asset discovery search completed in 2.6632 seconds
[2014.10.19-12.03.13:328][140]LogEditorActor: Deleted Actor: DirectionalLight
[2014.10.19-12.03.13:368][140]LogEditorActor: Deleted 1 Actors (1.631 secs)
[2014.10.19-12.03.17:195][232]MapCheck: New page: Map Check
[2014.10.19-12.03.17:216][232]Cmd: MAP REBUILD ALLVISIBLE
[2014.10.19-12.03.17:217][232]LogEditorServer: Rebuildmap Clear paths rebuilt
[2014.10.19-12.03.17:278][232]LightingResults: New page: Lighting Build - Oct 19, 2014, 2:03:17 AM
[2014.10.19-12.03.20:808][232]LogStaticLightingSystem: Running Lightmass w/ ImmediateImport mode ENABLED
[2014.10.19-12.03.20:808][232]LogStaticLightingSystem: Running Lightmass w/ ImmediateProcess mode ENABLED
[2014.10.19-12.03.20:808][232]LogStaticLightingSystem: Running Lightmass w/ Sorting mode ENABLED
[2014.10.19-12.03.20:808][232]LogStaticLightingSystem: Running Lightmass w/ Mapping paddings ENABLED
[2014.10.19-12.03.20:808][232]LogStaticLightingSystem: Running Lightmass w/ Mapping debug paddings DISABLED
[2014.10.19-12.03.20:903][232]LogEditorBuildUtils: Build time 0:00:03
[2014.10.19-12.03.22:817][283]Job is a success!
[2014.10.19-12.03.23:295][284]LogTexture:Display: Building textures: HQ_Lightmap0_1 (AutoDXT)
[2014.10.19-12.03.23:444][284]LogTexture:Display: Building textures: LQ_Lightmap_0_3 (DXT1)
[2014.10.19-12.03.23:475][284]LogTexture:Display: Building textures: HQ_Lightmap0_3 (AutoDXT)
[2014.10.19-12.03.23:487][284]LogTexture:Display: Building textures: LQ_Lightmap_1_2 (DXT1)
[2014.10.19-12.03.23:570][284]LogTexture:Display: Building textures: HQ_Lightmap1_2 (AutoDXT)
[2014.10.19-12.03.23:754][284]LogTexture:Display: Building textures: LQ_Lightmap_0_1 (DXT1)
[2014.10.19-12.03.23:872][284]Lightmass on TRINGUYEN-PC: 2.42 sec total, 116 ms importing, 1 ms setup, 256 ms photons, 2.03 sec processing, 0 ms extra exporting [25/25 mappings]. Threads: 14.0 sec total, 5.05 sec processing.
[2014.10.19-12.03.23:878][284]LogStaticLightingSystem:Warning: Illumination: 6.51 sec (739 ms encoding lightmaps)
[2014.10.19-12.03.23:878][284]LogStaticLightingSystem: Lightmap texture memory:  2.7 MB (1.3 MB streaming, 1.3 MB non-streaming), 6 textures
[2014.10.19-12.03.23:878][284]LogStaticLightingSystem: Shadowmap texture memory: 0.0 MB (0.0 MB streaming, 0.0 MB non-streaming), 0 textures
[2014.10.19-12.03.24:794][285]Cmd: MAP CHECK NOTIFYRESULTS
[2014.10.19-12.03.24:795][285]MapCheck: New page: Example_Map - Oct 19, 2014, 2:03:24 AM
[2014.10.19-12.03.24:976][285]MapCheck: Info Map check complete: 0 Error(s), 0 Warning(s), took 181.209ms to complete.
[2014.10.19-12.03.32:188][441]LogActorFactory: Actor Factory created SM_Lamp_Wall
[2014.10.19-12.03.33:370][463]LogActorFactory: Actor Factory created SM_Lamp_Wall
[2014.10.19-12.03.34:804][494]LogEditorViewport: Clicking on Actor (LMB): StaticMeshActor (SM_Lamp_Wall)
[2014.10.19-12.03.34:854][494]LogEditorViewport: Clicking on Actor (double click): StaticMeshActor (SM_Lamp_Wall)
[2014.10.19-12.03.37:840][564]Cmd: TRANSACTION UNDO
[2014.10.19-12.03.37:840][564]LogEditorTransaction: Undo Clicking on Actors (double-click)
[2014.10.19-12.03.38:647][576]Cmd: TRANSACTION UNDO
[2014.10.19-12.03.38:647][576]LogEditorTransaction: Undo Clicking on Actors
[2014.10.19-12.03.40:737][616]Cmd: DELETE
[2014.10.19-12.03.40:737][616]Cmd: ACTOR DELETE
[2014.10.19-12.03.40:738][616]LogEditorActor: Deleted Actor: StaticMeshActor
[2014.10.19-12.03.40:788][616]LogEditorActor: Deleted 1 Actors (0.051 secs)
[2014.10.19-12.03.43:256][662]LogActorFactory: Actor Factory created SM_Couch
[2014.10.19-12.03.47:452][743]LogActorFactory: Actor Factory created SM_Couch
[2014.10.19-12.03.51:178][825]Cmd: TRANSACTION UNDO
[2014.10.19-12.03.51:178][825]LogEditorTransaction: Undo Move Actors
[2014.10.19-12.03.52:639][850]LogEditorViewport: Clicking on Actor (LMB): StaticMeshActor (SM_Couch)
[2014.10.19-12.03.53:478][868]Cmd: DELETE
[2014.10.19-12.03.53:478][868]Cmd: ACTOR DELETE
[2014.10.19-12.03.53:479][868]LogEditorActor: Deleted Actor: StaticMeshActor
[2014.10.19-12.03.53:529][868]LogEditorActor: Deleted 1 Actors (0.051 secs)
[2014.10.19-12.04.05:160][ 79]LogContentBrowser:Verbose: The content browser source was changed by the sources view to '/Game/StarterContent/Materials'
[2014.10.19-12.04.05:716][ 94]LogContentBrowser:Verbose: The content browser source was changed by the sources view to '/Game/StarterContent/HDRI'
[2014.10.19-12.04.08:145][173]LogMaterial: Missing cached shader map for material HDRI_Epic_Courtyard_Daylight_Mat, compiling.
[2014.10.19-12.04.08:145][173]LogMaterial:Warning: Failed to compile Material /Game/StarterContent/HDRI/HDRI_Epic_Courtyard_Daylight_Mat.HDRI_Epic_Courtyard_Daylight_Mat for platform PCD3D_SM5, Default Material will be used in game.
[2014.10.19-12.04.08:145][173]LogMaterial:Warning: 	(Node TextureSample) Coercion failed: Parameters.TexCoords[0].xy: float2 -> float3
[2014.10.19-12.04.08:163][173]LogMaterial:Warning: Material /Game/StarterContent/HDRI/HDRI_Epic_Courtyard_Daylight_Mat.HDRI_Epic_Courtyard_Daylight_Mat needed to have new flag set bUsedWithStaticLighting !
[2014.10.19-12.04.08:165][173]LogMaterial: Missing cached shader map for material HDRI_Epic_Courtyard_Daylight_Mat, compiling.
[2014.10.19-12.04.08:165][173]LogMaterial:Warning: Failed to compile Material /Game/StarterContent/HDRI/HDRI_Epic_Courtyard_Daylight_Mat.HDRI_Epic_Courtyard_Daylight_Mat for platform PCD3D_SM5, Default Material will be used in game.
[2014.10.19-12.04.08:165][173]LogMaterial:Warning: 	(Node TextureSample) Coercion failed: Parameters.TexCoords[0].xy: float2 -> float3
[2014.10.19-12.04.08:165][173]LogMaterial: 0.000108 seconds spent updating 1 materials, 1 interfaces, 0 instances, 0 with static permutations.
[2014.10.19-12.04.11:400][239]Cmd: TRANSACTION UNDO
[2014.10.19-12.04.11:400][239]LogEditorTransaction: Undo Apply Material to Surface
[2014.10.19-12.04.11:446][239]LogActorComponent: ~FComponentReregisterContext: (/Game/Maps/Example_Map.Example_Map:PersistentLevel.ModelComponent_0) Component already registered.
[2014.10.19-12.04.27:449][593]Cmd: TRANSACTION UNDO
[2014.10.19-12.04.27:449][593]LogEditorTransaction: Undo Apply Material to Surface
[2014.10.19-12.04.27:487][593]LogActorComponent: ~FComponentReregisterContext: (/Game/Maps/Example_Map.Example_Map:PersistentLevel.ModelComponent_0) Component already registered.
[2014.10.19-12.04.31:136][658]LogContentBrowser:Verbose: The content browser source was changed by the sources view to '/Game/StarterContent/Architecture'
[2014.10.19-12.04.32:909][687]LogContentBrowser:Verbose: The content browser source was changed by the sources view to '/Game/Blueprints'
[2014.10.19-12.04.35:016][739]LogContentBrowser:Verbose: The content browser source was changed by the sources view to '/Game/Character'
[2014.10.19-12.04.36:144][769]LogContentBrowser:Verbose: The content browser source was changed by the sources view to '/Game/Animations'
[2014.10.19-12.04.37:488][804]LogContentBrowser:Verbose: The content browser source was changed by the sources view to '/Game/Audio'
[2014.10.19-12.04.38:079][822]LogContentBrowser:Verbose: The content browser source was changed by the sources view to '/Game/Blueprints'
[2014.10.19-12.04.39:049][845]LogContentBrowser:Verbose: The content browser source was changed by the sources view to '/Game/Character'
[2014.10.19-12.04.39:601][858]LogContentBrowser:Verbose: The content browser source was changed by the sources view to '/Game/Maps'
[2014.10.19-12.04.40:772][886]LogContentBrowser:Verbose: The content browser source was changed by the sources view to '/Game/Meshes'
[2014.10.19-12.04.41:524][904]LogContentBrowser:Verbose: The content browser source was changed by the sources view to '/Game/StarterContent'
[2014.10.19-12.04.43:267][946]LogContentBrowser:Verbose: The content browser source was changed by the sources view to '/Game/StarterContent/Architecture'
[2014.10.19-12.04.44:123][961]LogContentBrowser:Verbose: The content browser source was changed by the sources view to '/Game/StarterContent/Audio'
[2014.10.19-12.04.45:227][987]LogContentBrowser:Verbose: The content browser source was changed by the sources view to '/Game/StarterContent/Blueprints'
[2014.10.19-12.04.50:981][107]BlueprintLog: New page: Pre-PIE auto-recompile
[2014.10.19-12.04.50:981][107]LogPlayLevel: [PIE] Compiling Tutorial_BP_MacroLib before PIE...
[2014.10.19-12.04.51:056][107]LogPlayLevel: PIE:  Blueprint regeneration took 74 ms (1 blueprints)
[2014.10.19-12.04.51:056][107]PIE: New page: PIE session: Example_Map (Oct 19, 2014, 2:04:51 AM)
[2014.10.19-12.04.51:076][107]LogPlayLevel: PIE: StaticDuplicateObject took: (0.019813s)
[2014.10.19-12.04.51:076][107]LogPlayLevel: PIE: World Init took: (0.000600s)
[2014.10.19-12.04.51:077][107]LogPlayLevel: PIE: Created PIE world by copying editor world from /Game/Maps/Example_Map.Example_Map to /Game/Maps/UEDPIE_0_Example_Map.Example_Map (0.020601s)
[2014.10.19-12.04.51:428][107]BlueprintLog:Warning: Warning Blueprint MyProjectile has been migrated and requires re-saving to avoid import errors
[2014.10.19-12.04.51:429][107]BlueprintLog:Warning: Warning Blueprint MyHUD has been migrated and requires re-saving to avoid import errors
[2014.10.19-12.04.51:429][107]BlueprintLog:Warning: Warning Blueprint MyGame has been migrated and requires re-saving to avoid import errors
[2014.10.19-12.04.51:432][107]LogWorld: Game class is 'MyGame_C'
[2014.10.19-12.04.51:434][107]LogAIModule: Creating AISystem for world Example_Map
[2014.10.19-12.04.51:435][107]LogWorld: Bringing World /Game/Maps/UEDPIE_0_Example_Map.Example_Map up for play (max tick rate 60) at 2014.10.19-07.04.51
[2014.10.19-12.04.51:441][107]LogWorld: Bringing up level for play took: 0.007471
[2014.10.19-12.04.51:444][107]PIE: Info Play in editor start time for /Game/Maps/UEDPIE_0_Example_Map 0.405
[2014.10.19-12.04.58:925][306]LogParticles: Destroying 0 GPU particle simulations for FXSystem 0x00000000177C0540
[2014.10.19-12.05.01:503][364]LogEditorViewport: Clicking on Actor (LMB): Blueprint_WallSconce_C (Blueprint_WallSconce)
[2014.10.19-12.05.02:275][382]Cmd: DELETE
[2014.10.19-12.05.02:275][382]Cmd: ACTOR DELETE
[2014.10.19-12.05.02:275][382]LogEditorActor: Deleted Actor: Blueprint_WallSconce_C
[2014.10.19-12.05.02:316][382]LogEditorActor: Deleted 1 Actors (0.042 secs)
[2014.10.19-12.05.17:100][668]LogEditorViewport: Clicking on Actor (LMB): Blueprint_CeilingLight_C (Blueprint_CeilingLight)
[2014.10.19-12.05.18:139][690]Cmd: DELETE
[2014.10.19-12.05.18:139][690]Cmd: ACTOR DELETE
[2014.10.19-12.05.18:139][690]LogEditorActor: Deleted Actor: Blueprint_CeilingLight_C
[2014.10.19-12.05.18:184][690]LogEditorActor: Deleted 1 Actors (0.045 secs)
[2014.10.19-12.06.05:771][692]LogPlayLevel: PIE:  No blueprints needed recompiling
[2014.10.19-12.06.05:771][692]PIE: New page: PIE session: Example_Map (Oct 19, 2014, 2:06:05 AM)
[2014.10.19-12.06.05:811][692]LogPlayLevel: PIE: StaticDuplicateObject took: (0.040180s)
[2014.10.19-12.06.05:812][692]LogPlayLevel: PIE: World Init took: (0.001044s)
[2014.10.19-12.06.05:812][692]LogPlayLevel: PIE: Created PIE world by copying editor world from /Game/Maps/Example_Map.Example_Map to /Game/Maps/UEDPIE_0_Example_Map.Example_Map (0.041421s)
[2014.10.19-12.06.05:849][692]LogWorld: Game class is 'MyGame_C'
[2014.10.19-12.06.05:851][692]LogAIModule: Creating AISystem for world Example_Map
[2014.10.19-12.06.05:852][692]LogWorld: Bringing World /Game/Maps/UEDPIE_0_Example_Map.Example_Map up for play (max tick rate 60) at 2014.10.19-07.06.05
[2014.10.19-12.06.05:852][692]LogWorld: Bringing up level for play took: 0.001349
[2014.10.19-12.06.05:854][692]PIE: Info Play in editor start time for /Game/Maps/UEDPIE_0_Example_Map 0.814
[2014.10.19-12.06.27:240][225]LogParticles: Destroying 0 GPU particle simulations for FXSystem 0x0000000022B6FF60
[2014.10.19-12.06.32:236][322]LogContentBrowser:Verbose: The content browser source was changed by the sources view to '/Game/StarterContent/Materials'
[2014.10.19-12.06.34:426][357]LogSavePackage: Save=168.411926ms
[2014.10.19-12.06.34:426][357]LogSavePackage: Moving '../../../../../../Users/Tri Nguyen/Documents/Unreal Projects/MyProject/Saved/Example_Map116EDECE402127885F366B8E7084B97E.tmp' to '../../../../../../Users/Tri Nguyen/Documents/Unreal Projects/MyProject/Content/Maps/Example_Map.umap'
[2014.10.19-12.06.34:455][357]LogFileHelpers: Saving map 'Example_Map' took 0.367
[2014.10.19-12.06.34:810][357]LogSavePackage: Save=322.895508ms
[2014.10.19-12.06.34:810][357]LogSavePackage: Moving '../../../../../../Users/Tri Nguyen/Documents/Unreal Projects/MyProject/Saved/HDRI_Epic_Courtyard_Daylight_Mat1985ADE54E5ACDAF6BB439B76C2DF886.tmp' to '../../../../../../Users/Tri Nguyen/Documents/Unreal Projects/MyProject/Content/StarterContent/HDRI/HDRI_Epic_Courtyard_Daylight_Mat.uasset'
[2014.10.19-12.06.51:623][712]Cmd: TRANSACTION UNDO
[2014.10.19-12.06.51:623][712]LogEditorTransaction: Undo Create Actors
[2014.10.19-12.06.52:245][718]Cmd: TRANSACTION UNDO
[2014.10.19-12.06.52:245][718]LogEditorTransaction: Undo Create Actors
[2014.10.19-12.06.52:905][730]Cmd: TRANSACTION UNDO
[2014.10.19-12.06.52:905][730]LogEditorTransaction: Undo Create Actors
[2014.10.19-12.06.58:325][846]Cmd: TRANSACTION UNDO
[2014.10.19-12.06.58:325][846]LogEditorTransaction: Undo Create Actors
[2014.10.19-12.07.01:742][911]Cmd: TRANSACTION UNDO
[2014.10.19-12.07.01:742][911]LogEditorTransaction: Undo Create Actors
[2014.10.19-12.07.15:960][145]Cmd: TRANSACTION UNDO
[2014.10.19-12.07.15:960][145]LogEditorTransaction: Undo Create Actors
[2014.10.19-12.07.24:916][315]Cmd: TRANSACTION UNDO
[2014.10.19-12.07.24:916][315]LogEditorTransaction: Undo Create Actors
[2014.10.19-12.07.25:156][317]Cmd: TRANSACTION UNDO
[2014.10.19-12.07.25:156][317]LogEditorTransaction: Undo Create Actors
[2014.10.19-12.07.25:401][319]Cmd: TRANSACTION UNDO
[2014.10.19-12.07.25:401][319]LogEditorTransaction: Undo Create Actors
[2014.10.19-12.07.41:176][541]LogWindowsTextInputMethodSystem:Error: Deactivating a context failed while setting focus to the disabled TSF document manager.
[2014.10.19-12.07.41:293][544]LogEditorViewport: Clicking on Actor (LMB): Blueprint_CeilingLight_C (Blueprint_CeilingLight)
[2014.10.19-12.07.45:390][628]LogEditorViewport: Clicking on Actor (LMB): StaticMeshActor (Wall_Door_400x400)
[2014.10.19-12.07.46:675][653]LogEditorViewport: Clicking on Actor (LMB): Blueprint_CeilingLight_C (Blueprint_CeilingLight)
[2014.10.19-12.07.53:324][781]LogEditorViewport: Clicking on Actor (LMB): Blueprint_CeilingLight_C (Blueprint_CeilingLight)
[2014.10.19-12.07.53:427][782]LogEditorViewport: Clicking on Actor (double click): Blueprint_CeilingLight_C (Blueprint_CeilingLight)
[2014.10.19-12.07.53:832][789]LogEditorViewport: Clicking on Actor (context menu): Blueprint_CeilingLight_C (Blueprint_CeilingLight)
[2014.10.19-12.08.13:151][880]LogEditorViewport: Clicking on Actor (LMB): BP_Sky_Sphere_C (SkySphereBlueprint)
[2014.10.19-12.08.14:410][905]LogEditorViewport: Clicking on Actor (LMB): Blueprint_CeilingLight_C (Blueprint_CeilingLight)
[2014.10.19-12.08.33:986][276]Cmd: TRANSACTION UNDO
[2014.10.19-12.08.33:986][276]LogEditorTransaction: Undo Create Actors
[2014.10.19-12.08.59:538][810]Cmd: TRANSACTION UNDO
[2014.10.19-12.08.59:538][810]LogEditorTransaction: Undo Select Surfaces
[2014.10.19-12.09.00:818][869]Cmd: TRANSACTION UNDO
[2014.10.19-12.09.00:818][869]LogEditorTransaction: Undo Create Actors
[2014.10.19-12.09.21:539][345]Cmd: TRANSACTION UNDO
[2014.10.19-12.09.21:539][345]LogEditorTransaction: Undo Create Actors
[2014.10.19-12.09.38:411][713]LogPlayLevel: PIE:  No blueprints needed recompiling
[2014.10.19-12.09.38:411][713]PIE: New page: PIE session: Example_Map (Oct 19, 2014, 2:09:38 AM)
[2014.10.19-12.09.38:438][713]LogPlayLevel: PIE: StaticDuplicateObject took: (0.026797s)
[2014.10.19-12.09.38:439][713]LogPlayLevel: PIE: World Init took: (0.000645s)
[2014.10.19-12.09.38:439][713]LogPlayLevel: PIE: Created PIE world by copying editor world from /Game/Maps/Example_Map.Example_Map to /Game/Maps/UEDPIE_0_Example_Map.Example_Map (0.027654s)
[2014.10.19-12.09.38:471][713]LogWorld: Game class is 'MyGame_C'
[2014.10.19-12.09.38:473][713]LogAIModule: Creating AISystem for world Example_Map
[2014.10.19-12.09.38:474][713]LogWorld: Bringing World /Game/Maps/UEDPIE_0_Example_Map.Example_Map up for play (max tick rate 60) at 2014.10.19-07.09.38
[2014.10.19-12.09.38:474][713]LogWorld: Bringing up level for play took: 0.001347
[2014.10.19-12.09.38:476][713]PIE: Info Play in editor start time for /Game/Maps/UEDPIE_0_Example_Map -0.565
[2014.10.19-12.09.52:835][ 72]LogParticles: Destroying 0 GPU particle simulations for FXSystem 0x0000000026503740
[2014.10.19-12.10.03:105][281]LogEditorViewport: Clicking on Actor (LMB): Blueprint_CeilingLight_C (Blueprint_CeilingLight)
[2014.10.19-12.10.04:081][301]Cmd: DELETE
[2014.10.19-12.10.04:081][301]Cmd: ACTOR DELETE
[2014.10.19-12.10.04:082][301]LogEditorActor: Deleted Actor: Blueprint_CeilingLight_C
[2014.10.19-12.10.04:132][301]LogEditorActor: Deleted 1 Actors (0.050 secs)
[2014.10.19-12.10.09:220][421]MapCheck: New page: Map Check
[2014.10.19-12.10.09:275][421]Cmd: MAP REBUILD ALLVISIBLE
[2014.10.19-12.10.09:275][421]LogEditorServer: Rebuildmap Clear paths rebuilt
[2014.10.19-12.10.09:345][421]LightingResults: New page: Lighting Build - Oct 19, 2014, 2:10:09 AM
[2014.10.19-12.10.14:427][421]LogStaticLightingSystem: Running Lightmass w/ ImmediateImport mode ENABLED
[2014.10.19-12.10.14:427][421]LogStaticLightingSystem: Running Lightmass w/ ImmediateProcess mode ENABLED
[2014.10.19-12.10.14:427][421]LogStaticLightingSystem: Running Lightmass w/ Sorting mode ENABLED
[2014.10.19-12.10.14:427][421]LogStaticLightingSystem: Running Lightmass w/ Mapping paddings ENABLED
[2014.10.19-12.10.14:427][421]LogStaticLightingSystem: Running Lightmass w/ Mapping debug paddings DISABLED
[2014.10.19-12.10.14:484][421]LogEditorBuildUtils: Build time 0:00:05
[2014.10.19-12.10.14:490][421]LogMaterial: Missing cached shader map for material FLightmassMaterialRenderer M_Brick_Clay_New, compiling.
[2014.10.19-12.10.14:496][421]LogMaterial: Missing cached shader map for material FLightmassMaterialRenderer M_Brick_Clay_New, compiling.
[2014.10.19-12.10.16:487][429]LogEditorViewport: Clicking on Actor (context menu): StaticMeshActor (Wall_400x406)
[2014.10.19-12.10.17:930][489]Job is a success!
[2014.10.19-12.10.18:808][520]LogEditorViewport: Clicking on Actor (LMB): BP_Sky_Sphere_C (SkySphereBlueprint)
[2014.10.19-12.10.54:175][164]LogSavePackage: Save=185.259659ms
[2014.10.19-12.10.54:175][164]LogSavePackage: Moving '../../../../../../Users/Tri Nguyen/Documents/Unreal Projects/MyProject/Saved/Example_MapD536B27E4E9F9CA1A1B61A8FFE01D6E3.tmp' to '../../../../../../Users/Tri Nguyen/Documents/Unreal Projects/MyProject/Content/Maps/Example_Map.umap'
[2014.10.19-12.10.54:206][164]LogFileHelpers: Saving map 'Example_Map' took 0.374
[2014.10.19-12.11.01:415][306]LogTexture:Display: Building textures: HQ_Lightmap0_1 (AutoDXT)
[2014.10.19-12.11.01:493][306]LogTexture:Display: Building textures: LQ_Lightmap_1_3 (DXT1)
[2014.10.19-12.11.01:500][306]LogTexture:Display: Building textures: HQ_Lightmap1_3 (AutoDXT)
[2014.10.19-12.11.01:509][306]LogTexture:Display: Building textures: LQ_Lightmap_0_2 (DXT1)
[2014.10.19-12.11.01:593][306]LogTexture:Display: Building textures: HQ_Lightmap0_2 (AutoDXT)
[2014.10.19-12.11.01:752][306]LogTexture:Display: Building textures: LQ_Lightmap_0_1 (DXT1)
[2014.10.19-12.11.01:845][306]Lightmass on TRINGUYEN-PC: 45.3 sec total, 99 ms importing, 0 ms setup, 257 ms photons, 44.9 sec processing, 0 ms extra exporting [25/25 mappings]. Threads: 5:14 min total, 5.38 sec processing.
[2014.10.19-12.11.01:852][306]LogStaticLightingSystem:Warning: Illumination: 9.32 sec (579 ms encoding lightmaps)
[2014.10.19-12.11.01:852][306]LogStaticLightingSystem: Lightmap texture memory:  2.7 MB (1.3 MB streaming, 1.3 MB non-streaming), 6 textures
[2014.10.19-12.11.01:852][306]LogStaticLightingSystem: Shadowmap texture memory: 0.0 MB (0.0 MB streaming, 0.0 MB non-streaming), 0 textures
[2014.10.19-12.11.02:400][307]Cmd: MAP CHECK NOTIFYRESULTS
[2014.10.19-12.11.02:400][307]MapCheck: New page: Example_Map - Oct 19, 2014, 2:11:02 AM
[2014.10.19-12.11.02:479][307]MapCheck:Error: Error WorldInfo_0 Maps need lighting rebuilt 
[2014.10.19-12.11.02:607][307]MapCheck: Info Map check complete: 1 Error(s), 0 Warning(s), took 206.892ms to complete.
[2014.10.19-12.11.07:939][393]LogEditorViewport: Clicking Background
[2014.10.19-12.11.08:171][397]Cmd: TRANSACTION UNDO
[2014.10.19-12.11.08:171][397]LogEditorTransaction: Undo Clicking Background
[2014.10.19-12.11.11:134][441]LogEditorViewport: Clicking on Actor (LMB): PointLight (PointLight)
[2014.10.19-12.11.12:785][469]Cmd: TRANSACTION UNDO
[2014.10.19-12.11.12:785][469]LogEditorTransaction: Undo Clicking on Actors
[2014.10.19-12.11.19:218][525]Cmd: QUIT_EDITOR
[2014.10.19-12.11.19:577][525]LogExit: Preparing to exit.
[2014.10.19-12.11.20:244][525]LogExit: Editor shut down
[2014.10.19-12.11.20:245][525]LogExit: Transaction tracking system shut down
[2014.10.19-12.11.20:245][525]LogParticles: Destroying 0 GPU particle simulations for FXSystem 0x000000002810AF20
[2014.10.19-12.11.20:247][525]LogParticles: Destroying 0 GPU particle simulations for FXSystem 0x00000000174C34C0
[2014.10.19-12.11.20:247][525]LogParticles: Destroying 0 GPU particle simulations for FXSystem 0x00000000228BF4C0
[2014.10.19-12.11.20:247][525]LogParticles: Destroying 0 GPU particle simulations for FXSystem 0x0000000013090540
[2014.10.19-12.11.20:273][525]LogExit: Object subsystem successfully closed.
[2014.10.19-12.11.20:323][525]LogModuleManager: Shutting down and abandoning module TextureEditor (167)
[2014.10.19-12.11.20:323][525]LogModuleManager: Shutting down and abandoning module AndroidDeviceDetection (166)
[2014.10.19-12.11.20:323][525]LogModuleManager: Shutting down and abandoning module CrashTracker (165)
[2014.10.19-12.11.20:323][525]LogModuleManager: Shutting down and abandoning module SuperSearch (164)
[2014.10.19-12.11.20:323][525]LogModuleManager: Shutting down and abandoning module SceneOutliner (163)
[2014.10.19-12.11.20:323][525]LogModuleManager: Shutting down and abandoning module EditorWidgets (162)
[2014.10.19-12.11.20:323][525]LogModuleManager: Shutting down and abandoning module CollectionManager (161)
[2014.10.19-12.11.20:323][525]LogModuleManager: Shutting down and abandoning module StatsViewer (160)
[2014.10.19-12.11.20:323][525]LogModuleManager: Shutting down and abandoning module FoliageEdit (159)
[2014.10.19-12.11.20:323][525]LogModuleManager: Shutting down and abandoning module LandscapeEditor (158)
[2014.10.19-12.11.20:324][525]LogModuleManager: Shutting down and abandoning module MeshPaint (157)
[2014.10.19-12.11.20:324][525]LogModuleManager: Shutting down and abandoning module ActorPickerMode (156)
[2014.10.19-12.11.20:324][525]LogModuleManager: Shutting down and abandoning module GeometryMode (155)
[2014.10.19-12.11.20:324][525]LogModuleManager: Shutting down and abandoning module TextureAlignMode (154)
[2014.10.19-12.11.20:324][525]LogModuleManager: Shutting down and abandoning module BspMode (153)
[2014.10.19-12.11.20:324][525]LogModuleManager: Shutting down and abandoning module PlacementMode (152)
[2014.10.19-12.11.20:324][525]LogModuleManager: Shutting down and abandoning module AutomationWorker (151)
[2014.10.19-12.11.20:324][525]LogModuleManager: Shutting down and abandoning module CharacterAI (150)
[2014.10.19-12.11.20:324][525]LogModuleManager: Shutting down and abandoning module GameProjectGeneration (149)
[2014.10.19-12.11.20:324][525]LogModuleManager: Shutting down and abandoning module IntroTutorials (148)
[2014.10.19-12.11.20:324][525]LogModuleManager: Shutting down and abandoning module EditorLiveStreaming (147)
[2014.10.19-12.11.20:324][525]LogModuleManager: Shutting down and abandoning module HardwareTargeting (146)
[2014.10.19-12.11.20:324][525]LogModuleManager: Shutting down and abandoning module BehaviorTreeEditor (145)
[2014.10.19-12.11.20:324][525]LogModuleManager: Shutting down and abandoning module DeviceProfileEditor (144)
[2014.10.19-12.11.20:324][525]LogModuleManager: Shutting down and abandoning module UndoHistory (143)
[2014.10.19-12.11.20:324][525]LogModuleManager: Shutting down and abandoning module GameplayTagsEditor (142)
[2014.10.19-12.11.20:324][525]LogModuleManager: Shutting down and abandoning module UserFeedback (141)
[2014.10.19-12.11.20:324][525]LogModuleManager: Shutting down and abandoning module XmlParser (140)
[2014.10.19-12.11.20:324][525]LogModuleManager: Shutting down and abandoning module Blutility (139)
[2014.10.19-12.11.20:324][525]LogModuleManager: Shutting down and abandoning module IOSPlatformEditor (138)
[2014.10.19-12.11.20:324][525]LogModuleManager: Shutting down and abandoning module IOSRuntimeSettings (137)
[2014.10.19-12.11.20:324][525]LogModuleManager: Shutting down and abandoning module AndroidPlatformEditor (136)
[2014.10.19-12.11.20:324][525]LogModuleManager: Shutting down and abandoning module AndroidRuntimeSettings (135)
[2014.10.19-12.11.20:324][525]LogModuleManager: Shutting down and abandoning module ProjectTargetPlatformEditor (134)
[2014.10.19-12.11.20:324][525]LogModuleManager: Shutting down and abandoning module ProjectSettingsViewer (133)
[2014.10.19-12.11.20:324][525]LogModuleManager: Shutting down and abandoning module InputBindingEditor (132)
[2014.10.19-12.11.20:324][525]LogModuleManager: Shutting down and abandoning module EditorSettingsViewer (131)
[2014.10.19-12.11.20:324][525]LogModuleManager: Shutting down and abandoning module SettingsEditor (130)
[2014.10.19-12.11.20:324][525]LogModuleManager: Shutting down and abandoning module ProjectLauncher (129)
[2014.10.19-12.11.20:324][525]LogModuleManager: Shutting down and abandoning module SessionFrontend (128)
[2014.10.19-12.11.20:324][525]LogModuleManager: Shutting down and abandoning module ProfilerClient (127)
[2014.10.19-12.11.20:324][525]LogModuleManager: Shutting down and abandoning module TargetDeviceServices (126)
[2014.10.19-12.11.20:324][525]LogModuleManager: Shutting down and abandoning module DeviceManager (125)
[2014.10.19-12.11.20:325][525]LogModuleManager: Shutting down and abandoning module AutomationController (124)
[2014.10.19-12.11.20:325][525]LogModuleManager: Shutting down and abandoning module AutomationWindow (123)
[2014.10.19-12.11.20:325][525]LogModuleManager: Shutting down and abandoning module Layers (122)
[2014.10.19-12.11.20:325][525]LogModuleManager: Shutting down and abandoning module ComponentVisualizers (121)
[2014.10.19-12.11.20:325][525]LogModuleManager: Shutting down and abandoning module DetailCustomizations (120)
[2014.10.19-12.11.20:325][525]LogModuleManager: Shutting down and abandoning module PackagesDialog (119)
[2014.10.19-12.11.20:325][525]LogModuleManager: Shutting down and abandoning module AssetRegistry (118)
[2014.10.19-12.11.20:377][525]LogModuleManager: Shutting down and abandoning module Persona (117)
[2014.10.19-12.11.20:377][525]LogModuleManager: Shutting down and abandoning module Kismet (116)
[2014.10.19-12.11.20:377][525]LogModuleManager: Shutting down and abandoning module GraphEditor (115)
[2014.10.19-12.11.20:377][525]LogModuleManager: Shutting down and abandoning module ClassViewer (114)
[2014.10.19-12.11.20:377][525]LogModuleManager: Shutting down and abandoning module Toolbox (113)
[2014.10.19-12.11.20:377][525]LogModuleManager: Shutting down and abandoning module ModuleUI (112)
[2014.10.19-12.11.20:377][525]LogModuleManager: Shutting down and abandoning module MovieSceneTools (111)
[2014.10.19-12.11.20:377][525]LogModuleManager: Shutting down and abandoning module OutputLog (110)
[2014.10.19-12.11.20:377][525]LogModuleManager: Shutting down and abandoning module GammaUI (109)
[2014.10.19-12.11.20:377][525]LogModuleManager: Shutting down and abandoning module Documentation (108)
[2014.10.19-12.11.20:377][525]LogModuleManager: Shutting down and abandoning module GameLiveStreaming (107)
[2014.10.19-12.11.20:377][525]LogModuleManager: Shutting down and abandoning module StreamingPauseRendering (106)
[2014.10.19-12.11.20:377][525]LogModuleManager: Shutting down and abandoning module HTTP (105)
[2014.10.19-12.11.20:377][525]LogModuleManager: Shutting down and abandoning module AnalyticsET (104)
[2014.10.19-12.11.20:377][525]LogModuleManager: Shutting down and abandoning module Analytics (103)
[2014.10.19-12.11.20:377][525]LogModuleManager: Shutting down and abandoning module GameplayDebugger (102)
[2014.10.19-12.11.20:377][525]LogModuleManager: Shutting down and abandoning module AIModule (101)
[2014.10.19-12.11.20:377][525]LogModuleManager: Shutting down and abandoning module ProfilerService (100)
[2014.10.19-12.11.20:614][525]LogModuleManager: Shutting down and abandoning module TaskGraph (99)
[2014.10.19-12.11.20:614][525]LogModuleManager: Shutting down and abandoning module SlateRemote (98)
[2014.10.19-12.11.20:614][525]LogModuleManager: Shutting down and abandoning module ScriptEditorPlugin (97)
[2014.10.19-12.11.20:614][525]LogModuleManager: Shutting down and abandoning module CustomMeshComponent (96)
[2014.10.19-12.11.20:614][525]LogModuleManager: Shutting down and abandoning module CableComponent (95)
[2014.10.19-12.11.20:614][525]LogModuleManager: Shutting down and abandoning module MessagingDebugger (94)
[2014.10.19-12.11.20:614][525]LogModuleManager: Shutting down and abandoning module MediaPlayerEditor (93)
[2014.10.19-12.11.20:614][525]LogModuleManager: Shutting down and abandoning module SpeedTreeImporter (92)
[2014.10.19-12.11.20:614][525]LogModuleManager: Shutting down and abandoning module PluginsEditor (91)
[2014.10.19-12.11.20:614][525]LogModuleManager: Shutting down and abandoning module EpicSurvey (90)
[2014.10.19-12.11.20:614][525]LogModuleManager: Shutting down and abandoning module DesktopPlatform (89)
[2014.10.19-12.11.20:614][525]LogModuleManager: Shutting down and abandoning module VisualStudioSourceCodeAccess (88)
[2014.10.19-12.11.20:615][525]LogModuleManager: Shutting down and abandoning module UObjectPlugin (87)
[2014.10.19-12.11.20:615][525]LogModuleManager: Shutting down and abandoning module SubversionSourceControl (86)
[2014.10.19-12.11.20:615][525]LogModuleManager: Shutting down and abandoning module SourceControl (85)
[2014.10.19-12.11.20:615][525]LogModuleManager: Shutting down and abandoning module PerforceSourceControl (84)
[2014.10.19-12.11.20:615][525]LogModuleManager: Shutting down and abandoning module BlankPlugin (83)
[2014.10.19-12.11.20:615][525]LogModuleManager: Shutting down and abandoning module SlateReflector (82)
[2014.10.19-12.11.20:615][525]LogModuleManager: Shutting down and abandoning module DirectoryWatcher (81)
[2014.10.19-12.11.20:615][525]LogModuleManager: Shutting down and abandoning module HotReload (80)
[2014.10.19-12.11.20:615][525]LogModuleManager: Shutting down and abandoning module MainFrame (79)
[2014.10.19-12.11.20:615][525]LogModuleManager: Shutting down and abandoning module LevelEditor (78)
[2014.10.19-12.11.20:617][525]LogModuleManager: Shutting down and abandoning module ViewportSnapping (77)
[2014.10.19-12.11.20:617][525]LogModuleManager: Shutting down and abandoning module SmartSnapping (76)
[2014.10.19-12.11.20:617][525]LogModuleManager: Shutting down and abandoning module PaperTiledImporter (75)
[2014.10.19-12.11.20:617][525]LogModuleManager: Shutting down and abandoning module PaperJsonImporter (74)
[2014.10.19-12.11.20:617][525]LogModuleManager: Shutting down and abandoning module ContentBrowser (73)
[2014.10.19-12.11.20:617][525]LogModuleManager: Shutting down and abandoning module PropertyEditor (72)
[2014.10.19-12.11.20:618][525]LogModuleManager: Shutting down and abandoning module Paper2DEditor (71)
[2014.10.19-12.11.20:618][525]LogModuleManager: Shutting down and abandoning module ScriptPlugin (70)
[2014.10.19-12.11.20:618][525]LogModuleManager: Shutting down and abandoning module UdpMessaging (69)
[2014.10.19-12.11.20:718][525]LogModuleManager: Shutting down and abandoning module Paper2D (68)
[2014.10.19-12.11.20:718][525]LogModuleManager: Shutting down and abandoning module WindowsMoviePlayer (67)
[2014.10.19-12.11.20:724][525]LogModuleManager: Shutting down and abandoning module Media (66)
[2014.10.19-12.11.20:724][525]LogModuleManager: Shutting down and abandoning module WmfMedia (65)
[2014.10.19-12.11.20:725][525]LogModuleManager: Shutting down and abandoning module OnlineBlueprintSupport (64)
[2014.10.19-12.11.20:725][525]LogModuleManager: Shutting down and abandoning module FunctionalTesting (63)
[2014.10.19-12.11.20:725][525]LogModuleManager: Shutting down and abandoning module CollisionAnalyzer (62)
[2014.10.19-12.11.20:725][525]LogModuleManager: Shutting down and abandoning module WorkspaceMenuStructure (61)
[2014.10.19-12.11.20:725][525]LogModuleManager: Shutting down and abandoning module MessageLog (60)
[2014.10.19-12.11.20:725][525]LogModuleManager: Shutting down and abandoning module Sequencer (59)
[2014.10.19-12.11.20:725][525]LogModuleManager: Shutting down and abandoning module AssetTools (58)
[2014.10.19-12.11.20:725][525]LogModuleManager: Shutting down and abandoning module UMGEditor (57)
[2014.10.19-12.11.20:725][525]LogModuleManager: Shutting down and abandoning module UMG (56)
[2014.10.19-12.11.20:725][525]LogModuleManager: Shutting down and abandoning module Slate (55)
[2014.10.19-12.11.20:725][525]LogModuleManager: Shutting down and abandoning module EditorStyle (54)
[2014.10.19-12.11.20:729][525]LogModuleManager: Shutting down and abandoning module SessionServices (53)
[2014.10.19-12.11.20:729][525]LogModuleManager: Shutting down and abandoning module SourceCodeAccess (52)
[2014.10.19-12.11.20:729][525]LogModuleManager: Shutting down and abandoning module HeadMountedDisplay (51)
[2014.10.19-12.11.20:729][525]LogModuleManager: Shutting down and abandoning module XAudio2 (50)
[2014.10.19-12.11.20:729][525]LogModuleManager: Shutting down and abandoning module Networking (48)
[2014.10.19-12.11.20:729][525]LogModuleManager: Shutting down and abandoning module Core (47)
[2014.10.19-12.11.20:729][525]LogModuleManager: Shutting down and abandoning module KismetCompiler (46)
[2014.10.19-12.11.20:729][525]LogModuleManager: Shutting down and abandoning module PhysXFormats (45)
[2014.10.19-12.11.20:729][525]LogModuleManager: Shutting down and abandoning module MeshUtilities (44)
[2014.10.19-12.11.20:729][525]LogModuleManager: Shutting down and abandoning module DerivedDataCache (43)
[2014.10.19-12.11.20:802][525]LogDerivedDataCache: Shutdown
[2014.10.19-12.11.20:802][525]LogModuleManager: Shutting down and abandoning module ShaderFormatOpenGL (42)
[2014.10.19-12.11.20:802][525]LogModuleManager: Shutting down and abandoning module ShaderFormatD3D (41)
[2014.10.19-12.11.20:802][525]LogModuleManager: Shutting down and abandoning module MetalShaderFormat (40)
[2014.10.19-12.11.20:802][525]LogModuleManager: Shutting down and abandoning module TextureFormatUncompressed (39)
[2014.10.19-12.11.20:802][525]LogModuleManager: Shutting down and abandoning module TextureFormatPVR (38)
[2014.10.19-12.11.20:802][525]LogModuleManager: Shutting down and abandoning module TextureFormatDXT (37)
[2014.10.19-12.11.20:802][525]LogModuleManager: Shutting down and abandoning module TextureFormatAndroid (36)
[2014.10.19-12.11.20:802][525]LogModuleManager: Shutting down and abandoning module AudioFormatOpus (35)
[2014.10.19-12.11.20:802][525]LogModuleManager: Shutting down and abandoning module AudioFormatOgg (34)
[2014.10.19-12.11.20:802][525]LogModuleManager: Shutting down and abandoning module AudioFormatADPCM (33)
[2014.10.19-12.11.20:802][525]LogModuleManager: Shutting down and abandoning module Messaging (32)
[2014.10.19-12.11.20:802][525]LogModuleManager: Shutting down and abandoning module IOSTargetPlatform (31)
[2014.10.19-12.11.20:802][525]LogModuleManager: Shutting down and abandoning module Android_PVRTCTargetPlatform (30)
[2014.10.19-12.11.20:802][525]LogModuleManager: Shutting down and abandoning module Android_ETC2TargetPlatform (29)
[2014.10.19-12.11.20:802][525]LogModuleManager: Shutting down and abandoning module Android_ETC1TargetPlatform (28)
[2014.10.19-12.11.20:802][525]LogModuleManager: Shutting down and abandoning module Android_DXTTargetPlatform (27)
[2014.10.19-12.11.20:802][525]LogModuleManager: Shutting down and abandoning module Android_ATCTargetPlatform (26)
[2014.10.19-12.11.20:802][525]LogModuleManager: Shutting down and abandoning module AndroidTargetPlatform (25)
[2014.10.19-12.11.20:802][525]LogModuleManager: Shutting down and abandoning module WindowsTargetPlatform (24)
[2014.10.19-12.11.20:803][525]LogModuleManager: Shutting down and abandoning module WindowsServerTargetPlatform (23)
[2014.10.19-12.11.20:803][525]LogModuleManager: Shutting down and abandoning module WindowsNoEditorTargetPlatform (22)
[2014.10.19-12.11.20:803][525]LogModuleManager: Shutting down and abandoning module WindowsClientTargetPlatform (21)
[2014.10.19-12.11.20:803][525]LogModuleManager: Shutting down and abandoning module TargetPlatform (20)
[2014.10.19-12.11.20:803][525]LogModuleManager: Shutting down and abandoning module InputCore (19)
[2014.10.19-12.11.20:803][525]LogModuleManager: Shutting down and abandoning module Settings (18)
[2014.10.19-12.11.20:803][525]LogModuleManager: Shutting down and abandoning module ImageWrapper (17)
[2014.10.19-12.11.20:803][525]LogModuleManager: Shutting down and abandoning module OculusRift (14)
[2014.10.19-12.11.20:803][525]LogModuleManager: Shutting down and abandoning module ExampleDeviceProfileSelector (13)
[2014.10.19-12.11.20:803][525]LogModuleManager: Shutting down and abandoning module TextureCompressor (12)
[2014.10.19-12.11.20:803][525]LogModuleManager: Shutting down and abandoning module ShaderCore (11)
[2014.10.19-12.11.20:803][525]LogModuleManager: Shutting down and abandoning module SlateRHIRenderer (10)
[2014.10.19-12.11.20:804][525]LogModuleManager: Shutting down and abandoning module OpenGLDrv (9)
[2014.10.19-12.11.20:804][525]LogModuleManager: Shutting down and abandoning module D3D11RHI (8)
[2014.10.19-12.11.20:804][525]LogModuleManager: Shutting down and abandoning module Renderer (7)
[2014.10.19-12.11.20:804][525]LogModuleManager: Shutting down and abandoning module Engine (6)
[2014.10.19-12.11.20:804][525]LogModuleManager: Shutting down and abandoning module CoreUObject (5)
[2014.10.19-12.11.20:804][525]LogModuleManager: Shutting down and abandoning module NetworkFile (4)
[2014.10.19-12.11.20:804][525]LogModuleManager: Shutting down and abandoning module StreamingFile (3)
[2014.10.19-12.11.20:804][525]LogModuleManager: Shutting down and abandoning module SandboxFile (2)
[2014.10.19-12.11.20:804][525]LogModuleManager: Shutting down and abandoning module PakFile (1)
[2014.10.19-12.11.20:805][525]LogExit: Exiting.
[2014.10.19-12.11.20:831][525]Log file closed, 10/19/14 07:11:20
