Log file open, 10/19/14 13:25:23
LogInit:Display: Running engine for game: MyProject
LogInit: Version: 4.5.0-2326478+++depot+UE4-Releases+4.5
LogInit: API Version: 2326478
LogInit: Compiled (64-bit): Oct 11 2014 09:24:31
LogInit: Compiled with Visual C++: 18.00.21005.01
LogInit: Build Configuration: Development
LogInit: Branch Name: ++depot+UE4-Releases+4.5
LogInit: Command line:  
LogInit: Base directory: C:/Program Files/Unreal Engine/4.5/Engine/Binaries/Win64/
LogInit: Rocket: 1
[2014.10.19-18.25.23:509][  0]LogTaskGraph: Started task graph with 3 named threads and 4 total threads.
[2014.10.19-18.25.23:541][  0]LogOnline:Warning: No default platform service specified for OnlineSubsystem
[2014.10.19-18.25.23:564][  0]LogInit: Presizing for 0 objects not considered by GC, pre-allocating 0 bytes.
[2014.10.19-18.25.23:575][  0]LogInit: Object subsystem initialized
[2014.10.19-18.25.23:578][  0]LogConsoleResponse:Warning: Skipping Unknown console variable: 'UIScaleRule = ShortestSide'
[2014.10.19-18.25.23:578][  0]LogConsoleResponse:Warning:   Found in ini file 'C:/Users/Tri Nguyen/Documents/Unreal Projects/MyProject/Saved/Config/Windows/Engine.ini', in section '[/Script/Engine.RendererSettings]'
[2014.10.19-18.25.23:579][  0]LogConsoleResponse:Warning: Skipping Unknown console variable: 'UIScaleCurve = (EditorCurveData=(Keys=((Time=480.000000,Value=0.444000),(Time=720.000000,Value=0.666000),(Time=1080.000000,Value=1.000000),(Time=8640.000000,Value=8.000000))),ExternalCurve=None)'
[2014.10.19-18.25.23:579][  0]LogConsoleResponse:Warning:   Found in ini file 'C:/Users/Tri Nguyen/Documents/Unreal Projects/MyProject/Saved/Config/Windows/Engine.ini', in section '[/Script/Engine.RendererSettings]'
[2014.10.19-18.25.23:579][  0]LogInit: Selected Device Profile: [Windows]
[2014.10.19-18.25.23:579][  0]LogInit: Applying CVar settings loaded from the selected device profile: [Windows]
[2014.10.19-18.25.23:585][  0]LogInit: Computer: TRINGUYEN-PC
[2014.10.19-18.25.23:585][  0]LogInit: User: TriNguyen
[2014.10.19-18.25.23:586][  0]LogInit: CPU Page size=4096, Cores=4
[2014.10.19-18.25.23:586][  0]LogInit: High frequency timer resolution =2.143623 MHz
[2014.10.19-18.25.23:586][  0]LogMemory: Memory total: Physical=15.9GB (16GB approx) Virtual=8192.0GB
[2014.10.19-18.25.23:586][  0]LogMemory: Platform Memory Stats for Windows
[2014.10.19-18.25.23:586][  0]LogMemory: Process Physical Memory: 66.96 MB used, 66.96 MB peak
[2014.10.19-18.25.23:586][  0]LogMemory: Process Virtual Memory: 43.57 MB used, 43.57 MB peak
[2014.10.19-18.25.23:586][  0]LogMemory: Physical Memory: 4482.18 MB used, 16266.36 MB total
[2014.10.19-18.25.23:586][  0]LogMemory: Virtual Memory: 278.62 MB used, 8388608.00 MB total
[2014.10.19-18.25.23:649][  0]LogD3D11RHI: Found D3D11 adapter 0: Intel(R) HD Graphics 4000 (Feature Level 11_0)
[2014.10.19-18.25.23:649][  0]LogD3D11RHI: Adapter has 64MB of dedicated video memory, 0MB of dedicated system memory, and 1632MB of shared system memory, 1 output[s]
[2014.10.19-18.25.23:649][  0]LogD3D11RHI: Chosen D3D11 Adapter Id = 0
[2014.10.19-18.25.23:655][  0]LogRHI: Texture pool is 616 MB (70% of 880 MB)
[2014.10.19-18.25.23:673][  0]LogD3D11RHI: Async texture creation enabled
[2014.10.19-18.25.23:737][  0]LogTextLocalizationManager: The requested culture ('en_US') has no localization data; parent culture's ('en') localization data will be used.
[2014.10.19-18.25.23:890][  0]LogContentStreaming: Texture pool size is 0.000000MB
[2014.10.19-18.25.29:620][  0]LogTargetPlatformManager:Display: Building Assets For Windows
[2014.10.19-18.25.30:161][  0]LogTargetPlatformManager:Display: Building Assets For Windows
[2014.10.19-18.25.30:226][  0]LogDerivedDataCache:Display: Max Cache Size: 512 MB
[2014.10.19-18.25.30:446][  0]LogDerivedDataCache: Loaded boot cache 0.22s 39MB C:/Users/Tri Nguyen/AppData/Local/UnrealEngine/4.5/DerivedDataCache/Boot.ddc.
[2014.10.19-18.25.30:446][  0]LogDerivedDataCache:Display: Loaded Boot cache: C:/Users/Tri Nguyen/AppData/Local/UnrealEngine/4.5/DerivedDataCache/Boot.ddc
[2014.10.19-18.25.30:446][  0]LogDerivedDataCache: FDerivedDataBackendGraph:  Pak pak cache file ../../../../../../Users/Tri Nguyen/Documents/Unreal Projects/MyProject/DerivedDataCache/DDC.ddp not found, will not use a pak cache.
[2014.10.19-18.25.30:446][  0]LogDerivedDataCache: Unable to find inner node Pak for hierarchical cache Hierarchy.
[2014.10.19-18.25.30:525][  0]LogDerivedDataCache:Display: Pak cache opened for reading ../../../Engine/DerivedDataCache/DDC.ddp.
[2014.10.19-18.25.30:536][  0]LogDerivedDataCache: Using Local data cache path C:/Users/Tri Nguyen/AppData/Local/UnrealEngine/Common/DerivedDataCache: Writable
[2014.10.19-18.25.31:024][  0]LogMeshUtilities: No automatic mesh reduction module available
[2014.10.19-18.25.31:024][  0]LogMeshUtilities: No automatic mesh merging module available
[2014.10.19-18.25.31:279][  0]LogLinker:Warning: Asset '../../../Engine/Content/Functions/Engine_MaterialFunctions02/Texturing/FlipBook.uasset' has been saved with empty engine version. The asset will be loaded but may be incompatible.
[2014.10.19-18.25.31:282][  0]LogLinker:Warning: Asset '../../../Engine/Content/Functions/Engine_MaterialFunctions02/ExampleContent/Textures/flipbook.uasset' has been saved with empty engine version. The asset will be loaded but may be incompatible.
[2014.10.19-18.25.31:457][  0]LogInit: WinSock: version 1.1 (2.2), MaxSocks=32767, MaxUdp=65467
[2014.10.19-18.25.32:872][  0]UdpMessaging: Initializing bridge on interface 0.0.0.0:0 to multicast group 230.0.0.1:6666.
[2014.10.19-18.25.33:069][  0]LogDirectoryWatcher:Warning: Failed to begin reading directory changes for C:/Users/Tri Nguyen/Documents/Unreal Projects/MyProject/Binaries/Win64. Error: 0
[2014.10.19-18.25.33:281][  0]SourceControl: Info Source control is disabled
[2014.10.19-18.25.33:281][  0]SourceControl: Info Source control is disabled
[2014.10.19-18.25.33:289][  0]SourceControl: Info Source control is disabled
[2014.10.19-18.25.33:421][  0]LogObj: 22915 objects as part of root set at end of initial load.
[2014.10.19-18.25.33:421][  0]LogUObjectAllocator: 4803536 out of 0 bytes used by permanent object pool.
[2014.10.19-18.25.33:484][  0]LogEngine: Initializing Engine...
[2014.10.19-18.25.33:677][  0]LogInit: XAudio2 using 'Speakers (Realtek High Definition Audio)' : 2 channels at 48 kHz using 32 bits per sample (channel mask 0x3)
[2014.10.19-18.25.33:690][  0]LogInit: FAudioDevice initialized.
[2014.10.19-18.25.33:711][  0]LogAIModule: Creating AISystem for world NewWorld
[2014.10.19-18.25.33:736][  0]LogDerivedDataCache: Saved boot cache 0.02s 39MB C:/Users/Tri Nguyen/AppData/Local/UnrealEngine/4.5/DerivedDataCache/Boot.ddc.
[2014.10.19-18.25.33:739][  0]LogInit: Texture streaming: Enabled
[2014.10.19-18.25.33:783][  0]LogInit: Transaction tracking system initialized
[2014.10.19-18.25.33:905][  0]BlueprintLog: New page: Editor Load
[2014.10.19-18.25.33:940][  0]LogAssetRegistry: FAssetRegistry took 0.0103 seconds to start up
[2014.10.19-18.25.33:940][  0]LogDirectoryWatcher:Warning: Failed to begin reading directory changes for ../../../Engine/Plugins/Experimental/CharacterAI/Content/. Error: 0
[2014.10.19-18.25.34:518][  0]LogTargetPlatformManager:Display: Building Assets For Windows
[2014.10.19-18.25.34:899][  0]LogTargetPlatformManager:Display: Building Assets For Windows
[2014.10.19-18.25.35:129][  0]LogConsoleResponse:Display: 
[2014.10.19-18.25.35:349][  0]SourceControl: Info Source control is disabled
[2014.10.19-18.25.35:349][  0]Cmd: MAP LOAD FILE="../../../../../../Users/Tri Nguyen/Documents/Unreal Projects/MyProject/Content/Maps/Example_Map.umap" TEMPLATE=0 SHOWPROGRESS=1
[2014.10.19-18.25.35:349][  0]LightingResults: New page: Lighting Build
[2014.10.19-18.25.35:362][  0]MapCheck: New page: Map Check
[2014.10.19-18.25.35:362][  0]LightingResults: New page: Lighting Build
[2014.10.19-18.25.35:389][  0]LogParticles: Destroying 0 GPU particle simulations for FXSystem 0x0000000017821A80
[2014.10.19-18.25.35:796][  0]LogEditorServer: Finished looking for orphan Actors (0.000 secs)
[2014.10.19-18.25.35:796][  0]LogAIModule: Creating AISystem for world Example_Map
[2014.10.19-18.25.35:797][  0]Cmd: MAP CHECKDEP
[2014.10.19-18.25.35:797][  0]MapCheck: New page: Example_Map - Oct 19, 2014, 8:25:35 AM
[2014.10.19-18.25.35:887][  0]MapCheck: Info Map check complete: 0 Error(s), 0 Warning(s), took 90.483ms to complete.
[2014.10.19-18.25.35:888][  0]LogFileHelpers: Loading map 'Example_Map' took 0.539
[2014.10.19-18.25.36:022][  0]LogCollectionManager: Loaded 0 collections in 0.002679 seconds
[2014.10.19-18.25.36:250][  0]LogCrashTracker: Crashtracker disabled due to settings.
[2014.10.19-18.25.36:271][  0]LogUObjectGlobals:Warning: Failed to find object 'Class None.'
[2014.10.19-18.25.36:313][  0]LogLoad: Full Startup: 15.14 seconds (BP compile: 0.07 seconds)
[2014.10.19-18.25.36:663][  0]LogContentBrowser:Verbose: The content browser source was changed by the sources view to '/Game/StarterContent/Blueprints'
[2014.10.19-18.25.36:835][  0]LogRenderer:Warning: Reallocating scene render targets to support 1136x896.
[2014.10.19-18.25.38:516][  5]LogAssetRegistry: Asset discovery search completed in 4.5870 seconds
[2014.10.19-18.26.15:736][171]LogEditorViewport: Clicking on Actor (LMB): Blueprint_CeilingLight_C (Blueprint_CeilingLight)
[2014.10.19-18.26.26:033][355]LogPlayLevel: PIE:  No blueprints needed recompiling
[2014.10.19-18.26.26:033][355]PIE: New page: PIE session: Example_Map (Oct 19, 2014, 8:26:26 AM)
[2014.10.19-18.26.26:048][355]LogPlayLevel: PIE: StaticDuplicateObject took: (0.014434s)
[2014.10.19-18.26.26:048][355]LogPlayLevel: PIE: World Init took: (0.000736s)
[2014.10.19-18.26.26:049][355]LogPlayLevel: PIE: Created PIE world by copying editor world from /Game/Maps/Example_Map.Example_Map to /Game/Maps/UEDPIE_0_Example_Map.Example_Map (0.015368s)
[2014.10.19-18.26.26:387][355]BlueprintLog:Warning: Warning Blueprint MyProjectile has been migrated and requires re-saving to avoid import errors
[2014.10.19-18.26.26:390][355]BlueprintLog:Warning: Warning Blueprint MyHUD has been migrated and requires re-saving to avoid import errors
[2014.10.19-18.26.26:390][355]BlueprintLog:Warning: Warning Blueprint MyGame has been migrated and requires re-saving to avoid import errors
[2014.10.19-18.26.26:393][355]LogWorld: Game class is 'MyGame_C'
[2014.10.19-18.26.26:395][355]LogAIModule: Creating AISystem for world Example_Map
[2014.10.19-18.26.26:396][355]LogWorld: Bringing World /Game/Maps/UEDPIE_0_Example_Map.Example_Map up for play (max tick rate 60) at 2014.10.19-13.26.26
[2014.10.19-18.26.26:397][355]LogWorld: Bringing up level for play took: 0.002026
[2014.10.19-18.26.26:400][355]PIE: Info Play in editor start time for /Game/Maps/UEDPIE_0_Example_Map -0.085
[2014.10.19-18.26.27:379][377]LogParticles: Destroying 0 GPU particle simulations for FXSystem 0x0000000012544AE0
[2014.10.19-18.26.31:203][447]LogEditorViewport: Clicking on Actor (LMB): PlayerStart (Player Start)
[2014.10.19-18.26.34:847][556]LogEditorViewport: Clicking on Actor (LMB): PlayerStart (Player Start)
[2014.10.19-18.26.46:988][811]LogNavigationPoint: PostEditMove Clear paths rebuilt
[2014.10.19-18.26.48:530][841]LogPlayLevel: PIE:  No blueprints needed recompiling
[2014.10.19-18.26.48:530][841]PIE: New page: PIE session: Example_Map (Oct 19, 2014, 8:26:48 AM)
[2014.10.19-18.26.48:545][841]LogPlayLevel: PIE: StaticDuplicateObject took: (0.013928s)
[2014.10.19-18.26.48:545][841]LogPlayLevel: PIE: World Init took: (0.000544s)
[2014.10.19-18.26.48:545][841]LogPlayLevel: PIE: Created PIE world by copying editor world from /Game/Maps/Example_Map.Example_Map to /Game/Maps/UEDPIE_0_Example_Map.Example_Map (0.014659s)
[2014.10.19-18.26.48:577][841]LogWorld: Game class is 'MyGame_C'
[2014.10.19-18.26.48:579][841]LogAIModule: Creating AISystem for world Example_Map
[2014.10.19-18.26.48:581][841]LogWorld: Bringing World /Game/Maps/UEDPIE_0_Example_Map.Example_Map up for play (max tick rate 60) at 2014.10.19-13.26.48
[2014.10.19-18.26.48:581][841]LogWorld: Bringing up level for play took: 0.001957
[2014.10.19-18.26.48:583][841]PIE: Info Play in editor start time for /Game/Maps/UEDPIE_0_Example_Map 0.099
[2014.10.19-18.27.00:877][151]LogParticles: Destroying 0 GPU particle simulations for FXSystem 0x0000000012E98680
[2014.10.19-18.27.02:757][190]LogContentBrowser:Verbose: The content browser source was changed by the sources view to '/Game/StarterContent/HDRI'
[2014.10.19-18.27.03:916][221]LogContentBrowser:Verbose: The content browser source was changed by the sources view to '/Game/StarterContent/Materials'
[2014.10.19-18.27.09:715][338]Cmd: SELECT NONE
[2014.10.19-18.27.12:623][416]Cmd: TRANSACTION UNDO
[2014.10.19-18.27.12:623][416]LogEditorTransaction: Undo Select None
[2014.10.19-18.27.13:363][427]Cmd: TRANSACTION UNDO
[2014.10.19-18.27.13:363][427]LogEditorTransaction: Undo Apply Material to Surface
[2014.10.19-18.27.13:420][427]LogActorComponent: ~FComponentReregisterContext: (/Game/Maps/Example_Map.Example_Map:PersistentLevel.ModelComponent_60) Component already registered.
[2014.10.19-18.27.23:564][655]Cmd: SELECT NONE
[2014.10.19-18.27.45:309][117]Cmd: TRANSACTION UNDO
[2014.10.19-18.27.45:309][117]LogEditorTransaction: Undo Create Actors
[2014.10.19-18.27.45:900][124]Cmd: TRANSACTION UNDO
[2014.10.19-18.27.45:901][124]LogEditorTransaction: Undo Create Actors
[2014.10.19-18.27.46:572][138]Cmd: TRANSACTION UNDO
[2014.10.19-18.27.46:572][138]LogEditorTransaction: Undo Apply Material to Surface
[2014.10.19-18.27.46:628][138]LogActorComponent: ~FComponentReregisterContext: (/Game/Maps/Example_Map.Example_Map:PersistentLevel.ModelComponent_60) Component already registered.
[2014.10.19-18.27.49:989][198]Cmd: TRANSACTION UNDO
[2014.10.19-18.27.49:989][198]LogEditorTransaction: Undo Apply Material to Surface
[2014.10.19-18.27.50:042][198]LogActorComponent: ~FComponentReregisterContext: (/Game/Maps/Example_Map.Example_Map:PersistentLevel.ModelComponent_60) Component already registered.
[2014.10.19-18.27.50:716][208]Cmd: TRANSACTION UNDO
[2014.10.19-18.27.50:716][208]LogEditorTransaction: Undo Select None
[2014.10.19-18.27.51:267][219]Cmd: TRANSACTION UNDO
[2014.10.19-18.27.51:267][219]LogEditorTransaction: Undo Apply Material to Surface
[2014.10.19-18.27.51:331][219]LogActorComponent: ~FComponentReregisterContext: (/Game/Maps/Example_Map.Example_Map:PersistentLevel.ModelComponent_60) Component already registered.
[2014.10.19-18.28.00:961][416]LogSavePackage: Save=125.263161ms
[2014.10.19-18.28.00:961][416]LogSavePackage: Moving '../../../../../../Users/Tri Nguyen/Documents/Unreal Projects/MyProject/Saved/Example_MapC6E162B34E2AD2F64EE23684310C0C54.tmp' to '../../../../../../Users/Tri Nguyen/Documents/Unreal Projects/MyProject/Content/Maps/Example_Map.umap'
[2014.10.19-18.28.01:048][416]LogFileHelpers: Saving map 'Example_Map' took 0.360
[2014.10.19-18.28.01:792][429]LogPlayLevel: PIE:  No blueprints needed recompiling
[2014.10.19-18.28.01:792][429]PIE: New page: PIE session: Example_Map (Oct 19, 2014, 8:28:01 AM)
[2014.10.19-18.28.01:806][429]LogPlayLevel: PIE: StaticDuplicateObject took: (0.014000s)
[2014.10.19-18.28.01:807][429]LogPlayLevel: PIE: World Init took: (0.000706s)
[2014.10.19-18.28.01:807][429]LogPlayLevel: PIE: Created PIE world by copying editor world from /Game/Maps/Example_Map.Example_Map to /Game/Maps/UEDPIE_0_Example_Map.Example_Map (0.014951s)
[2014.10.19-18.28.01:837][429]LogWorld: Game class is 'MyGame_C'
[2014.10.19-18.28.01:839][429]LogAIModule: Creating AISystem for world Example_Map
[2014.10.19-18.28.01:840][429]LogWorld: Bringing World /Game/Maps/UEDPIE_0_Example_Map.Example_Map up for play (max tick rate 60) at 2014.10.19-13.28.01
[2014.10.19-18.28.01:841][429]LogWorld: Bringing up level for play took: 0.002145
[2014.10.19-18.28.01:843][429]PIE: Info Play in editor start time for /Game/Maps/UEDPIE_0_Example_Map -0.642
[2014.10.19-18.28.13:280][719]LogParticles: Destroying 0 GPU particle simulations for FXSystem 0x0000000013414C20
[2014.10.19-18.31.06:371][733]Cmd: TRANSACTION UNDO
[2014.10.19-18.31.06:371][733]LogEditorTransaction: Undo Edit Sun Brightness
[2014.10.19-18.31.06:371][733]LogActorComponent: RegisterComponentWithWorld: (/Game/Maps/Example_Map.Example_Map:PersistentLevel.SkySphereBlueprint.TRASH_SceneComponent_2) Trying to register component with IsPendingKill() == true. Aborting.
[2014.10.19-18.31.32:090][334]Cmd: TRANSACTION UNDO
[2014.10.19-18.31.32:090][334]LogEditorTransaction: Undo Edit B
[2014.10.19-18.31.32:600][343]Cmd: TRANSACTION UNDO
[2014.10.19-18.31.32:600][343]LogEditorTransaction: Undo Edit G
[2014.10.19-18.31.32:886][352]Cmd: TRANSACTION UNDO
[2014.10.19-18.31.32:886][352]LogEditorTransaction: Undo Edit R
[2014.10.19-18.32.13:080][422]LogEditorTransaction: Undo Move Nodes
[2014.10.19-18.32.47:723][310]LogSlate:Warning: GetFontFace failed to load or process 'Roboto-Regular'
[2014.10.19-18.32.47:723][310]LogSlate:Warning: GetFontFace failed to load or process 'Roboto-Regular'
[2014.10.19-18.32.47:723][310]LogSlate:Warning: GetFontFace failed to load or process 'Roboto-Regular'
[2014.10.19-18.32.47:723][310]LogSlate:Warning: GetFontFace failed to load or process 'Roboto-Regular'
[2014.10.19-18.32.47:723][310]LogSlate:Warning: GetFontFace failed to load or process 'Roboto-Regular'
[2014.10.19-18.32.47:723][310]LogSlate:Warning: GetFontFace failed to load or process 'Roboto-Regular'
[2014.10.19-18.32.47:723][310]LogSlate:Warning: GetFontFace failed to load or process 'Roboto-Regular'
[2014.10.19-18.32.47:724][310]LogSlate:Warning: GetFontFace failed to load or process 'Roboto-Regular'
[2014.10.19-18.32.47:724][310]LogSlate:Warning: GetFontFace failed to load or process 'Roboto-Regular'
[2014.10.19-18.32.47:724][310]LogSlate:Warning: GetFontFace failed to load or process 'Roboto-Regular'
[2014.10.19-18.32.47:724][310]LogSlate:Warning: GetFontFace failed to load or process 'Roboto-Regular'
[2014.10.19-18.32.47:724][310]LogSlate:Warning: GetFontFace failed to load or process 'Roboto-Regular'
[2014.10.19-18.32.47:724][310]LogSlate:Warning: GetFontFace failed to load or process 'Roboto-Regular'
[2014.10.19-18.32.47:724][310]LogSlate:Warning: GetFontFace failed to load or process 'Roboto-Regular'
[2014.10.19-18.32.47:724][310]LogSlate:Warning: GetFontFace failed to load or process 'Roboto-Regular'
[2014.10.19-18.32.47:724][310]LogSlate:Warning: GetFontFace failed to load or process 'Roboto-Regular'
[2014.10.19-18.32.47:724][310]LogSlate:Warning: GetFontFace failed to load or process 'Roboto-Regular'
[2014.10.19-18.33.50:186][990]LogEditorActor: Deleted Actor: DirectionalLight
[2014.10.19-18.33.50:289][990]LogParticles: Destroying 0 GPU particle simulations for FXSystem 0x0000000026898AE0
[2014.10.19-18.33.50:297][990]LogEditorActor: Deleted 1 Actors (0.113 secs)
[2014.10.19-18.33.53:212][ 59]LogEditorViewport: Clicking on Actor (LMB): BP_Sky_Sphere_C (SkySphereBlueprint)
[2014.10.19-18.34.11:912][508]LogUObjectHash:Warning: Ambiguous search, could be Model /Game/Maps/Example_Map.Example_Map:PersistentLevel.Floor_3.Model_6 or Model /Game/Maps/Example_Map.Example_Map:PersistentLevel.Floor_2.Model_6
[2014.10.19-18.34.11:913][508]LogUObjectHash:Warning: Ambiguous search, could be Model /Game/Maps/Example_Map.Example_Map:PersistentLevel.Floor_3.Model_6 or Model /Game/Maps/Example_Map.Example_Map:PersistentLevel.Floor.Model_6
[2014.10.19-18.34.40:671][206]MapCheck: New page: Map Check
[2014.10.19-18.34.40:733][206]Cmd: MAP REBUILD ALLVISIBLE
[2014.10.19-18.34.40:736][206]LogEditorServer: Rebuildmap Clear paths rebuilt
[2014.10.19-18.34.40:826][206]LightingResults: New page: Lighting Build - Oct 19, 2014, 8:34:40 AM
[2014.10.19-18.34.45:502][206]LogStaticLightingSystem: Running Lightmass w/ ImmediateImport mode ENABLED
[2014.10.19-18.34.45:502][206]LogStaticLightingSystem: Running Lightmass w/ ImmediateProcess mode ENABLED
[2014.10.19-18.34.45:502][206]LogStaticLightingSystem: Running Lightmass w/ Sorting mode ENABLED
[2014.10.19-18.34.45:502][206]LogStaticLightingSystem: Running Lightmass w/ Mapping paddings ENABLED
[2014.10.19-18.34.45:502][206]LogStaticLightingSystem: Running Lightmass w/ Mapping debug paddings DISABLED
[2014.10.19-18.34.45:604][206]LogEditorBuildUtils: Build time 0:00:04
[2014.10.19-18.34.45:664][207]LogMaterial: Missing cached shader map for material FLightmassMaterialRenderer M_Wood_Oak, compiling.
[2014.10.19-18.34.45:676][207]LogMaterial: Missing cached shader map for material FLightmassMaterialRenderer M_Wood_Oak, compiling.
[2014.10.19-18.34.50:083][261]Job is a success!
[2014.10.19-18.34.50:657][262]LogTexture:Display: Building textures: HQ_Lightmap0_1 (AutoDXT)
[2014.10.19-18.34.50:809][262]LogTexture:Display: Building textures: LQ_Lightmap_1_3 (DXT1)
[2014.10.19-18.34.50:816][262]LogTexture:Display: Building textures: HQ_Lightmap1_3 (AutoDXT)
[2014.10.19-18.34.50:826][262]LogTexture:Display: Building textures: LQ_Lightmap_0_2 (DXT1)
[2014.10.19-18.34.50:917][262]LogTexture:Display: Building textures: HQ_Lightmap0_2 (AutoDXT)
[2014.10.19-18.34.51:153][262]LogTexture:Display: Building textures: LQ_Lightmap_0_1 (DXT1)
[2014.10.19-18.34.51:246][262]Lightmass on TRINGUYEN-PC: 3.27 sec total, 131 ms importing, 1 ms setup, 257 ms photons, 2.86 sec processing, 0 ms extra exporting [47/47 mappings]. Threads: 19.8 sec total, 9.43 sec processing.
[2014.10.19-18.34.51:291][262]LogStaticLightingSystem:Warning: Illumination: 10.3 sec (877 ms encoding lightmaps)
[2014.10.19-18.34.51:291][262]LogStaticLightingSystem: Lightmap texture memory:  2.7 MB (1.3 MB streaming, 1.3 MB non-streaming), 6 textures
[2014.10.19-18.34.51:291][262]LogStaticLightingSystem: Shadowmap texture memory: 0.0 MB (0.0 MB streaming, 0.0 MB non-streaming), 0 textures
[2014.10.19-18.34.51:485][263]Cmd: MAP CHECK NOTIFYRESULTS
[2014.10.19-18.34.51:485][263]MapCheck: New page: Example_Map - Oct 19, 2014, 8:34:51 AM
[2014.10.19-18.34.51:698][263]MapCheck: Info Map check complete: 0 Error(s), 0 Warning(s), took 212.536ms to complete.
[2014.10.19-18.34.59:309][438]LogTexture:Warning: Failed to stream mip data from the derived data cache for /Game/Maps/Example_Map.HQ_Lightmap1_2. Streaming mips will be recached.
[2014.10.19-18.34.59:358][438]LogTexture:Display: Building textures: HQ_Lightmap1_2 (AutoDXT)
[2014.10.19-18.35.18:632][820]LogEditorViewport: Clicking on Actor (LMB): LightmassImportanceVolume (LightmassImportanceVolume)
[2014.10.19-18.35.21:587][888]Cmd: DELETE
[2014.10.19-18.35.21:587][888]Cmd: ACTOR DELETE
[2014.10.19-18.35.21:588][888]LogEditorActor: Deleted Actor: LightmassImportanceVolume
[2014.10.19-18.35.21:648][888]LogEditorActor: Deleted 1 Actors (0.061 secs)
[2014.10.19-18.35.30:776][ 72]Cmd: TRANSACTION UNDO
[2014.10.19-18.35.30:776][ 72]LogEditorTransaction: Undo Create Actors
[2014.10.19-18.35.51:617][466]LogEditorViewport: Clicking on Actor (LMB): BP_Sky_Sphere_C (SkySphereBlueprint)
[2014.10.19-18.35.53:062][495]Cmd: DELETE
[2014.10.19-18.35.53:062][495]Cmd: ACTOR DELETE
[2014.10.19-18.35.53:063][495]LogEditorActor: Deleted Actor: Brush
[2014.10.19-18.35.53:129][495]LogEditorActor: Deleted 1 Actors (0.067 secs)
[2014.10.19-18.35.55:100][528]LogSavePackage: Save=206.664612ms
[2014.10.19-18.35.55:100][528]LogSavePackage: Moving '../../../../../../Users/Tri Nguyen/Documents/Unreal Projects/MyProject/Saved/Example_Map3F4AF87E4A29DC59E5482E9AE7D7FD73.tmp' to '../../../../../../Users/Tri Nguyen/Documents/Unreal Projects/MyProject/Content/Maps/Example_Map.umap'
[2014.10.19-18.35.55:128][528]LogFileHelpers: Saving map 'Example_Map' took 0.407
[2014.10.19-18.35.55:156][528]Cmd: OBJ SAVEPACKAGE PACKAGE="/Engine/EngineSky/BP_Sky_Sphere" FILE="../../../Engine/Content/EngineSky/BP_Sky_Sphere.uasset" SILENT=true
[2014.10.19-18.35.55:446][528]LogSavePackage: Save=283.914673ms
[2014.10.19-18.35.55:446][528]LogSavePackage: Moving '../../../../../../Users/Tri Nguyen/Documents/Unreal Projects/MyProject/Saved/BP_Sky_SphereA330AA7141EE5122160A84A6AB8C4BE0.tmp' to '../../../Engine/Content/EngineSky/BP_Sky_Sphere.uasset'
[2014.10.19-18.35.58:190][573]Cmd: QUIT_EDITOR
[2014.10.19-18.35.58:546][573]LogExit: Preparing to exit.
[2014.10.19-18.35.59:040][573]LogExit: Editor shut down
[2014.10.19-18.35.59:041][573]LogExit: Transaction tracking system shut down
[2014.10.19-18.35.59:043][573]LogParticles: Destroying 0 GPU particle simulations for FXSystem 0x000000001F4F60C0
[2014.10.19-18.35.59:043][573]LogParticles: Destroying 0 GPU particle simulations for FXSystem 0x0000000013417D80
[2014.10.19-18.35.59:043][573]LogParticles: Destroying 0 GPU particle simulations for FXSystem 0x0000000012E9AD40
[2014.10.19-18.35.59:043][573]LogParticles: Destroying 0 GPU particle simulations for FXSystem 0x0000000012E9AC00
[2014.10.19-18.35.59:070][573]LogExit: Object subsystem successfully closed.
[2014.10.19-18.35.59:126][573]LogModuleManager: Shutting down and abandoning module AndroidDeviceDetection (166)
[2014.10.19-18.35.59:126][573]LogModuleManager: Shutting down and abandoning module CrashTracker (165)
[2014.10.19-18.35.59:126][573]LogModuleManager: Shutting down and abandoning module SuperSearch (164)
[2014.10.19-18.35.59:126][573]LogModuleManager: Shutting down and abandoning module SceneOutliner (163)
[2014.10.19-18.35.59:126][573]LogModuleManager: Shutting down and abandoning module EditorWidgets (162)
[2014.10.19-18.35.59:126][573]LogModuleManager: Shutting down and abandoning module CollectionManager (161)
[2014.10.19-18.35.59:126][573]LogModuleManager: Shutting down and abandoning module StatsViewer (160)
[2014.10.19-18.35.59:126][573]LogModuleManager: Shutting down and abandoning module FoliageEdit (159)
[2014.10.19-18.35.59:126][573]LogModuleManager: Shutting down and abandoning module LandscapeEditor (158)
[2014.10.19-18.35.59:126][573]LogModuleManager: Shutting down and abandoning module MeshPaint (157)
[2014.10.19-18.35.59:126][573]LogModuleManager: Shutting down and abandoning module ActorPickerMode (156)
[2014.10.19-18.35.59:126][573]LogModuleManager: Shutting down and abandoning module GeometryMode (155)
[2014.10.19-18.35.59:126][573]LogModuleManager: Shutting down and abandoning module TextureAlignMode (154)
[2014.10.19-18.35.59:126][573]LogModuleManager: Shutting down and abandoning module BspMode (153)
[2014.10.19-18.35.59:126][573]LogModuleManager: Shutting down and abandoning module PlacementMode (152)
[2014.10.19-18.35.59:126][573]LogModuleManager: Shutting down and abandoning module AutomationWorker (151)
[2014.10.19-18.35.59:126][573]LogModuleManager: Shutting down and abandoning module CharacterAI (150)
[2014.10.19-18.35.59:126][573]LogModuleManager: Shutting down and abandoning module GameProjectGeneration (149)
[2014.10.19-18.35.59:126][573]LogModuleManager: Shutting down and abandoning module IntroTutorials (148)
[2014.10.19-18.35.59:126][573]LogModuleManager: Shutting down and abandoning module EditorLiveStreaming (147)
[2014.10.19-18.35.59:126][573]LogModuleManager: Shutting down and abandoning module HardwareTargeting (146)
[2014.10.19-18.35.59:126][573]LogModuleManager: Shutting down and abandoning module BehaviorTreeEditor (145)
[2014.10.19-18.35.59:126][573]LogModuleManager: Shutting down and abandoning module DeviceProfileEditor (144)
[2014.10.19-18.35.59:126][573]LogModuleManager: Shutting down and abandoning module UndoHistory (143)
[2014.10.19-18.35.59:126][573]LogModuleManager: Shutting down and abandoning module GameplayTagsEditor (142)
[2014.10.19-18.35.59:126][573]LogModuleManager: Shutting down and abandoning module UserFeedback (141)
[2014.10.19-18.35.59:126][573]LogModuleManager: Shutting down and abandoning module XmlParser (140)
[2014.10.19-18.35.59:126][573]LogModuleManager: Shutting down and abandoning module Blutility (139)
[2014.10.19-18.35.59:126][573]LogModuleManager: Shutting down and abandoning module IOSPlatformEditor (138)
[2014.10.19-18.35.59:126][573]LogModuleManager: Shutting down and abandoning module IOSRuntimeSettings (137)
[2014.10.19-18.35.59:126][573]LogModuleManager: Shutting down and abandoning module AndroidPlatformEditor (136)
[2014.10.19-18.35.59:126][573]LogModuleManager: Shutting down and abandoning module AndroidRuntimeSettings (135)
[2014.10.19-18.35.59:126][573]LogModuleManager: Shutting down and abandoning module ProjectTargetPlatformEditor (134)
[2014.10.19-18.35.59:127][573]LogModuleManager: Shutting down and abandoning module ProjectSettingsViewer (133)
[2014.10.19-18.35.59:127][573]LogModuleManager: Shutting down and abandoning module InputBindingEditor (132)
[2014.10.19-18.35.59:127][573]LogModuleManager: Shutting down and abandoning module EditorSettingsViewer (131)
[2014.10.19-18.35.59:127][573]LogModuleManager: Shutting down and abandoning module SettingsEditor (130)
[2014.10.19-18.35.59:127][573]LogModuleManager: Shutting down and abandoning module ProjectLauncher (129)
[2014.10.19-18.35.59:127][573]LogModuleManager: Shutting down and abandoning module SessionFrontend (128)
[2014.10.19-18.35.59:127][573]LogModuleManager: Shutting down and abandoning module ProfilerClient (127)
[2014.10.19-18.35.59:127][573]LogModuleManager: Shutting down and abandoning module TargetDeviceServices (126)
[2014.10.19-18.35.59:127][573]LogModuleManager: Shutting down and abandoning module DeviceManager (125)
[2014.10.19-18.35.59:127][573]LogModuleManager: Shutting down and abandoning module AutomationController (124)
[2014.10.19-18.35.59:127][573]LogModuleManager: Shutting down and abandoning module AutomationWindow (123)
[2014.10.19-18.35.59:127][573]LogModuleManager: Shutting down and abandoning module Layers (122)
[2014.10.19-18.35.59:127][573]LogModuleManager: Shutting down and abandoning module ComponentVisualizers (121)
[2014.10.19-18.35.59:127][573]LogModuleManager: Shutting down and abandoning module DetailCustomizations (120)
[2014.10.19-18.35.59:127][573]LogModuleManager: Shutting down and abandoning module PackagesDialog (119)
[2014.10.19-18.35.59:127][573]LogModuleManager: Shutting down and abandoning module AssetRegistry (118)
[2014.10.19-18.35.59:221][573]LogModuleManager: Shutting down and abandoning module Persona (117)
[2014.10.19-18.35.59:221][573]LogModuleManager: Shutting down and abandoning module Kismet (116)
[2014.10.19-18.35.59:221][573]LogModuleManager: Shutting down and abandoning module GraphEditor (115)
[2014.10.19-18.35.59:222][573]LogModuleManager: Shutting down and abandoning module ClassViewer (114)
[2014.10.19-18.35.59:222][573]LogModuleManager: Shutting down and abandoning module Toolbox (113)
[2014.10.19-18.35.59:222][573]LogModuleManager: Shutting down and abandoning module ModuleUI (112)
[2014.10.19-18.35.59:222][573]LogModuleManager: Shutting down and abandoning module MovieSceneTools (111)
[2014.10.19-18.35.59:222][573]LogModuleManager: Shutting down and abandoning module OutputLog (110)
[2014.10.19-18.35.59:222][573]LogModuleManager: Shutting down and abandoning module GammaUI (109)
[2014.10.19-18.35.59:222][573]LogModuleManager: Shutting down and abandoning module Documentation (108)
[2014.10.19-18.35.59:222][573]LogModuleManager: Shutting down and abandoning module GameLiveStreaming (107)
[2014.10.19-18.35.59:222][573]LogModuleManager: Shutting down and abandoning module StreamingPauseRendering (106)
[2014.10.19-18.35.59:222][573]LogModuleManager: Shutting down and abandoning module HTTP (105)
[2014.10.19-18.35.59:222][573]LogModuleManager: Shutting down and abandoning module AnalyticsET (104)
[2014.10.19-18.35.59:222][573]LogModuleManager: Shutting down and abandoning module Analytics (103)
[2014.10.19-18.35.59:222][573]LogModuleManager: Shutting down and abandoning module GameplayDebugger (102)
[2014.10.19-18.35.59:222][573]LogModuleManager: Shutting down and abandoning module AIModule (101)
[2014.10.19-18.35.59:222][573]LogModuleManager: Shutting down and abandoning module ProfilerService (100)
[2014.10.19-18.35.59:254][573]LogModuleManager: Shutting down and abandoning module TaskGraph (99)
[2014.10.19-18.35.59:254][573]LogModuleManager: Shutting down and abandoning module SlateRemote (98)
[2014.10.19-18.35.59:254][573]LogModuleManager: Shutting down and abandoning module ScriptEditorPlugin (97)
[2014.10.19-18.35.59:254][573]LogModuleManager: Shutting down and abandoning module CustomMeshComponent (96)
[2014.10.19-18.35.59:254][573]LogModuleManager: Shutting down and abandoning module CableComponent (95)
[2014.10.19-18.35.59:254][573]LogModuleManager: Shutting down and abandoning module MessagingDebugger (94)
[2014.10.19-18.35.59:254][573]LogModuleManager: Shutting down and abandoning module MediaPlayerEditor (93)
[2014.10.19-18.35.59:254][573]LogModuleManager: Shutting down and abandoning module SpeedTreeImporter (92)
[2014.10.19-18.35.59:254][573]LogModuleManager: Shutting down and abandoning module PluginsEditor (91)
[2014.10.19-18.35.59:254][573]LogModuleManager: Shutting down and abandoning module EpicSurvey (90)
[2014.10.19-18.35.59:254][573]LogModuleManager: Shutting down and abandoning module DesktopPlatform (89)
[2014.10.19-18.35.59:254][573]LogModuleManager: Shutting down and abandoning module VisualStudioSourceCodeAccess (88)
[2014.10.19-18.35.59:254][573]LogModuleManager: Shutting down and abandoning module UObjectPlugin (87)
[2014.10.19-18.35.59:254][573]LogModuleManager: Shutting down and abandoning module SubversionSourceControl (86)
[2014.10.19-18.35.59:254][573]LogModuleManager: Shutting down and abandoning module SourceControl (85)
[2014.10.19-18.35.59:254][573]LogModuleManager: Shutting down and abandoning module PerforceSourceControl (84)
[2014.10.19-18.35.59:254][573]LogModuleManager: Shutting down and abandoning module BlankPlugin (83)
[2014.10.19-18.35.59:254][573]LogModuleManager: Shutting down and abandoning module SlateReflector (82)
[2014.10.19-18.35.59:254][573]LogModuleManager: Shutting down and abandoning module DirectoryWatcher (81)
[2014.10.19-18.35.59:254][573]LogModuleManager: Shutting down and abandoning module HotReload (80)
[2014.10.19-18.35.59:254][573]LogModuleManager: Shutting down and abandoning module MainFrame (79)
[2014.10.19-18.35.59:254][573]LogModuleManager: Shutting down and abandoning module LevelEditor (78)
[2014.10.19-18.35.59:255][573]LogModuleManager: Shutting down and abandoning module ViewportSnapping (77)
[2014.10.19-18.35.59:255][573]LogModuleManager: Shutting down and abandoning module SmartSnapping (76)
[2014.10.19-18.35.59:255][573]LogModuleManager: Shutting down and abandoning module PaperTiledImporter (75)
[2014.10.19-18.35.59:255][573]LogModuleManager: Shutting down and abandoning module PaperJsonImporter (74)
[2014.10.19-18.35.59:255][573]LogModuleManager: Shutting down and abandoning module ContentBrowser (73)
[2014.10.19-18.35.59:255][573]LogModuleManager: Shutting down and abandoning module PropertyEditor (72)
[2014.10.19-18.35.59:255][573]LogModuleManager: Shutting down and abandoning module Paper2DEditor (71)
[2014.10.19-18.35.59:256][573]LogModuleManager: Shutting down and abandoning module ScriptPlugin (70)
[2014.10.19-18.35.59:256][573]LogModuleManager: Shutting down and abandoning module UdpMessaging (69)
[2014.10.19-18.35.59:356][573]LogModuleManager: Shutting down and abandoning module Paper2D (68)
[2014.10.19-18.35.59:356][573]LogModuleManager: Shutting down and abandoning module WindowsMoviePlayer (67)
[2014.10.19-18.35.59:363][573]LogModuleManager: Shutting down and abandoning module Media (66)
[2014.10.19-18.35.59:363][573]LogModuleManager: Shutting down and abandoning module WmfMedia (65)
[2014.10.19-18.35.59:363][573]LogModuleManager: Shutting down and abandoning module OnlineBlueprintSupport (64)
[2014.10.19-18.35.59:363][573]LogModuleManager: Shutting down and abandoning module FunctionalTesting (63)
[2014.10.19-18.35.59:364][573]LogModuleManager: Shutting down and abandoning module CollisionAnalyzer (62)
[2014.10.19-18.35.59:364][573]LogModuleManager: Shutting down and abandoning module WorkspaceMenuStructure (61)
[2014.10.19-18.35.59:364][573]LogModuleManager: Shutting down and abandoning module MessageLog (60)
[2014.10.19-18.35.59:364][573]LogModuleManager: Shutting down and abandoning module Sequencer (59)
[2014.10.19-18.35.59:364][573]LogModuleManager: Shutting down and abandoning module AssetTools (58)
[2014.10.19-18.35.59:364][573]LogModuleManager: Shutting down and abandoning module UMGEditor (57)
[2014.10.19-18.35.59:364][573]LogModuleManager: Shutting down and abandoning module UMG (56)
[2014.10.19-18.35.59:364][573]LogModuleManager: Shutting down and abandoning module Slate (55)
[2014.10.19-18.35.59:364][573]LogModuleManager: Shutting down and abandoning module EditorStyle (54)
[2014.10.19-18.35.59:367][573]LogModuleManager: Shutting down and abandoning module SessionServices (53)
[2014.10.19-18.35.59:367][573]LogModuleManager: Shutting down and abandoning module SourceCodeAccess (52)
[2014.10.19-18.35.59:368][573]LogModuleManager: Shutting down and abandoning module HeadMountedDisplay (51)
[2014.10.19-18.35.59:368][573]LogModuleManager: Shutting down and abandoning module XAudio2 (50)
[2014.10.19-18.35.59:368][573]LogModuleManager: Shutting down and abandoning module Networking (48)
[2014.10.19-18.35.59:368][573]LogModuleManager: Shutting down and abandoning module Core (47)
[2014.10.19-18.35.59:368][573]LogModuleManager: Shutting down and abandoning module KismetCompiler (46)
[2014.10.19-18.35.59:368][573]LogModuleManager: Shutting down and abandoning module PhysXFormats (45)
[2014.10.19-18.35.59:368][573]LogModuleManager: Shutting down and abandoning module MeshUtilities (44)
[2014.10.19-18.35.59:368][573]LogModuleManager: Shutting down and abandoning module DerivedDataCache (43)
[2014.10.19-18.35.59:373][573]LogDerivedDataCache: Shutdown
[2014.10.19-18.35.59:373][573]LogModuleManager: Shutting down and abandoning module ShaderFormatOpenGL (42)
[2014.10.19-18.35.59:373][573]LogModuleManager: Shutting down and abandoning module ShaderFormatD3D (41)
[2014.10.19-18.35.59:373][573]LogModuleManager: Shutting down and abandoning module MetalShaderFormat (40)
[2014.10.19-18.35.59:373][573]LogModuleManager: Shutting down and abandoning module TextureFormatUncompressed (39)
[2014.10.19-18.35.59:373][573]LogModuleManager: Shutting down and abandoning module TextureFormatPVR (38)
[2014.10.19-18.35.59:373][573]LogModuleManager: Shutting down and abandoning module TextureFormatDXT (37)
[2014.10.19-18.35.59:373][573]LogModuleManager: Shutting down and abandoning module TextureFormatAndroid (36)
[2014.10.19-18.35.59:373][573]LogModuleManager: Shutting down and abandoning module AudioFormatOpus (35)
[2014.10.19-18.35.59:373][573]LogModuleManager: Shutting down and abandoning module AudioFormatOgg (34)
[2014.10.19-18.35.59:373][573]LogModuleManager: Shutting down and abandoning module AudioFormatADPCM (33)
[2014.10.19-18.35.59:373][573]LogModuleManager: Shutting down and abandoning module Messaging (32)
[2014.10.19-18.35.59:373][573]LogModuleManager: Shutting down and abandoning module IOSTargetPlatform (31)
[2014.10.19-18.35.59:373][573]LogModuleManager: Shutting down and abandoning module Android_PVRTCTargetPlatform (30)
[2014.10.19-18.35.59:373][573]LogModuleManager: Shutting down and abandoning module Android_ETC2TargetPlatform (29)
[2014.10.19-18.35.59:373][573]LogModuleManager: Shutting down and abandoning module Android_ETC1TargetPlatform (28)
[2014.10.19-18.35.59:373][573]LogModuleManager: Shutting down and abandoning module Android_DXTTargetPlatform (27)
[2014.10.19-18.35.59:373][573]LogModuleManager: Shutting down and abandoning module Android_ATCTargetPlatform (26)
[2014.10.19-18.35.59:373][573]LogModuleManager: Shutting down and abandoning module AndroidTargetPlatform (25)
[2014.10.19-18.35.59:373][573]LogModuleManager: Shutting down and abandoning module WindowsTargetPlatform (24)
[2014.10.19-18.35.59:373][573]LogModuleManager: Shutting down and abandoning module WindowsServerTargetPlatform (23)
[2014.10.19-18.35.59:373][573]LogModuleManager: Shutting down and abandoning module WindowsNoEditorTargetPlatform (22)
[2014.10.19-18.35.59:373][573]LogModuleManager: Shutting down and abandoning module WindowsClientTargetPlatform (21)
[2014.10.19-18.35.59:374][573]LogModuleManager: Shutting down and abandoning module TargetPlatform (20)
[2014.10.19-18.35.59:374][573]LogModuleManager: Shutting down and abandoning module InputCore (19)
[2014.10.19-18.35.59:374][573]LogModuleManager: Shutting down and abandoning module Settings (18)
[2014.10.19-18.35.59:374][573]LogModuleManager: Shutting down and abandoning module ImageWrapper (17)
[2014.10.19-18.35.59:374][573]LogModuleManager: Shutting down and abandoning module OculusRift (14)
[2014.10.19-18.35.59:374][573]LogModuleManager: Shutting down and abandoning module ExampleDeviceProfileSelector (13)
[2014.10.19-18.35.59:374][573]LogModuleManager: Shutting down and abandoning module TextureCompressor (12)
[2014.10.19-18.35.59:374][573]LogModuleManager: Shutting down and abandoning module ShaderCore (11)
[2014.10.19-18.35.59:374][573]LogModuleManager: Shutting down and abandoning module SlateRHIRenderer (10)
[2014.10.19-18.35.59:376][573]LogModuleManager: Shutting down and abandoning module OpenGLDrv (9)
[2014.10.19-18.35.59:377][573]LogModuleManager: Shutting down and abandoning module D3D11RHI (8)
[2014.10.19-18.35.59:377][573]LogModuleManager: Shutting down and abandoning module Renderer (7)
[2014.10.19-18.35.59:377][573]LogModuleManager: Shutting down and abandoning module Engine (6)
[2014.10.19-18.35.59:377][573]LogModuleManager: Shutting down and abandoning module CoreUObject (5)
[2014.10.19-18.35.59:377][573]LogModuleManager: Shutting down and abandoning module NetworkFile (4)
[2014.10.19-18.35.59:377][573]LogModuleManager: Shutting down and abandoning module StreamingFile (3)
[2014.10.19-18.35.59:377][573]LogModuleManager: Shutting down and abandoning module SandboxFile (2)
[2014.10.19-18.35.59:377][573]LogModuleManager: Shutting down and abandoning module PakFile (1)
[2014.10.19-18.35.59:377][573]LogExit: Exiting.
[2014.10.19-18.35.59:387][573]Log file closed, 10/19/14 13:35:59
