Log file open, 10/20/14 17:12:00
LogInit:Display: Running engine for game: MyProject
LogInit: Version: 4.5.0-2326478+++depot+UE4-Releases+4.5
LogInit: API Version: 2326478
LogInit: Compiled (64-bit): Oct 11 2014 09:24:31
LogInit: Compiled with Visual C++: 18.00.21005.01
LogInit: Build Configuration: Development
LogInit: Branch Name: ++depot+UE4-Releases+4.5
LogInit: Command line:  
LogInit: Base directory: C:/Program Files/Unreal Engine/4.5/Engine/Binaries/Win64/
LogInit: Rocket: 1
[2014.10.20-22.12.00:444][  0]LogTaskGraph: Started task graph with 3 named threads and 4 total threads.
[2014.10.20-22.12.00:486][  0]LogOnline:Warning: No default platform service specified for OnlineSubsystem
[2014.10.20-22.12.00:533][  0]LogInit: Presizing for 0 objects not considered by GC, pre-allocating 0 bytes.
[2014.10.20-22.12.00:547][  0]LogInit: Object subsystem initialized
[2014.10.20-22.12.00:556][  0]LogConsoleResponse:Warning: Skipping Unknown console variable: 'UIScaleRule = ShortestSide'
[2014.10.20-22.12.00:556][  0]LogConsoleResponse:Warning:   Found in ini file 'C:/Users/Tri Nguyen/Documents/Unreal Projects/MyProject/Saved/Config/Windows/Engine.ini', in section '[/Script/Engine.RendererSettings]'
[2014.10.20-22.12.00:556][  0]LogConsoleResponse:Warning: Skipping Unknown console variable: 'UIScaleCurve = (EditorCurveData=(Keys=((Time=480.000000,Value=0.444000),(Time=720.000000,Value=0.666000),(Time=1080.000000,Value=1.000000),(Time=8640.000000,Value=8.000000))),ExternalCurve=None)'
[2014.10.20-22.12.00:556][  0]LogConsoleResponse:Warning:   Found in ini file 'C:/Users/Tri Nguyen/Documents/Unreal Projects/MyProject/Saved/Config/Windows/Engine.ini', in section '[/Script/Engine.RendererSettings]'
[2014.10.20-22.12.00:560][  0]LogInit: Selected Device Profile: [Windows]
[2014.10.20-22.12.00:560][  0]LogInit: Applying CVar settings loaded from the selected device profile: [Windows]
[2014.10.20-22.12.00:567][  0]LogInit: Computer: TRINGUYEN-PC
[2014.10.20-22.12.00:567][  0]LogInit: User: TriNguyen
[2014.10.20-22.12.00:568][  0]LogInit: CPU Page size=4096, Cores=4
[2014.10.20-22.12.00:568][  0]LogInit: High frequency timer resolution =2.143613 MHz
[2014.10.20-22.12.00:568][  0]LogMemory: Memory total: Physical=15.9GB (16GB approx) Virtual=8192.0GB
[2014.10.20-22.12.00:568][  0]LogMemory: Platform Memory Stats for Windows
[2014.10.20-22.12.00:568][  0]LogMemory: Process Physical Memory: 67.72 MB used, 67.72 MB peak
[2014.10.20-22.12.00:568][  0]LogMemory: Process Virtual Memory: 44.11 MB used, 44.11 MB peak
[2014.10.20-22.12.00:568][  0]LogMemory: Physical Memory: 3038.91 MB used, 16266.36 MB total
[2014.10.20-22.12.00:568][  0]LogMemory: Virtual Memory: 281.55 MB used, 8388608.00 MB total
[2014.10.20-22.12.00:634][  0]LogD3D11RHI: Found D3D11 adapter 0: Intel(R) HD Graphics 4000 (Feature Level 11_0)
[2014.10.20-22.12.00:634][  0]LogD3D11RHI: Adapter has 64MB of dedicated video memory, 0MB of dedicated system memory, and 1632MB of shared system memory, 1 output[s]
[2014.10.20-22.12.00:634][  0]LogD3D11RHI: Chosen D3D11 Adapter Id = 0
[2014.10.20-22.12.00:643][  0]LogRHI: Texture pool is 616 MB (70% of 880 MB)
[2014.10.20-22.12.00:666][  0]LogD3D11RHI: Async texture creation enabled
[2014.10.20-22.12.00:831][  0]LogTextLocalizationManager: The requested culture ('en_US') has no localization data; parent culture's ('en') localization data will be used.
[2014.10.20-22.12.01:010][  0]LogContentStreaming: Texture pool size is 0.000000MB
[2014.10.20-22.12.06:451][  0]LogTargetPlatformManager:Display: Building Assets For Windows
[2014.10.20-22.12.06:898][  0]LogTargetPlatformManager:Display: Building Assets For Windows
[2014.10.20-22.12.06:961][  0]LogDerivedDataCache:Display: Max Cache Size: 512 MB
[2014.10.20-22.12.07:078][  0]LogDerivedDataCache: Loaded boot cache 0.12s 39MB C:/Users/Tri Nguyen/AppData/Local/UnrealEngine/4.5/DerivedDataCache/Boot.ddc.
[2014.10.20-22.12.07:078][  0]LogDerivedDataCache:Display: Loaded Boot cache: C:/Users/Tri Nguyen/AppData/Local/UnrealEngine/4.5/DerivedDataCache/Boot.ddc
[2014.10.20-22.12.07:078][  0]LogDerivedDataCache: FDerivedDataBackendGraph:  Pak pak cache file ../../../../../../Users/Tri Nguyen/Documents/Unreal Projects/MyProject/DerivedDataCache/DDC.ddp not found, will not use a pak cache.
[2014.10.20-22.12.07:078][  0]LogDerivedDataCache: Unable to find inner node Pak for hierarchical cache Hierarchy.
[2014.10.20-22.12.07:175][  0]LogDerivedDataCache:Display: Pak cache opened for reading ../../../Engine/DerivedDataCache/DDC.ddp.
[2014.10.20-22.12.07:186][  0]LogDerivedDataCache: Using Local data cache path C:/Users/Tri Nguyen/AppData/Local/UnrealEngine/Common/DerivedDataCache: Writable
[2014.10.20-22.12.07:662][  0]LogMeshUtilities: No automatic mesh reduction module available
[2014.10.20-22.12.07:662][  0]LogMeshUtilities: No automatic mesh merging module available
[2014.10.20-22.12.07:959][  0]LogLinker:Warning: Asset '../../../Engine/Content/Functions/Engine_MaterialFunctions02/Texturing/FlipBook.uasset' has been saved with empty engine version. The asset will be loaded but may be incompatible.
[2014.10.20-22.12.07:965][  0]LogLinker:Warning: Asset '../../../Engine/Content/Functions/Engine_MaterialFunctions02/ExampleContent/Textures/flipbook.uasset' has been saved with empty engine version. The asset will be loaded but may be incompatible.
[2014.10.20-22.12.08:212][  0]LogInit: WinSock: version 1.1 (2.2), MaxSocks=32767, MaxUdp=65467
[2014.10.20-22.12.09:702][  0]UdpMessaging: Initializing bridge on interface 0.0.0.0:0 to multicast group 230.0.0.1:6666.
[2014.10.20-22.12.09:956][  0]LogDirectoryWatcher:Warning: Failed to begin reading directory changes for C:/Users/Tri Nguyen/Documents/Unreal Projects/MyProject/Binaries/Win64. Error: 0
[2014.10.20-22.12.10:132][  0]SourceControl: Info Source control is disabled
[2014.10.20-22.12.10:132][  0]SourceControl: Info Source control is disabled
[2014.10.20-22.12.10:139][  0]SourceControl: Info Source control is disabled
[2014.10.20-22.12.10:294][  0]LogObj: 22915 objects as part of root set at end of initial load.
[2014.10.20-22.12.10:294][  0]LogUObjectAllocator: 4803536 out of 0 bytes used by permanent object pool.
[2014.10.20-22.12.10:375][  0]LogEngine: Initializing Engine...
[2014.10.20-22.12.10:528][  0]LogInit: XAudio2 using 'Speakers (Realtek High Definition Audio)' : 2 channels at 48 kHz using 32 bits per sample (channel mask 0x3)
[2014.10.20-22.12.10:652][  0]LogInit: FAudioDevice initialized.
[2014.10.20-22.12.10:721][  0]LogAIModule: Creating AISystem for world NewWorld
[2014.10.20-22.12.10:763][  0]LogDerivedDataCache: Saved boot cache 0.04s 39MB C:/Users/Tri Nguyen/AppData/Local/UnrealEngine/4.5/DerivedDataCache/Boot.ddc.
[2014.10.20-22.12.10:768][  0]LogInit: Texture streaming: Enabled
[2014.10.20-22.12.10:819][  0]LogInit: Transaction tracking system initialized
[2014.10.20-22.12.10:934][  0]BlueprintLog: New page: Editor Load
[2014.10.20-22.12.10:976][  0]LogAssetRegistry: FAssetRegistry took 0.0114 seconds to start up
[2014.10.20-22.12.10:976][  0]LogDirectoryWatcher:Warning: Failed to begin reading directory changes for ../../../Engine/Plugins/Experimental/CharacterAI/Content/. Error: 0
[2014.10.20-22.12.11:581][  0]LogTargetPlatformManager:Display: Building Assets For Windows
[2014.10.20-22.12.11:916][  0]LogTargetPlatformManager:Display: Building Assets For Windows
[2014.10.20-22.12.12:207][  0]LogConsoleResponse:Display: 
[2014.10.20-22.12.12:475][  0]SourceControl: Info Source control is disabled
[2014.10.20-22.12.12:476][  0]Cmd: MAP LOAD FILE="../../../../../../Users/Tri Nguyen/Documents/Unreal Projects/MyProject/Content/Maps/Example_Map.umap" TEMPLATE=0 SHOWPROGRESS=1
[2014.10.20-22.12.12:477][  0]LightingResults: New page: Lighting Build
[2014.10.20-22.12.12:490][  0]MapCheck: New page: Map Check
[2014.10.20-22.12.12:490][  0]LightingResults: New page: Lighting Build
[2014.10.20-22.12.12:518][  0]LogParticles: Destroying 0 GPU particle simulations for FXSystem 0x0000000018209A80
[2014.10.20-22.12.12:981][  0]LogEditorServer: Finished looking for orphan Actors (0.000 secs)
[2014.10.20-22.12.12:982][  0]LogAIModule: Creating AISystem for world Example_Map
[2014.10.20-22.12.12:983][  0]Cmd: MAP CHECKDEP
[2014.10.20-22.12.12:983][  0]MapCheck: New page: Example_Map - Oct 20, 2014, 12:12:12 PM
[2014.10.20-22.12.13:078][  0]MapCheck: Info Map check complete: 0 Error(s), 0 Warning(s), took 94.911ms to complete.
[2014.10.20-22.12.13:078][  0]LogFileHelpers: Loading map 'Example_Map' took 0.602
[2014.10.20-22.12.13:245][  0]LogCollectionManager: Loaded 0 collections in 0.001202 seconds
[2014.10.20-22.12.13:532][  0]LogCrashTracker: Crashtracker disabled due to settings.
[2014.10.20-22.12.13:543][  0]LogUObjectGlobals:Warning: Failed to find object 'Class None.'
[2014.10.20-22.12.13:583][  0]LogLoad: Full Startup: 14.84 seconds (BP compile: 0.09 seconds)
[2014.10.20-22.12.13:939][  0]LogContentBrowser:Verbose: The content browser source was changed by the sources view to '/Game/StarterContent/Materials'
[2014.10.20-22.12.14:177][  0]LogRenderer:Warning: Reallocating scene render targets to support 1136x896.
[2014.10.20-22.12.16:205][  6]LogAssetRegistry: Asset discovery search completed in 5.2411 seconds
[2014.10.20-22.12.43:220][296]LogUObjectHash:Warning: Ambiguous search, could be Model /Game/Maps/Example_Map.Example_Map:PersistentLevel.Floor_5.Model_6 or Model /Game/Maps/Example_Map.Example_Map:PersistentLevel.Floor_4.Model_6
[2014.10.20-22.12.43:220][296]LogUObjectHash:Warning: Ambiguous search, could be Model /Game/Maps/Example_Map.Example_Map:PersistentLevel.Floor_5.Model_6 or Model /Game/Maps/Example_Map.Example_Map:PersistentLevel.Floor_3.Model_6
[2014.10.20-22.12.43:220][296]LogUObjectHash:Warning: Ambiguous search, could be Model /Game/Maps/Example_Map.Example_Map:PersistentLevel.Floor_5.Model_6 or Model /Game/Maps/Example_Map.Example_Map:PersistentLevel.Floor_2.Model_6
[2014.10.20-22.12.43:220][296]LogUObjectHash:Warning: Ambiguous search, could be Model /Game/Maps/Example_Map.Example_Map:PersistentLevel.Floor_5.Model_6 or Model /Game/Maps/Example_Map.Example_Map:PersistentLevel.Floor.Model_6
[2014.10.20-22.13.17:383][254]LogSavePackage: Save=447.600372ms
[2014.10.20-22.13.17:383][254]LogSavePackage: Moving '../../../../../../Users/Tri Nguyen/Documents/Unreal Projects/MyProject/Saved/Example_Map59B8C68C4D1BA3EE9AFAFA87AC39E9B2.tmp' to '../../../../../../Users/Tri Nguyen/Documents/Unreal Projects/MyProject/Content/Maps/Example_Map.umap'
[2014.10.20-22.13.17:415][254]LogFileHelpers: Saving map 'Example_Map' took 0.643
[2014.10.20-22.14.58:553][255]LogEditorViewport: Clicking on Actor (LMB): BP_Sky_Sphere_C (SkySphereBlueprint)
[2014.10.20-22.14.59:979][299]LogEditorViewport: Clicking on Actor (LMB): BP_Sky_Sphere_C (SkySphereBlueprint)
[2014.10.20-22.15.52:806][696]Cmd: SELECT NONE
[2014.10.20-22.15.54:601][740]MapCheck: New page: Map Check
[2014.10.20-22.15.54:624][740]Cmd: MAP REBUILD ALLVISIBLE
[2014.10.20-22.15.54:624][740]LogEditorServer: Rebuildmap Clear paths rebuilt
[2014.10.20-22.15.54:845][740]LightingResults: New page: Lighting Build - Oct 20, 2014, 12:15:54 PM
[2014.10.20-22.15.59:623][740]LogStaticLightingSystem:Warning: No importance volume found, so the scene bounding box was used.  You can optimize your scene's quality and lighting build times by adding importance volumes.
[2014.10.20-22.15.59:644][740]LogStaticLightingSystem: Running Lightmass w/ ImmediateImport mode ENABLED
[2014.10.20-22.15.59:644][740]LogStaticLightingSystem: Running Lightmass w/ ImmediateProcess mode ENABLED
[2014.10.20-22.15.59:644][740]LogStaticLightingSystem: Running Lightmass w/ Sorting mode ENABLED
[2014.10.20-22.15.59:644][740]LogStaticLightingSystem: Running Lightmass w/ Mapping paddings ENABLED
[2014.10.20-22.15.59:644][740]LogStaticLightingSystem: Running Lightmass w/ Mapping debug paddings DISABLED
[2014.10.20-22.15.59:740][740]LogEditorBuildUtils: Build time 0:00:05
[2014.10.20-22.16.05:432][892]Job is a success!
[2014.10.20-22.16.06:235][893]LogTexture:Display: Building textures: HQ_Lightmap0_1 (AutoDXT)
[2014.10.20-22.16.06:429][893]LogTexture:Display: Building textures: LQ_Lightmap_1_6 (DXT1)
[2014.10.20-22.16.06:437][893]LogTexture:Display: Building textures: HQ_Lightmap1_6 (AutoDXT)
[2014.10.20-22.16.06:445][893]LogTexture:Display: Building textures: LQ_Lightmap_0_5 (DXT1)
[2014.10.20-22.16.06:462][893]LogTexture:Display: Building textures: HQ_Lightmap0_5 (AutoDXT)
[2014.10.20-22.16.06:502][893]LogTexture:Display: Building textures: LQ_Lightmap_1_4 (DXT1)
[2014.10.20-22.16.06:556][893]LogTexture:Display: Building textures: HQ_Lightmap1_4 (AutoDXT)
[2014.10.20-22.16.06:751][893]LogTexture:Display: Building textures: LQ_Lightmap_0_3 (DXT1)
[2014.10.20-22.16.06:890][893]LogTexture:Display: Building textures: HQ_Lightmap0_3 (AutoDXT)
[2014.10.20-22.16.07:280][893]LogTexture:Display: Building textures: LQ_Lightmap_1_2 (DXT1)
[2014.10.20-22.16.07:346][893]LogTexture:Display: Building textures: HQ_Lightmap1_2 (AutoDXT)
[2014.10.20-22.16.07:546][893]LogTexture:Display: Building textures: LQ_Lightmap_0_1 (DXT1)
[2014.10.20-22.16.07:755][893]LogTexture:Display: Building textures: ShadowMapTexture2D_0 (BGRA8)
[2014.10.20-22.16.07:915][893]LogTexture:Display: Building textures: ShadowMapTexture2D_1 (BGRA8)
[2014.10.20-22.16.08:078][893]LogTexture:Display: Building textures: ShadowMapTexture2D_2 (BGRA8)
[2014.10.20-22.16.08:136][893]LogTexture:Display: Building textures: ShadowMapTexture2D_3 (BGRA8)
[2014.10.20-22.16.08:151][893]LogTexture:Display: Building textures: ShadowMapTexture2D_4 (BGRA8)
[2014.10.20-22.16.08:160][893]LogTexture:Display: Building textures: ShadowMapTexture2D_5 (BGRA8)
[2014.10.20-22.16.08:236][893]Lightmass on TRINGUYEN-PC: 7.84 sec total, 127 ms importing, 7 ms setup, 843 ms photons, 6.82 sec processing, 0 ms extra exporting [235/235 mappings]. Threads: 47.6 sec total, 23.7 sec processing.
[2014.10.20-22.16.08:297][893]LogStaticLightingSystem:Warning: Illumination: 13.3 sec (2.39 sec encoding lightmaps)
[2014.10.20-22.16.08:297][893]LogStaticLightingSystem: Lightmap texture memory:  5.7 MB (4.3 MB streaming, 1.3 MB non-streaming), 12 textures
[2014.10.20-22.16.08:297][893]LogStaticLightingSystem: Shadowmap texture memory: 0.0 MB (0.0 MB streaming, 0.0 MB non-streaming), 6 textures
[2014.10.20-22.16.08:643][894]Cmd: MAP CHECK NOTIFYRESULTS
[2014.10.20-22.16.08:643][894]MapCheck: New page: Example_Map - Oct 20, 2014, 12:16:08 PM
[2014.10.20-22.16.08:761][894]MapCheck: Info Map check complete: 0 Error(s), 0 Warning(s), took 118.211ms to complete.
[2014.10.20-22.16.24:386][276]MapCheck: New page: Map Check
[2014.10.20-22.16.24:399][276]Cmd: MAP REBUILD ALLVISIBLE
[2014.10.20-22.16.24:399][276]LogEditorServer: Rebuildmap Clear paths rebuilt
[2014.10.20-22.16.24:623][276]LightingResults: New page: Lighting Build - Oct 20, 2014, 12:16:24 PM
[2014.10.20-22.16.29:957][276]LogStaticLightingSystem:Warning: No importance volume found, so the scene bounding box was used.  You can optimize your scene's quality and lighting build times by adding importance volumes.
[2014.10.20-22.16.29:987][276]LogStaticLightingSystem: Running Lightmass w/ ImmediateImport mode ENABLED
[2014.10.20-22.16.29:987][276]LogStaticLightingSystem: Running Lightmass w/ ImmediateProcess mode ENABLED
[2014.10.20-22.16.29:987][276]LogStaticLightingSystem: Running Lightmass w/ Sorting mode ENABLED
[2014.10.20-22.16.29:987][276]LogStaticLightingSystem: Running Lightmass w/ Mapping paddings ENABLED
[2014.10.20-22.16.29:987][276]LogStaticLightingSystem: Running Lightmass w/ Mapping debug paddings DISABLED
[2014.10.20-22.16.30:050][276]LogEditorBuildUtils: Build time 0:00:05
[2014.10.20-22.16.35:105][386]Job is a success!
[2014.10.20-22.16.35:989][387]LogTexture:Display: Building textures: HQ_Lightmap0_1 (AutoDXT)
[2014.10.20-22.16.36:192][387]LogTexture:Display: Building textures: LQ_Lightmap_0_6 (DXT1)
[2014.10.20-22.16.36:199][387]LogTexture:Display: Building textures: HQ_Lightmap0_6 (AutoDXT)
[2014.10.20-22.16.36:210][387]LogTexture:Display: Building textures: LQ_Lightmap_1_5 (DXT1)
[2014.10.20-22.16.36:227][387]LogTexture:Display: Building textures: HQ_Lightmap1_5 (AutoDXT)
[2014.10.20-22.16.36:272][387]LogTexture:Display: Building textures: LQ_Lightmap_0_4 (DXT1)
[2014.10.20-22.16.36:328][387]LogTexture:Display: Building textures: HQ_Lightmap0_4 (AutoDXT)
[2014.10.20-22.16.36:531][387]LogTexture:Display: Building textures: LQ_Lightmap_1_3 (DXT1)
[2014.10.20-22.16.36:670][387]LogTexture:Display: Building textures: HQ_Lightmap1_3 (AutoDXT)
[2014.10.20-22.16.37:072][387]LogTexture:Display: Building textures: LQ_Lightmap_0_2 (DXT1)
[2014.10.20-22.16.37:134][387]LogTexture:Display: Building textures: HQ_Lightmap0_2 (AutoDXT)
[2014.10.20-22.16.37:327][387]LogTexture:Display: Building textures: LQ_Lightmap_0_1 (DXT1)
[2014.10.20-22.16.37:536][387]LogTexture:Display: Building textures: ShadowMapTexture2D_6 (BGRA8)
[2014.10.20-22.16.37:694][387]LogTexture:Display: Building textures: ShadowMapTexture2D_7 (BGRA8)
[2014.10.20-22.16.37:851][387]LogTexture:Display: Building textures: ShadowMapTexture2D_8 (BGRA8)
[2014.10.20-22.16.37:908][387]LogTexture:Display: Building textures: ShadowMapTexture2D_9 (BGRA8)
[2014.10.20-22.16.37:924][387]LogTexture:Display: Building textures: ShadowMapTexture2D_10 (BGRA8)
[2014.10.20-22.16.37:934][387]LogTexture:Display: Building textures: ShadowMapTexture2D_11 (BGRA8)
[2014.10.20-22.16.37:976][387]Lightmass on TRINGUYEN-PC: 7.57 sec total, 121 ms importing, 6 ms setup, 856 ms photons, 6.57 sec processing, 0 ms extra exporting [235/235 mappings]. Threads: 45.8 sec total, 21.9 sec processing.
[2014.10.20-22.16.37:992][387]LogStaticLightingSystem:Warning: Illumination: 13.2 sec (2.41 sec encoding lightmaps)
[2014.10.20-22.16.37:992][387]LogStaticLightingSystem: Lightmap texture memory:  5.7 MB (4.3 MB streaming, 1.3 MB non-streaming), 12 textures
[2014.10.20-22.16.37:993][387]LogStaticLightingSystem: Shadowmap texture memory: 0.0 MB (0.0 MB streaming, 0.0 MB non-streaming), 12 textures
[2014.10.20-22.16.38:966][388]Cmd: MAP CHECK NOTIFYRESULTS
[2014.10.20-22.16.38:966][388]MapCheck: New page: Example_Map - Oct 20, 2014, 12:16:38 PM
[2014.10.20-22.16.39:096][388]MapCheck: Info Map check complete: 0 Error(s), 0 Warning(s), took 129.54ms to complete.
[2014.10.20-22.17.05:195][871]LogPlayLevel: PIE:  No blueprints needed recompiling
[2014.10.20-22.17.05:197][871]PIE: New page: PIE session: Example_Map (Oct 20, 2014, 12:17:05 PM)
[2014.10.20-22.17.05:218][871]LogPlayLevel: PIE: StaticDuplicateObject took: (0.021414s)
[2014.10.20-22.17.05:219][871]LogPlayLevel: PIE: World Init took: (0.000530s)
[2014.10.20-22.17.05:219][871]LogPlayLevel: PIE: Created PIE world by copying editor world from /Game/Maps/Example_Map.Example_Map to /Game/Maps/UEDPIE_0_Example_Map.Example_Map (0.022130s)
[2014.10.20-22.17.05:622][871]BlueprintLog:Warning: Warning Blueprint MyProjectile has been migrated and requires re-saving to avoid import errors
[2014.10.20-22.17.05:624][871]BlueprintLog:Warning: Warning Blueprint MyHUD has been migrated and requires re-saving to avoid import errors
[2014.10.20-22.17.05:624][871]BlueprintLog:Warning: Warning Blueprint MyGame has been migrated and requires re-saving to avoid import errors
[2014.10.20-22.17.05:631][871]LogWorld: Game class is 'MyGame_C'
[2014.10.20-22.17.05:636][871]LogAIModule: Creating AISystem for world Example_Map
[2014.10.20-22.17.05:640][871]LogWorld: Bringing World /Game/Maps/UEDPIE_0_Example_Map.Example_Map up for play (max tick rate 0) at 2014.10.20-17.17.05
[2014.10.20-22.17.05:643][871]LogWorld: Bringing up level for play took: 0.006260
[2014.10.20-22.17.05:648][871]PIE: Info Play in editor start time for /Game/Maps/UEDPIE_0_Example_Map 0.23
[2014.10.20-22.17.14:429][ 97]LogTexture:Warning: Failed to stream mip data from the derived data cache for /Game/Maps/Example_Map.HQ_Lightmap0_5. Streaming mips will be recached.
[2014.10.20-22.17.14:473][ 97]LogTexture:Display: Building textures: HQ_Lightmap0_5 (AutoDXT)
[2014.10.20-22.17.14:876][108]LogTexture:Warning: Failed to stream mip data from the derived data cache for /Game/Maps/Example_Map.HQ_Lightmap1_4. Streaming mips will be recached.
[2014.10.20-22.17.14:920][108]LogTexture:Display: Building textures: HQ_Lightmap1_4 (AutoDXT)
[2014.10.20-22.17.15:191][112]LogTexture:Warning: Failed to stream mip data from the derived data cache for /Game/Maps/Example_Map.HQ_Lightmap1_2. Streaming mips will be recached.
[2014.10.20-22.17.15:234][112]LogTexture:Display: Building textures: HQ_Lightmap1_2 (AutoDXT)
[2014.10.20-22.18.44:782][ 70]LogParticles: Destroying 0 GPU particle simulations for FXSystem 0x0000000004DE62A0
[2014.10.20-22.18.56:569][444]LogEditorViewport: Clicking on Actor (LMB): StaticMeshActor (Pillar_50x500)
[2014.10.20-22.19.03:608][645]LogEditorViewport: Clicking on Actor (LMB): StaticMeshActor (Pillar_50x502)
[2014.10.20-22.19.10:159][832]LogEditorViewport: Clicking on Actor (LMB): StaticMeshActor (Pillar_50x503)
[2014.10.20-22.19.14:169][940]LogEditorViewport: Clicking on Actor (LMB): StaticMeshActor (Pillar_50x503)
[2014.10.20-22.19.17:708][ 18]LogSavePackage: Save=487.500305ms
[2014.10.20-22.19.17:708][ 18]LogSavePackage: Moving '../../../../../../Users/Tri Nguyen/Documents/Unreal Projects/MyProject/Saved/Example_Map9F4C60CB4ABE016B8C100FB64A20BE1F.tmp' to '../../../../../../Users/Tri Nguyen/Documents/Unreal Projects/MyProject/Content/Maps/Example_Map.umap'
[2014.10.20-22.19.17:736][ 18]LogFileHelpers: Saving map 'Example_Map' took 0.667
[2014.10.20-22.20.31:338][ 85]Cmd: QUIT_EDITOR
[2014.10.20-22.20.31:712][ 85]LogExit: Preparing to exit.
[2014.10.20-22.20.32:882][ 85]LogExit: Editor shut down
[2014.10.20-22.20.32:883][ 85]LogExit: Transaction tracking system shut down
[2014.10.20-22.20.32:934][ 85]LogParticles: Destroying 0 GPU particle simulations for FXSystem 0x00000000147E13A0
[2014.10.20-22.20.32:934][ 85]LogParticles: Destroying 0 GPU particle simulations for FXSystem 0x0000000023DE5C60
[2014.10.20-22.20.32:934][ 85]LogParticles: Destroying 0 GPU particle simulations for FXSystem 0x00000000201593A0
[2014.10.20-22.20.32:934][ 85]LogParticles: Destroying 0 GPU particle simulations for FXSystem 0x00000000200AC360
[2014.10.20-22.20.32:934][ 85]LogExit: Object subsystem successfully closed.
[2014.10.20-22.20.33:010][ 85]LogModuleManager: Shutting down and abandoning module AndroidDeviceDetection (166)
[2014.10.20-22.20.33:010][ 85]LogModuleManager: Shutting down and abandoning module CrashTracker (165)
[2014.10.20-22.20.33:010][ 85]LogModuleManager: Shutting down and abandoning module SuperSearch (164)
[2014.10.20-22.20.33:010][ 85]LogModuleManager: Shutting down and abandoning module SceneOutliner (163)
[2014.10.20-22.20.33:010][ 85]LogModuleManager: Shutting down and abandoning module EditorWidgets (162)
[2014.10.20-22.20.33:010][ 85]LogModuleManager: Shutting down and abandoning module CollectionManager (161)
[2014.10.20-22.20.33:012][ 85]LogModuleManager: Shutting down and abandoning module StatsViewer (160)
[2014.10.20-22.20.33:012][ 85]LogModuleManager: Shutting down and abandoning module FoliageEdit (159)
[2014.10.20-22.20.33:012][ 85]LogModuleManager: Shutting down and abandoning module LandscapeEditor (158)
[2014.10.20-22.20.33:014][ 85]LogModuleManager: Shutting down and abandoning module MeshPaint (157)
[2014.10.20-22.20.33:014][ 85]LogModuleManager: Shutting down and abandoning module ActorPickerMode (156)
[2014.10.20-22.20.33:014][ 85]LogModuleManager: Shutting down and abandoning module GeometryMode (155)
[2014.10.20-22.20.33:014][ 85]LogModuleManager: Shutting down and abandoning module TextureAlignMode (154)
[2014.10.20-22.20.33:014][ 85]LogModuleManager: Shutting down and abandoning module BspMode (153)
[2014.10.20-22.20.33:014][ 85]LogModuleManager: Shutting down and abandoning module PlacementMode (152)
[2014.10.20-22.20.33:014][ 85]LogModuleManager: Shutting down and abandoning module AutomationWorker (151)
[2014.10.20-22.20.33:014][ 85]LogModuleManager: Shutting down and abandoning module CharacterAI (150)
[2014.10.20-22.20.33:014][ 85]LogModuleManager: Shutting down and abandoning module GameProjectGeneration (149)
[2014.10.20-22.20.33:015][ 85]LogModuleManager: Shutting down and abandoning module IntroTutorials (148)
[2014.10.20-22.20.33:015][ 85]LogModuleManager: Shutting down and abandoning module EditorLiveStreaming (147)
[2014.10.20-22.20.33:015][ 85]LogModuleManager: Shutting down and abandoning module HardwareTargeting (146)
[2014.10.20-22.20.33:015][ 85]LogModuleManager: Shutting down and abandoning module BehaviorTreeEditor (145)
[2014.10.20-22.20.33:018][ 85]LogModuleManager: Shutting down and abandoning module DeviceProfileEditor (144)
[2014.10.20-22.20.33:018][ 85]LogModuleManager: Shutting down and abandoning module UndoHistory (143)
[2014.10.20-22.20.33:018][ 85]LogModuleManager: Shutting down and abandoning module GameplayTagsEditor (142)
[2014.10.20-22.20.33:019][ 85]LogModuleManager: Shutting down and abandoning module UserFeedback (141)
[2014.10.20-22.20.33:019][ 85]LogModuleManager: Shutting down and abandoning module XmlParser (140)
[2014.10.20-22.20.33:019][ 85]LogModuleManager: Shutting down and abandoning module Blutility (139)
[2014.10.20-22.20.33:019][ 85]LogModuleManager: Shutting down and abandoning module IOSPlatformEditor (138)
[2014.10.20-22.20.33:019][ 85]LogModuleManager: Shutting down and abandoning module IOSRuntimeSettings (137)
[2014.10.20-22.20.33:019][ 85]LogModuleManager: Shutting down and abandoning module AndroidPlatformEditor (136)
[2014.10.20-22.20.33:019][ 85]LogModuleManager: Shutting down and abandoning module AndroidRuntimeSettings (135)
[2014.10.20-22.20.33:019][ 85]LogModuleManager: Shutting down and abandoning module ProjectTargetPlatformEditor (134)
[2014.10.20-22.20.33:019][ 85]LogModuleManager: Shutting down and abandoning module ProjectSettingsViewer (133)
[2014.10.20-22.20.33:019][ 85]LogModuleManager: Shutting down and abandoning module InputBindingEditor (132)
[2014.10.20-22.20.33:019][ 85]LogModuleManager: Shutting down and abandoning module EditorSettingsViewer (131)
[2014.10.20-22.20.33:020][ 85]LogModuleManager: Shutting down and abandoning module SettingsEditor (130)
[2014.10.20-22.20.33:022][ 85]LogModuleManager: Shutting down and abandoning module ProjectLauncher (129)
[2014.10.20-22.20.33:022][ 85]LogModuleManager: Shutting down and abandoning module SessionFrontend (128)
[2014.10.20-22.20.33:022][ 85]LogModuleManager: Shutting down and abandoning module ProfilerClient (127)
[2014.10.20-22.20.33:023][ 85]LogModuleManager: Shutting down and abandoning module TargetDeviceServices (126)
[2014.10.20-22.20.33:023][ 85]LogModuleManager: Shutting down and abandoning module DeviceManager (125)
[2014.10.20-22.20.33:023][ 85]LogModuleManager: Shutting down and abandoning module AutomationController (124)
[2014.10.20-22.20.33:023][ 85]LogModuleManager: Shutting down and abandoning module AutomationWindow (123)
[2014.10.20-22.20.33:025][ 85]LogModuleManager: Shutting down and abandoning module Layers (122)
[2014.10.20-22.20.33:029][ 85]LogModuleManager: Shutting down and abandoning module ComponentVisualizers (121)
[2014.10.20-22.20.33:029][ 85]LogModuleManager: Shutting down and abandoning module DetailCustomizations (120)
[2014.10.20-22.20.33:029][ 85]LogModuleManager: Shutting down and abandoning module PackagesDialog (119)
[2014.10.20-22.20.33:030][ 85]LogModuleManager: Shutting down and abandoning module AssetRegistry (118)
[2014.10.20-22.20.33:135][ 85]LogModuleManager: Shutting down and abandoning module Persona (117)
[2014.10.20-22.20.33:137][ 85]LogModuleManager: Shutting down and abandoning module Kismet (116)
[2014.10.20-22.20.33:139][ 85]LogModuleManager: Shutting down and abandoning module GraphEditor (115)
[2014.10.20-22.20.33:139][ 85]LogModuleManager: Shutting down and abandoning module ClassViewer (114)
[2014.10.20-22.20.33:139][ 85]LogModuleManager: Shutting down and abandoning module Toolbox (113)
[2014.10.20-22.20.33:139][ 85]LogModuleManager: Shutting down and abandoning module ModuleUI (112)
[2014.10.20-22.20.33:139][ 85]LogModuleManager: Shutting down and abandoning module MovieSceneTools (111)
[2014.10.20-22.20.33:143][ 85]LogModuleManager: Shutting down and abandoning module OutputLog (110)
[2014.10.20-22.20.33:143][ 85]LogModuleManager: Shutting down and abandoning module GammaUI (109)
[2014.10.20-22.20.33:143][ 85]LogModuleManager: Shutting down and abandoning module Documentation (108)
[2014.10.20-22.20.33:143][ 85]LogModuleManager: Shutting down and abandoning module GameLiveStreaming (107)
[2014.10.20-22.20.33:143][ 85]LogModuleManager: Shutting down and abandoning module StreamingPauseRendering (106)
[2014.10.20-22.20.33:143][ 85]LogModuleManager: Shutting down and abandoning module HTTP (105)
[2014.10.20-22.20.33:143][ 85]LogModuleManager: Shutting down and abandoning module AnalyticsET (104)
[2014.10.20-22.20.33:143][ 85]LogModuleManager: Shutting down and abandoning module Analytics (103)
[2014.10.20-22.20.33:143][ 85]LogModuleManager: Shutting down and abandoning module GameplayDebugger (102)
[2014.10.20-22.20.33:143][ 85]LogModuleManager: Shutting down and abandoning module AIModule (101)
[2014.10.20-22.20.33:144][ 85]LogModuleManager: Shutting down and abandoning module ProfilerService (100)
[2014.10.20-22.20.33:379][ 85]LogModuleManager: Shutting down and abandoning module TaskGraph (99)
[2014.10.20-22.20.33:385][ 85]LogModuleManager: Shutting down and abandoning module SlateRemote (98)
[2014.10.20-22.20.33:385][ 85]LogModuleManager: Shutting down and abandoning module ScriptEditorPlugin (97)
[2014.10.20-22.20.33:385][ 85]LogModuleManager: Shutting down and abandoning module CustomMeshComponent (96)
[2014.10.20-22.20.33:385][ 85]LogModuleManager: Shutting down and abandoning module CableComponent (95)
[2014.10.20-22.20.33:385][ 85]LogModuleManager: Shutting down and abandoning module MessagingDebugger (94)
[2014.10.20-22.20.33:387][ 85]LogModuleManager: Shutting down and abandoning module MediaPlayerEditor (93)
[2014.10.20-22.20.33:387][ 85]LogModuleManager: Shutting down and abandoning module SpeedTreeImporter (92)
[2014.10.20-22.20.33:387][ 85]LogModuleManager: Shutting down and abandoning module PluginsEditor (91)
[2014.10.20-22.20.33:387][ 85]LogModuleManager: Shutting down and abandoning module EpicSurvey (90)
[2014.10.20-22.20.33:387][ 85]LogModuleManager: Shutting down and abandoning module DesktopPlatform (89)
[2014.10.20-22.20.33:387][ 85]LogModuleManager: Shutting down and abandoning module VisualStudioSourceCodeAccess (88)
[2014.10.20-22.20.33:387][ 85]LogModuleManager: Shutting down and abandoning module UObjectPlugin (87)
[2014.10.20-22.20.33:387][ 85]LogModuleManager: Shutting down and abandoning module SubversionSourceControl (86)
[2014.10.20-22.20.33:388][ 85]LogModuleManager: Shutting down and abandoning module SourceControl (85)
[2014.10.20-22.20.33:388][ 85]LogModuleManager: Shutting down and abandoning module PerforceSourceControl (84)
[2014.10.20-22.20.33:388][ 85]LogModuleManager: Shutting down and abandoning module BlankPlugin (83)
[2014.10.20-22.20.33:388][ 85]LogModuleManager: Shutting down and abandoning module SlateReflector (82)
[2014.10.20-22.20.33:388][ 85]LogModuleManager: Shutting down and abandoning module DirectoryWatcher (81)
[2014.10.20-22.20.33:388][ 85]LogModuleManager: Shutting down and abandoning module HotReload (80)
[2014.10.20-22.20.33:388][ 85]LogModuleManager: Shutting down and abandoning module MainFrame (79)
[2014.10.20-22.20.33:388][ 85]LogModuleManager: Shutting down and abandoning module LevelEditor (78)
[2014.10.20-22.20.33:389][ 85]LogModuleManager: Shutting down and abandoning module ViewportSnapping (77)
[2014.10.20-22.20.33:389][ 85]LogModuleManager: Shutting down and abandoning module SmartSnapping (76)
[2014.10.20-22.20.33:389][ 85]LogModuleManager: Shutting down and abandoning module PaperTiledImporter (75)
[2014.10.20-22.20.33:389][ 85]LogModuleManager: Shutting down and abandoning module PaperJsonImporter (74)
[2014.10.20-22.20.33:389][ 85]LogModuleManager: Shutting down and abandoning module ContentBrowser (73)
[2014.10.20-22.20.33:389][ 85]LogModuleManager: Shutting down and abandoning module PropertyEditor (72)
[2014.10.20-22.20.33:389][ 85]LogModuleManager: Shutting down and abandoning module Paper2DEditor (71)
[2014.10.20-22.20.33:389][ 85]LogModuleManager: Shutting down and abandoning module ScriptPlugin (70)
[2014.10.20-22.20.33:390][ 85]LogModuleManager: Shutting down and abandoning module UdpMessaging (69)
[2014.10.20-22.20.33:490][ 85]LogModuleManager: Shutting down and abandoning module Paper2D (68)
[2014.10.20-22.20.33:490][ 85]LogModuleManager: Shutting down and abandoning module WindowsMoviePlayer (67)
[2014.10.20-22.20.33:494][ 85]LogModuleManager: Shutting down and abandoning module Media (66)
[2014.10.20-22.20.33:494][ 85]LogModuleManager: Shutting down and abandoning module WmfMedia (65)
[2014.10.20-22.20.33:499][ 85]LogModuleManager: Shutting down and abandoning module OnlineBlueprintSupport (64)
[2014.10.20-22.20.33:499][ 85]LogModuleManager: Shutting down and abandoning module FunctionalTesting (63)
[2014.10.20-22.20.33:499][ 85]LogModuleManager: Shutting down and abandoning module CollisionAnalyzer (62)
[2014.10.20-22.20.33:501][ 85]LogModuleManager: Shutting down and abandoning module WorkspaceMenuStructure (61)
[2014.10.20-22.20.33:501][ 85]LogModuleManager: Shutting down and abandoning module MessageLog (60)
[2014.10.20-22.20.33:501][ 85]LogModuleManager: Shutting down and abandoning module Sequencer (59)
[2014.10.20-22.20.33:503][ 85]LogModuleManager: Shutting down and abandoning module AssetTools (58)
[2014.10.20-22.20.33:504][ 85]LogModuleManager: Shutting down and abandoning module UMGEditor (57)
[2014.10.20-22.20.33:505][ 85]LogModuleManager: Shutting down and abandoning module UMG (56)
[2014.10.20-22.20.33:506][ 85]LogModuleManager: Shutting down and abandoning module Slate (55)
[2014.10.20-22.20.33:506][ 85]LogModuleManager: Shutting down and abandoning module EditorStyle (54)
[2014.10.20-22.20.33:508][ 85]LogModuleManager: Shutting down and abandoning module SessionServices (53)
[2014.10.20-22.20.33:508][ 85]LogModuleManager: Shutting down and abandoning module SourceCodeAccess (52)
[2014.10.20-22.20.33:508][ 85]LogModuleManager: Shutting down and abandoning module HeadMountedDisplay (51)
[2014.10.20-22.20.33:508][ 85]LogModuleManager: Shutting down and abandoning module XAudio2 (50)
[2014.10.20-22.20.33:508][ 85]LogModuleManager: Shutting down and abandoning module Networking (48)
[2014.10.20-22.20.33:508][ 85]LogModuleManager: Shutting down and abandoning module Core (47)
[2014.10.20-22.20.33:508][ 85]LogModuleManager: Shutting down and abandoning module KismetCompiler (46)
[2014.10.20-22.20.33:508][ 85]LogModuleManager: Shutting down and abandoning module PhysXFormats (45)
[2014.10.20-22.20.33:508][ 85]LogModuleManager: Shutting down and abandoning module MeshUtilities (44)
[2014.10.20-22.20.33:510][ 85]LogModuleManager: Shutting down and abandoning module DerivedDataCache (43)
[2014.10.20-22.20.33:558][ 85]LogDerivedDataCache: Shutdown
[2014.10.20-22.20.33:558][ 85]LogModuleManager: Shutting down and abandoning module ShaderFormatOpenGL (42)
[2014.10.20-22.20.33:559][ 85]LogModuleManager: Shutting down and abandoning module ShaderFormatD3D (41)
[2014.10.20-22.20.33:559][ 85]LogModuleManager: Shutting down and abandoning module MetalShaderFormat (40)
[2014.10.20-22.20.33:559][ 85]LogModuleManager: Shutting down and abandoning module TextureFormatUncompressed (39)
[2014.10.20-22.20.33:560][ 85]LogModuleManager: Shutting down and abandoning module TextureFormatPVR (38)
[2014.10.20-22.20.33:560][ 85]LogModuleManager: Shutting down and abandoning module TextureFormatDXT (37)
[2014.10.20-22.20.33:560][ 85]LogModuleManager: Shutting down and abandoning module TextureFormatAndroid (36)
[2014.10.20-22.20.33:560][ 85]LogModuleManager: Shutting down and abandoning module AudioFormatOpus (35)
[2014.10.20-22.20.33:560][ 85]LogModuleManager: Shutting down and abandoning module AudioFormatOgg (34)
[2014.10.20-22.20.33:560][ 85]LogModuleManager: Shutting down and abandoning module AudioFormatADPCM (33)
[2014.10.20-22.20.33:560][ 85]LogModuleManager: Shutting down and abandoning module Messaging (32)
[2014.10.20-22.20.33:560][ 85]LogModuleManager: Shutting down and abandoning module IOSTargetPlatform (31)
[2014.10.20-22.20.33:560][ 85]LogModuleManager: Shutting down and abandoning module Android_PVRTCTargetPlatform (30)
[2014.10.20-22.20.33:560][ 85]LogModuleManager: Shutting down and abandoning module Android_ETC2TargetPlatform (29)
[2014.10.20-22.20.33:560][ 85]LogModuleManager: Shutting down and abandoning module Android_ETC1TargetPlatform (28)
[2014.10.20-22.20.33:560][ 85]LogModuleManager: Shutting down and abandoning module Android_DXTTargetPlatform (27)
[2014.10.20-22.20.33:560][ 85]LogModuleManager: Shutting down and abandoning module Android_ATCTargetPlatform (26)
[2014.10.20-22.20.33:560][ 85]LogModuleManager: Shutting down and abandoning module AndroidTargetPlatform (25)
[2014.10.20-22.20.33:560][ 85]LogModuleManager: Shutting down and abandoning module WindowsTargetPlatform (24)
[2014.10.20-22.20.33:560][ 85]LogModuleManager: Shutting down and abandoning module WindowsServerTargetPlatform (23)
[2014.10.20-22.20.33:560][ 85]LogModuleManager: Shutting down and abandoning module WindowsNoEditorTargetPlatform (22)
[2014.10.20-22.20.33:560][ 85]LogModuleManager: Shutting down and abandoning module WindowsClientTargetPlatform (21)
[2014.10.20-22.20.33:560][ 85]LogModuleManager: Shutting down and abandoning module TargetPlatform (20)
[2014.10.20-22.20.33:560][ 85]LogModuleManager: Shutting down and abandoning module InputCore (19)
[2014.10.20-22.20.33:560][ 85]LogModuleManager: Shutting down and abandoning module Settings (18)
[2014.10.20-22.20.33:560][ 85]LogModuleManager: Shutting down and abandoning module ImageWrapper (17)
[2014.10.20-22.20.33:560][ 85]LogModuleManager: Shutting down and abandoning module OculusRift (14)
[2014.10.20-22.20.33:560][ 85]LogModuleManager: Shutting down and abandoning module ExampleDeviceProfileSelector (13)
[2014.10.20-22.20.33:560][ 85]LogModuleManager: Shutting down and abandoning module TextureCompressor (12)
[2014.10.20-22.20.33:560][ 85]LogModuleManager: Shutting down and abandoning module ShaderCore (11)
[2014.10.20-22.20.33:560][ 85]LogModuleManager: Shutting down and abandoning module SlateRHIRenderer (10)
[2014.10.20-22.20.33:560][ 85]LogModuleManager: Shutting down and abandoning module OpenGLDrv (9)
[2014.10.20-22.20.33:560][ 85]LogModuleManager: Shutting down and abandoning module D3D11RHI (8)
[2014.10.20-22.20.33:560][ 85]LogModuleManager: Shutting down and abandoning module Renderer (7)
[2014.10.20-22.20.33:561][ 85]LogModuleManager: Shutting down and abandoning module Engine (6)
[2014.10.20-22.20.33:561][ 85]LogModuleManager: Shutting down and abandoning module CoreUObject (5)
[2014.10.20-22.20.33:561][ 85]LogModuleManager: Shutting down and abandoning module NetworkFile (4)
[2014.10.20-22.20.33:561][ 85]LogModuleManager: Shutting down and abandoning module StreamingFile (3)
[2014.10.20-22.20.33:561][ 85]LogModuleManager: Shutting down and abandoning module SandboxFile (2)
[2014.10.20-22.20.33:561][ 85]LogModuleManager: Shutting down and abandoning module PakFile (1)
[2014.10.20-22.20.33:561][ 85]LogExit: Exiting.
[2014.10.20-22.20.33:566][ 85]Log file closed, 10/20/14 17:20:33
